[INFO] 2 tests
2 tests executed,
tests executed, 1
executed, 1 ok,
1 ok, 1
ok, 1 failed.
[INFO] One type
One type of
type of test
of test failure:
[INFO] 1) java.lang.AssertionError:
1) java.lang.AssertionError: assertion
java.lang.AssertionError: assertion failed
assertion failed at
failed at assert
[INFO] 402b73cd0066eaea 
[INFO] modbat.test.ComplexLaunch6: 3
modbat.test.ComplexLaunch6: 3 states
3 states covered
states covered (100
covered (100 %
(100 % out
% out of
out of 3),
[INFO] modbat.test.ComplexLaunch6: 4
modbat.test.ComplexLaunch6: 4 transitions
4 transitions covered
transitions covered (100
out of 4).
[INFO] modbat.test.Child6: 3
modbat.test.Child6: 3 states
modbat.test.Child6: 3 transitions
3 transitions covered
out of 3).
[INFO] Random seed
Random seed for
seed for next
for next test
next test would
test would be:
would be: 41530f4040856586
[WARNING] java.lang.AssertionError: assertion
java.lang.AssertionError: assertion failed:
assertion failed: n
failed: n =
n = 10
= 10 occurred,
10 occurred, aborting.
[WARNING] Error found,
Error found, model
found, model trace:
[WARNING] modbat/test/WeightedTest.scala:8: assert
[WARNING] modbat/test/WeightedTest.scala:10: assert
assertion failed occurred,
failed occurred, aborting.
[WARNING] modbat/test/ComplexLaunch6.scala:13: modbat.test.ComplexLaunch6-1:
modbat/test/ComplexLaunch6.scala:13: modbat.test.ComplexLaunch6-1: skip
[WARNING] modbat/test/ComplexLaunch6.scala:18: modbat.test.ComplexLaunch6-1:
modbat/test/ComplexLaunch6.scala:18: modbat.test.ComplexLaunch6-1: launch
[WARNING] modbat/test/ComplexLaunch6.scala:23: modbat.test.ComplexLaunch6-1:
modbat/test/ComplexLaunch6.scala:23: modbat.test.ComplexLaunch6-1: assert
[WARNING] modbat/test/ComplexLaunch6.scala:13: modbat.test.ComplexLaunch6-2:
modbat/test/ComplexLaunch6.scala:13: modbat.test.ComplexLaunch6-2: skip
[WARNING] modbat/test/ComplexLaunch6.scala:23: modbat.test.ComplexLaunch6-2:
modbat/test/ComplexLaunch6.scala:23: modbat.test.ComplexLaunch6-2: assert
[WARNING] modbat/test/ComplexLaunch6.scala:13: modbat.test.ComplexLaunch6-3:
modbat/test/ComplexLaunch6.scala:13: modbat.test.ComplexLaunch6-3: skip
[WARNING] modbat/test/ComplexLaunch6.scala:23: modbat.test.ComplexLaunch6-3:
modbat/test/ComplexLaunch6.scala:23: modbat.test.ComplexLaunch6-3: assert
[WARNING] modbat/test/ComplexLaunch6.scala:13: modbat.test.ComplexLaunch6-4:
modbat/test/ComplexLaunch6.scala:13: modbat.test.ComplexLaunch6-4: skip
[WARNING] modbat/test/ComplexLaunch6.scala:18: modbat.test.ComplexLaunch6-4:
modbat/test/ComplexLaunch6.scala:18: modbat.test.ComplexLaunch6-4: launch
[WARNING] modbat/test/ComplexLaunch6.scala:14: modbat.test.ComplexLaunch6-4:
modbat/test/ComplexLaunch6.scala:14: modbat.test.ComplexLaunch6-4: launch
[WARNING] modbat/test/Child6.scala:10: modbat.test.Child6-2:
modbat/test/Child6.scala:10: modbat.test.Child6-2: skip
[WARNING] modbat/test/Child6.scala:10: modbat.test.Child6-1:
modbat/test/Child6.scala:10: modbat.test.Child6-1: skip
[WARNING] modbat/test/Child6.scala:15: modbat.test.Child6-2:
modbat/test/Child6.scala:15: modbat.test.Child6-2: assert
[WARNING] modbat/test/Child6.scala:15: modbat.test.Child6-1:
modbat/test/Child6.scala:15: modbat.test.Child6-1: assert
[WARNING] modbat/test/ComplexLaunch6.scala:13: modbat.test.ComplexLaunch6-5:
modbat/test/ComplexLaunch6.scala:13: modbat.test.ComplexLaunch6-5: skip
[WARNING] modbat/test/ComplexLaunch6.scala:23: modbat.test.ComplexLaunch6-4:
modbat/test/ComplexLaunch6.scala:23: modbat.test.ComplexLaunch6-4: assert
[WARNING] modbat/test/ComplexLaunch6.scala:14: modbat.test.ComplexLaunch6-5:
modbat/test/ComplexLaunch6.scala:14: modbat.test.ComplexLaunch6-5: launch
[WARNING] modbat/test/ComplexLaunch6.scala:18: modbat.test.ComplexLaunch6-5:
modbat/test/ComplexLaunch6.scala:18: modbat.test.ComplexLaunch6-5: launch
[WARNING] modbat/test/ComplexLaunch6.scala:13: modbat.test.ComplexLaunch6-6:
modbat/test/ComplexLaunch6.scala:13: modbat.test.ComplexLaunch6-6: skip
[WARNING] modbat/test/ComplexLaunch6.scala:18: modbat.test.ComplexLaunch6-6:
modbat/test/ComplexLaunch6.scala:18: modbat.test.ComplexLaunch6-6: launch
[WARNING] modbat/test/ComplexLaunch6.scala:13: modbat.test.ComplexLaunch6-7:
modbat/test/ComplexLaunch6.scala:13: modbat.test.ComplexLaunch6-7: skip
[WARNING] modbat/test/ComplexLaunch6.scala:23: modbat.test.ComplexLaunch6-7:
modbat/test/ComplexLaunch6.scala:23: modbat.test.ComplexLaunch6-7: assert
[WARNING] modbat/test/ComplexLaunch6.scala:14: modbat.test.ComplexLaunch6-6:
modbat/test/ComplexLaunch6.scala:14: modbat.test.ComplexLaunch6-6: launch
[WARNING] modbat/test/Child6.scala:10: modbat.test.Child6-4:
modbat/test/Child6.scala:10: modbat.test.Child6-4: skip
[WARNING] modbat/test/Child6.scala:12: modbat.test.Child6-4:
modbat/test/Child6.scala:12: modbat.test.Child6-4: id
[WARNING] modbat/test/ComplexLaunch6.scala:13: modbat.test.ComplexLaunch6-10:
modbat/test/ComplexLaunch6.scala:13: modbat.test.ComplexLaunch6-10: skip
[WARNING] modbat/test/ComplexLaunch6.scala:14: modbat.test.ComplexLaunch6-10:
modbat/test/ComplexLaunch6.scala:14: modbat.test.ComplexLaunch6-10: launch
[WARNING] modbat/test/Child6.scala:10: modbat.test.Child6-3:
modbat/test/Child6.scala:10: modbat.test.Child6-3: skip
[WARNING] modbat/test/ComplexLaunch6.scala:23: modbat.test.ComplexLaunch6-6:
modbat/test/ComplexLaunch6.scala:23: modbat.test.ComplexLaunch6-6: assert
[INFO] 50 tests
50 tests executed,
tests executed, 41
executed, 41 ok,
41 ok, 9
ok, 9 failed.
[INFO] 1) java.net.ConnectException:
1) java.net.ConnectException: Connection
java.net.ConnectException: Connection refused
Connection refused at
refused at connect
[INFO] 49a846e52b813972 27fe2d950fc74b21
49a846e52b813972 27fe2d950fc74b21 5ff50ec9279365d2
27fe2d950fc74b21 5ff50ec9279365d2 a410ce32fc39dfb
5ff50ec9279365d2 a410ce32fc39dfb 8d32a08e0d0b1183
a410ce32fc39dfb 8d32a08e0d0b1183 8102b494089e6116
8d32a08e0d0b1183 8102b494089e6116 44907dab3e7f0a55
8102b494089e6116 44907dab3e7f0a55 46e3ffb302d6b70f
44907dab3e7f0a55 46e3ffb302d6b70f 2a83b5bd2ae1ea70
[INFO] 5 states
5 states covered
states covered (83
covered (83 %
(83 % out
out of 6),
[INFO] 9 transitions
9 transitions covered
transitions covered (45
covered (45 %
(45 % out
out of 20).
[INFO] Precondition 1
Precondition 1 always
1 always passed
always passed at
passed at transition
at transition modbat/examples/NioSocket1.scala:82
transition modbat/examples/NioSocket1.scala:82 connect
would be: 8b388ceb07e23410
[ERROR] java.lang.AssertionError: assertion
[ERROR] at scala.Predef$.assert(Predef.scala)
[ERROR] at modbat.dsl.Model$.assert(Model.scala)
[ERROR] at modbat.dsl.Model$class.assert(Model.scala)
[ERROR] at modbat.test.TestObserver.assert(TestObserver.scala)
[ERROR] at modbat.test.TestObserver$$anonfun$3.apply$mcV$sp(TestObserver.scala)
[ERROR] at modbat.test.TestObserver$$anonfun$3.apply(TestObserver.scala)
[ERROR] java.lang.IllegalArgumentException: requirement
java.lang.IllegalArgumentException: requirement failed
[ERROR] at scala.Predef$.require(Predef.scala)
[ERROR] at modbat.test.SUTWithFailedReq$.fail(SUTWithFailedReq.scala)
[ERROR] at modbat.test.SUTReq$$anonfun$2.apply$mcV$sp(SUTReq.scala)
[ERROR] at modbat.test.SUTReq$$anonfun$2.apply(SUTReq.scala)
[FINE] Launching new
Launching new model
new model instance
model instance modbat.test.WeightedTest2-1...
[FINE] modbat.test.WeightedTest2-1: Executing
modbat.test.WeightedTest2-1: Executing transition
Executing transition init
transition init =>
init => init
=> init (1)...
[FINE] Precondition violated,
Precondition violated, backtracking
violated, backtracking to
backtracking to init.
[INFO] 3ba471c1785a0175 
[INFO] 3 states
states covered (75
covered (75 %
(75 % out
out of 4),
[INFO] 2 transitions
2 transitions covered
transitions covered (66
covered (66 %
(66 % out
[ERROR] at modbat.examples.JavaNioServerSocket.assert(JavaNioServerSocket.scala)
[ERROR] at modbat.examples.JavaNioServerSocket.readFrom(JavaNioServerSocket.scala)
[ERROR] at modbat.examples.JavaNioServerSocket$$anonfun$9.apply$mcV$sp(JavaNioServerSocket.scala)
[ERROR] at modbat.examples.JavaNioServerSocket$$anonfun$9.apply(JavaNioServerSocket.scala)
[ERROR] at modbat.test.ExcTest5.assert(ExcTest5.scala)
[ERROR] at modbat.test.ExcTest5$$anonfun$2.apply$mcV$sp(ExcTest5.scala)
[ERROR] at modbat.test.ExcTest5$$anonfun$2.apply(ExcTest5.scala)
[ERROR] at modbat.test.RSeedTestSuccess.assert(RSeedTestSuccess.scala)
[ERROR] at modbat.test.RSeedTestSuccess$$anonfun$1.apply$mcV$sp(RSeedTestSuccess.scala)
[ERROR] at modbat.test.RSeedTestSuccess$$anonfun$1.apply(RSeedTestSuccess.scala)
[ERROR] at modbat.test.ComplexLaunch3.assert(ComplexLaunch3.scala)
[ERROR] at modbat.test.ComplexLaunch3$$anonfun$2.apply$mcV$sp(ComplexLaunch3.scala)
[ERROR] at modbat.test.ComplexLaunch3$$anonfun$2.apply(ComplexLaunch3.scala)
[WARNING] modbat/examples/JavaNioServerSocket.scala:72: open
[WARNING] modbat/examples/JavaNioServerSocket.scala:77: getLocalPort
[WARNING] modbat/examples/JavaNioServerSocket.scala:87: accept
[WARNING] modbat/examples/JavaNioServerSocket.scala:102: readFrom
[WARNING] modbat/examples/JavaNioServerSocket.scala:82: toggleBlocking
[WARNING] modbat/examples/JavaNioServerSocket.scala:92: startClient
[WARNING] modbat/examples/JavaNioServerSocket.scala:108: interrupt
[WARNING] modbat/examples/JavaNioServerSocket.scala:96: accept;
modbat/examples/JavaNioServerSocket.scala:96: accept; choices
accept; choices =
choices = (0.9360237)
choices = (0.758553)
choices = (0.88528615)
choices = (0.4973101)
[WARNING] modbat/examples/JavaNioServerSocket.scala:75: toggleBlocking
choices = (0.7952144)
[WARNING] modbat/examples/JavaNioServerSocket.scala:104: close
model instance modbat.test.ObserverHarness3-1...
[FINE] modbat.test.ObserverHarness3-1: Executing
modbat.test.ObserverHarness3-1: Executing transition
Executing transition reset
transition reset =>
reset => counting...
Executing transition counting
transition counting =>
counting => end...
reset => reset...
model instance modbat.test.TestObserver2-1...
[FINE] modbat.test.TestObserver2-1: Executing
modbat.test.TestObserver2-1: Executing transition
Executing transition zero
transition zero =>
zero => one...
backtracking to zero.
model instance modbat.test.TestObserver2-2...
[FINE] modbat.test.TestObserver2-2: Executing
modbat.test.TestObserver2-2: Executing transition
model instance modbat.test.TestObserver2-3...
[FINE] modbat.test.TestObserver2-3: Executing
modbat.test.TestObserver2-3: Executing transition
model instance modbat.test.TestObserver2-4...
[FINE] modbat.test.TestObserver2-4: Executing
modbat.test.TestObserver2-4: Executing transition
model instance modbat.test.TestObserver2-5...
[FINE] modbat.test.TestObserver2-5: Executing
modbat.test.TestObserver2-5: Executing transition
model instance modbat.test.TestObserver2-6...
[FINE] modbat.test.TestObserver2-6: Executing
modbat.test.TestObserver2-6: Executing transition
counting => counting...
Executing transition one
transition one =>
one => many...
backtracking to one.
Executing transition many
transition many =>
many => many...
[INFO] 100 tests
100 tests executed,
tests executed, 100
executed, 100 ok,
100 ok, 0
ok, 0 failed.
[INFO] 6 states
6 states covered
[INFO] 16 transitions
16 transitions covered
transitions covered (80
covered (80 %
(80 % out
at transition modbat/examples/NioSocket1.scala:97
transition modbat/examples/NioSocket1.scala:97 sleep
would be: e33f5272c52bf71
model instance modbat.test.ComplexLaunch-1...
[FINE] modbat.test.ComplexLaunch-1: Executing
modbat.test.ComplexLaunch-1: Executing transition
init => active...
Executing transition active
transition active =>
active => done...
active => active...
model instance modbat.test.Child-1...
[FINE] modbat.test.Child-1: Executing
modbat.test.Child-1: Executing transition
init => running...
Executing transition running
transition running =>
running => running...
running => done...
model instance modbat.test.Child-2...
[FINE] modbat.test.Child-2: Executing
modbat.test.Child-2: Executing transition
model instance modbat.test.Child-3...
model instance modbat.test.Child-4...
model instance modbat.test.Child-5...
[FINE] modbat.test.Child-5: Executing
modbat.test.Child-5: Executing transition
[FINE] modbat.test.Child-4: Executing
modbat.test.Child-4: Executing transition
[FINE] modbat.test.Child-3: Executing
modbat.test.Child-3: Executing transition
model instance modbat.test.Child-6...
[FINE] modbat.test.Child-6: Executing
modbat.test.Child-6: Executing transition
[ERROR] at modbat.test.ComplexLaunch5.assert(ComplexLaunch5.scala)
[ERROR] at modbat.test.ComplexLaunch5$$anonfun$2.apply$mcV$sp(ComplexLaunch5.scala)
[ERROR] at modbat.test.ComplexLaunch5$$anonfun$2.apply(ComplexLaunch5.scala)
assertion failed: i
failed: i =
i = 2
= 2 occurred,
2 occurred, aborting.
[WARNING] modbat/test/InvCheck3_3.scala:9: inc
[WARNING] private int
private int modbat.test.InvCheck3_3.i
int modbat.test.InvCheck3_3.i =
modbat.test.InvCheck3_3.i = 1
[WARNING] modbat/test/InvCheck3_3.scala:14: skip
modbat.test.InvCheck3_3.i = 2
[WARNING] modbat/test/InvCheck3_3.scala:15: skip
[WARNING] modbat/test/InvCheck3_3.scala:11: check
i = 1
= 1 occurred,
1 occurred, aborting.
[WARNING] modbat/test/Shortcut.scala:12: count
modbat/test/Shortcut.scala:12: count =
count = ...
[WARNING] modbat/test/Shortcut.scala:21: count
[WARNING] modbat/test/Shortcut.scala:24: assert
[WARNING] modbat/test/Shortcut.scala:15: count
[WARNING] modbat/test/Shortcut.scala:18: count
[INFO] 10 tests
10 tests executed,
tests executed, 10
executed, 10 ok,
10 ok, 0
[INFO] 2 states
2 states covered
out of 2),
out of 2).
would be: a410ce32fc39dfb
[WARNING] modbat/test/GenLabel2.scala:13: decrement
[WARNING] modbat/test/GenLabel2.scala:12: increment
model instance modbat.examples.JavaNioServerSocket-1...
[FINE] modbat.examples.JavaNioServerSocket-1: Executing
modbat.examples.JavaNioServerSocket-1: Executing transition
reset => open...
Executing transition open
transition open =>
open => closed...
Executing transition closed
transition closed =>
closed => closed...
closed => err...
[FINE] java.nio.channels.ClosedChannelException generated
java.nio.channels.ClosedChannelException generated as
generated as expected.
open => bound...
Executing transition bound
transition bound =>
bound => connected...
Executing transition connected
transition connected =>
connected => connected...
bound => bound...
backtracking to bound.
bound => accepting...
Executing transition accepting
transition accepting =>
accepting => bound...
bound => closed...
connected => bound...
accepting => accepting...
accepting => closed...
open => open...
[FINE] Next state
Next state predicate
state predicate holds,
predicate holds, go
holds, go to
go to state
to state connected.
open => err...
[FINE] java.nio.channels.NotYetBoundException generated
java.nio.channels.NotYetBoundException generated as
[INFO] 20 tests
20 tests executed,
tests executed, 8
executed, 8 ok,
8 ok, 12
ok, 12 failed.
[INFO] 2 types
2 types of
types of test
of test failures:
= 1 at
1 at check
[INFO] 402b73cd0066eaea 89a82931be29e65
402b73cd0066eaea 89a82931be29e65 49a846e52b813972
89a82931be29e65 49a846e52b813972 19b6aa1b14a29017
49a846e52b813972 19b6aa1b14a29017 486e122d1bcbade7
19b6aa1b14a29017 486e122d1bcbade7 a410ce32fc39dfb
486e122d1bcbade7 a410ce32fc39dfb 8d32a08e0d0b1183
a410ce32fc39dfb 8d32a08e0d0b1183 284ca782182a253f
[INFO] 2) java.lang.AssertionError:
2) java.lang.AssertionError: assertion
= 2 at
2 at check
[INFO] 85780661bf76533 745035c2b643033
85780661bf76533 745035c2b643033 1e528010d3d2d54
745035c2b643033 1e528010d3d2d54 5a92477004cf57fb
[INFO] 4 states
4 states covered
[INFO] 7 transitions
7 transitions covered
out of 7).
would be: 636e772f0798297b
[INFO] 1 tests
1 tests executed,
tests executed, 0
executed, 0 ok,
0 ok, 1
states covered (66
[INFO] 1 transitions
1 transitions covered
transitions covered (20
covered (20 %
(20 % out
out of 5).
would be: 402b73cd0066eaea
[INFO] 3 tests
3 tests executed,
0 ok, 3
ok, 3 failed.
[INFO] 3ba471c1785a0175 402b73cd0066eaea
3ba471c1785a0175 402b73cd0066eaea 41530f4040856586
transitions covered (25
covered (25 %
(25 % out
would be: 89a82931be29e65
74 3003311528925804, 2
3003311528925804, 2 tests
2 tests failed.
[ERROR] at modbat.test.AnyFuncTest.assert(AnyFuncTest.scala)
[ERROR] at modbat.test.AnyFuncTest$$anonfun$1.apply$mcV$sp(AnyFuncTest.scala)
[ERROR] at modbat.test.AnyFuncTest$$anonfun$1.apply(AnyFuncTest.scala)
Result of call
of call is
call is true.
err1  
[INFO] 21 transitions
21 transitions covered
out of 21).
would be: 4557745f20abfec0
[ERROR] at modbat.examples.NioSocket1.assert(NioSocket1.scala)
[ERROR] at modbat.examples.NioSocket1.readFrom(NioSocket1.scala)
[ERROR] at modbat.examples.NioSocket1$$anonfun$15.apply$mcV$sp(NioSocket1.scala)
[ERROR] at modbat.examples.NioSocket1$$anonfun$15.apply(NioSocket1.scala)
[DEBUG] Adding build/modbat-test.jar
Adding build/modbat-test.jar to
build/modbat-test.jar to classpath.
[DEBUG] modbat.test.WeightedTest2-1: Registered
modbat.test.WeightedTest2-1: Registered state
Registered state transition
state transition from
transition from init
from init to
init to init
[DEBUG] --- Exploring
--- Exploring model
Exploring model ---
[DEBUG] modbat.test.WeightedTest2-1: Current
modbat.test.WeightedTest2-1: Current state:
Current state: init
[DEBUG] modbat.test.WeightedTest2-1: Possible
modbat.test.WeightedTest2-1: Possible successor:
Possible successor: init
[DEBUG] State init
State init in
init in model
in model modbat.test.WeightedTest2-1
model modbat.test.WeightedTest2-1 was
modbat.test.WeightedTest2-1 was visited
was visited 1
visited 1 times.
was visited 2
visited 2 times.
was visited 3
visited 3 times.
was visited 4
visited 4 times.
[DEBUG] No more
No more successors.
[DEBUG] --- Resetting
--- Resetting to
Resetting to initial
to initial state
initial state ---
[DEBUG] Identical model
Identical model found:
model found: modbat.test.WeightedTest2-1
[INFO] 500 tests
500 tests executed,
tests executed, 497
executed, 497 ok,
497 ok, 3
failed at readFrom
[INFO] 8a4a8b323494e5a2 129f94f833eaa363
8a4a8b323494e5a2 129f94f833eaa363 186622cd204ecbbb
[INFO] 19 transitions
19 transitions covered
transitions covered (95
covered (95 %
(95 % out
1 always failed
always failed at
failed at transition
at transition modbat/examples/NioSocket1.scala:93
transition modbat/examples/NioSocket1.scala:93 finishConnect
would be: 232e55b4117fdaf7
[WARNING] modbat/examples/NioSocket1.scala:77: open
[WARNING] modbat/examples/NioSocket1.scala:82: connect
[WARNING] modbat/examples/NioSocket1.scala:117: finishConnect
[WARNING] modbat/examples/NioSocket1.scala:120: readFrom
[ERROR] at modbat.test.ExcTestA4.assert(ExcTestA4.scala)
[ERROR] at modbat.test.ExcTestA4$$anonfun$2.apply$mcV$sp(ExcTestA4.scala)
[ERROR] at modbat.test.ExcTestA4$$anonfun$2.apply(ExcTestA4.scala)
74 3003311528925804 
[WARNING] modbat/test/InvCheck3.scala:12: skip
[WARNING] modbat/test/InvCheck3.scala:13: skip
[WARNING] modbat/test/InvCheck3.scala:7: inc
[WARNING] modbat/test/InvCheck3.scala:14: skip
[WARNING] modbat/test/InvCheck3.scala:9: check
model instance modbat.test.ObserverHarness-1...
[FINE] modbat.test.ObserverHarness-1: Executing
modbat.test.ObserverHarness-1: Executing transition
model instance modbat.test.TestObserver-1...
[FINE] modbat.test.TestObserver-1: Executing
modbat.test.TestObserver-1: Executing transition
[ERROR] at modbat.test.ComplexLaunch2.assert(ComplexLaunch2.scala)
[ERROR] at modbat.test.ComplexLaunch2$$anonfun$2.apply$mcV$sp(ComplexLaunch2.scala)
[ERROR] at modbat.test.ComplexLaunch2$$anonfun$2.apply(ComplexLaunch2.scala)
model instance modbat.test.Immediate-1...
[FINE] modbat.test.Immediate-1: Executing
modbat.test.Immediate-1: Executing transition
init => init...
model instance modbat.test.Catches-1...
[FINE] modbat.test.Catches-1: Executing
modbat.test.Catches-1: Executing transition
Executing transition ok
transition ok =>
ok => ok...
[FINE] java.lang.Exception: Test...
java.lang.Exception: Test... leads
Test... leads to
leads to exception
to exception state
exception state err.
[FINE] Next transition
Next transition on
transition on this
on this model
this model must
model must be
must be taken
be taken immediately.
Executing transition err
transition err =>
err => ok...
model instance modbat.test.Catches-2...
[FINE] Detected beginning
Detected beginning of
beginning of loop
of loop 3
loop 3 (model
3 (model modbat.test.Immediate-1,
(model modbat.test.Immediate-1, state
modbat.test.Immediate-1, state init),
state init), filtering
init), filtering transition
filtering transition init
init => init.
3 (model modbat.test.Catches-1,
(model modbat.test.Catches-1, state
modbat.test.Catches-1, state ok),
state ok), filtering
ok), filtering transition
filtering transition ok
ok => ok.
[FINE] modbat.test.Catches-2: Executing
modbat.test.Catches-2: Executing transition
3 (model modbat.test.Catches-2,
(model modbat.test.Catches-2, state
modbat.test.Catches-2, state ok),
[WARNING] modbat/examples/SimpleModel.scala:10: new
modbat/examples/SimpleModel.scala:10: new SimpleCounter
[WARNING] modbat/examples/SimpleModel.scala:13: toggleSwitch
[WARNING] modbat/examples/SimpleModel.scala:16: inc
[WARNING] modbat/examples/SimpleModel.scala:19: inc
[WARNING] modbat/examples/SimpleModel.scala:25: assert
[ERROR] at modbat.test.MaybeElseTest2.assert(MaybeElseTest2.scala)
[ERROR] at modbat.test.MaybeElseTest2$$anonfun$2$$anonfun$apply$mcV$sp$2$$anonfun$apply$1.apply$mcV$sp(MaybeElseTest2.scala)
[ERROR] at modbat.test.MaybeElseTest2$$anonfun$2$$anonfun$apply$mcV$sp$2$$anonfun$apply$1.apply(MaybeElseTest2.scala)
[ERROR] java.net.ConnectException: Connection
[ERROR] at sun.nio.ch.Net.connect0(Native
at sun.nio.ch.Net.connect0(Native Method)
[ERROR] at sun.nio.ch.Net.connect(Net.java)
[ERROR] at sun.nio.ch.SocketChannelImpl.connect(SocketChannelImpl.java)
[ERROR] at modbat.examples.NioSocket1.connect(NioSocket1.scala)
[ERROR] at modbat.examples.NioSocket1$$anonfun$3.apply$mcV$sp(NioSocket1.scala)
[ERROR] at modbat.examples.NioSocket1$$anonfun$3.apply(NioSocket1.scala)
845 5621447540498098, 3
5621447540498098, 3 tests
3 tests failed.
[INFO] 1 states
1 states covered
out of 1),
[ERROR] at modbat.test.ComplexLaunch4.assert(ComplexLaunch4.scala)
[ERROR] at modbat.test.ComplexLaunch4$$anonfun$2.apply$mcV$sp(ComplexLaunch4.scala)
[ERROR] at modbat.test.ComplexLaunch4$$anonfun$2.apply(ComplexLaunch4.scala)
1 ok, 0
states covered (50
covered (50 %
(50 % out
transitions covered (10
covered (10 %
(10 % out
at transition modbat/examples/NioSocket1.scala:86
transition modbat/examples/NioSocket1.scala:86 connect
would be: 25ab24d9461ee328
[ERROR] at scala.Predef$.assert(Predef.scala:156)
[ERROR] at modbat.dsl.Model$.assert(Model.scala:28)
[ERROR] at modbat.dsl.Model$class.assert(Model.scala:39)
[ERROR] at modbat.test.InvalidMethod.assert(InvalidMethod.scala:5)
[ERROR] at modbat.test.InvalidMethod$$anonfun$invariantCheck$1.apply$mcV$sp(InvalidMethod.scala:11)
[ERROR] at modbat.test.InvalidMethod$$anonfun$invariantCheck$1.apply(InvalidMethod.scala:11)
[ERROR] modbat.test.JoinNull-1 calls
modbat.test.JoinNull-1 calls join(null)
calls join(null) but
join(null) but parameter
but parameter must
parameter must be
must be non-null.
[ERROR] java.lang.NullPointerException 
[WARNING] modbat/test/LoopTestWithLaunch.scala:16: modbat.test.LoopTestWithLaunch-1:
modbat/test/LoopTestWithLaunch.scala:16: modbat.test.LoopTestWithLaunch-1: launch
[WARNING] modbat/test/LoopTestWithLaunch.scala:16: modbat.test.LoopTestWithLaunch-2:
modbat/test/LoopTestWithLaunch.scala:16: modbat.test.LoopTestWithLaunch-2: launch
[WARNING] modbat/test/LoopTestWithLaunch.scala:10: modbat.test.LoopTestWithLaunch-2:
modbat/test/LoopTestWithLaunch.scala:10: modbat.test.LoopTestWithLaunch-2: assert
[WARNING] modbat/test/LoopTestWithLaunch.scala:10: modbat.test.LoopTestWithLaunch-3:
modbat/test/LoopTestWithLaunch.scala:10: modbat.test.LoopTestWithLaunch-3: assert
[WARNING] modbat/test/LoopTestWithLaunch.scala:13: modbat.test.LoopTestWithLaunch-3:
modbat/test/LoopTestWithLaunch.scala:13: modbat.test.LoopTestWithLaunch-3: assert
1) java.lang.AssertionError: Assertion
java.lang.AssertionError: Assertion failed
Assertion failed in
failed in Thread
in Thread Thread-3
Thread Thread-3 at
Thread-3 at (transition
at (transition outside
(transition outside model
outside model such
model such as
such as callback)
[INFO] modbat.test.ObserverHarness7: 3
modbat.test.ObserverHarness7: 3 states
modbat.test.ObserverHarness7: 3 transitions
[INFO] modbat.test.ConcurrentObserver: 3
modbat.test.ConcurrentObserver: 3 states
modbat.test.ConcurrentObserver: 3 transitions
[WARNING] Ignoring method
Ignoring method public
method public void
public void modbat.test.InvalidMethod.invariantCheck(int),
void modbat.test.InvalidMethod.invariantCheck(int), which
modbat.test.InvalidMethod.invariantCheck(int), which has
which has @State
has @State annotation
@State annotation but
annotation but more
but more than
more than zero
than zero arguments.
[WARNING] Ignoring non-existent
Ignoring non-existent state
non-existent state x
state x from
x from @State
from @State annotation
@State annotation for
annotation for invariantCheck
[WARNING] modbat/test/InvalidMethod.scala:15: skip
[WARNING] modbat/test/InvalidMethod.scala:11: invariantCheck;
modbat/test/InvalidMethod.scala:11: invariantCheck; choices
invariantCheck; choices =
choices = (0.49744096)
model instance modbat.test.ComplexLaunch2-1...
[FINE] modbat.test.ComplexLaunch2-1: Executing
modbat.test.ComplexLaunch2-1: Executing transition
active => active
=> active (2)...
model instance modbat.test.ComplexLaunch2-2...
model instance modbat.test.ComplexLaunch2-3...
model instance modbat.test.ComplexLaunch2-4...
[FINE] modbat.test.ComplexLaunch2-2: Executing
modbat.test.ComplexLaunch2-2: Executing transition
[FINE] modbat.test.ComplexLaunch2-3: Executing
modbat.test.ComplexLaunch2-3: Executing transition
[FINE] modbat.test.ComplexLaunch2-4: Executing
modbat.test.ComplexLaunch2-4: Executing transition
model instance modbat.test.ComplexLaunch2-5...
=> active (1)...
model instance modbat.test.Child2-1...
model instance modbat.test.Child2-2...
[FINE] modbat.test.Child2-2: Executing
modbat.test.Child2-2: Executing transition
[FINE] modbat.test.Child2-1: Executing
modbat.test.Child2-1: Executing transition
[FINE] modbat.test.ComplexLaunch2-5: Executing
modbat.test.ComplexLaunch2-5: Executing transition
model instance modbat.test.Child2-3...
model instance modbat.test.ComplexLaunch2-6...
[FINE] modbat.test.ComplexLaunch2-6: Executing
modbat.test.ComplexLaunch2-6: Executing transition
model instance modbat.test.ComplexLaunch2-7...
[FINE] modbat.test.ComplexLaunch2-7: Executing
modbat.test.ComplexLaunch2-7: Executing transition
model instance modbat.test.ComplexLaunch2-8...
model instance modbat.test.ComplexLaunch2-9...
model instance modbat.test.Child2-4...
[FINE] modbat.test.Child2-4: Executing
modbat.test.Child2-4: Executing transition
model instance modbat.test.ComplexLaunch2-10...
model instance modbat.test.ComplexLaunch2-11...
[FINE] modbat.test.ComplexLaunch2-10: Executing
modbat.test.ComplexLaunch2-10: Executing transition
model instance modbat.test.Child2-5...
model instance modbat.test.ComplexLaunch2-12...
model instance modbat.test.Child2-6...
[FINE] modbat.test.Child2-3: Executing
modbat.test.Child2-3: Executing transition
backtracking to active.
[ERROR] at modbat.test.LoopTestWithLaunch.assert(LoopTestWithLaunch.scala)
[ERROR] at modbat.test.LoopTestWithLaunch$$anonfun$1.apply$mcV$sp(LoopTestWithLaunch.scala)
[ERROR] at modbat.test.LoopTestWithLaunch$$anonfun$1.apply(LoopTestWithLaunch.scala)
[WARNING] modbat/test/InvCheck3_1.scala:13: skip
[WARNING] modbat/test/InvCheck3_1.scala:8: inc
[WARNING] modbat/test/InvCheck3_1.scala:14: skip
[WARNING] modbat/test/InvCheck3_1.scala:15: skip
[WARNING] modbat/test/InvCheck3_1.scala:10: check
tests executed, 18
executed, 18 ok,
18 ok, 2
ok, 2 failed.
[INFO] 402b73cd0066eaea 19b6aa1b14a29017
[INFO] 7 states
7 states covered
out of 7),
[INFO] 17 transitions
17 transitions covered
out of 17).
[INFO] 1000 tests
1000 tests executed,
tests executed, 1000
executed, 1000 ok,
1000 ok, 0
model instance modbat.test.LoopTest-1...
of loop 1
loop 1 (model
1 (model modbat.test.LoopTest-1,
(model modbat.test.LoopTest-1, state
modbat.test.LoopTest-1, state ok),
[FINE] modbat.test.LoopTest-1: Executing
modbat.test.LoopTest-1: Executing transition
[ERROR] at modbat.test.Child.assert(Child.scala)
[ERROR] at modbat.test.Child$$anonfun$3.apply$mcV$sp(Child.scala)
[ERROR] at modbat.test.Child$$anonfun$3.apply(Child.scala)
[ERROR] at modbat.test.ComplexLaunch.assert(ComplexLaunch.scala)
[ERROR] at modbat.test.ComplexLaunch$$anonfun$2.apply$mcV$sp(ComplexLaunch.scala)
[ERROR] at modbat.test.ComplexLaunch$$anonfun$2.apply(ComplexLaunch.scala)
[ERROR] at modbat.test.ExcTest6.assert(ExcTest6.scala)
[ERROR] at modbat.test.ExcTest6$$anonfun$2.apply$mcV$sp(ExcTest6.scala)
[ERROR] at modbat.test.ExcTest6$$anonfun$2.apply(ExcTest6.scala)
10 ok, 10
ok, 10 failed.
[INFO] 89a82931be29e65 27fe2d950fc74b21
89a82931be29e65 27fe2d950fc74b21 19b6aa1b14a29017
27fe2d950fc74b21 19b6aa1b14a29017 85780661bf76533
19b6aa1b14a29017 85780661bf76533 486e122d1bcbade7
85780661bf76533 486e122d1bcbade7 745035c2b643033
486e122d1bcbade7 745035c2b643033 1e528010d3d2d54
745035c2b643033 1e528010d3d2d54 8d32a08e0d0b1183
1e528010d3d2d54 8d32a08e0d0b1183 5a92477004cf57fb
8d32a08e0d0b1183 5a92477004cf57fb 284ca782182a253f
assertion failed: Cannot
failed: Cannot mkdir
Cannot mkdir "0/1/4"
mkdir "0/1/4" occurred,
"0/1/4" occurred, aborting.
[WARNING] modbat/test/SimpleFileModel.scala:33: modbat.test.SimpleFileModel-1:
modbat/test/SimpleFileModel.scala:33: modbat.test.SimpleFileModel-1: skip
[WARNING] modbat/test/SimpleFileModel.scala:34: modbat.test.SimpleFileModel-1:
modbat/test/SimpleFileModel.scala:34: modbat.test.SimpleFileModel-1: launch;
modbat.test.SimpleFileModel-1: launch; choices
launch; choices =
choices = (0.42469475)
[WARNING] modbat/test/SimpleFileModel.scala:43: modbat.test.SimpleFileModel-1:
modbat/test/SimpleFileModel.scala:43: modbat.test.SimpleFileModel-1: require
[WARNING] modbat/test/SimpleFileModel.scala:45: modbat.test.SimpleFileModel-1:
modbat/test/SimpleFileModel.scala:45: modbat.test.SimpleFileModel-1: launch;
choices = (0,
= (0, 0.052770555)
[WARNING] modbat/test/SimpleFileModel.scala:49: modbat.test.SimpleFileModel-1:
modbat/test/SimpleFileModel.scala:49: modbat.test.SimpleFileModel-1: skip
[WARNING] modbat/test/SimpleFileModel.scala:50: modbat.test.SimpleFileModel-1:
modbat/test/SimpleFileModel.scala:50: modbat.test.SimpleFileModel-1: println
[WARNING] modbat/test/SimpleFileModel.scala:33: modbat.test.SimpleFileModel-2:
modbat/test/SimpleFileModel.scala:33: modbat.test.SimpleFileModel-2: skip
[WARNING] modbat/test/SimpleFileModel.scala:43: modbat.test.SimpleFileModel-2:
modbat/test/SimpleFileModel.scala:43: modbat.test.SimpleFileModel-2: require
[WARNING] modbat/test/SimpleFileModel.scala:45: modbat.test.SimpleFileModel-2:
modbat/test/SimpleFileModel.scala:45: modbat.test.SimpleFileModel-2: launch;
modbat.test.SimpleFileModel-2: launch; choices
choices = (1,
= (1, 0.116557345)
[WARNING] modbat/test/SimpleFileModel.scala:33: modbat.test.SimpleFileModel-4:
modbat/test/SimpleFileModel.scala:33: modbat.test.SimpleFileModel-4: skip
[WARNING] modbat/test/SimpleFileModel.scala:33: modbat.test.SimpleFileModel-3:
modbat/test/SimpleFileModel.scala:33: modbat.test.SimpleFileModel-3: skip
[WARNING] modbat/test/SimpleFileModel.scala:43: modbat.test.SimpleFileModel-4:
modbat/test/SimpleFileModel.scala:43: modbat.test.SimpleFileModel-4: require
[WARNING] modbat/test/SimpleFileModel.scala:49: modbat.test.SimpleFileModel-3:
modbat/test/SimpleFileModel.scala:49: modbat.test.SimpleFileModel-3: skip
[WARNING] modbat/test/SimpleFileModel.scala:45: modbat.test.SimpleFileModel-4:
modbat/test/SimpleFileModel.scala:45: modbat.test.SimpleFileModel-4: launch;
modbat.test.SimpleFileModel-4: launch; choices
= (1, 0.47003296)
[WARNING] modbat/test/SimpleFileModel.scala:49: modbat.test.SimpleFileModel-2:
modbat/test/SimpleFileModel.scala:49: modbat.test.SimpleFileModel-2: skip
[WARNING] modbat/test/SimpleFileModel.scala:33: modbat.test.SimpleFileModel-5:
modbat/test/SimpleFileModel.scala:33: modbat.test.SimpleFileModel-5: skip
[WARNING] modbat/test/SimpleFileModel.scala:37: modbat.test.SimpleFileModel-5:
modbat/test/SimpleFileModel.scala:37: modbat.test.SimpleFileModel-5: launch
tests executed, 19
executed, 19 ok,
19 ok, 1
i = 0
= 0 at
0 at invariantCheck
[INFO] 284ca782182a253f 
[WARNING] modbat/test/ComplexLaunch4.scala:17: modbat.test.ComplexLaunch4-1:
modbat/test/ComplexLaunch4.scala:17: modbat.test.ComplexLaunch4-1: skip
[WARNING] modbat/test/ComplexLaunch4.scala:22: modbat.test.ComplexLaunch4-1:
modbat/test/ComplexLaunch4.scala:22: modbat.test.ComplexLaunch4-1: launch
[WARNING] modbat/test/ComplexLaunch4.scala:27: modbat.test.ComplexLaunch4-1:
modbat/test/ComplexLaunch4.scala:27: modbat.test.ComplexLaunch4-1: assert
[WARNING] modbat/test/ComplexLaunch4.scala:17: modbat.test.ComplexLaunch4-2:
modbat/test/ComplexLaunch4.scala:17: modbat.test.ComplexLaunch4-2: skip
[WARNING] modbat/test/ComplexLaunch4.scala:27: modbat.test.ComplexLaunch4-2:
modbat/test/ComplexLaunch4.scala:27: modbat.test.ComplexLaunch4-2: assert
[WARNING] modbat/test/ComplexLaunch4.scala:17: modbat.test.ComplexLaunch4-3:
modbat/test/ComplexLaunch4.scala:17: modbat.test.ComplexLaunch4-3: skip
[WARNING] modbat/test/ComplexLaunch4.scala:27: modbat.test.ComplexLaunch4-3:
modbat/test/ComplexLaunch4.scala:27: modbat.test.ComplexLaunch4-3: assert
[WARNING] modbat/test/ComplexLaunch4.scala:17: modbat.test.ComplexLaunch4-4:
modbat/test/ComplexLaunch4.scala:17: modbat.test.ComplexLaunch4-4: skip
[WARNING] modbat/test/ComplexLaunch4.scala:22: modbat.test.ComplexLaunch4-4:
modbat/test/ComplexLaunch4.scala:22: modbat.test.ComplexLaunch4-4: launch
[WARNING] modbat/test/ComplexLaunch4.scala:18: modbat.test.ComplexLaunch4-4:
modbat/test/ComplexLaunch4.scala:18: modbat.test.ComplexLaunch4-4: launch
[WARNING] modbat/test/Child4.scala:20: modbat.test.Child4-2:
modbat/test/Child4.scala:20: modbat.test.Child4-2: skip
[WARNING] modbat/test/Child4.scala:20: modbat.test.Child4-1:
modbat/test/Child4.scala:20: modbat.test.Child4-1: skip
[WARNING] modbat/test/Child4.scala:25: modbat.test.Child4-2:
modbat/test/Child4.scala:25: modbat.test.Child4-2: assert
[WARNING] modbat/test/Child4.scala:25: modbat.test.Child4-1:
modbat/test/Child4.scala:25: modbat.test.Child4-1: assert
[WARNING] modbat/test/ComplexLaunch4.scala:17: modbat.test.ComplexLaunch4-5:
modbat/test/ComplexLaunch4.scala:17: modbat.test.ComplexLaunch4-5: skip
[WARNING] modbat/test/ComplexLaunch4.scala:27: modbat.test.ComplexLaunch4-4:
modbat/test/ComplexLaunch4.scala:27: modbat.test.ComplexLaunch4-4: assert
[WARNING] modbat/test/ComplexLaunch4.scala:18: modbat.test.ComplexLaunch4-5:
modbat/test/ComplexLaunch4.scala:18: modbat.test.ComplexLaunch4-5: launch
[WARNING] modbat/test/ComplexLaunch4.scala:22: modbat.test.ComplexLaunch4-5:
modbat/test/ComplexLaunch4.scala:22: modbat.test.ComplexLaunch4-5: launch
[WARNING] modbat/test/ComplexLaunch4.scala:17: modbat.test.ComplexLaunch4-6:
modbat/test/ComplexLaunch4.scala:17: modbat.test.ComplexLaunch4-6: skip
[WARNING] modbat/test/ComplexLaunch4.scala:22: modbat.test.ComplexLaunch4-6:
modbat/test/ComplexLaunch4.scala:22: modbat.test.ComplexLaunch4-6: launch
[WARNING] modbat/test/ComplexLaunch4.scala:17: modbat.test.ComplexLaunch4-7:
modbat/test/ComplexLaunch4.scala:17: modbat.test.ComplexLaunch4-7: skip
[WARNING] modbat/test/ComplexLaunch4.scala:27: modbat.test.ComplexLaunch4-7:
modbat/test/ComplexLaunch4.scala:27: modbat.test.ComplexLaunch4-7: assert
[WARNING] modbat/test/ComplexLaunch4.scala:18: modbat.test.ComplexLaunch4-6:
modbat/test/ComplexLaunch4.scala:18: modbat.test.ComplexLaunch4-6: launch
[WARNING] modbat/test/Child4.scala:20: modbat.test.Child4-4:
modbat/test/Child4.scala:20: modbat.test.Child4-4: skip
[WARNING] modbat/test/Child4.scala:22: modbat.test.Child4-4:
modbat/test/Child4.scala:22: modbat.test.Child4-4: id
[WARNING] modbat/test/ComplexLaunch4.scala:17: modbat.test.ComplexLaunch4-10:
modbat/test/ComplexLaunch4.scala:17: modbat.test.ComplexLaunch4-10: skip
[WARNING] modbat/test/ComplexLaunch4.scala:18: modbat.test.ComplexLaunch4-10:
modbat/test/ComplexLaunch4.scala:18: modbat.test.ComplexLaunch4-10: launch
[WARNING] modbat/test/Child4.scala:20: modbat.test.Child4-3:
modbat/test/Child4.scala:20: modbat.test.Child4-3: skip
[WARNING] modbat/test/ComplexLaunch4.scala:27: modbat.test.ComplexLaunch4-6:
modbat/test/ComplexLaunch4.scala:27: modbat.test.ComplexLaunch4-6: assert
states covered (80
out of 5),
[INFO] 5 transitions
5 transitions covered
transitions covered (71
covered (71 %
(71 % out
[WARNING] modbat/test/ObserverHarness2.scala:8: modbat.test.ObserverHarness2-1:
modbat/test/ObserverHarness2.scala:8: modbat.test.ObserverHarness2-1: launch
[WARNING] modbat/test/ObserverHarness2.scala:10: modbat.test.ObserverHarness2-1:
modbat/test/ObserverHarness2.scala:10: modbat.test.ObserverHarness2-1: skip
[WARNING] modbat/test/ObserverHarness2.scala:12: modbat.test.ObserverHarness2-1:
modbat/test/ObserverHarness2.scala:12: modbat.test.ObserverHarness2-1: i
[WARNING] modbat/test/TestObserver.scala:9: modbat.test.TestObserver-1:
modbat/test/TestObserver.scala:9: modbat.test.TestObserver-1: println
[WARNING] modbat/test/TestObserver.scala:9: modbat.test.TestObserver-2:
modbat/test/TestObserver.scala:9: modbat.test.TestObserver-2: println
[WARNING] modbat/test/TestObserver.scala:9: modbat.test.TestObserver-3:
modbat/test/TestObserver.scala:9: modbat.test.TestObserver-3: println
[WARNING] modbat/test/TestObserver.scala:9: modbat.test.TestObserver-4:
modbat/test/TestObserver.scala:9: modbat.test.TestObserver-4: println
[WARNING] modbat/test/TestObserver.scala:9: modbat.test.TestObserver-5:
modbat/test/TestObserver.scala:9: modbat.test.TestObserver-5: println
[WARNING] modbat/test/TestObserver.scala:9: modbat.test.TestObserver-6:
modbat/test/TestObserver.scala:9: modbat.test.TestObserver-6: println
[WARNING] modbat/test/TestObserver.scala:13: modbat.test.TestObserver-1:
modbat/test/TestObserver.scala:13: modbat.test.TestObserver-1: println
[WARNING] modbat/test/TestObserver.scala:18: modbat.test.TestObserver-1:
modbat/test/TestObserver.scala:18: modbat.test.TestObserver-1: assert
[WARNING] modbat/test/TestObserver.scala:13: modbat.test.TestObserver-2:
modbat/test/TestObserver.scala:13: modbat.test.TestObserver-2: println
[WARNING] modbat/test/TestObserver.scala:18: modbat.test.TestObserver-2:
modbat/test/TestObserver.scala:18: modbat.test.TestObserver-2: assert
[WARNING] modbat/test/TestObserver.scala:13: modbat.test.TestObserver-3:
modbat/test/TestObserver.scala:13: modbat.test.TestObserver-3: println
[WARNING] modbat/test/TestObserver.scala:18: modbat.test.TestObserver-3:
modbat/test/TestObserver.scala:18: modbat.test.TestObserver-3: assert
[WARNING] modbat/test/TestObserver.scala:13: modbat.test.TestObserver-4:
modbat/test/TestObserver.scala:13: modbat.test.TestObserver-4: println
[WARNING] modbat/test/TestObserver.scala:18: modbat.test.TestObserver-4:
modbat/test/TestObserver.scala:18: modbat.test.TestObserver-4: assert
[WARNING] modbat/test/TestObserver.scala:13: modbat.test.TestObserver-5:
modbat/test/TestObserver.scala:13: modbat.test.TestObserver-5: println
[WARNING] modbat/test/TestObserver.scala:18: modbat.test.TestObserver-5:
modbat/test/TestObserver.scala:18: modbat.test.TestObserver-5: assert
[WARNING] modbat/test/TestObserver.scala:13: modbat.test.TestObserver-6:
modbat/test/TestObserver.scala:13: modbat.test.TestObserver-6: println
[WARNING] modbat/test/TestObserver.scala:18: modbat.test.TestObserver-6:
modbat/test/TestObserver.scala:18: modbat.test.TestObserver-6: assert
[ERROR] Extra arguments
Extra arguments starting
arguments starting at
starting at "-n=1"
at "-n=1" are
"-n=1" are not
are not supported.
model instance modbat.test.IllArgTest-1...
[FINE] modbat.test.IllArgTest-1: Executing
modbat.test.IllArgTest-1: Executing transition
ok => err...
model instance modbat.examples.NioSocket1-1...
[FINE] modbat.examples.NioSocket1-1: Executing
modbat.examples.NioSocket1-1: Executing transition
open => maybeconnected...
backtracking to open.
open => err
=> err (1)...
[FINE] java.nio.channels.NoConnectionPendingException generated
java.nio.channels.NoConnectionPendingException generated as
open => connected...
connected => connected
=> connected (1)...
connected => err...
[FINE] java.nio.channels.AlreadyConnectedException generated
java.nio.channels.AlreadyConnectedException generated as
connected => closed...
=> err (2)...
[FINE] java.nio.channels.NotYetConnectedException generated
java.nio.channels.NotYetConnectedException generated as
Executing transition maybeconnected
transition maybeconnected =>
maybeconnected => closed...
=> connected (2)...
maybeconnected => maybeconnected
=> maybeconnected (2)...
maybeconnected => err
[FINE] java.nio.channels.ConnectionPendingException generated
java.nio.channels.ConnectionPendingException generated as
maybeconnected => connected...
backtracking to maybeconnected.
=> maybeconnected (1)...
[INFO] 1) java.lang.NullPointerException
1) java.lang.NullPointerException at
java.lang.NullPointerException at join
[INFO] 0 transitions
0 transitions covered
transitions covered (0
covered (0 %
(0 % out
out of 1).
Test: (gear,3) (power,0)
(gear,3) (power,0) (power,1)
(power,0) (power,1) (gear,2)
(power,1) (gear,2) (gear,3)
Test: (gear,3) (power,1)
(gear,3) (power,1) (gear,2)
(power,1) (gear,2) (gear,1)
(gear,2) (gear,1) (power,0)
Test: (gear,2) (power,0)
(gear,2) (power,0) (gear,1)
(power,0) (gear,1) (gear,2)
(gear,1) (gear,2) (gear,1)
Test: (gear,2) (power,1)
(gear,2) (power,1) (gear,3)
(power,1) (gear,3) (gear,2)
(gear,3) (gear,2) (gear,1)
Test: (gear,4) (power,0)
(gear,4) (power,0) (gear,3)
(power,0) (gear,3) (gear,2)
(gear,3) (gear,2) (gear,3)
Test: (gear,4) (power,1)
(gear,4) (power,1) (gear,3)
(power,1) (gear,3) (gear,4)
(gear,3) (gear,4) (power,0)
(power,1) (gear,3) (power,0)
(gear,3) (power,0) (gear,4)
Test: (gear,1) (power,1)
(gear,1) (power,1) (power,0)
(power,1) (power,0) (gear,2)
(power,0) (gear,2) (power,1)
(gear,2) (power,1) (gear,1)
(power,1) (gear,1) (gear,2)
(gear,4) (power,0) (power,1)
(power,0) (power,1) (power,0)
(power,1) (power,0) (power,1)
(power,1) (power,0) (gear,4)
(gear,3) (power,1) (power,0)
(power,0) (gear,4) (power,1)
(power,0) (power,1) (gear,3)
[ERROR] at modbat.test.NextIfTest3.assert(NextIfTest3.scala)
[ERROR] at modbat.test.NextIfTest3$$anonfun$3.apply$mcV$sp(NextIfTest3.scala)
[ERROR] at modbat.test.NextIfTest3$$anonfun$3.apply(NextIfTest3.scala)
model instance modbat.test.MaybeNextIfTest-1...
[FINE] modbat.test.MaybeNextIfTest-1: Executing
modbat.test.MaybeNextIfTest-1: Executing transition
to state err.
err => err...
[ERROR] Primary model
Primary model must
model must not
must not be
not be of
be of type
of type Observer.
[ERROR] at modbat.examples.SimpleModel.assert(SimpleModel.scala)
[ERROR] at modbat.examples.SimpleModel$$anonfun$6.apply$mcV$sp(SimpleModel.scala)
[ERROR] at modbat.examples.SimpleModel$$anonfun$6.apply(SimpleModel.scala)
0 ok, 2
[INFO] 1) java.lang.IllegalArgumentException:
1) java.lang.IllegalArgumentException: requirement
requirement failed at
failed at fail
at transition modbat/test/SUTReq.scala:8
transition modbat/test/SUTReq.scala:8 require
at transition modbat/test/SUTReq.scala:10
transition modbat/test/SUTReq.scala:10 fail
[WARNING] NoPackage.scala:6: assert
[INFO] 5 tests
5 tests executed,
tests executed, 4
executed, 4 ok,
4 ok, 1
[INFO] 89a82931be29e65 
would be: 27fe2d950fc74b21
1 ok, 9
0 at check
402b73cd0066eaea 41530f4040856586 89a82931be29e65
41530f4040856586 89a82931be29e65 49a846e52b813972
89a82931be29e65 49a846e52b813972 27fe2d950fc74b21
49a846e52b813972 27fe2d950fc74b21 19b6aa1b14a29017
27fe2d950fc74b21 19b6aa1b14a29017 5ff50ec9279365d2
19b6aa1b14a29017 5ff50ec9279365d2 85780661bf76533
[INFO] 6 transitions
6 transitions covered
transitions covered (85
covered (85 %
(85 % out
tests executed, 9
executed, 9 ok,
9 ok, 1
[INFO] 486e122d1bcbade7 
[INFO] 0 tests
0 tests executed,
0 ok, 0
transitions covered (50
[INFO] modbat.test.ComplexLaunch5: 3
modbat.test.ComplexLaunch5: 3 states
[INFO] modbat.test.ComplexLaunch5: 4
modbat.test.ComplexLaunch5: 4 transitions
[INFO] modbat.test.Child5: 3
modbat.test.Child5: 3 states
modbat.test.Child5: 3 transitions
1  
2  
3  
[INFO] 30 tests
30 tests executed,
tests executed, 26
executed, 26 ok,
26 ok, 4
ok, 4 failed.
[INFO] 49a846e52b813972 486e122d1bcbade7
49a846e52b813972 486e122d1bcbade7 1690fa4e0c732f7d
486e122d1bcbade7 1690fa4e0c732f7d 636e772f0798297b
out of 6).
would be: 7073195f4478074f
845 5621447540498098 
tests executed, 15
executed, 15 ok,
15 ok, 5
ok, 5 failed.
[INFO] 1) Expected
1) Expected exception
Expected exception did
exception did not
did not occur
not occur at
occur at invariantCheck
[INFO] 5ff50ec9279365d2 a410ce32fc39dfb
5ff50ec9279365d2 a410ce32fc39dfb 745035c2b643033
a410ce32fc39dfb 745035c2b643033 8d32a08e0d0b1183
745035c2b643033 8d32a08e0d0b1183 5a92477004cf57fb
[ERROR] at modbat.test.MaybeNextIfTest2.assert(MaybeNextIfTest2.scala)
[ERROR] at modbat.test.MaybeNextIfTest2$$anonfun$5.apply$mcV$sp(MaybeNextIfTest2.scala)
[ERROR] at modbat.test.MaybeNextIfTest2$$anonfun$5.apply(MaybeNextIfTest2.scala)
= 0 occurred,
0 occurred, aborting.
[WARNING] modbat/test/InvariantCheck.scala:14: reset
modbat/test/InvariantCheck.scala:14: reset =>
reset => somestate;
=> somestate; choices
somestate; choices =
choices = (0.6395907)
[WARNING] modbat/test/InvariantCheck.scala:8: invariantCheck
one  
many  
model instance modbat.test.TickTockTest-1...
[FINE] modbat.test.TickTockTest-1: Executing
modbat.test.TickTockTest-1: Executing transition
model instance modbat.test.TickTockObserver-1...
[FINE] modbat.test.TickTockObserver-1: Executing
modbat.test.TickTockObserver-1: Executing transition
Executing transition tick
transition tick =>
tick => tock...
backtracking to tick.
[FINE] choose(1, 5)
choose(1, 5) =
5) = 4
Executing transition tock
transition tock =>
tock => tick...
5) = 1
5) = 3
model instance modbat.test.Redundancy-1...
[FINE] modbat.test.Redundancy-1: Executing
modbat.test.Redundancy-1: Executing transition
counting => counting
=> counting (2)...
=> counting (1)...
=> counting (3)...
[WARNING] modbat/test/InvCheck2.scala:14: reset
modbat/test/InvCheck2.scala:14: reset -->
reset --> state2;
--> state2; choices
state2; choices =
[WARNING] modbat/test/InvCheck2.scala:8: invariantCheck
failed at i
[INFO] modbat.test.ObserverHarness4: 3
modbat.test.ObserverHarness4: 3 states
[INFO] modbat.test.ObserverHarness4: 5
modbat.test.ObserverHarness4: 5 transitions
[INFO] modbat.test.TestObserver: 3
modbat.test.TestObserver: 3 states
modbat.test.TestObserver: 3 transitions
at transition modbat/test/TestObserver.scala:13:
transition modbat/test/TestObserver.scala:13: modbat.test.TestObserver-1
modbat/test/TestObserver.scala:13: modbat.test.TestObserver-1 println
tests executed, 972
executed, 972 ok,
972 ok, 28
ok, 28 failed.
402b73cd0066eaea 19b6aa1b14a29017 af39d7b440c7619
19b6aa1b14a29017 af39d7b440c7619 29f82abd2be12950
af39d7b440c7619 29f82abd2be12950 2b18082b1bd0dc96
29f82abd2be12950 2b18082b1bd0dc96 133202bc25957d90
2b18082b1bd0dc96 133202bc25957d90 88af43883571af0c
133202bc25957d90 88af43883571af0c 69bff9e70d82f564
88af43883571af0c 69bff9e70d82f564 1e722f5a2e3246cb
69bff9e70d82f564 1e722f5a2e3246cb 4a48affe2f9f1eec
1e722f5a2e3246cb 4a48affe2f9f1eec 72d25cc409059603
4a48affe2f9f1eec 72d25cc409059603 5e266594310b253e
72d25cc409059603 5e266594310b253e 2856c6312e4eff2a
5e266594310b253e 2856c6312e4eff2a 77a0fd973e5a7f16
2856c6312e4eff2a 77a0fd973e5a7f16 202770fe19b24c8c
77a0fd973e5a7f16 202770fe19b24c8c 426981ef1f5d935d
202770fe19b24c8c 426981ef1f5d935d 8f65c44a1e1e02d9
426981ef1f5d935d 8f65c44a1e1e02d9 6444c61118268f28
8f65c44a1e1e02d9 6444c61118268f28 26179a5519153bb7
6444c61118268f28 26179a5519153bb7 769392035d2b8fa
26179a5519153bb7 769392035d2b8fa 75100d3b0a0e085b
769392035d2b8fa 75100d3b0a0e085b 7f3d11840c56e036
75100d3b0a0e085b 7f3d11840c56e036 24573c050945117d
7f3d11840c56e036 24573c050945117d 48e6858622f077f5
24573c050945117d 48e6858622f077f5 6e1dc0fd3d52640f
48e6858622f077f5 6e1dc0fd3d52640f 88c05e902ee96a2a
6e1dc0fd3d52640f 88c05e902ee96a2a 6231d53e20af3a22
88c05e902ee96a2a 6231d53e20af3a22 1e7e66d92e12a205
[WARNING] All preconditions
All preconditions false
preconditions false at
false at transition
[WARNING] Maybe the
Maybe the preconditions
the preconditions are
preconditions are too
are too strict?
[INFO] 200 tests
200 tests executed,
tests executed, 200
executed, 200 ok,
200 ok, 0
[INFO] 18 transitions
18 transitions covered
out of 18).
would be: 21a48b131218e9b4
tests executed, 2
executed, 2 ok,
2 ok, 18
ok, 18 failed.
[INFO] 402b73cd0066eaea 41530f4040856586
41530f4040856586 89a82931be29e65 27fe2d950fc74b21
19b6aa1b14a29017 85780661bf76533 745035c2b643033
1e528010d3d2d54 5a92477004cf57fb 284ca782182a253f
5a92477004cf57fb 284ca782182a253f 8e80db4b43867a5a
284ca782182a253f 8e80db4b43867a5a 7bb4b043219b1ba6
[INFO] 3ba471c1785a0175 49a846e52b813972
3ba471c1785a0175 49a846e52b813972 a410ce32fc39dfb
49a846e52b813972 a410ce32fc39dfb 1690fa4e0c732f7d
a410ce32fc39dfb 1690fa4e0c732f7d 8d32a08e0d0b1183
1690fa4e0c732f7d 8d32a08e0d0b1183 5e7dfc9e0a3af5da
[INFO] 4 tests
4 tests executed,
tests executed, 3
executed, 3 ok,
3 ok, 1
would be: 49a846e52b813972
[WARNING] modbat/test/LoopTest.scala:9: assert
[WARNING] modbat/test/LoopTest.scala:11: assert
[INFO] 49a846e52b813972 
[WARNING] modbat/examples/CounterModel.scala:10: new
modbat/examples/CounterModel.scala:10: new Counter
[WARNING] modbat/examples/CounterModel.scala:13: toggleSwitch
[WARNING] modbat/examples/CounterModel.scala:16: inc
[WARNING] modbat/examples/CounterModel.scala:19: inc
[WARNING] modbat/examples/CounterModel.scala:25: assert
at transition modbat/test/RequireMaybeTest2.scala:17
transition modbat/test/RequireMaybeTest2.scala:17 maybeTest
model instance modbat.test.LoopTest2-1...
[FINE] modbat.test.LoopTest2-1: Executing
modbat.test.LoopTest2-1: Executing transition
ok => ok2...
1 (model modbat.test.LoopTest2-1,
(model modbat.test.LoopTest2-1, state
modbat.test.LoopTest2-1, state ok2),
state ok2), filtering
ok2), filtering transition
filtering transition ok2
transition ok2 =>
ok2 => ok2.
[ERROR] at modbat.test.WeightedTestWFrac.assert(WeightedTestWFrac.scala)
[ERROR] at modbat.test.WeightedTestWFrac$$anonfun$1.apply$mcV$sp(WeightedTestWFrac.scala)
[ERROR] at modbat.test.WeightedTestWFrac$$anonfun$1.apply(WeightedTestWFrac.scala)
Executing transition ok2
ok2 => ok2...
at transition modbat/test/ThrowTest.scala:17
transition modbat/test/ThrowTest.scala:17 dangerous
ok  
err2  
0 ok, 20
ok, 20 failed.
5ff50ec9279365d2 85780661bf76533 486e122d1bcbade7
85780661bf76533 486e122d1bcbade7 a410ce32fc39dfb
486e122d1bcbade7 a410ce32fc39dfb 745035c2b643033
a410ce32fc39dfb 745035c2b643033 1e528010d3d2d54
745035c2b643033 1e528010d3d2d54 1690fa4e0c732f7d
1e528010d3d2d54 1690fa4e0c732f7d 8d32a08e0d0b1183
1690fa4e0c732f7d 8d32a08e0d0b1183 5a92477004cf57fb
5a92477004cf57fb 284ca782182a253f 5e7dfc9e0a3af5da
284ca782182a253f 5e7dfc9e0a3af5da 8e80db4b43867a5a
5e7dfc9e0a3af5da 8e80db4b43867a5a 7bb4b043219b1ba6
[INFO] modbat.test.ObserverHarness: 3
modbat.test.ObserverHarness: 3 states
modbat.test.ObserverHarness: 3 transitions
2 ok, 1
n = 2
2 at assert
[INFO] 41530f4040856586 
[WARNING] modbat/test/MaybeNextIfTest.scala:8: println;
modbat/test/MaybeNextIfTest.scala:8: println; choices
println; choices =
choices = (0.23796444)
[WARNING] modbat/test/MaybeNextIfTest.scala:11: assert
choices = (0.89374465)
choices = (0.47383475)
choices = (0.052770555)
[ERROR] at modbat.test.InvCheck3_1.assert(InvCheck3_1.scala)
[ERROR] at modbat.test.InvCheck3_1.check(InvCheck3_1.scala)
[ERROR] at sun.reflect.NativeMethodAccessorImpl.invoke0(Native
at sun.reflect.NativeMethodAccessorImpl.invoke0(Native Method)
[ERROR] at sun.reflect.NativeMethodAccessorImpl.invoke(NativeMethodAccessorImpl.java)
[ERROR] at sun.reflect.DelegatingMethodAccessorImpl.invoke(DelegatingMethodAccessorImpl.java)
[ERROR] at java.lang.reflect.Method.invoke(Method.java)
[ERROR] at sun.reflect.GeneratedMethodAccessor1.invoke(Unknown
at sun.reflect.GeneratedMethodAccessor1.invoke(Unknown Source)
[WARNING] modbat/test/MaybeNextIfTest5.scala:8: println;
modbat/test/MaybeNextIfTest5.scala:8: println; choices
[WARNING] modbat/test/MaybeNextIfTest5.scala:12: assert
choices = (0.4793791)
[WARNING] modbat/test/LoopTest2.scala:9: skip
[WARNING] modbat/test/LoopTest2.scala:10: assert
[WARNING] modbat/test/LoopTest2.scala:12: assert
[WARNING] modbat/test/ObserverHarness4.scala:8: modbat.test.ObserverHarness4-1:
modbat/test/ObserverHarness4.scala:8: modbat.test.ObserverHarness4-1: launch
[WARNING] modbat/test/ObserverHarness4.scala:10: modbat.test.ObserverHarness4-1:
modbat/test/ObserverHarness4.scala:10: modbat.test.ObserverHarness4-1: skip
[WARNING] modbat/test/ObserverHarness4.scala:12: modbat.test.ObserverHarness4-1:
modbat/test/ObserverHarness4.scala:12: modbat.test.ObserverHarness4-1: i
[WARNING] modbat/test/ObserverHarness4.scala:15: modbat.test.ObserverHarness4-1:
modbat/test/ObserverHarness4.scala:15: modbat.test.ObserverHarness4-1: i
[WARNING] modbat/test/ComplexLaunch2.scala:17: modbat.test.ComplexLaunch2-1:
modbat/test/ComplexLaunch2.scala:17: modbat.test.ComplexLaunch2-1: skip
[WARNING] modbat/test/ComplexLaunch2.scala:22: modbat.test.ComplexLaunch2-1:
modbat/test/ComplexLaunch2.scala:22: modbat.test.ComplexLaunch2-1: launch
[WARNING] modbat/test/ComplexLaunch2.scala:27: modbat.test.ComplexLaunch2-1:
modbat/test/ComplexLaunch2.scala:27: modbat.test.ComplexLaunch2-1: assert
[WARNING] modbat/test/ComplexLaunch2.scala:17: modbat.test.ComplexLaunch2-2:
modbat/test/ComplexLaunch2.scala:17: modbat.test.ComplexLaunch2-2: skip
[WARNING] modbat/test/ComplexLaunch2.scala:27: modbat.test.ComplexLaunch2-2:
modbat/test/ComplexLaunch2.scala:27: modbat.test.ComplexLaunch2-2: assert
[WARNING] modbat/test/ComplexLaunch2.scala:17: modbat.test.ComplexLaunch2-3:
modbat/test/ComplexLaunch2.scala:17: modbat.test.ComplexLaunch2-3: skip
[WARNING] modbat/test/ComplexLaunch2.scala:27: modbat.test.ComplexLaunch2-3:
modbat/test/ComplexLaunch2.scala:27: modbat.test.ComplexLaunch2-3: assert
[WARNING] modbat/test/ComplexLaunch2.scala:17: modbat.test.ComplexLaunch2-4:
modbat/test/ComplexLaunch2.scala:17: modbat.test.ComplexLaunch2-4: skip
[WARNING] modbat/test/ComplexLaunch2.scala:22: modbat.test.ComplexLaunch2-4:
modbat/test/ComplexLaunch2.scala:22: modbat.test.ComplexLaunch2-4: launch
[WARNING] modbat/test/ComplexLaunch2.scala:18: modbat.test.ComplexLaunch2-4:
modbat/test/ComplexLaunch2.scala:18: modbat.test.ComplexLaunch2-4: launch
[WARNING] modbat/test/Child2.scala:9: modbat.test.Child2-2:
modbat/test/Child2.scala:9: modbat.test.Child2-2: skip
[WARNING] modbat/test/Child2.scala:9: modbat.test.Child2-1:
modbat/test/Child2.scala:9: modbat.test.Child2-1: skip
[WARNING] modbat/test/Child2.scala:14: modbat.test.Child2-2:
modbat/test/Child2.scala:14: modbat.test.Child2-2: assert
[WARNING] modbat/test/Child2.scala:14: modbat.test.Child2-1:
modbat/test/Child2.scala:14: modbat.test.Child2-1: assert
[WARNING] modbat/test/ComplexLaunch2.scala:17: modbat.test.ComplexLaunch2-5:
modbat/test/ComplexLaunch2.scala:17: modbat.test.ComplexLaunch2-5: skip
[WARNING] modbat/test/ComplexLaunch2.scala:27: modbat.test.ComplexLaunch2-4:
modbat/test/ComplexLaunch2.scala:27: modbat.test.ComplexLaunch2-4: assert
[WARNING] modbat/test/ComplexLaunch2.scala:18: modbat.test.ComplexLaunch2-5:
modbat/test/ComplexLaunch2.scala:18: modbat.test.ComplexLaunch2-5: launch
[WARNING] modbat/test/ComplexLaunch2.scala:22: modbat.test.ComplexLaunch2-5:
modbat/test/ComplexLaunch2.scala:22: modbat.test.ComplexLaunch2-5: launch
[WARNING] modbat/test/ComplexLaunch2.scala:17: modbat.test.ComplexLaunch2-6:
modbat/test/ComplexLaunch2.scala:17: modbat.test.ComplexLaunch2-6: skip
[WARNING] modbat/test/ComplexLaunch2.scala:22: modbat.test.ComplexLaunch2-6:
modbat/test/ComplexLaunch2.scala:22: modbat.test.ComplexLaunch2-6: launch
[WARNING] modbat/test/ComplexLaunch2.scala:17: modbat.test.ComplexLaunch2-7:
modbat/test/ComplexLaunch2.scala:17: modbat.test.ComplexLaunch2-7: skip
[WARNING] modbat/test/ComplexLaunch2.scala:27: modbat.test.ComplexLaunch2-7:
modbat/test/ComplexLaunch2.scala:27: modbat.test.ComplexLaunch2-7: assert
[WARNING] modbat/test/ComplexLaunch2.scala:18: modbat.test.ComplexLaunch2-6:
modbat/test/ComplexLaunch2.scala:18: modbat.test.ComplexLaunch2-6: launch
[WARNING] modbat/test/Child2.scala:9: modbat.test.Child2-4:
modbat/test/Child2.scala:9: modbat.test.Child2-4: skip
[WARNING] modbat/test/Child2.scala:11: modbat.test.Child2-4:
modbat/test/Child2.scala:11: modbat.test.Child2-4: id
[WARNING] modbat/test/ComplexLaunch2.scala:17: modbat.test.ComplexLaunch2-10:
modbat/test/ComplexLaunch2.scala:17: modbat.test.ComplexLaunch2-10: skip
[WARNING] modbat/test/ComplexLaunch2.scala:18: modbat.test.ComplexLaunch2-10:
modbat/test/ComplexLaunch2.scala:18: modbat.test.ComplexLaunch2-10: launch
[WARNING] modbat/test/Child2.scala:9: modbat.test.Child2-3:
modbat/test/Child2.scala:9: modbat.test.Child2-3: skip
[WARNING] modbat/test/ComplexLaunch2.scala:27: modbat.test.ComplexLaunch2-6:
modbat/test/ComplexLaunch2.scala:27: modbat.test.ComplexLaunch2-6: assert
[INFO] modbat.test.Immediate: 1
modbat.test.Immediate: 1 states
modbat.test.Immediate: 1 transitions
[INFO] modbat.test.Catches: 2
modbat.test.Catches: 2 states
modbat.test.Catches: 2 transitions
[WARNING] modbat/test/ExcTest6.scala:7: new
modbat/test/ExcTest6.scala:7: new Exception
[WARNING] modbat/test/ExcTest6.scala:13: assert
starting at "b"
at "b" are
"b" are not
model instance modbat.test.LoopTestWithLaunch-1...
[FINE] modbat.test.LoopTestWithLaunch-1: Executing
modbat.test.LoopTestWithLaunch-1: Executing transition
ok => ok
=> ok (2)...
model instance modbat.test.LoopTestWithLaunch-2...
[FINE] modbat.test.LoopTestWithLaunch-2: Executing
modbat.test.LoopTestWithLaunch-2: Executing transition
model instance modbat.test.LoopTestWithLaunch-3...
=> ok (1)...
model instance modbat.test.LoopTestWithLaunch-4...
3 (model modbat.test.LoopTestWithLaunch-1,
(model modbat.test.LoopTestWithLaunch-1, state
modbat.test.LoopTestWithLaunch-1, state ok),
=> ok (1).
=> ok (2).
[FINE] modbat.test.LoopTestWithLaunch-3: Executing
modbat.test.LoopTestWithLaunch-3: Executing transition
[ERROR] at modbat.test.ExcTest3.assert(ExcTest3.scala)
[ERROR] at modbat.test.ExcTest3$$anonfun$2.apply$mcV$sp(ExcTest3.scala)
[ERROR] at modbat.test.ExcTest3$$anonfun$2.apply(ExcTest3.scala)
[WARNING] modbat/test/ExcTest5.scala:8: mcZ
[WARNING] modbat/test/ExcTest5.scala:12: assert
[WARNING] modbat/test/ExcTestA4.scala:7: new
modbat/test/ExcTestA4.scala:7: new IOException
[WARNING] modbat/test/ExcTestA4.scala:12: assert
transitions covered (33
covered (33 %
(33 % out
[ERROR] at modbat.test.InvCheck4.assert(InvCheck4.scala)
[ERROR] at modbat.test.InvCheck4.check(InvCheck4.scala)
model instance modbat.test.ObserverHarness7-1...
[FINE] modbat.test.ObserverHarness7-1: Executing
modbat.test.ObserverHarness7-1: Executing transition
model instance modbat.test.ConcurrentObserver-1...
[FINE] modbat.test.ConcurrentObserver-1: Executing
modbat.test.ConcurrentObserver-1: Executing transition
[DEBUG] Adding build/modbat-examples.jar
Adding build/modbat-examples.jar to
build/modbat-examples.jar to classpath.
[DEBUG] modbat.examples.JavaNioServerSocket-1: Registered
modbat.examples.JavaNioServerSocket-1: Registered state
transition from reset
from reset to
reset to open
transition from open
from open to
open to open
open to bound
transition from bound
from bound to
bound to bound
open to err
bound to connected
bound to accepting
transition from accepting
from accepting to
accepting to accepting
transition from connected
from connected to
connected to connected
connected to bound
accepting to bound
open to closed
bound to closed
accepting to closed
transition from closed
from closed to
closed to closed
closed to err
accepting to connected
[DEBUG] Function "accept"
Function "accept" called
"accept" called inside
called inside closure
inside closure (such
closure (such as
(such as "maybe").
[ERROR] at modbat.test.Choices.assert(Choices.scala)
[ERROR] at modbat.test.Choices$$anonfun$1.apply$mcV$sp(Choices.scala)
[ERROR] at modbat.test.Choices$$anonfun$1.apply(Choices.scala)
[WARNING] modbat/test/ExcTestA5.scala:7: new
modbat/test/ExcTestA5.scala:7: new Exception
[WARNING] modbat/test/ExcTestA5.scala:16: assert
[WARNING] modbat/test/ExcTest4.scala:7: nonDetCall
[WARNING] modbat/test/ExcTest4.scala:15: assert
[WARNING] modbat/test/GenLabel.scala:13: dec
[WARNING] modbat/test/GenLabel.scala:12: inc
[INFO] modbat.test.ComplexLaunch2: 3
modbat.test.ComplexLaunch2: 3 states
[INFO] modbat.test.ComplexLaunch2: 4
modbat.test.ComplexLaunch2: 4 transitions
[INFO] modbat.test.Child2: 3
modbat.test.Child2: 3 states
modbat.test.Child2: 3 transitions
[WARNING] modbat/test/ExcTest2.scala:8: nonDetCall
[WARNING] modbat/test/ExcTest2.scala:11: assert
[ERROR] at modbat.test.InvCheck3.assert(InvCheck3.scala)
[ERROR] at modbat.test.InvCheck3.check(InvCheck3.scala)
4  
tick  
tock  
[INFO] 2e78dcb10b272e5 
transitions covered (40
covered (40 %
(40 % out
would be: 4ffc5b2a1f8e9642
[WARNING] modbat/test/ExcTestA3.scala:8: nonDetCall
[WARNING] modbat/test/ExcTestA3.scala:11: assert
tests executed, 5
executed, 5 ok,
5 ok, 0
model instance modbat.test.ComplexLaunch6-1...
[FINE] modbat.test.ComplexLaunch6-1: Executing
modbat.test.ComplexLaunch6-1: Executing transition
model instance modbat.test.ComplexLaunch6-2...
model instance modbat.test.ComplexLaunch6-3...
model instance modbat.test.ComplexLaunch6-4...
[FINE] modbat.test.ComplexLaunch6-2: Executing
modbat.test.ComplexLaunch6-2: Executing transition
[FINE] modbat.test.ComplexLaunch6-3: Executing
modbat.test.ComplexLaunch6-3: Executing transition
[FINE] modbat.test.ComplexLaunch6-4: Executing
modbat.test.ComplexLaunch6-4: Executing transition
model instance modbat.test.ComplexLaunch6-5...
model instance modbat.test.Child6-1...
model instance modbat.test.Child6-2...
[FINE] modbat.test.Child6-2: Executing
modbat.test.Child6-2: Executing transition
[FINE] modbat.test.Child6-1: Executing
modbat.test.Child6-1: Executing transition
[FINE] modbat.test.ComplexLaunch6-5: Executing
modbat.test.ComplexLaunch6-5: Executing transition
model instance modbat.test.Child6-3...
model instance modbat.test.ComplexLaunch6-6...
[FINE] modbat.test.ComplexLaunch6-6: Executing
modbat.test.ComplexLaunch6-6: Executing transition
model instance modbat.test.ComplexLaunch6-7...
[FINE] modbat.test.ComplexLaunch6-7: Executing
modbat.test.ComplexLaunch6-7: Executing transition
model instance modbat.test.ComplexLaunch6-8...
model instance modbat.test.ComplexLaunch6-9...
model instance modbat.test.Child6-4...
[FINE] modbat.test.Child6-4: Executing
modbat.test.Child6-4: Executing transition
model instance modbat.test.ComplexLaunch6-10...
model instance modbat.test.ComplexLaunch6-11...
[FINE] modbat.test.ComplexLaunch6-10: Executing
modbat.test.ComplexLaunch6-10: Executing transition
model instance modbat.test.Child6-5...
model instance modbat.test.ComplexLaunch6-12...
model instance modbat.test.Child6-6...
[FINE] modbat.test.Child6-3: Executing
modbat.test.Child6-3: Executing transition
[WARNING] java.lang.NullPointerException occurred,
java.lang.NullPointerException occurred, aborting.
[WARNING] modbat/test/JoinNull.scala:7: join
[WARNING] modbat.dsl.JoinWithoutLaunchException occurred,
modbat.dsl.JoinWithoutLaunchException occurred, aborting.
[WARNING] modbat/test/ForkJoin2.scala:7: join
[WARNING] java.net.ConnectException: Connection
Connection refused occurred,
refused occurred, aborting.
[WARNING] modbat/examples/NioSocket1.scala:84: connect
[ERROR] at modbat.test.Redundancy.assert(Redundancy.scala)
[ERROR] at modbat.test.Redundancy$$anonfun$5.apply$mcV$sp(Redundancy.scala)
[ERROR] at modbat.test.Redundancy$$anonfun$5.apply(Redundancy.scala)
tests executed, 43
executed, 43 ok,
43 ok, 7
ok, 7 failed.
[INFO] 5ff50ec9279365d2 1e528010d3d2d54
5ff50ec9279365d2 1e528010d3d2d54 8d32a08e0d0b1183
1e528010d3d2d54 8d32a08e0d0b1183 8102b494089e6116
8d32a08e0d0b1183 8102b494089e6116 46e3ffb302d6b70f
8102b494089e6116 46e3ffb302d6b70f 7c984b5d1a209c21
46e3ffb302d6b70f 7c984b5d1a209c21 2a83b5bd2ae1ea70
[INFO] modbat.test.ComplexLaunch: 3
modbat.test.ComplexLaunch: 3 states
modbat.test.ComplexLaunch: 3 transitions
[INFO] modbat.test.Child: 3
modbat.test.Child: 3 states
modbat.test.Child: 3 transitions
[ERROR] Value 0
Value 0 for
0 for option
for option s
option s must
s must be
must be at
be at least
at least 1.
[WARNING] modbat/test/ExcTest3.scala:7: nonDetCall
[WARNING] modbat/test/ExcTest3.scala:15: assert
[INFO] modbat.test.ObserverHarness3: 3
modbat.test.ObserverHarness3: 3 states
[INFO] modbat.test.ObserverHarness3: 4
modbat.test.ObserverHarness3: 4 transitions
[INFO] modbat.test.TestObserver2: 3
modbat.test.TestObserver2: 3 states
modbat.test.TestObserver2: 3 transitions
[ERROR] at modbat.test.TestObserver6.assert(TestObserver6.scala)
[ERROR] at modbat.test.TestObserver6$$anonfun$3.apply$mcV$sp(TestObserver6.scala)
[ERROR] at modbat.test.TestObserver6$$anonfun$3.apply(TestObserver6.scala)
model instance modbat.test.MaybeNextIfTest5-1...
[FINE] modbat.test.MaybeNextIfTest5-1: Executing
modbat.test.MaybeNextIfTest5-1: Executing transition
ok => err1...
Executing transition err1
transition err1 =>
err1 => err1...
[ERROR] at modbat.test.MaybeNextIfTest5.assert(MaybeNextIfTest5.scala)
[ERROR] at modbat.test.MaybeNextIfTest5$$anonfun$3.apply$mcV$sp(MaybeNextIfTest5.scala)
[ERROR] at modbat.test.MaybeNextIfTest5$$anonfun$3.apply(MaybeNextIfTest5.scala)
mkdir "0/1/4" at
"0/1/4" at launch
= 10 at
10 at assert
tests executed, 48
executed, 48 ok,
48 ok, 2
[WARNING] modbat/test/Redundancy.scala:10: switch
modbat/test/Redundancy.scala:10: switch =
switch = ...
[WARNING] modbat/test/Redundancy.scala:17: skip
[WARNING] modbat/test/Redundancy.scala:24: assert
[ERROR] scala modbat.jar
scala modbat.jar vx.yz
[ERROR] Model class
Model class argument
class argument missing.
argument missing. Try
missing. Try --help.
model instance modbat.test.SubModel-1...
[FINE] modbat.test.SubModel-1: Executing
modbat.test.SubModel-1: Executing transition
init => err...
[ERROR] at modbat.examples.CounterModel2.assert(CounterModel2.scala)
[ERROR] at modbat.examples.CounterModel2$$anonfun$6.apply$mcV$sp(CounterModel2.scala)
[ERROR] at modbat.examples.CounterModel2$$anonfun$6.apply(CounterModel2.scala)
failed at println
[INFO] 88af43883571af0c 
[INFO] 4 transitions
would be: 2618bb7730143131
[INFO] modbat.test.TickTockTest: 3
modbat.test.TickTockTest: 3 states
modbat.test.TickTockTest: 3 transitions
[INFO] modbat.test.TickTockObserver: 2
modbat.test.TickTockObserver: 2 states
modbat.test.TickTockObserver: 2 transitions
at transition modbat/test/TickTockObserver.scala:13:
transition modbat/test/TickTockObserver.scala:13: modbat.test.TickTockObserver-1
modbat/test/TickTockObserver.scala:13: modbat.test.TickTockObserver-1 i
5 ok, 5
[INFO] 3ba471c1785a0175 41530f4040856586
3ba471c1785a0175 41530f4040856586 49a846e52b813972
41530f4040856586 49a846e52b813972 19b6aa1b14a29017
49a846e52b813972 19b6aa1b14a29017 85780661bf76533
[ERROR] at modbat.test.NextIfTest5.assert(NextIfTest5.scala)
[ERROR] at modbat.test.NextIfTest5$$anonfun$4.apply$mcV$sp(NextIfTest5.scala)
[ERROR] at modbat.test.NextIfTest5$$anonfun$4.apply(NextIfTest5.scala)
[WARNING] modbat/test/MaybeElseTest2.scala:11: println;
modbat/test/MaybeElseTest2.scala:11: println; choices
0 ok, 5
failed at dec
[WARNING] modbat/test/ObserverHarness6.scala:8: modbat.test.ObserverHarness6-1:
modbat/test/ObserverHarness6.scala:8: modbat.test.ObserverHarness6-1: launch
[WARNING] modbat/test/ObserverHarness6.scala:11: modbat.test.ObserverHarness6-1:
modbat/test/ObserverHarness6.scala:11: modbat.test.ObserverHarness6-1: i
[WARNING] modbat/test/TestObserver6.scala:9: modbat.test.TestObserver6-1:
modbat/test/TestObserver6.scala:9: modbat.test.TestObserver6-1: println
[WARNING] modbat/test/TestObserver6.scala:14: modbat.test.TestObserver6-1:
modbat/test/TestObserver6.scala:14: modbat.test.TestObserver6-1: println
[WARNING] modbat/test/TestObserver6.scala:19: modbat.test.TestObserver6-1:
modbat/test/TestObserver6.scala:19: modbat.test.TestObserver6-1: assert
model instance modbat.test.ObserverHarness4-1...
[FINE] modbat.test.ObserverHarness4-1: Executing
modbat.test.ObserverHarness4-1: Executing transition
model instance modbat.test.TestObserver-2...
[FINE] modbat.test.TestObserver-2: Executing
modbat.test.TestObserver-2: Executing transition
model instance modbat.test.TestObserver-3...
[FINE] modbat.test.TestObserver-3: Executing
modbat.test.TestObserver-3: Executing transition
model instance modbat.test.TestObserver-4...
[FINE] modbat.test.TestObserver-4: Executing
modbat.test.TestObserver-4: Executing transition
model instance modbat.test.TestObserver-5...
[FINE] modbat.test.TestObserver-5: Executing
modbat.test.TestObserver-5: Executing transition
model instance modbat.test.TestObserver-6...
[FINE] modbat.test.TestObserver-6: Executing
modbat.test.TestObserver-6: Executing transition
[WARNING] Duplicate transition
Duplicate transition label
transition label "inc1".
[WARNING] modbat/examples/CounterModel2.scala:10: new
modbat/examples/CounterModel2.scala:10: new Counter
[WARNING] modbat/examples/CounterModel2.scala:13: toggle
[WARNING] modbat/examples/CounterModel2.scala:16: inc1
[WARNING] modbat/examples/CounterModel2.scala:19: inc1
[WARNING] modbat/examples/CounterModel2.scala:25: assert
[ERROR] at modbat.test.ExcTestA5.assert(ExcTestA5.scala)
[ERROR] at modbat.test.ExcTestA5$$anonfun$2.apply$mcV$sp(ExcTestA5.scala)
[ERROR] at modbat.test.ExcTestA5$$anonfun$2.apply(ExcTestA5.scala)
states covered (60
covered (60 %
(60 % out
[WARNING] modbat/test/AnyFuncTest.scala:13: setTo3;
modbat/test/AnyFuncTest.scala:13: setTo3; choices
setTo3; choices =
choices = (setTo2:
= (setTo2: line
(setTo2: line 15)
choices = (setTo1:
= (setTo1: line
(setTo1: line 14)
[WARNING] modbat/test/AnyFuncTest.scala:20: assert
start  
end  
init  
before  
after  
child:before  
child:after  
shutdown  
[WARNING] Expected exception
did not occur,
not occur, aborting.
[WARNING] modbat/test/InvCheck5.scala:17: reset
modbat/test/InvCheck5.scala:17: reset =>
[WARNING] modbat/test/InvCheck5.scala:20: somestate
modbat/test/InvCheck5.scala:20: somestate =>
somestate => state2;
=> state2; choices
[WARNING] modbat/test/InvCheck5.scala:11: invariantCheck
choices = (0.35623378)
choices = (0.053496104)
choices = (0.24076776)
[ERROR] at NoPackage.assert(NoPackage.scala)
[ERROR] at NoPackage$$anonfun$1.apply$mcV$sp(NoPackage.scala)
[ERROR] at NoPackage$$anonfun$1.apply(NoPackage.scala)
at transition modbat/test/PrecondOffline.scala:8
transition modbat/test/PrecondOffline.scala:8 require
[INFO] 15 transitions
15 transitions covered
transitions covered (88
covered (88 %
(88 % out
at transition modbat/examples/JavaNioServerSocket.scala:92
transition modbat/examples/JavaNioServerSocket.scala:92 startClient
[WARNING] modbat/test/NextIfTest.scala:7: ok
modbat/test/NextIfTest.scala:7: ok -->
ok --> err
[WARNING] modbat/test/NextIfTest.scala:9: assert
model instance modbat.test.GetState-1...
[FINE] modbat.test.GetState-1: Executing
modbat.test.GetState-1: Executing transition
reset => err...
to state state1.
Executing transition state1
transition state1 =>
state1 => state1...
state1 => state2...
Executing transition state2
transition state2 =>
state2 => end...
state2 => state2...
[INFO] 8 transitions
8 transitions covered
transitions covered (44
covered (44 %
(44 % out
at transition modbat/examples/JavaNioServerSocket3.scala:96
transition modbat/examples/JavaNioServerSocket3.scala:96 accept
at transition modbat/examples/JavaNioServerSocket3.scala:101
transition modbat/examples/JavaNioServerSocket3.scala:101 startClient
at transition modbat/examples/JavaNioServerSocket3.scala:124
transition modbat/examples/JavaNioServerSocket3.scala:124 readFrom
would be: 5fb3e24522e71278
[ERROR] at modbat.test.Shortcut.assert(Shortcut.scala)
[ERROR] at modbat.test.Shortcut$$anonfun$5.apply$mcV$sp(Shortcut.scala)
[ERROR] at modbat.test.Shortcut$$anonfun$5.apply(Shortcut.scala)
model instance modbat.test.SUTReq-1...
[FINE] modbat.test.SUTReq-1: Executing
modbat.test.SUTReq-1: Executing transition
backtracking to ok.
tests executed, 199
executed, 199 ok,
199 ok, 1
[INFO] 8a4a8b323494e5a2 
model instance modbat.test.JoinNull-1...
[FINE] modbat.test.JoinNull-1: Executing
modbat.test.JoinNull-1: Executing transition
init => end...
1) java.lang.IllegalArgumentException: not
java.lang.IllegalArgumentException: not from
not from failed
from failed require
failed require at
require at illArg
at transition modbat/test/IllArgTest.scala:11
transition modbat/test/IllArgTest.scala:11 illArg
companion-before  
companion-after  
child-companion:before  
child 1:before 
child 2:before 
child 3:before 
child 2:after 
child 3:after 
child 1:after 
child-companion:after  
[WARNING] modbat/test/MaybeNextIfTest4.scala:8: println;
modbat/test/MaybeNextIfTest4.scala:8: println; choices
[WARNING] modbat/test/MaybeNextIfTest4.scala:16: assert
[WARNING] modbat/test/MaybeNextIfTest4.scala:12: assert
[ERROR] at modbat.test.InvariantCheck.assert(InvariantCheck.scala)
[ERROR] at modbat.test.InvariantCheck.invariantCheck(InvariantCheck.scala)
[WARNING] modbat/test/CrashSoon.scala:13: assert
model instance modbat.test.GetState2-1...
[FINE] modbat.test.GetState2-1: Executing
modbat.test.GetState2-1: Executing transition
model instance modbat.test.InvCheck4-1...
[FINE] modbat.test.InvCheck4-1: Executing
modbat.test.InvCheck4-1: Executing transition
reset => end...
Executing transition end
transition end =>
end => end...
reset => somestate...
Executing transition somestate
transition somestate =>
somestate => state2...
of loop 2
loop 2 (model
2 (model modbat.test.InvCheck4-1,
(model modbat.test.InvCheck4-1, state
modbat.test.InvCheck4-1, state state2),
state state2), filtering
state2), filtering transition
filtering transition state2
state2 => state2.
modbat.test.InvCheck4-1, state end),
state end), filtering
end), filtering transition
filtering transition end
end => end.
[ERROR] at modbat.test.GenLabel2.assert(GenLabel2.scala)
[ERROR] at modbat.test.GenLabel2.dec(GenLabel2.scala)
[ERROR] at modbat.test.GenLabel2$$anonfun$2.apply$mcV$sp(GenLabel2.scala)
[ERROR] at modbat.test.GenLabel2$$anonfun$2.apply(GenLabel2.scala)
Model class does
class does not
does not extend
not extend Model.
[ERROR] Check if
Check if the
if the right
the right class
right class was
class was specified.
[WARNING] modbat/test/ChooseBool.scala:7: assert;
modbat/test/ChooseBool.scala:7: assert; choices
assert; choices =
choices = (1)
at transition modbat/test/RequireMaybeTest.scala:7
transition modbat/test/RequireMaybeTest.scala:7 assert
model instance modbat.test.ComplexLaunch5-1...
[FINE] modbat.test.ComplexLaunch5-1: Executing
modbat.test.ComplexLaunch5-1: Executing transition
model instance modbat.test.ComplexLaunch5-2...
model instance modbat.test.ComplexLaunch5-3...
model instance modbat.test.ComplexLaunch5-4...
[FINE] modbat.test.ComplexLaunch5-2: Executing
modbat.test.ComplexLaunch5-2: Executing transition
[FINE] modbat.test.ComplexLaunch5-3: Executing
modbat.test.ComplexLaunch5-3: Executing transition
[FINE] modbat.test.ComplexLaunch5-4: Executing
modbat.test.ComplexLaunch5-4: Executing transition
model instance modbat.test.ComplexLaunch5-5...
model instance modbat.test.Child5-1...
model instance modbat.test.Child5-2...
[FINE] modbat.test.Child5-2: Executing
modbat.test.Child5-2: Executing transition
[FINE] modbat.test.Child5-1: Executing
modbat.test.Child5-1: Executing transition
[FINE] modbat.test.ComplexLaunch5-5: Executing
modbat.test.ComplexLaunch5-5: Executing transition
model instance modbat.test.Child5-3...
model instance modbat.test.ComplexLaunch5-6...
[FINE] modbat.test.ComplexLaunch5-6: Executing
modbat.test.ComplexLaunch5-6: Executing transition
model instance modbat.test.ComplexLaunch5-7...
[FINE] modbat.test.ComplexLaunch5-7: Executing
modbat.test.ComplexLaunch5-7: Executing transition
model instance modbat.test.ComplexLaunch5-8...
model instance modbat.test.ComplexLaunch5-9...
model instance modbat.test.Child5-4...
[FINE] modbat.test.Child5-4: Executing
modbat.test.Child5-4: Executing transition
model instance modbat.test.ComplexLaunch5-10...
model instance modbat.test.ComplexLaunch5-11...
[FINE] modbat.test.ComplexLaunch5-10: Executing
modbat.test.ComplexLaunch5-10: Executing transition
model instance modbat.test.Child5-5...
model instance modbat.test.ComplexLaunch5-12...
model instance modbat.test.Child5-6...
[FINE] modbat.test.Child5-3: Executing
modbat.test.Child5-3: Executing transition
model instance modbat.examples.SimpleModel-1...
[FINE] modbat.examples.SimpleModel-1: Executing
modbat.examples.SimpleModel-1: Executing transition
reset => zero...
zero => two...
Executing transition two
transition two =>
two => end...
one => two...
zero => zero...
[ERROR] at modbat.test.PrecondOffline.assert(PrecondOffline.scala)
[ERROR] at modbat.test.PrecondOffline$$anonfun$2.apply$mcV$sp(PrecondOffline.scala)
[ERROR] at modbat.test.PrecondOffline$$anonfun$2.apply(PrecondOffline.scala)
[ERROR] at modbat.test.SimpleFileModel.assert(SimpleFileModel.scala)
[ERROR] at modbat.test.SimpleFileModel$$anonfun$6.apply(SimpleFileModel.scala)
choices = (0.4016795)
choices = (0.35352132)
model instance modbat.test.ExcTestA5-1...
[FINE] modbat.test.ExcTestA5-1: Executing
modbat.test.ExcTestA5-1: Executing transition
[FINE] java.io.IOException: Online...
java.io.IOException: Online... leads
Online... leads to
exception state err1.
[WARNING] modbat/test/GenLabel3.scala:10: dec
[WARNING] modbat/test/GenLabel3.scala:12: skip
[WARNING] modbat/test/GenLabel3.scala:8: inc
model instance modbat.test.MaybeNextIfTest2-1...
[FINE] modbat.test.MaybeNextIfTest2-1: Executing
modbat.test.MaybeNextIfTest2-1: Executing transition
state predicate #2
predicate #2 holds,
#2 holds, go
to state err2.
Executing transition err2
transition err2 =>
err2 => err2...
[ERROR] at modbat.test.ComplexLaunch6.assert(ComplexLaunch6.scala)
[ERROR] at modbat.test.ComplexLaunch6$$anonfun$2.apply$mcV$sp(ComplexLaunch6.scala)
[ERROR] at modbat.test.ComplexLaunch6$$anonfun$2.apply(ComplexLaunch6.scala)
[ERROR] at modbat.test.MaybeNextIfTest4.assert(MaybeNextIfTest4.scala)
[ERROR] at modbat.test.MaybeNextIfTest4$$anonfun$4.apply$mcV$sp(MaybeNextIfTest4.scala)
[ERROR] at modbat.test.MaybeNextIfTest4$$anonfun$4.apply(MaybeNextIfTest4.scala)
[ERROR] at modbat.test.MaybeNextIfTest4$$anonfun$3.apply$mcV$sp(MaybeNextIfTest4.scala)
[ERROR] at modbat.test.MaybeNextIfTest4$$anonfun$3.apply(MaybeNextIfTest4.scala)
Hello, World! 
[ERROR] Cannot instantiate
Cannot instantiate model
instantiate model class.
[ERROR] The class
The class must
class must not
not be abstract
be abstract or
abstract or an
or an interface.
[ERROR] at modbat.test.InvCheck2.assert(InvCheck2.scala)
[ERROR] at modbat.test.InvCheck2.invariantCheck(InvCheck2.scala)
Hello.  
[WARNING] modbat/test/ComplexLaunch3.scala:21: modbat.test.ComplexLaunch3-1:
modbat/test/ComplexLaunch3.scala:21: modbat.test.ComplexLaunch3-1: skip
[WARNING] modbat/test/ComplexLaunch3.scala:26: modbat.test.ComplexLaunch3-1:
modbat/test/ComplexLaunch3.scala:26: modbat.test.ComplexLaunch3-1: launch
[WARNING] modbat/test/ComplexLaunch3.scala:31: modbat.test.ComplexLaunch3-1:
modbat/test/ComplexLaunch3.scala:31: modbat.test.ComplexLaunch3-1: assert
[WARNING] modbat/test/ComplexLaunch3.scala:21: modbat.test.ComplexLaunch3-2:
modbat/test/ComplexLaunch3.scala:21: modbat.test.ComplexLaunch3-2: skip
[WARNING] modbat/test/ComplexLaunch3.scala:31: modbat.test.ComplexLaunch3-2:
modbat/test/ComplexLaunch3.scala:31: modbat.test.ComplexLaunch3-2: assert
[WARNING] modbat/test/ComplexLaunch3.scala:21: modbat.test.ComplexLaunch3-3:
modbat/test/ComplexLaunch3.scala:21: modbat.test.ComplexLaunch3-3: skip
[WARNING] modbat/test/ComplexLaunch3.scala:31: modbat.test.ComplexLaunch3-3:
modbat/test/ComplexLaunch3.scala:31: modbat.test.ComplexLaunch3-3: assert
[WARNING] modbat/test/ComplexLaunch3.scala:21: modbat.test.ComplexLaunch3-4:
modbat/test/ComplexLaunch3.scala:21: modbat.test.ComplexLaunch3-4: skip
[WARNING] modbat/test/ComplexLaunch3.scala:26: modbat.test.ComplexLaunch3-4:
modbat/test/ComplexLaunch3.scala:26: modbat.test.ComplexLaunch3-4: launch
[WARNING] modbat/test/ComplexLaunch3.scala:22: modbat.test.ComplexLaunch3-4:
modbat/test/ComplexLaunch3.scala:22: modbat.test.ComplexLaunch3-4: launch
[WARNING] modbat/test/Child3.scala:23: modbat.test.Child3-2:
modbat/test/Child3.scala:23: modbat.test.Child3-2: skip
[WARNING] modbat/test/Child3.scala:23: modbat.test.Child3-1:
modbat/test/Child3.scala:23: modbat.test.Child3-1: skip
[WARNING] modbat/test/Child3.scala:28: modbat.test.Child3-2:
modbat/test/Child3.scala:28: modbat.test.Child3-2: assert
[WARNING] modbat/test/Child3.scala:28: modbat.test.Child3-1:
modbat/test/Child3.scala:28: modbat.test.Child3-1: assert
[WARNING] modbat/test/ComplexLaunch3.scala:21: modbat.test.ComplexLaunch3-5:
modbat/test/ComplexLaunch3.scala:21: modbat.test.ComplexLaunch3-5: skip
[WARNING] modbat/test/ComplexLaunch3.scala:31: modbat.test.ComplexLaunch3-4:
modbat/test/ComplexLaunch3.scala:31: modbat.test.ComplexLaunch3-4: assert
[WARNING] modbat/test/ComplexLaunch3.scala:22: modbat.test.ComplexLaunch3-5:
modbat/test/ComplexLaunch3.scala:22: modbat.test.ComplexLaunch3-5: launch
[WARNING] modbat/test/ComplexLaunch3.scala:26: modbat.test.ComplexLaunch3-5:
modbat/test/ComplexLaunch3.scala:26: modbat.test.ComplexLaunch3-5: launch
[WARNING] modbat/test/ComplexLaunch3.scala:21: modbat.test.ComplexLaunch3-6:
modbat/test/ComplexLaunch3.scala:21: modbat.test.ComplexLaunch3-6: skip
[WARNING] modbat/test/ComplexLaunch3.scala:26: modbat.test.ComplexLaunch3-6:
modbat/test/ComplexLaunch3.scala:26: modbat.test.ComplexLaunch3-6: launch
[WARNING] modbat/test/ComplexLaunch3.scala:21: modbat.test.ComplexLaunch3-7:
modbat/test/ComplexLaunch3.scala:21: modbat.test.ComplexLaunch3-7: skip
[WARNING] modbat/test/ComplexLaunch3.scala:31: modbat.test.ComplexLaunch3-7:
modbat/test/ComplexLaunch3.scala:31: modbat.test.ComplexLaunch3-7: assert
[WARNING] modbat/test/ComplexLaunch3.scala:22: modbat.test.ComplexLaunch3-6:
modbat/test/ComplexLaunch3.scala:22: modbat.test.ComplexLaunch3-6: launch
[WARNING] modbat/test/Child3.scala:23: modbat.test.Child3-4:
modbat/test/Child3.scala:23: modbat.test.Child3-4: skip
[WARNING] modbat/test/Child3.scala:25: modbat.test.Child3-4:
modbat/test/Child3.scala:25: modbat.test.Child3-4: id
[WARNING] modbat/test/ComplexLaunch3.scala:21: modbat.test.ComplexLaunch3-10:
modbat/test/ComplexLaunch3.scala:21: modbat.test.ComplexLaunch3-10: skip
[WARNING] modbat/test/ComplexLaunch3.scala:22: modbat.test.ComplexLaunch3-10:
modbat/test/ComplexLaunch3.scala:22: modbat.test.ComplexLaunch3-10: launch
[WARNING] modbat/test/Child3.scala:23: modbat.test.Child3-3:
modbat/test/Child3.scala:23: modbat.test.Child3-3: skip
[WARNING] modbat/test/ComplexLaunch3.scala:31: modbat.test.ComplexLaunch3-6:
modbat/test/ComplexLaunch3.scala:31: modbat.test.ComplexLaunch3-6: assert
[WARNING] modbat/test/PrecondOffline.scala:8: require
[WARNING] modbat/test/PrecondOffline.scala:11: assert
[WARNING] modbat/test/ObserverHarness5.scala:8: modbat.test.ObserverHarness5-1:
modbat/test/ObserverHarness5.scala:8: modbat.test.ObserverHarness5-1: launch
[WARNING] modbat/test/ObserverHarness5.scala:11: modbat.test.ObserverHarness5-1:
modbat/test/ObserverHarness5.scala:11: modbat.test.ObserverHarness5-1: i
[WARNING] modbat/test/TestObserver5.scala:9: modbat.test.TestObserver5-1:
modbat/test/TestObserver5.scala:9: modbat.test.TestObserver5-1: println
[WARNING] modbat/test/TestObserver5.scala:14: modbat.test.TestObserver5-1:
modbat/test/TestObserver5.scala:14: modbat.test.TestObserver5-1: println
[WARNING] modbat/test/TestObserver5.scala:19: modbat.test.TestObserver5-1:
modbat/test/TestObserver5.scala:19: modbat.test.TestObserver5-1: assert
[INFO] 1) modbat.dsl.JoinWithoutLaunchException
1) modbat.dsl.JoinWithoutLaunchException at
modbat.dsl.JoinWithoutLaunchException at join
states covered (33
[ERROR] at modbat.test.LoopTest.assert(LoopTest.scala)
[ERROR] at modbat.test.LoopTest$$anonfun$1.apply$mcV$sp(LoopTest.scala)
[ERROR] at modbat.test.LoopTest$$anonfun$1.apply(LoopTest.scala)
[ERROR] at modbat.test.ExcTest4.assert(ExcTest4.scala)
[ERROR] at modbat.test.ExcTest4$$anonfun$2.apply$mcV$sp(ExcTest4.scala)
[ERROR] at modbat.test.ExcTest4$$anonfun$2.apply(ExcTest4.scala)
model instance modbat.test.ObserverHarness2-1...
[FINE] modbat.test.ObserverHarness2-1: Executing
modbat.test.ObserverHarness2-1: Executing transition
at transition modbat/test/PrecondFalse.scala:7
transition modbat/test/PrecondFalse.scala:7 require
transitions covered (30
covered (30 %
(30 % out
[INFO] 11 transitions
11 transitions covered
transitions covered (52
covered (52 %
(52 % out
at transition modbat/examples/JavaNioSocket3.scala:109
transition modbat/examples/JavaNioSocket3.scala:109 connect
at transition modbat/examples/JavaNioSocket3.scala:113
transition modbat/examples/JavaNioSocket3.scala:113 finishConnect
Exception in thread
in thread "Thread-X"
thread "Thread-X" java.lang.AssertionError:
"Thread-X" java.lang.AssertionError: assertion
at scala.Predef$.assert(Predef.scala) 
at modbat.dsl.Model$.assert(Model.scala) 
at modbat.dsl.Model$class.assert(Model.scala) 
at modbat.test.ConcurrentObserver.assert(ConcurrentObserver.scala) 
at modbat.test.ConcurrentObserver$BGThread.run(ConcurrentObserver.scala) 
[ERROR] at modbat.test.MaybeNextIfTest3.assert(MaybeNextIfTest3.scala)
[ERROR] at modbat.test.MaybeNextIfTest3$$anonfun$3.apply$mcV$sp(MaybeNextIfTest3.scala)
[ERROR] at modbat.test.MaybeNextIfTest3$$anonfun$3.apply(MaybeNextIfTest3.scala)
[ERROR] at modbat.test.MaybeNextIfTest.assert(MaybeNextIfTest.scala)
[ERROR] at modbat.test.MaybeNextIfTest$$anonfun$3.apply$mcV$sp(MaybeNextIfTest.scala)
[ERROR] at modbat.test.MaybeNextIfTest$$anonfun$3.apply(MaybeNextIfTest.scala)
[INFO] modbat.test.ObserverHarness6: 3
modbat.test.ObserverHarness6: 3 states
modbat.test.ObserverHarness6: 3 transitions
[INFO] modbat.test.TestObserver6: 3
modbat.test.TestObserver6: 3 states
modbat.test.TestObserver6: 3 transitions
8 ok, 2
[ERROR] at modbat.test.NextIfTest.assert(NextIfTest.scala)
[ERROR] at modbat.test.NextIfTest$$anonfun$3.apply$mcV$sp(NextIfTest.scala)
[ERROR] at modbat.test.NextIfTest$$anonfun$3.apply(NextIfTest.scala)
This number is
number is odd:
is odd: 4297685020180087157
is odd: 619951467056504421
is odd: 2881790929801792289
is odd: 1852855329996574743
is odd: 601090251321468211
is odd: 5219129003118144999
[ERROR] at modbat.test.MaybeTest.assert(MaybeTest.scala)
[ERROR] at modbat.test.MaybeTest$$anonfun$2$$anonfun$apply$1.apply$mcV$sp(MaybeTest.scala)
[ERROR] at modbat.test.MaybeTest$$anonfun$2$$anonfun$apply$1.apply(MaybeTest.scala)
model instance modbat.test.ComplexLaunch3-1...
[FINE] modbat.test.ComplexLaunch3-1: Executing
modbat.test.ComplexLaunch3-1: Executing transition
model instance modbat.test.ComplexLaunch3-2...
model instance modbat.test.ComplexLaunch3-3...
model instance modbat.test.ComplexLaunch3-4...
[FINE] modbat.test.ComplexLaunch3-2: Executing
modbat.test.ComplexLaunch3-2: Executing transition
[FINE] modbat.test.ComplexLaunch3-3: Executing
modbat.test.ComplexLaunch3-3: Executing transition
[FINE] modbat.test.ComplexLaunch3-4: Executing
modbat.test.ComplexLaunch3-4: Executing transition
model instance modbat.test.ComplexLaunch3-5...
model instance modbat.test.Child3-1...
model instance modbat.test.Child3-2...
[FINE] modbat.test.Child3-2: Executing
modbat.test.Child3-2: Executing transition
[FINE] modbat.test.Child3-1: Executing
modbat.test.Child3-1: Executing transition
[FINE] modbat.test.ComplexLaunch3-5: Executing
modbat.test.ComplexLaunch3-5: Executing transition
model instance modbat.test.Child3-3...
model instance modbat.test.ComplexLaunch3-6...
[FINE] modbat.test.ComplexLaunch3-6: Executing
modbat.test.ComplexLaunch3-6: Executing transition
model instance modbat.test.ComplexLaunch3-7...
[FINE] modbat.test.ComplexLaunch3-7: Executing
modbat.test.ComplexLaunch3-7: Executing transition
model instance modbat.test.ComplexLaunch3-8...
model instance modbat.test.ComplexLaunch3-9...
model instance modbat.test.Child3-4...
[FINE] modbat.test.Child3-4: Executing
modbat.test.Child3-4: Executing transition
model instance modbat.test.ComplexLaunch3-10...
model instance modbat.test.ComplexLaunch3-11...
[FINE] modbat.test.ComplexLaunch3-10: Executing
modbat.test.ComplexLaunch3-10: Executing transition
model instance modbat.test.Child3-5...
model instance modbat.test.ComplexLaunch3-12...
model instance modbat.test.Child3-6...
[FINE] modbat.test.Child3-3: Executing
modbat.test.Child3-3: Executing transition
would be: 69446ba814a2cb3c
Online mode: throwing
mode: throwing exception.
[WARNING] modbat/test/MaybeNextIfTest3.scala:8: println;
modbat/test/MaybeNextIfTest3.scala:8: println; choices
[WARNING] modbat/test/MaybeNextIfTest3.scala:12: assert
[WARNING] modbat/test/InvCheck4.scala:15: skip
[WARNING] modbat/test/InvCheck4.scala:9: check
[WARNING] modbat/test/InvCheck4.scala:12: skip
[WARNING] modbat/test/InvCheck4.scala:13: skip
[WARNING] modbat/test/InvCheck4.scala:14: skip
model instance modbat.test.MaybeNextIfTest4-1...
[FINE] modbat.test.MaybeNextIfTest4-1: Executing
modbat.test.MaybeNextIfTest4-1: Executing transition
[ERROR] at modbat.test.LoopTest2.assert(LoopTest2.scala)
[ERROR] at modbat.test.LoopTest2$$anonfun$2.apply$mcV$sp(LoopTest2.scala)
[ERROR] at modbat.test.LoopTest2$$anonfun$2.apply(LoopTest2.scala)
[ERROR] Cannot open
Cannot open file
open file dir_does_not_exit/modbat.examples.NioSocket1.dot:
[ERROR] dir_does_not_exit/modbat.examples.NioSocket1.dot (No
dir_does_not_exit/modbat.examples.NioSocket1.dot (No such
(No such file
such file or
file or directory)
[ERROR] Class "-n=1"
Class "-n=1" not
"-n=1" not found.
tests executed, 20
executed, 20 ok,
20 ok, 0
[INFO] 10 transitions
10 transitions covered
tests executed, 486
executed, 486 ok,
486 ok, 14
ok, 14 failed.
[INFO] modbat.test.ComplexLaunch4: 3
modbat.test.ComplexLaunch4: 3 states
[INFO] modbat.test.ComplexLaunch4: 4
modbat.test.ComplexLaunch4: 4 transitions
[INFO] modbat.test.Child4: 3
modbat.test.Child4: 3 states
modbat.test.Child4: 3 transitions
[ERROR] at modbat.test.NextIfTest2.assert(NextIfTest2.scala)
[ERROR] at modbat.test.NextIfTest2$$anonfun$4.apply$mcV$sp(NextIfTest2.scala)
[ERROR] at modbat.test.NextIfTest2$$anonfun$4.apply(NextIfTest2.scala)
[WARNING] modbat/test/RSeedTestSuccess.scala:19: assert
tests executed, 97
executed, 97 ok,
97 ok, 3
in Thread Thread-1
Thread Thread-1 at
Thread-1 at (transition
would be: 3025fec5380340b9
model instance modbat.test.InvalidMethod-1...
[FINE] modbat.test.InvalidMethod-1: Executing
modbat.test.InvalidMethod-1: Executing transition
somestate => end...
somestate => somestate...
transitions covered (90
covered (90 %
(90 % out
[WARNING] modbat/test/ObserverHarness7.scala:8: modbat.test.ObserverHarness7-1:
modbat/test/ObserverHarness7.scala:8: modbat.test.ObserverHarness7-1: launch
[WARNING] modbat/test/ObserverHarness7.scala:11: modbat.test.ObserverHarness7-1:
modbat/test/ObserverHarness7.scala:11: modbat.test.ObserverHarness7-1: i
[WARNING] modbat/test/ConcurrentObserver.scala:15: modbat.test.ConcurrentObserver-1:
modbat/test/ConcurrentObserver.scala:15: modbat.test.ConcurrentObserver-1: println
[WARNING] modbat/test/ConcurrentObserver.scala:19: modbat.test.ConcurrentObserver-1:
modbat/test/ConcurrentObserver.scala:19: modbat.test.ConcurrentObserver-1: println
[WARNING] modbat/test/ConcurrentObserver.scala:23: modbat.test.ConcurrentObserver-1:
modbat/test/ConcurrentObserver.scala:23: modbat.test.ConcurrentObserver-1: join
[ERROR] at modbat.test.TickTockTest.assert(TickTockTest.scala)
[ERROR] at modbat.test.TickTockTest$$anonfun$2.apply$mcV$sp(TickTockTest.scala)
[ERROR] at modbat.test.TickTockTest$$anonfun$2.apply(TickTockTest.scala)
model instance modbat.test.NoSelfJoin-1...
[FINE] modbat.test.NoSelfJoin-1: Executing
modbat.test.NoSelfJoin-1: Executing transition
Executing transition stuck
transition stuck =>
stuck => stuck...
[WARNING] modbat/test/ObserverHarness.scala:8: modbat.test.ObserverHarness-1:
modbat/test/ObserverHarness.scala:8: modbat.test.ObserverHarness-1: launch
[WARNING] modbat/test/ObserverHarness.scala:11: modbat.test.ObserverHarness-1:
modbat/test/ObserverHarness.scala:11: modbat.test.ObserverHarness-1: i
tests executed, 30
executed, 30 ok,
30 ok, 0
[INFO] modbat.test.ForkJoin: 3
modbat.test.ForkJoin: 3 states
[INFO] modbat.test.ForkJoin: 2
modbat.test.ForkJoin: 2 transitions
[INFO] modbat.test.Worker: 2
modbat.test.Worker: 2 states
[INFO] modbat.test.Worker: 1
modbat.test.Worker: 1 transitions
[WARNING] modbat/test/MaybeTest.scala:10: assert;
modbat/test/MaybeTest.scala:10: assert; choices
failed at decrement
[ERROR] No suitable
No suitable constructor
suitable constructor found.
[ERROR] A public
A public nullary
public nullary constructor
nullary constructor is
constructor is needed
is needed to
needed to instantiate
to instantiate the
instantiate the primary
the primary model.
[ERROR] Consider adding
Consider adding a
adding a constructor
a constructor variant:
[ERROR] def this()
def this() =
this() = this(...)
[ERROR] at modbat.test.GenLabel.assert(GenLabel.scala)
[ERROR] at modbat.test.GenLabel.dec(GenLabel.scala)
[ERROR] at modbat.test.GenLabel$$anonfun$2.apply$mcV$sp(GenLabel.scala)
[ERROR] at modbat.test.GenLabel$$anonfun$2.apply(GenLabel.scala)
[ERROR] at modbat.examples.CounterModel.assert(CounterModel.scala)
[ERROR] at modbat.examples.CounterModel$$anonfun$6.apply$mcV$sp(CounterModel.scala)
[ERROR] at modbat.examples.CounterModel$$anonfun$6.apply(CounterModel.scala)
tests executed, 7
executed, 7 ok,
7 ok, 3
845 5621447540498098, 26
5621447540498098, 26 tests
26 tests failed.
model instance modbat.test.MaybeNextIfTest3-1...
[FINE] modbat.test.MaybeNextIfTest3-1: Executing
modbat.test.MaybeNextIfTest3-1: Executing transition
[ERROR] at modbat.test.ChooseBool.assert(ChooseBool.scala)
[ERROR] at modbat.test.ChooseBool$$anonfun$1.apply$mcV$sp(ChooseBool.scala)
[ERROR] at modbat.test.ChooseBool$$anonfun$1.apply(ChooseBool.scala)
[INFO] modbat.test.ObserverHarness5: 3
modbat.test.ObserverHarness5: 3 states
modbat.test.ObserverHarness5: 3 transitions
[INFO] modbat.test.TestObserver5: 3
modbat.test.TestObserver5: 3 states
modbat.test.TestObserver5: 3 transitions
[INFO] Precondition 2
Precondition 2 always
2 always passed
at transition modbat/test/TestObserver5.scala:9:
transition modbat/test/TestObserver5.scala:9: modbat.test.TestObserver5-1
modbat/test/TestObserver5.scala:9: modbat.test.TestObserver5-1 println
at modbat.test.ConcurrentModel.assert(ConcurrentModel.scala) 
at modbat.test.ConcurrentModel$BGThread.run(ConcurrentModel.scala) 
[WARNING] modbat/test/Choices.scala:10: ok
modbat/test/Choices.scala:10: ok =>
ok => ok;
=> ok; choices
ok; choices =
choices = (n
= (n =
(n = ...:
= ...: line
...: line 12)
...: line 11)
[WARNING] modbat/test/Choices.scala:17: assert
model instance modbat.test.ObserverHarness6-1...
[FINE] modbat.test.ObserverHarness6-1: Executing
modbat.test.ObserverHarness6-1: Executing transition
model instance modbat.test.TestObserver6-1...
[FINE] modbat.test.TestObserver6-1: Executing
modbat.test.TestObserver6-1: Executing transition
[WARNING] modbat/test/ChooseInBefore.scala:14: assert;
modbat/test/ChooseInBefore.scala:14: assert; choices
choices = (2)
[INFO] modbat.test.ComplexLaunch3: 3
modbat.test.ComplexLaunch3: 3 states
[INFO] modbat.test.ComplexLaunch3: 4
modbat.test.ComplexLaunch3: 4 transitions
[INFO] modbat.test.Child3: 3
modbat.test.Child3: 3 states
modbat.test.Child3: 3 transitions
[INFO] 3 transitions
7 dirs/files created.
Deleting "6" 
Deleting "5" 
Deleting "4" 
Deleting "3" 
Deleting "2" 
Deleting "1" 
Deleting "0" 
Deleting "0/3/6" 
Deleting "0/3/5" 
rmdir "0/3/4" 
rmdir "0/3" 
rmdir "0/2" 
rmdir "1" 
rmdir "0" 
4 dirs/files created.
Deleting "0/3" 
Deleting "0/2" 
Deleting "0/1" 
Deleting "0/6" 
Deleting "0/5" 
Deleting "0/4" 
rmdir "4" 
rmdir "0/1" 
[ERROR] at modbat.test.ExcTest2.assert(ExcTest2.scala)
[ERROR] at modbat.test.ExcTest2$$anonfun$2.apply$mcV$sp(ExcTest2.scala)
[ERROR] at modbat.test.ExcTest2$$anonfun$2.apply(ExcTest2.scala)
of loop 5
loop 5 (model
5 (model modbat.test.LoopTest-1,
2 ok, 3
3ba471c1785a0175 41530f4040856586 89a82931be29e65
[WARNING] modbat/test/MaybeElseTest.scala:13: println;
modbat/test/MaybeElseTest.scala:13: println; choices
[ERROR] Exception in
Exception in default
in default (nullary)
default (nullary) constructor
(nullary) constructor of
constructor of main
of main model.
[ERROR] In dot
In dot mode,
dot mode, a
mode, a constructor
a constructor that
constructor that ignores
that ignores any
ignores any data
[ERROR] is sufficient
is sufficient to
sufficient to visualize
to visualize the
visualize the ESFM
the ESFM graph.
[ERROR] at modbat.test.NullaryCons.<init>(NullaryCons.scala)
[ERROR] at sun.reflect.NativeConstructorAccessorImpl.newInstance0(Native
at sun.reflect.NativeConstructorAccessorImpl.newInstance0(Native Method)
[ERROR] at sun.reflect.NativeConstructorAccessorImpl.newInstance(NativeConstructorAccessorImpl.java)
[ERROR] at sun.reflect.DelegatingConstructorAccessorImpl.newInstance(DelegatingConstructorAccessorImpl.java)
[ERROR] at java.lang.reflect.Constructor.newInstance(Constructor.java)
[ERROR] at modbat.test.TestObserver2.assert(TestObserver2.scala)
[ERROR] at modbat.test.TestObserver2$$anonfun$3.apply$mcV$sp(TestObserver2.scala)
[ERROR] at modbat.test.TestObserver2$$anonfun$3.apply(TestObserver2.scala)
[ERROR] Model modbat.test.EmptyModel
Model modbat.test.EmptyModel has
modbat.test.EmptyModel has no
has no transitions.
[ERROR] Make sure
Make sure at
sure at least
at least one
least one transition
one transition exists
transition exists of
exists of type
[ERROR] "a" ->
"a" -> "b"
-> "b" :=
"b" := {
:= { code
{ code }
code } //
} // or,
// or, for
or, for an
for an empty
an empty transition:
"b" := skip
[ERROR] at modbat.test.CrashSoon.assert(CrashSoon.scala)
[ERROR] at modbat.test.CrashSoon$$anonfun$1.apply$mcV$sp(CrashSoon.scala)
[ERROR] at modbat.test.CrashSoon$$anonfun$1.apply(CrashSoon.scala)
[ERROR] at modbat.test.TestObserver5.assert(TestObserver5.scala)
[ERROR] at modbat.test.TestObserver5$$anonfun$3.apply$mcV$sp(TestObserver5.scala)
[ERROR] at modbat.test.TestObserver5$$anonfun$3.apply(TestObserver5.scala)
Online mode: not
mode: not throwing
not throwing exception.
[ERROR] at modbat.test.MaybeElseTest.assert(MaybeElseTest.scala)
[ERROR] at modbat.test.MaybeElseTest$$anonfun$2$$anonfun$apply$mcV$sp$1.apply$mcV$sp(MaybeElseTest.scala)
[ERROR] at modbat.test.MaybeElseTest$$anonfun$2$$anonfun$apply$mcV$sp$1.apply(MaybeElseTest.scala)
[ERROR] at modbat.dsl.Action.or_else(Action.scala)
[ERROR] at modbat.test.MaybeElseTest$$anonfun$2.apply$mcV$sp(MaybeElseTest.scala)
[ERROR] at modbat.test.MaybeElseTest$$anonfun$2.apply(MaybeElseTest.scala)
[ERROR] at modbat.test.ExcTestA3.assert(ExcTestA3.scala)
[ERROR] at modbat.test.ExcTestA3$$anonfun$2.apply$mcV$sp(ExcTestA3.scala)
[ERROR] at modbat.test.ExcTestA3$$anonfun$2.apply(ExcTestA3.scala)
4 ok, 6
ok, 6 failed.
[INFO] 3ba471c1785a0175 89a82931be29e65
3ba471c1785a0175 89a82931be29e65 27fe2d950fc74b21
[INFO] modbat.test.ObserverHarness2: 3
modbat.test.ObserverHarness2: 3 states
[INFO] modbat.test.ObserverHarness2: 4
modbat.test.ObserverHarness2: 4 transitions
model instance modbat.test.ForkJoin2-1...
[FINE] modbat.test.ForkJoin2-1: Executing
modbat.test.ForkJoin2-1: Executing transition
init => waiting...
[ERROR] modbat.test.ForkJoin2-1 calls
modbat.test.ForkJoin2-1 calls join
calls join on
join on model
on model of
model of type
of type class
type class modbat.test.ForkJoin2,
class modbat.test.ForkJoin2, which
modbat.test.ForkJoin2, which has
which has not
has not been
not been launched
been launched yet.
[ERROR] modbat.dsl.JoinWithoutLaunchException 
tests executed, 192
executed, 192 ok,
192 ok, 8
ok, 8 failed.
[WARNING] modbat/test/ComplexLaunch.scala:8: modbat.test.ComplexLaunch-1:
modbat/test/ComplexLaunch.scala:8: modbat.test.ComplexLaunch-1: skip
[WARNING] modbat/test/ComplexLaunch.scala:9: modbat.test.ComplexLaunch-1:
modbat/test/ComplexLaunch.scala:9: modbat.test.ComplexLaunch-1: launch
[WARNING] modbat/test/Child.scala:7: modbat.test.Child-1:
modbat/test/Child.scala:7: modbat.test.Child-1: skip
[WARNING] modbat/test/Child.scala:12: modbat.test.Child-1:
modbat/test/Child.scala:12: modbat.test.Child-1: assert
[WARNING] modbat/test/Child.scala:7: modbat.test.Child-2:
modbat/test/Child.scala:7: modbat.test.Child-2: skip
[WARNING] modbat/test/Child.scala:12: modbat.test.Child-2:
modbat/test/Child.scala:12: modbat.test.Child-2: assert
[WARNING] modbat/test/Child.scala:7: modbat.test.Child-5:
modbat/test/Child.scala:7: modbat.test.Child-5: skip
[WARNING] modbat/test/Child.scala:7: modbat.test.Child-4:
modbat/test/Child.scala:7: modbat.test.Child-4: skip
[WARNING] modbat/test/Child.scala:12: modbat.test.Child-5:
modbat/test/Child.scala:12: modbat.test.Child-5: assert
[WARNING] modbat/test/Child.scala:9: modbat.test.Child-2:
modbat/test/Child.scala:9: modbat.test.Child-2: id
[WARNING] modbat/test/Child.scala:7: modbat.test.Child-3:
modbat/test/Child.scala:7: modbat.test.Child-3: skip
[WARNING] modbat/test/ComplexLaunch.scala:14: modbat.test.ComplexLaunch-1:
modbat/test/ComplexLaunch.scala:14: modbat.test.ComplexLaunch-1: assert
[WARNING] modbat/test/Child.scala:9: modbat.test.Child-1:
modbat/test/Child.scala:9: modbat.test.Child-1: id
[WARNING] modbat/test/Child.scala:7: modbat.test.Child-6:
modbat/test/Child.scala:7: modbat.test.Child-6: skip
[WARNING] modbat/test/Child.scala:9: modbat.test.Child-4:
modbat/test/Child.scala:9: modbat.test.Child-4: id
tests executed, 50
executed, 50 ok,
50 ok, 0
[INFO] 13 transitions
13 transitions covered
transitions covered (65
covered (65 %
(65 % out
[WARNING] modbat/test/Redundancy.scala:15: switch
tests executed, 996
executed, 996 ok,
996 ok, 4
129f94f833eaa363 186622cd204ecbbb 52b3b297344848e2
[INFO] 20 transitions
20 transitions covered
model instance modbat.test.ForkJoin-1...
[FINE] modbat.test.ForkJoin-1: Executing
modbat.test.ForkJoin-1: Executing transition
model instance modbat.test.Worker-1...
[FINE] modbat.test.Worker-1: Executing
modbat.test.Worker-1: Executing transition
Executing transition waiting
transition waiting =>
waiting => done...
[WARNING] java.lang.IllegalArgumentException: not
failed require occurred,
require occurred, aborting.
[WARNING] modbat/test/IllArgTest.scala:13: illArg
[WARNING] modbat/test/NextIfTest3.scala:7: ok
modbat/test/NextIfTest3.scala:7: ok =>
ok => err1
[WARNING] modbat/test/NextIfTest3.scala:10: assert
[ERROR] at modbat.test.InvCheck3_3.assert(InvCheck3_3.scala)
[ERROR] at modbat.test.InvCheck3_3.check(InvCheck3_3.scala)
[ERROR] at sun.reflect.GeneratedMethodAccessor3.invoke(Unknown
at sun.reflect.GeneratedMethodAccessor3.invoke(Unknown Source)
model instance modbat.test.Shortcut-1...
[FINE] modbat.test.Shortcut-1: Executing
modbat.test.Shortcut-1: Executing transition
[WARNING] modbat/test/NextIfTest2.scala:7: ok
modbat/test/NextIfTest2.scala:7: ok =>
ok => ok2
[WARNING] modbat/test/NextIfTest2.scala:8: skip
[WARNING] modbat/test/NextIfTest2.scala:10: assert
[WARNING] Deadlock: Some
Deadlock: Some models
Some models stuck
models stuck waiting
stuck waiting for
waiting for another
for another model
another model to
model to finish.
[WARNING] modbat.test.NoSelfJoin-1: modbat/test/NoSelfJoin.scala:7:
modbat.test.NoSelfJoin-1: modbat/test/NoSelfJoin.scala:7: join
[WARNING] modbat/test/TickTockTest.scala:9: modbat.test.TickTockTest-1:
modbat/test/TickTockTest.scala:9: modbat.test.TickTockTest-1: launch
[WARNING] modbat/test/TickTockTest.scala:11: modbat.test.TickTockTest-1:
modbat/test/TickTockTest.scala:11: modbat.test.TickTockTest-1: i;
modbat.test.TickTockTest-1: i; choices
i; choices =
choices = (4)
[WARNING] modbat/test/TickTockObserver.scala:8: modbat.test.TickTockObserver-1:
modbat/test/TickTockObserver.scala:8: modbat.test.TickTockObserver-1: i
[WARNING] modbat/test/TickTockObserver.scala:13: modbat.test.TickTockObserver-1:
modbat/test/TickTockObserver.scala:13: modbat.test.TickTockObserver-1: i
choices = (3)
[WARNING] modbat/test/TickTockTest.scala:17: modbat.test.TickTockTest-1:
modbat/test/TickTockTest.scala:17: modbat.test.TickTockTest-1: assert
[WARNING] Observer modbat.test.TestObserver2:
Observer modbat.test.TestObserver2: transition
modbat.test.TestObserver2: transition many
many => many
=> many has
many has non-default
has non-default weight,
non-default weight, which
weight, which is
which is ignored.
[WARNING] modbat/test/ObserverHarness3.scala:8: modbat.test.ObserverHarness3-1:
modbat/test/ObserverHarness3.scala:8: modbat.test.ObserverHarness3-1: launch
[WARNING] modbat/test/ObserverHarness3.scala:10: modbat.test.ObserverHarness3-1:
modbat/test/ObserverHarness3.scala:10: modbat.test.ObserverHarness3-1: skip
[WARNING] modbat/test/ObserverHarness3.scala:12: modbat.test.ObserverHarness3-1:
modbat/test/ObserverHarness3.scala:12: modbat.test.ObserverHarness3-1: i
[WARNING] modbat/test/TestObserver2.scala:7: modbat.test.TestObserver2-1:
modbat/test/TestObserver2.scala:7: modbat.test.TestObserver2-1: println
[WARNING] modbat/test/TestObserver2.scala:7: modbat.test.TestObserver2-2:
modbat/test/TestObserver2.scala:7: modbat.test.TestObserver2-2: println
[WARNING] modbat/test/TestObserver2.scala:7: modbat.test.TestObserver2-3:
modbat/test/TestObserver2.scala:7: modbat.test.TestObserver2-3: println
[WARNING] modbat/test/TestObserver2.scala:7: modbat.test.TestObserver2-4:
modbat/test/TestObserver2.scala:7: modbat.test.TestObserver2-4: println
[WARNING] modbat/test/TestObserver2.scala:7: modbat.test.TestObserver2-5:
modbat/test/TestObserver2.scala:7: modbat.test.TestObserver2-5: println
[WARNING] modbat/test/TestObserver2.scala:7: modbat.test.TestObserver2-6:
modbat/test/TestObserver2.scala:7: modbat.test.TestObserver2-6: println
[WARNING] modbat/test/TestObserver2.scala:11: modbat.test.TestObserver2-1:
modbat/test/TestObserver2.scala:11: modbat.test.TestObserver2-1: println
[WARNING] modbat/test/TestObserver2.scala:16: modbat.test.TestObserver2-1:
modbat/test/TestObserver2.scala:16: modbat.test.TestObserver2-1: assert
[WARNING] modbat/test/TestObserver2.scala:11: modbat.test.TestObserver2-2:
modbat/test/TestObserver2.scala:11: modbat.test.TestObserver2-2: println
[WARNING] modbat/test/TestObserver2.scala:16: modbat.test.TestObserver2-2:
modbat/test/TestObserver2.scala:16: modbat.test.TestObserver2-2: assert
[WARNING] modbat/test/TestObserver2.scala:11: modbat.test.TestObserver2-3:
modbat/test/TestObserver2.scala:11: modbat.test.TestObserver2-3: println
[WARNING] modbat/test/TestObserver2.scala:16: modbat.test.TestObserver2-3:
modbat/test/TestObserver2.scala:16: modbat.test.TestObserver2-3: assert
[WARNING] modbat/test/TestObserver2.scala:11: modbat.test.TestObserver2-4:
modbat/test/TestObserver2.scala:11: modbat.test.TestObserver2-4: println
[WARNING] modbat/test/TestObserver2.scala:16: modbat.test.TestObserver2-4:
modbat/test/TestObserver2.scala:16: modbat.test.TestObserver2-4: assert
[WARNING] modbat/test/TestObserver2.scala:11: modbat.test.TestObserver2-5:
modbat/test/TestObserver2.scala:11: modbat.test.TestObserver2-5: println
[WARNING] modbat/test/TestObserver2.scala:16: modbat.test.TestObserver2-5:
modbat/test/TestObserver2.scala:16: modbat.test.TestObserver2-5: assert
[WARNING] modbat/test/TestObserver2.scala:11: modbat.test.TestObserver2-6:
modbat/test/TestObserver2.scala:11: modbat.test.TestObserver2-6: println
[WARNING] modbat/test/TestObserver2.scala:16: modbat.test.TestObserver2-6:
modbat/test/TestObserver2.scala:16: modbat.test.TestObserver2-6: assert
[WARNING] modbat/test/ComplexLaunch5.scala:15: modbat.test.ComplexLaunch5-1:
modbat/test/ComplexLaunch5.scala:15: modbat.test.ComplexLaunch5-1: skip
[WARNING] modbat/test/ComplexLaunch5.scala:20: modbat.test.ComplexLaunch5-1:
modbat/test/ComplexLaunch5.scala:20: modbat.test.ComplexLaunch5-1: launch
[WARNING] modbat/test/ComplexLaunch5.scala:25: modbat.test.ComplexLaunch5-1:
modbat/test/ComplexLaunch5.scala:25: modbat.test.ComplexLaunch5-1: assert
[WARNING] modbat/test/ComplexLaunch5.scala:15: modbat.test.ComplexLaunch5-2:
modbat/test/ComplexLaunch5.scala:15: modbat.test.ComplexLaunch5-2: skip
[WARNING] modbat/test/ComplexLaunch5.scala:25: modbat.test.ComplexLaunch5-2:
modbat/test/ComplexLaunch5.scala:25: modbat.test.ComplexLaunch5-2: assert
[WARNING] modbat/test/ComplexLaunch5.scala:15: modbat.test.ComplexLaunch5-3:
modbat/test/ComplexLaunch5.scala:15: modbat.test.ComplexLaunch5-3: skip
[WARNING] modbat/test/ComplexLaunch5.scala:25: modbat.test.ComplexLaunch5-3:
modbat/test/ComplexLaunch5.scala:25: modbat.test.ComplexLaunch5-3: assert
[WARNING] modbat/test/ComplexLaunch5.scala:15: modbat.test.ComplexLaunch5-4:
modbat/test/ComplexLaunch5.scala:15: modbat.test.ComplexLaunch5-4: skip
[WARNING] modbat/test/ComplexLaunch5.scala:20: modbat.test.ComplexLaunch5-4:
modbat/test/ComplexLaunch5.scala:20: modbat.test.ComplexLaunch5-4: launch
[WARNING] modbat/test/ComplexLaunch5.scala:16: modbat.test.ComplexLaunch5-4:
modbat/test/ComplexLaunch5.scala:16: modbat.test.ComplexLaunch5-4: launch
[WARNING] modbat/test/Child5.scala:12: modbat.test.Child5-2:
modbat/test/Child5.scala:12: modbat.test.Child5-2: skip
[WARNING] modbat/test/Child5.scala:12: modbat.test.Child5-1:
modbat/test/Child5.scala:12: modbat.test.Child5-1: skip
[WARNING] modbat/test/Child5.scala:17: modbat.test.Child5-2:
modbat/test/Child5.scala:17: modbat.test.Child5-2: assert
[WARNING] modbat/test/Child5.scala:17: modbat.test.Child5-1:
modbat/test/Child5.scala:17: modbat.test.Child5-1: assert
[WARNING] modbat/test/ComplexLaunch5.scala:15: modbat.test.ComplexLaunch5-5:
modbat/test/ComplexLaunch5.scala:15: modbat.test.ComplexLaunch5-5: skip
[WARNING] modbat/test/ComplexLaunch5.scala:25: modbat.test.ComplexLaunch5-4:
modbat/test/ComplexLaunch5.scala:25: modbat.test.ComplexLaunch5-4: assert
[WARNING] modbat/test/ComplexLaunch5.scala:16: modbat.test.ComplexLaunch5-5:
modbat/test/ComplexLaunch5.scala:16: modbat.test.ComplexLaunch5-5: launch
[WARNING] modbat/test/ComplexLaunch5.scala:20: modbat.test.ComplexLaunch5-5:
modbat/test/ComplexLaunch5.scala:20: modbat.test.ComplexLaunch5-5: launch
[WARNING] modbat/test/ComplexLaunch5.scala:15: modbat.test.ComplexLaunch5-6:
modbat/test/ComplexLaunch5.scala:15: modbat.test.ComplexLaunch5-6: skip
[WARNING] modbat/test/ComplexLaunch5.scala:20: modbat.test.ComplexLaunch5-6:
modbat/test/ComplexLaunch5.scala:20: modbat.test.ComplexLaunch5-6: launch
[WARNING] modbat/test/ComplexLaunch5.scala:15: modbat.test.ComplexLaunch5-7:
modbat/test/ComplexLaunch5.scala:15: modbat.test.ComplexLaunch5-7: skip
[WARNING] modbat/test/ComplexLaunch5.scala:25: modbat.test.ComplexLaunch5-7:
modbat/test/ComplexLaunch5.scala:25: modbat.test.ComplexLaunch5-7: assert
[WARNING] modbat/test/ComplexLaunch5.scala:16: modbat.test.ComplexLaunch5-6:
modbat/test/ComplexLaunch5.scala:16: modbat.test.ComplexLaunch5-6: launch
[WARNING] modbat/test/Child5.scala:12: modbat.test.Child5-4:
modbat/test/Child5.scala:12: modbat.test.Child5-4: skip
[WARNING] modbat/test/Child5.scala:14: modbat.test.Child5-4:
modbat/test/Child5.scala:14: modbat.test.Child5-4: id
[WARNING] modbat/test/ComplexLaunch5.scala:15: modbat.test.ComplexLaunch5-10:
modbat/test/ComplexLaunch5.scala:15: modbat.test.ComplexLaunch5-10: skip
[WARNING] modbat/test/ComplexLaunch5.scala:16: modbat.test.ComplexLaunch5-10:
modbat/test/ComplexLaunch5.scala:16: modbat.test.ComplexLaunch5-10: launch
[WARNING] modbat/test/Child5.scala:12: modbat.test.Child5-3:
modbat/test/Child5.scala:12: modbat.test.Child5-3: skip
[WARNING] modbat/test/ComplexLaunch5.scala:25: modbat.test.ComplexLaunch5-6:
modbat/test/ComplexLaunch5.scala:25: modbat.test.ComplexLaunch5-6: assert
[DEBUG] modbat.test.ComplexLaunch-1: Registered
modbat.test.ComplexLaunch-1: Registered state
init to active
transition from active
from active to
active to active
active to done
[DEBUG] modbat.test.ComplexLaunch-1: Current
modbat.test.ComplexLaunch-1: Current state:
[DEBUG] modbat.test.ComplexLaunch-1: Possible
modbat.test.ComplexLaunch-1: Possible successor:
Possible successor: active
[DEBUG] State active
State active in
active in model
in model modbat.test.ComplexLaunch-1
model modbat.test.ComplexLaunch-1 was
modbat.test.ComplexLaunch-1 was visited
was visited 0
visited 0 times.
Current state: active
Possible successor: done
[DEBUG] State done
State done in
done in model
[DEBUG] Model modbat.test.ComplexLaunch-1
Model modbat.test.ComplexLaunch-1 has
modbat.test.ComplexLaunch-1 has terminated.
Current state: done
model found: modbat.test.ComplexLaunch-1
[DEBUG] modbat.test.Child-1: Registered
modbat.test.Child-1: Registered state
init to running
transition from running
from running to
running to running
running to done
[DEBUG] modbat.test.Child-1: Current
modbat.test.Child-1: Current state:
[DEBUG] modbat.test.Child-1: Possible
modbat.test.Child-1: Possible successor:
Possible successor: running
[DEBUG] State running
State running in
running in model
in model modbat.test.Child-1
model modbat.test.Child-1 was
modbat.test.Child-1 was visited
Current state: running
[DEBUG] Model modbat.test.Child-1
Model modbat.test.Child-1 has
modbat.test.Child-1 has terminated.
model found: modbat.test.Child-1
[DEBUG] modbat.test.Child-2: Registered
modbat.test.Child-2: Registered state
[DEBUG] modbat.test.Child-2: Current
modbat.test.Child-2: Current state:
[DEBUG] modbat.test.Child-2: Possible
modbat.test.Child-2: Possible successor:
in model modbat.test.Child-2
model modbat.test.Child-2 was
modbat.test.Child-2 was visited
[DEBUG] Model modbat.test.Child-2
Model modbat.test.Child-2 has
modbat.test.Child-2 has terminated.
model instance modbat.test.ObserverHarness5-1...
[FINE] modbat.test.ObserverHarness5-1: Executing
modbat.test.ObserverHarness5-1: Executing transition
model instance modbat.test.TestObserver5-1...
[FINE] modbat.test.TestObserver5-1: Executing
modbat.test.TestObserver5-1: Executing transition
5 (model modbat.test.LoopTest2-1,
[ERROR] Option --model-class
Option --model-class not
--model-class not supported.
not supported. Try
supported. Try scala
Try scala modbat.jar
scala modbat.jar --help.
[ERROR] at modbat.test.NextIfTest4.assert(NextIfTest4.scala)
[ERROR] at modbat.test.NextIfTest4$$anonfun$4.apply$mcV$sp(NextIfTest4.scala)
[ERROR] at modbat.test.NextIfTest4$$anonfun$4.apply(NextIfTest4.scala)
starting at "y"
at "y" are
"y" are not
[WARNING] java.lang.IllegalArgumentException: requirement
requirement failed occurred,
[WARNING] modbat/test/SUTReq.scala:12: fail
[ERROR] at modbat.test.GenLabel3.assert(GenLabel3.scala)
[ERROR] at modbat.test.GenLabel3.dec(GenLabel3.scala)
[ERROR] at modbat.test.WeightedTest.assert(WeightedTest.scala)
[ERROR] at modbat.test.WeightedTest$$anonfun$1.apply$mcV$sp(WeightedTest.scala)
[ERROR] at modbat.test.WeightedTest$$anonfun$1.apply(WeightedTest.scala)
[ERROR] java.lang.IllegalArgumentException: not
[ERROR] at modbat.test.IllArgTest.illArg(IllArgTest.scala)
[ERROR] at modbat.test.IllArgTest$$anonfun$1.apply$mcV$sp(IllArgTest.scala)
[ERROR] at modbat.test.IllArgTest$$anonfun$1.apply(IllArgTest.scala)
model instance modbat.test.ComplexLaunch4-1...
[FINE] modbat.test.ComplexLaunch4-1: Executing
modbat.test.ComplexLaunch4-1: Executing transition
model instance modbat.test.ComplexLaunch4-2...
model instance modbat.test.ComplexLaunch4-3...
model instance modbat.test.ComplexLaunch4-4...
[FINE] modbat.test.ComplexLaunch4-2: Executing
modbat.test.ComplexLaunch4-2: Executing transition
[FINE] modbat.test.ComplexLaunch4-3: Executing
modbat.test.ComplexLaunch4-3: Executing transition
[FINE] modbat.test.ComplexLaunch4-4: Executing
modbat.test.ComplexLaunch4-4: Executing transition
model instance modbat.test.ComplexLaunch4-5...
model instance modbat.test.Child4-1...
model instance modbat.test.Child4-2...
[FINE] modbat.test.Child4-2: Executing
modbat.test.Child4-2: Executing transition
[FINE] modbat.test.Child4-1: Executing
modbat.test.Child4-1: Executing transition
[FINE] modbat.test.ComplexLaunch4-5: Executing
modbat.test.ComplexLaunch4-5: Executing transition
model instance modbat.test.Child4-3...
model instance modbat.test.ComplexLaunch4-6...
[FINE] modbat.test.ComplexLaunch4-6: Executing
modbat.test.ComplexLaunch4-6: Executing transition
model instance modbat.test.ComplexLaunch4-7...
[FINE] modbat.test.ComplexLaunch4-7: Executing
modbat.test.ComplexLaunch4-7: Executing transition
model instance modbat.test.ComplexLaunch4-8...
model instance modbat.test.ComplexLaunch4-9...
model instance modbat.test.Child4-4...
[FINE] modbat.test.Child4-4: Executing
modbat.test.Child4-4: Executing transition
model instance modbat.test.ComplexLaunch4-10...
model instance modbat.test.ComplexLaunch4-11...
[FINE] modbat.test.ComplexLaunch4-10: Executing
modbat.test.ComplexLaunch4-10: Executing transition
model instance modbat.test.Child4-5...
model instance modbat.test.ComplexLaunch4-12...
model instance modbat.test.Child4-6...
[FINE] modbat.test.Child4-3: Executing
modbat.test.Child4-3: Executing transition
[ERROR] at modbat.test.ChooseInBefore.assert(ChooseInBefore.scala)
[ERROR] at modbat.test.ChooseInBefore$$anonfun$1.apply$mcV$sp(ChooseInBefore.scala)
[ERROR] at modbat.test.ChooseInBefore$$anonfun$1.apply(ChooseInBefore.scala)
[WARNING] modbat/test/WeightedTestWFrac.scala:8: assert
[WARNING] modbat/test/WeightedTestWFrac.scala:10: assert
states covered (42
covered (42 %
(42 % out
transitions covered (11
covered (11 %
(11 % out
would be: 367f25c3e880db4
[WARNING] modbat/test/ConcurrentModel.scala:13: join
[INFO] 102 tests
102 tests executed,
tests executed, 101
executed, 101 ok,
101 ok, 1
would be: 4e85c1cc3f124334
three  
[DEBUG] modbat.test.SubModel-1: Registered
modbat.test.SubModel-1: Registered state
init to err
[DEBUG] Before: init
[DEBUG] modbat.test.SubModel-1: Current
modbat.test.SubModel-1: Current state:
[DEBUG] modbat.test.SubModel-1: Possible
modbat.test.SubModel-1: Possible successor:
Possible successor: err
[DEBUG] State err
State err in
err in model
in model modbat.test.SubModel-1
model modbat.test.SubModel-1 was
modbat.test.SubModel-1 was visited
[DEBUG] Model modbat.test.SubModel-1
Model modbat.test.SubModel-1 has
modbat.test.SubModel-1 has terminated.
Current state: err
[WARNING] modbat/test/NextIfTest4.scala:7: ok
modbat/test/NextIfTest4.scala:7: ok -->
[WARNING] modbat/test/NextIfTest4.scala:10: assert
[INFO] 15 tests
15 tests executed,
tests executed, 14
executed, 14 ok,
14 ok, 1
failed at invariantCheck
[INFO] 745035c2b643033 
transitions covered (75
would be: 5a92477004cf57fb
[WARNING] modbat/test/LoopTestWithLaunch.scala:10: modbat.test.LoopTestWithLaunch-4:
modbat/test/LoopTestWithLaunch.scala:10: modbat.test.LoopTestWithLaunch-4: assert
[WARNING] modbat/test/LoopTestWithLaunch.scala:16: modbat.test.LoopTestWithLaunch-6:
modbat/test/LoopTestWithLaunch.scala:16: modbat.test.LoopTestWithLaunch-6: launch
[WARNING] modbat/test/LoopTestWithLaunch.scala:10: modbat.test.LoopTestWithLaunch-5:
modbat/test/LoopTestWithLaunch.scala:10: modbat.test.LoopTestWithLaunch-5: assert
[WARNING] modbat/test/LoopTestWithLaunch.scala:10: modbat.test.LoopTestWithLaunch-1:
modbat/test/LoopTestWithLaunch.scala:10: modbat.test.LoopTestWithLaunch-1: assert
[WARNING] modbat/test/LoopTestWithLaunch.scala:10: modbat.test.LoopTestWithLaunch-6:
modbat/test/LoopTestWithLaunch.scala:10: modbat.test.LoopTestWithLaunch-6: assert
[WARNING] modbat/test/LoopTestWithLaunch.scala:10: modbat.test.LoopTestWithLaunch-7:
modbat/test/LoopTestWithLaunch.scala:10: modbat.test.LoopTestWithLaunch-7: assert
[WARNING] modbat/test/LoopTestWithLaunch.scala:13: modbat.test.LoopTestWithLaunch-8:
modbat/test/LoopTestWithLaunch.scala:13: modbat.test.LoopTestWithLaunch-8: assert
[WARNING] modbat/test/LoopTestWithLaunch.scala:10: assert
[WARNING] modbat/test/LoopTestWithLaunch.scala:13: assert
[WARNING] modbat/test/LoopTestWithLaunch.scala:13: modbat.test.LoopTestWithLaunch-2:
modbat/test/LoopTestWithLaunch.scala:13: modbat.test.LoopTestWithLaunch-2: assert
[WARNING] modbat/test/LoopTestWithLaunch.scala:16: modbat.test.LoopTestWithLaunch-3:
modbat/test/LoopTestWithLaunch.scala:16: modbat.test.LoopTestWithLaunch-3: launch
[WARNING] modbat/test/LoopTestWithLaunch.scala:13: modbat.test.LoopTestWithLaunch-4:
modbat/test/LoopTestWithLaunch.scala:13: modbat.test.LoopTestWithLaunch-4: assert
[WARNING] modbat/test/LoopTestWithLaunch.scala:16: modbat.test.LoopTestWithLaunch-4:
modbat/test/LoopTestWithLaunch.scala:16: modbat.test.LoopTestWithLaunch-4: launch
[WARNING] modbat/test/LoopTestWithLaunch.scala:16: modbat.test.LoopTestWithLaunch-5:
modbat/test/LoopTestWithLaunch.scala:16: modbat.test.LoopTestWithLaunch-5: launch
[WARNING] modbat/test/MaybeNextIfTest2.scala:8: println;
modbat/test/MaybeNextIfTest2.scala:8: println; choices
choices = (0.23796444,
= (0.23796444, 0.89374465)
choices = (0.42469475,
= (0.42469475, 0.2216002)
[WARNING] modbat/test/MaybeNextIfTest2.scala:17: assert
choices = (0.89374465,
= (0.89374465, 0.4793791)
choices = (0.2216002,
= (0.2216002, 0.3591516)
choices = (0.41595998,
= (0.41595998, 0.052770555)
choices = (0.4793791,
= (0.4793791, 0.49016)
choices = (0.3591516,
= (0.3591516, 0.47383475)
choices = (0.052770555,
= (0.052770555, 0.35623378)
choices = (0.053496104,
= (0.053496104, 0.24076776)
model instance modbat.test.ConcurrentModel-1...
[FINE] modbat.test.ConcurrentModel-1: Executing
modbat.test.ConcurrentModel-1: Executing transition
[WARNING] modbat/test/NextIfTest5.scala:7: ok
modbat/test/NextIfTest5.scala:7: ok -->
ok --> err1
--> err1 (1)
[WARNING] modbat/test/NextIfTest5.scala:11: assert
