[INFO] 2 tests executed,
2 tests executed, 1
tests executed, 1 ok,
executed, 1 ok, 1
1 ok, 1 failed.
[INFO] One type of
One type of test
type of test failure:
[INFO] 1) java.lang.AssertionError: assertion
1) java.lang.AssertionError: assertion failed
java.lang.AssertionError: assertion failed at
assertion failed at assert
[INFO] 402b73cd0066eaea  
[INFO] modbat.test.ComplexLaunch6: 3 states
modbat.test.ComplexLaunch6: 3 states covered
3 states covered (100
states covered (100 %
covered (100 % out
(100 % out of
% out of 3),
[INFO] modbat.test.ComplexLaunch6: 4 transitions
modbat.test.ComplexLaunch6: 4 transitions covered
4 transitions covered (100
transitions covered (100 %
% out of 4).
[INFO] modbat.test.Child6: 3 states
modbat.test.Child6: 3 states covered
[INFO] modbat.test.Child6: 3 transitions
modbat.test.Child6: 3 transitions covered
3 transitions covered (100
% out of 3).
[INFO] Random seed for
Random seed for next
seed for next test
for next test would
next test would be:
test would be: 41530f4040856586
[WARNING] java.lang.AssertionError: assertion failed:
java.lang.AssertionError: assertion failed: n
assertion failed: n =
failed: n = 10
n = 10 occurred,
= 10 occurred, aborting.
[WARNING] Error found, model
Error found, model trace:
[WARNING] modbat/test/WeightedTest.scala:8: assert 
[WARNING] modbat/test/WeightedTest.scala:10: assert 
[WARNING] java.lang.AssertionError: assertion failed
java.lang.AssertionError: assertion failed occurred,
assertion failed occurred, aborting.
[WARNING] modbat/test/ComplexLaunch6.scala:13: modbat.test.ComplexLaunch6-1: skip
[WARNING] modbat/test/ComplexLaunch6.scala:18: modbat.test.ComplexLaunch6-1: launch
[WARNING] modbat/test/ComplexLaunch6.scala:23: modbat.test.ComplexLaunch6-1: assert
[WARNING] modbat/test/ComplexLaunch6.scala:13: modbat.test.ComplexLaunch6-2: skip
[WARNING] modbat/test/ComplexLaunch6.scala:23: modbat.test.ComplexLaunch6-2: assert
[WARNING] modbat/test/ComplexLaunch6.scala:13: modbat.test.ComplexLaunch6-3: skip
[WARNING] modbat/test/ComplexLaunch6.scala:23: modbat.test.ComplexLaunch6-3: assert
[WARNING] modbat/test/ComplexLaunch6.scala:13: modbat.test.ComplexLaunch6-4: skip
[WARNING] modbat/test/ComplexLaunch6.scala:18: modbat.test.ComplexLaunch6-4: launch
[WARNING] modbat/test/ComplexLaunch6.scala:14: modbat.test.ComplexLaunch6-4: launch
[WARNING] modbat/test/Child6.scala:10: modbat.test.Child6-2: skip
[WARNING] modbat/test/Child6.scala:10: modbat.test.Child6-1: skip
[WARNING] modbat/test/Child6.scala:15: modbat.test.Child6-2: assert
[WARNING] modbat/test/Child6.scala:15: modbat.test.Child6-1: assert
[WARNING] modbat/test/ComplexLaunch6.scala:13: modbat.test.ComplexLaunch6-5: skip
[WARNING] modbat/test/ComplexLaunch6.scala:23: modbat.test.ComplexLaunch6-4: assert
[WARNING] modbat/test/ComplexLaunch6.scala:14: modbat.test.ComplexLaunch6-5: launch
[WARNING] modbat/test/ComplexLaunch6.scala:18: modbat.test.ComplexLaunch6-5: launch
[WARNING] modbat/test/ComplexLaunch6.scala:13: modbat.test.ComplexLaunch6-6: skip
[WARNING] modbat/test/ComplexLaunch6.scala:18: modbat.test.ComplexLaunch6-6: launch
[WARNING] modbat/test/ComplexLaunch6.scala:13: modbat.test.ComplexLaunch6-7: skip
[WARNING] modbat/test/ComplexLaunch6.scala:23: modbat.test.ComplexLaunch6-7: assert
[WARNING] modbat/test/ComplexLaunch6.scala:14: modbat.test.ComplexLaunch6-6: launch
[WARNING] modbat/test/Child6.scala:10: modbat.test.Child6-4: skip
[WARNING] modbat/test/Child6.scala:12: modbat.test.Child6-4: id
[WARNING] modbat/test/ComplexLaunch6.scala:13: modbat.test.ComplexLaunch6-10: skip
[WARNING] modbat/test/ComplexLaunch6.scala:14: modbat.test.ComplexLaunch6-10: launch
[WARNING] modbat/test/Child6.scala:10: modbat.test.Child6-3: skip
[WARNING] modbat/test/ComplexLaunch6.scala:23: modbat.test.ComplexLaunch6-6: assert
[INFO] 50 tests executed,
50 tests executed, 41
tests executed, 41 ok,
executed, 41 ok, 9
41 ok, 9 failed.
[INFO] 1) java.net.ConnectException: Connection
1) java.net.ConnectException: Connection refused
java.net.ConnectException: Connection refused at
Connection refused at connect
[INFO] 49a846e52b813972 27fe2d950fc74b21 5ff50ec9279365d2
49a846e52b813972 27fe2d950fc74b21 5ff50ec9279365d2 a410ce32fc39dfb
27fe2d950fc74b21 5ff50ec9279365d2 a410ce32fc39dfb 8d32a08e0d0b1183
5ff50ec9279365d2 a410ce32fc39dfb 8d32a08e0d0b1183 8102b494089e6116
a410ce32fc39dfb 8d32a08e0d0b1183 8102b494089e6116 44907dab3e7f0a55
8d32a08e0d0b1183 8102b494089e6116 44907dab3e7f0a55 46e3ffb302d6b70f
8102b494089e6116 44907dab3e7f0a55 46e3ffb302d6b70f 2a83b5bd2ae1ea70
[INFO] 5 states covered
5 states covered (83
states covered (83 %
covered (83 % out
(83 % out of
% out of 6),
[INFO] 9 transitions covered
9 transitions covered (45
transitions covered (45 %
covered (45 % out
(45 % out of
% out of 20).
[INFO] Precondition 1 always
Precondition 1 always passed
1 always passed at
always passed at transition
passed at transition modbat/examples/NioSocket1.scala:82
at transition modbat/examples/NioSocket1.scala:82 connect
test would be: 8b388ceb07e23410
[ERROR] java.lang.AssertionError: assertion failed
[ERROR] at scala.Predef$.assert(Predef.scala) 
[ERROR] at modbat.dsl.Model$.assert(Model.scala) 
[ERROR] at modbat.dsl.Model$class.assert(Model.scala) 
[ERROR] at modbat.test.TestObserver.assert(TestObserver.scala) 
[ERROR] at modbat.test.TestObserver$$anonfun$3.apply$mcV$sp(TestObserver.scala) 
[ERROR] at modbat.test.TestObserver$$anonfun$3.apply(TestObserver.scala) 
[ERROR] java.lang.IllegalArgumentException: requirement failed
[ERROR] at scala.Predef$.require(Predef.scala) 
[ERROR] at modbat.test.SUTWithFailedReq$.fail(SUTWithFailedReq.scala) 
[ERROR] at modbat.test.SUTReq$$anonfun$2.apply$mcV$sp(SUTReq.scala) 
[ERROR] at modbat.test.SUTReq$$anonfun$2.apply(SUTReq.scala) 
[FINE] Launching new model
Launching new model instance
new model instance modbat.test.WeightedTest2-1...
[FINE] modbat.test.WeightedTest2-1: Executing transition
modbat.test.WeightedTest2-1: Executing transition init
Executing transition init =>
transition init => init
init => init (1)...
[FINE] Precondition violated, backtracking
Precondition violated, backtracking to
violated, backtracking to init.
[INFO] 3ba471c1785a0175  
[INFO] 3 states covered
3 states covered (75
states covered (75 %
covered (75 % out
(75 % out of
% out of 4),
[INFO] 2 transitions covered
2 transitions covered (66
transitions covered (66 %
covered (66 % out
(66 % out of
[ERROR] at modbat.examples.JavaNioServerSocket.assert(JavaNioServerSocket.scala) 
[ERROR] at modbat.examples.JavaNioServerSocket.readFrom(JavaNioServerSocket.scala) 
[ERROR] at modbat.examples.JavaNioServerSocket$$anonfun$9.apply$mcV$sp(JavaNioServerSocket.scala) 
[ERROR] at modbat.examples.JavaNioServerSocket$$anonfun$9.apply(JavaNioServerSocket.scala) 
[ERROR] at modbat.test.ExcTest5.assert(ExcTest5.scala) 
[ERROR] at modbat.test.ExcTest5$$anonfun$2.apply$mcV$sp(ExcTest5.scala) 
[ERROR] at modbat.test.ExcTest5$$anonfun$2.apply(ExcTest5.scala) 
[ERROR] at modbat.test.RSeedTestSuccess.assert(RSeedTestSuccess.scala) 
[ERROR] at modbat.test.RSeedTestSuccess$$anonfun$1.apply$mcV$sp(RSeedTestSuccess.scala) 
[ERROR] at modbat.test.RSeedTestSuccess$$anonfun$1.apply(RSeedTestSuccess.scala) 
[ERROR] at modbat.test.ComplexLaunch3.assert(ComplexLaunch3.scala) 
[ERROR] at modbat.test.ComplexLaunch3$$anonfun$2.apply$mcV$sp(ComplexLaunch3.scala) 
[ERROR] at modbat.test.ComplexLaunch3$$anonfun$2.apply(ComplexLaunch3.scala) 
[WARNING] modbat/examples/JavaNioServerSocket.scala:72: open 
[WARNING] modbat/examples/JavaNioServerSocket.scala:77: getLocalPort 
[WARNING] modbat/examples/JavaNioServerSocket.scala:87: accept 
[WARNING] modbat/examples/JavaNioServerSocket.scala:102: readFrom 
[WARNING] modbat/examples/JavaNioServerSocket.scala:82: toggleBlocking 
[WARNING] modbat/examples/JavaNioServerSocket.scala:92: startClient 
[WARNING] modbat/examples/JavaNioServerSocket.scala:108: interrupt 
[WARNING] modbat/examples/JavaNioServerSocket.scala:96: accept; choices
modbat/examples/JavaNioServerSocket.scala:96: accept; choices =
accept; choices = (0.9360237)
accept; choices = (0.758553)
accept; choices = (0.88528615)
accept; choices = (0.4973101)
[WARNING] modbat/examples/JavaNioServerSocket.scala:75: toggleBlocking 
accept; choices = (0.7952144)
[WARNING] modbat/examples/JavaNioServerSocket.scala:104: close 
new model instance modbat.test.ObserverHarness3-1...
[FINE] modbat.test.ObserverHarness3-1: Executing transition
modbat.test.ObserverHarness3-1: Executing transition reset
Executing transition reset =>
transition reset => counting...
modbat.test.ObserverHarness3-1: Executing transition counting
Executing transition counting =>
transition counting => end...
transition reset => reset...
new model instance modbat.test.TestObserver2-1...
[FINE] modbat.test.TestObserver2-1: Executing transition
modbat.test.TestObserver2-1: Executing transition zero
Executing transition zero =>
transition zero => one...
violated, backtracking to zero.
new model instance modbat.test.TestObserver2-2...
[FINE] modbat.test.TestObserver2-2: Executing transition
modbat.test.TestObserver2-2: Executing transition zero
new model instance modbat.test.TestObserver2-3...
[FINE] modbat.test.TestObserver2-3: Executing transition
modbat.test.TestObserver2-3: Executing transition zero
new model instance modbat.test.TestObserver2-4...
[FINE] modbat.test.TestObserver2-4: Executing transition
modbat.test.TestObserver2-4: Executing transition zero
new model instance modbat.test.TestObserver2-5...
[FINE] modbat.test.TestObserver2-5: Executing transition
modbat.test.TestObserver2-5: Executing transition zero
new model instance modbat.test.TestObserver2-6...
[FINE] modbat.test.TestObserver2-6: Executing transition
modbat.test.TestObserver2-6: Executing transition zero
transition counting => counting...
modbat.test.TestObserver2-1: Executing transition one
Executing transition one =>
transition one => many...
violated, backtracking to one.
modbat.test.TestObserver2-2: Executing transition one
modbat.test.TestObserver2-3: Executing transition one
modbat.test.TestObserver2-4: Executing transition one
modbat.test.TestObserver2-5: Executing transition one
modbat.test.TestObserver2-6: Executing transition one
modbat.test.TestObserver2-1: Executing transition many
Executing transition many =>
transition many => many...
modbat.test.TestObserver2-2: Executing transition many
modbat.test.TestObserver2-3: Executing transition many
modbat.test.TestObserver2-4: Executing transition many
modbat.test.TestObserver2-5: Executing transition many
modbat.test.TestObserver2-6: Executing transition many
[INFO] 100 tests executed,
100 tests executed, 100
tests executed, 100 ok,
executed, 100 ok, 0
100 ok, 0 failed.
[INFO] 6 states covered
6 states covered (100
[INFO] 16 transitions covered
16 transitions covered (80
transitions covered (80 %
covered (80 % out
(80 % out of
passed at transition modbat/examples/NioSocket1.scala:97
at transition modbat/examples/NioSocket1.scala:97 sleep
test would be: e33f5272c52bf71
new model instance modbat.test.ComplexLaunch-1...
[FINE] modbat.test.ComplexLaunch-1: Executing transition
modbat.test.ComplexLaunch-1: Executing transition init
transition init => active...
modbat.test.ComplexLaunch-1: Executing transition active
Executing transition active =>
transition active => done...
transition active => active...
new model instance modbat.test.Child-1...
[FINE] modbat.test.Child-1: Executing transition
modbat.test.Child-1: Executing transition init
transition init => running...
modbat.test.Child-1: Executing transition running
Executing transition running =>
transition running => running...
transition running => done...
new model instance modbat.test.Child-2...
[FINE] modbat.test.Child-2: Executing transition
modbat.test.Child-2: Executing transition init
modbat.test.Child-2: Executing transition running
new model instance modbat.test.Child-3...
new model instance modbat.test.Child-4...
new model instance modbat.test.Child-5...
[FINE] modbat.test.Child-5: Executing transition
modbat.test.Child-5: Executing transition init
[FINE] modbat.test.Child-4: Executing transition
modbat.test.Child-4: Executing transition init
modbat.test.Child-5: Executing transition running
[FINE] modbat.test.Child-3: Executing transition
modbat.test.Child-3: Executing transition init
new model instance modbat.test.Child-6...
[FINE] modbat.test.Child-6: Executing transition
modbat.test.Child-6: Executing transition init
modbat.test.Child-4: Executing transition running
[ERROR] at modbat.test.ComplexLaunch5.assert(ComplexLaunch5.scala) 
[ERROR] at modbat.test.ComplexLaunch5$$anonfun$2.apply$mcV$sp(ComplexLaunch5.scala) 
[ERROR] at modbat.test.ComplexLaunch5$$anonfun$2.apply(ComplexLaunch5.scala) 
java.lang.AssertionError: assertion failed: i
assertion failed: i =
failed: i = 2
i = 2 occurred,
= 2 occurred, aborting.
[WARNING] modbat/test/InvCheck3_3.scala:9: inc 
[WARNING] private int modbat.test.InvCheck3_3.i
private int modbat.test.InvCheck3_3.i =
int modbat.test.InvCheck3_3.i = 1
[WARNING] modbat/test/InvCheck3_3.scala:14: skip 
int modbat.test.InvCheck3_3.i = 2
[WARNING] modbat/test/InvCheck3_3.scala:15: skip 
[WARNING] modbat/test/InvCheck3_3.scala:11: check 
failed: i = 1
i = 1 occurred,
= 1 occurred, aborting.
[WARNING] modbat/test/Shortcut.scala:12: count =
modbat/test/Shortcut.scala:12: count = ...
[WARNING] modbat/test/Shortcut.scala:21: count 
[WARNING] modbat/test/Shortcut.scala:24: assert 
[WARNING] modbat/test/Shortcut.scala:15: count 
[WARNING] modbat/test/Shortcut.scala:18: count 
[INFO] 10 tests executed,
10 tests executed, 10
tests executed, 10 ok,
executed, 10 ok, 0
10 ok, 0 failed.
[INFO] 2 states covered
2 states covered (100
% out of 2),
2 transitions covered (100
% out of 2).
test would be: a410ce32fc39dfb
[WARNING] modbat/test/GenLabel2.scala:13: decrement 
[WARNING] modbat/test/GenLabel2.scala:12: increment 
new model instance modbat.examples.JavaNioServerSocket-1...
[FINE] modbat.examples.JavaNioServerSocket-1: Executing transition
modbat.examples.JavaNioServerSocket-1: Executing transition reset
transition reset => open...
modbat.examples.JavaNioServerSocket-1: Executing transition open
Executing transition open =>
transition open => closed...
modbat.examples.JavaNioServerSocket-1: Executing transition closed
Executing transition closed =>
transition closed => closed...
transition closed => err...
[FINE] java.nio.channels.ClosedChannelException generated as
java.nio.channels.ClosedChannelException generated as expected.
transition open => bound...
modbat.examples.JavaNioServerSocket-1: Executing transition bound
Executing transition bound =>
transition bound => connected...
modbat.examples.JavaNioServerSocket-1: Executing transition connected
Executing transition connected =>
transition connected => connected...
transition bound => bound...
violated, backtracking to bound.
transition bound => accepting...
modbat.examples.JavaNioServerSocket-1: Executing transition accepting
Executing transition accepting =>
transition accepting => bound...
transition bound => closed...
transition connected => bound...
transition accepting => accepting...
transition accepting => closed...
transition open => open...
[FINE] Next state predicate
Next state predicate holds,
state predicate holds, go
predicate holds, go to
holds, go to state
go to state connected.
transition open => err...
[FINE] java.nio.channels.NotYetBoundException generated as
java.nio.channels.NotYetBoundException generated as expected.
[INFO] 20 tests executed,
20 tests executed, 8
tests executed, 8 ok,
executed, 8 ok, 12
8 ok, 12 failed.
[INFO] 2 types of
2 types of test
types of test failures:
1) java.lang.AssertionError: assertion failed:
i = 1 at
= 1 at check
[INFO] 402b73cd0066eaea 89a82931be29e65 49a846e52b813972
402b73cd0066eaea 89a82931be29e65 49a846e52b813972 19b6aa1b14a29017
89a82931be29e65 49a846e52b813972 19b6aa1b14a29017 486e122d1bcbade7
49a846e52b813972 19b6aa1b14a29017 486e122d1bcbade7 a410ce32fc39dfb
19b6aa1b14a29017 486e122d1bcbade7 a410ce32fc39dfb 8d32a08e0d0b1183
486e122d1bcbade7 a410ce32fc39dfb 8d32a08e0d0b1183 284ca782182a253f
[INFO] 2) java.lang.AssertionError: assertion
2) java.lang.AssertionError: assertion failed:
i = 2 at
= 2 at check
[INFO] 85780661bf76533 745035c2b643033 1e528010d3d2d54
85780661bf76533 745035c2b643033 1e528010d3d2d54 5a92477004cf57fb
[INFO] 4 states covered
4 states covered (100
[INFO] 7 transitions covered
7 transitions covered (100
% out of 7).
test would be: 636e772f0798297b
[INFO] 1 tests executed,
1 tests executed, 0
tests executed, 0 ok,
executed, 0 ok, 1
0 ok, 1 failed.
2 states covered (66
states covered (66 %
[INFO] 1 transitions covered
1 transitions covered (20
transitions covered (20 %
covered (20 % out
(20 % out of
% out of 5).
test would be: 402b73cd0066eaea
[INFO] 3 tests executed,
3 tests executed, 0
executed, 0 ok, 3
0 ok, 3 failed.
[INFO] 3ba471c1785a0175 402b73cd0066eaea 41530f4040856586
1 transitions covered (25
transitions covered (25 %
covered (25 % out
(25 % out of
test would be: 89a82931be29e65
74 3003311528925804, 2 tests
3003311528925804, 2 tests failed.
[ERROR] at modbat.test.AnyFuncTest.assert(AnyFuncTest.scala) 
[ERROR] at modbat.test.AnyFuncTest$$anonfun$1.apply$mcV$sp(AnyFuncTest.scala) 
[ERROR] at modbat.test.AnyFuncTest$$anonfun$1.apply(AnyFuncTest.scala) 
Result of call is
of call is true.
err1   
[INFO] 21 transitions covered
21 transitions covered (100
% out of 21).
test would be: 4557745f20abfec0
[ERROR] at modbat.examples.NioSocket1.assert(NioSocket1.scala) 
[ERROR] at modbat.examples.NioSocket1.readFrom(NioSocket1.scala) 
[ERROR] at modbat.examples.NioSocket1$$anonfun$15.apply$mcV$sp(NioSocket1.scala) 
[ERROR] at modbat.examples.NioSocket1$$anonfun$15.apply(NioSocket1.scala) 
[DEBUG] Adding build/modbat-test.jar to
Adding build/modbat-test.jar to classpath.
[DEBUG] modbat.test.WeightedTest2-1: Registered state
modbat.test.WeightedTest2-1: Registered state transition
Registered state transition from
state transition from init
transition from init to
from init to init
[DEBUG] --- Exploring model
--- Exploring model ---
[DEBUG] modbat.test.WeightedTest2-1: Current state:
modbat.test.WeightedTest2-1: Current state: init
[DEBUG] modbat.test.WeightedTest2-1: Possible successor:
modbat.test.WeightedTest2-1: Possible successor: init
[DEBUG] State init in
State init in model
init in model modbat.test.WeightedTest2-1
in model modbat.test.WeightedTest2-1 was
model modbat.test.WeightedTest2-1 was visited
modbat.test.WeightedTest2-1 was visited 1
was visited 1 times.
modbat.test.WeightedTest2-1 was visited 2
was visited 2 times.
modbat.test.WeightedTest2-1 was visited 3
was visited 3 times.
modbat.test.WeightedTest2-1 was visited 4
was visited 4 times.
[DEBUG] No more successors.
[DEBUG] --- Resetting to
--- Resetting to initial
Resetting to initial state
to initial state ---
[DEBUG] Identical model found:
Identical model found: modbat.test.WeightedTest2-1
[INFO] 500 tests executed,
500 tests executed, 497
tests executed, 497 ok,
executed, 497 ok, 3
497 ok, 3 failed.
assertion failed at readFrom
[INFO] 8a4a8b323494e5a2 129f94f833eaa363 186622cd204ecbbb
[INFO] 19 transitions covered
19 transitions covered (95
transitions covered (95 %
covered (95 % out
(95 % out of
Precondition 1 always failed
1 always failed at
always failed at transition
failed at transition modbat/examples/NioSocket1.scala:93
at transition modbat/examples/NioSocket1.scala:93 finishConnect
test would be: 232e55b4117fdaf7
[WARNING] modbat/examples/NioSocket1.scala:77: open 
[WARNING] modbat/examples/NioSocket1.scala:82: connect 
[WARNING] modbat/examples/NioSocket1.scala:117: finishConnect 
[WARNING] modbat/examples/NioSocket1.scala:120: readFrom 
[ERROR] at modbat.test.ExcTestA4.assert(ExcTestA4.scala) 
[ERROR] at modbat.test.ExcTestA4$$anonfun$2.apply$mcV$sp(ExcTestA4.scala) 
[ERROR] at modbat.test.ExcTestA4$$anonfun$2.apply(ExcTestA4.scala) 
74 3003311528925804  
[WARNING] modbat/test/InvCheck3.scala:12: skip 
[WARNING] modbat/test/InvCheck3.scala:13: skip 
[WARNING] modbat/test/InvCheck3.scala:7: inc 
[WARNING] modbat/test/InvCheck3.scala:14: skip 
[WARNING] modbat/test/InvCheck3.scala:9: check 
new model instance modbat.test.ObserverHarness-1...
[FINE] modbat.test.ObserverHarness-1: Executing transition
modbat.test.ObserverHarness-1: Executing transition reset
new model instance modbat.test.TestObserver-1...
[FINE] modbat.test.TestObserver-1: Executing transition
modbat.test.TestObserver-1: Executing transition zero
modbat.test.ObserverHarness-1: Executing transition counting
modbat.test.TestObserver-1: Executing transition one
modbat.test.TestObserver-1: Executing transition many
[ERROR] at modbat.test.ComplexLaunch2.assert(ComplexLaunch2.scala) 
[ERROR] at modbat.test.ComplexLaunch2$$anonfun$2.apply$mcV$sp(ComplexLaunch2.scala) 
[ERROR] at modbat.test.ComplexLaunch2$$anonfun$2.apply(ComplexLaunch2.scala) 
new model instance modbat.test.Immediate-1...
[FINE] modbat.test.Immediate-1: Executing transition
modbat.test.Immediate-1: Executing transition init
transition init => init...
new model instance modbat.test.Catches-1...
[FINE] modbat.test.Catches-1: Executing transition
modbat.test.Catches-1: Executing transition ok
Executing transition ok =>
transition ok => ok...
[FINE] java.lang.Exception: Test... leads
java.lang.Exception: Test... leads to
Test... leads to exception
leads to exception state
to exception state err.
[FINE] Next transition on
Next transition on this
transition on this model
on this model must
this model must be
model must be taken
must be taken immediately.
modbat.test.Catches-1: Executing transition err
Executing transition err =>
transition err => ok...
new model instance modbat.test.Catches-2...
[FINE] Detected beginning of
Detected beginning of loop
beginning of loop 3
of loop 3 (model
loop 3 (model modbat.test.Immediate-1,
3 (model modbat.test.Immediate-1, state
(model modbat.test.Immediate-1, state init),
modbat.test.Immediate-1, state init), filtering
state init), filtering transition
init), filtering transition init
filtering transition init =>
transition init => init.
loop 3 (model modbat.test.Catches-1,
3 (model modbat.test.Catches-1, state
(model modbat.test.Catches-1, state ok),
modbat.test.Catches-1, state ok), filtering
state ok), filtering transition
ok), filtering transition ok
filtering transition ok =>
transition ok => ok.
[FINE] modbat.test.Catches-2: Executing transition
modbat.test.Catches-2: Executing transition ok
modbat.test.Catches-2: Executing transition err
loop 3 (model modbat.test.Catches-2,
3 (model modbat.test.Catches-2, state
(model modbat.test.Catches-2, state ok),
modbat.test.Catches-2, state ok), filtering
[WARNING] modbat/examples/SimpleModel.scala:10: new SimpleCounter
[WARNING] modbat/examples/SimpleModel.scala:13: toggleSwitch 
[WARNING] modbat/examples/SimpleModel.scala:16: inc 
[WARNING] modbat/examples/SimpleModel.scala:19: inc 
[WARNING] modbat/examples/SimpleModel.scala:25: assert 
[ERROR] at modbat.test.MaybeElseTest2.assert(MaybeElseTest2.scala) 
[ERROR] at modbat.test.MaybeElseTest2$$anonfun$2$$anonfun$apply$mcV$sp$2$$anonfun$apply$1.apply$mcV$sp(MaybeElseTest2.scala) 
[ERROR] at modbat.test.MaybeElseTest2$$anonfun$2$$anonfun$apply$mcV$sp$2$$anonfun$apply$1.apply(MaybeElseTest2.scala) 
[ERROR] java.net.ConnectException: Connection refused
[ERROR] at sun.nio.ch.Net.connect0(Native Method)
[ERROR] at sun.nio.ch.Net.connect(Net.java) 
[ERROR] at sun.nio.ch.SocketChannelImpl.connect(SocketChannelImpl.java) 
[ERROR] at modbat.examples.NioSocket1.connect(NioSocket1.scala) 
[ERROR] at modbat.examples.NioSocket1$$anonfun$3.apply$mcV$sp(NioSocket1.scala) 
[ERROR] at modbat.examples.NioSocket1$$anonfun$3.apply(NioSocket1.scala) 
845 5621447540498098, 3 tests
5621447540498098, 3 tests failed.
[INFO] 1 states covered
1 states covered (100
% out of 1),
[ERROR] at modbat.test.ComplexLaunch4.assert(ComplexLaunch4.scala) 
[ERROR] at modbat.test.ComplexLaunch4$$anonfun$2.apply$mcV$sp(ComplexLaunch4.scala) 
[ERROR] at modbat.test.ComplexLaunch4$$anonfun$2.apply(ComplexLaunch4.scala) 
1 tests executed, 1
executed, 1 ok, 0
1 ok, 0 failed.
3 states covered (50
states covered (50 %
covered (50 % out
(50 % out of
2 transitions covered (10
transitions covered (10 %
covered (10 % out
(10 % out of
failed at transition modbat/examples/NioSocket1.scala:86
at transition modbat/examples/NioSocket1.scala:86 connect
test would be: 25ab24d9461ee328
[ERROR] at scala.Predef$.assert(Predef.scala:156) 
[ERROR] at modbat.dsl.Model$.assert(Model.scala:28) 
[ERROR] at modbat.dsl.Model$class.assert(Model.scala:39) 
[ERROR] at modbat.test.InvalidMethod.assert(InvalidMethod.scala:5) 
[ERROR] at modbat.test.InvalidMethod$$anonfun$invariantCheck$1.apply$mcV$sp(InvalidMethod.scala:11) 
[ERROR] at modbat.test.InvalidMethod$$anonfun$invariantCheck$1.apply(InvalidMethod.scala:11) 
[ERROR] modbat.test.JoinNull-1 calls join(null)
modbat.test.JoinNull-1 calls join(null) but
calls join(null) but parameter
join(null) but parameter must
but parameter must be
parameter must be non-null.
[ERROR] java.lang.NullPointerException  
[WARNING] modbat/test/LoopTestWithLaunch.scala:16: modbat.test.LoopTestWithLaunch-1: launch
[WARNING] modbat/test/LoopTestWithLaunch.scala:16: modbat.test.LoopTestWithLaunch-2: launch
[WARNING] modbat/test/LoopTestWithLaunch.scala:10: modbat.test.LoopTestWithLaunch-2: assert
[WARNING] modbat/test/LoopTestWithLaunch.scala:10: modbat.test.LoopTestWithLaunch-3: assert
[WARNING] modbat/test/LoopTestWithLaunch.scala:13: modbat.test.LoopTestWithLaunch-3: assert
[INFO] 1) java.lang.AssertionError: Assertion
1) java.lang.AssertionError: Assertion failed
java.lang.AssertionError: Assertion failed in
Assertion failed in Thread
failed in Thread Thread-3
in Thread Thread-3 at
Thread Thread-3 at (transition
Thread-3 at (transition outside
at (transition outside model
(transition outside model such
outside model such as
model such as callback)
[INFO] modbat.test.ObserverHarness7: 3 states
modbat.test.ObserverHarness7: 3 states covered
[INFO] modbat.test.ObserverHarness7: 3 transitions
modbat.test.ObserverHarness7: 3 transitions covered
[INFO] modbat.test.ConcurrentObserver: 3 states
modbat.test.ConcurrentObserver: 3 states covered
[INFO] modbat.test.ConcurrentObserver: 3 transitions
modbat.test.ConcurrentObserver: 3 transitions covered
[WARNING] Ignoring method public
Ignoring method public void
method public void modbat.test.InvalidMethod.invariantCheck(int),
public void modbat.test.InvalidMethod.invariantCheck(int), which
void modbat.test.InvalidMethod.invariantCheck(int), which has
modbat.test.InvalidMethod.invariantCheck(int), which has @State
which has @State annotation
has @State annotation but
@State annotation but more
annotation but more than
but more than zero
more than zero arguments.
[WARNING] Ignoring non-existent state
Ignoring non-existent state x
non-existent state x from
state x from @State
x from @State annotation
from @State annotation for
@State annotation for invariantCheck
[WARNING] modbat/test/InvalidMethod.scala:15: skip 
[WARNING] modbat/test/InvalidMethod.scala:11: invariantCheck; choices
modbat/test/InvalidMethod.scala:11: invariantCheck; choices =
invariantCheck; choices = (0.49744096)
new model instance modbat.test.ComplexLaunch2-1...
[FINE] modbat.test.ComplexLaunch2-1: Executing transition
modbat.test.ComplexLaunch2-1: Executing transition init
modbat.test.ComplexLaunch2-1: Executing transition active
transition active => active
active => active (2)...
new model instance modbat.test.ComplexLaunch2-2...
new model instance modbat.test.ComplexLaunch2-3...
new model instance modbat.test.ComplexLaunch2-4...
[FINE] modbat.test.ComplexLaunch2-2: Executing transition
modbat.test.ComplexLaunch2-2: Executing transition init
modbat.test.ComplexLaunch2-2: Executing transition active
[FINE] modbat.test.ComplexLaunch2-3: Executing transition
modbat.test.ComplexLaunch2-3: Executing transition init
modbat.test.ComplexLaunch2-3: Executing transition active
[FINE] modbat.test.ComplexLaunch2-4: Executing transition
modbat.test.ComplexLaunch2-4: Executing transition init
modbat.test.ComplexLaunch2-4: Executing transition active
new model instance modbat.test.ComplexLaunch2-5...
active => active (1)...
new model instance modbat.test.Child2-1...
new model instance modbat.test.Child2-2...
[FINE] modbat.test.Child2-2: Executing transition
modbat.test.Child2-2: Executing transition init
[FINE] modbat.test.Child2-1: Executing transition
modbat.test.Child2-1: Executing transition init
modbat.test.Child2-2: Executing transition running
modbat.test.Child2-1: Executing transition running
[FINE] modbat.test.ComplexLaunch2-5: Executing transition
modbat.test.ComplexLaunch2-5: Executing transition init
modbat.test.ComplexLaunch2-5: Executing transition active
new model instance modbat.test.Child2-3...
new model instance modbat.test.ComplexLaunch2-6...
[FINE] modbat.test.ComplexLaunch2-6: Executing transition
modbat.test.ComplexLaunch2-6: Executing transition init
modbat.test.ComplexLaunch2-6: Executing transition active
new model instance modbat.test.ComplexLaunch2-7...
[FINE] modbat.test.ComplexLaunch2-7: Executing transition
modbat.test.ComplexLaunch2-7: Executing transition init
new model instance modbat.test.ComplexLaunch2-8...
modbat.test.ComplexLaunch2-7: Executing transition active
new model instance modbat.test.ComplexLaunch2-9...
new model instance modbat.test.Child2-4...
[FINE] modbat.test.Child2-4: Executing transition
modbat.test.Child2-4: Executing transition init
new model instance modbat.test.ComplexLaunch2-10...
new model instance modbat.test.ComplexLaunch2-11...
modbat.test.Child2-4: Executing transition running
[FINE] modbat.test.ComplexLaunch2-10: Executing transition
modbat.test.ComplexLaunch2-10: Executing transition init
new model instance modbat.test.Child2-5...
new model instance modbat.test.ComplexLaunch2-12...
modbat.test.ComplexLaunch2-10: Executing transition active
new model instance modbat.test.Child2-6...
[FINE] modbat.test.Child2-3: Executing transition
modbat.test.Child2-3: Executing transition init
violated, backtracking to active.
[ERROR] at modbat.test.LoopTestWithLaunch.assert(LoopTestWithLaunch.scala) 
[ERROR] at modbat.test.LoopTestWithLaunch$$anonfun$1.apply$mcV$sp(LoopTestWithLaunch.scala) 
[ERROR] at modbat.test.LoopTestWithLaunch$$anonfun$1.apply(LoopTestWithLaunch.scala) 
[WARNING] modbat/test/InvCheck3_1.scala:13: skip 
[WARNING] modbat/test/InvCheck3_1.scala:8: inc 
[WARNING] modbat/test/InvCheck3_1.scala:14: skip 
[WARNING] modbat/test/InvCheck3_1.scala:15: skip 
[WARNING] modbat/test/InvCheck3_1.scala:10: check 
20 tests executed, 18
tests executed, 18 ok,
executed, 18 ok, 2
18 ok, 2 failed.
[INFO] 402b73cd0066eaea 19b6aa1b14a29017 
[INFO] 7 states covered
7 states covered (100
% out of 7),
[INFO] 17 transitions covered
17 transitions covered (100
% out of 17).
[INFO] 1000 tests executed,
1000 tests executed, 1000
tests executed, 1000 ok,
executed, 1000 ok, 0
1000 ok, 0 failed.
new model instance modbat.test.LoopTest-1...
beginning of loop 1
of loop 1 (model
loop 1 (model modbat.test.LoopTest-1,
1 (model modbat.test.LoopTest-1, state
(model modbat.test.LoopTest-1, state ok),
modbat.test.LoopTest-1, state ok), filtering
[FINE] modbat.test.LoopTest-1: Executing transition
modbat.test.LoopTest-1: Executing transition ok
[ERROR] at modbat.test.Child.assert(Child.scala) 
[ERROR] at modbat.test.Child$$anonfun$3.apply$mcV$sp(Child.scala) 
[ERROR] at modbat.test.Child$$anonfun$3.apply(Child.scala) 
[ERROR] at modbat.test.ComplexLaunch.assert(ComplexLaunch.scala) 
[ERROR] at modbat.test.ComplexLaunch$$anonfun$2.apply$mcV$sp(ComplexLaunch.scala) 
[ERROR] at modbat.test.ComplexLaunch$$anonfun$2.apply(ComplexLaunch.scala) 
[ERROR] at modbat.test.ExcTest6.assert(ExcTest6.scala) 
[ERROR] at modbat.test.ExcTest6$$anonfun$2.apply$mcV$sp(ExcTest6.scala) 
[ERROR] at modbat.test.ExcTest6$$anonfun$2.apply(ExcTest6.scala) 
20 tests executed, 10
executed, 10 ok, 10
10 ok, 10 failed.
[INFO] 89a82931be29e65 27fe2d950fc74b21 19b6aa1b14a29017
89a82931be29e65 27fe2d950fc74b21 19b6aa1b14a29017 85780661bf76533
27fe2d950fc74b21 19b6aa1b14a29017 85780661bf76533 486e122d1bcbade7
19b6aa1b14a29017 85780661bf76533 486e122d1bcbade7 745035c2b643033
85780661bf76533 486e122d1bcbade7 745035c2b643033 1e528010d3d2d54
486e122d1bcbade7 745035c2b643033 1e528010d3d2d54 8d32a08e0d0b1183
745035c2b643033 1e528010d3d2d54 8d32a08e0d0b1183 5a92477004cf57fb
1e528010d3d2d54 8d32a08e0d0b1183 5a92477004cf57fb 284ca782182a253f
java.lang.AssertionError: assertion failed: Cannot
assertion failed: Cannot mkdir
failed: Cannot mkdir "0/1/4"
Cannot mkdir "0/1/4" occurred,
mkdir "0/1/4" occurred, aborting.
[WARNING] modbat/test/SimpleFileModel.scala:33: modbat.test.SimpleFileModel-1: skip
[WARNING] modbat/test/SimpleFileModel.scala:34: modbat.test.SimpleFileModel-1: launch;
modbat/test/SimpleFileModel.scala:34: modbat.test.SimpleFileModel-1: launch; choices
modbat.test.SimpleFileModel-1: launch; choices =
launch; choices = (0.42469475)
[WARNING] modbat/test/SimpleFileModel.scala:43: modbat.test.SimpleFileModel-1: require
[WARNING] modbat/test/SimpleFileModel.scala:45: modbat.test.SimpleFileModel-1: launch;
modbat/test/SimpleFileModel.scala:45: modbat.test.SimpleFileModel-1: launch; choices
launch; choices = (0,
choices = (0, 0.052770555)
[WARNING] modbat/test/SimpleFileModel.scala:49: modbat.test.SimpleFileModel-1: skip
[WARNING] modbat/test/SimpleFileModel.scala:50: modbat.test.SimpleFileModel-1: println
[WARNING] modbat/test/SimpleFileModel.scala:33: modbat.test.SimpleFileModel-2: skip
[WARNING] modbat/test/SimpleFileModel.scala:43: modbat.test.SimpleFileModel-2: require
[WARNING] modbat/test/SimpleFileModel.scala:45: modbat.test.SimpleFileModel-2: launch;
modbat/test/SimpleFileModel.scala:45: modbat.test.SimpleFileModel-2: launch; choices
modbat.test.SimpleFileModel-2: launch; choices =
launch; choices = (1,
choices = (1, 0.116557345)
[WARNING] modbat/test/SimpleFileModel.scala:33: modbat.test.SimpleFileModel-4: skip
[WARNING] modbat/test/SimpleFileModel.scala:33: modbat.test.SimpleFileModel-3: skip
[WARNING] modbat/test/SimpleFileModel.scala:43: modbat.test.SimpleFileModel-4: require
[WARNING] modbat/test/SimpleFileModel.scala:49: modbat.test.SimpleFileModel-3: skip
[WARNING] modbat/test/SimpleFileModel.scala:45: modbat.test.SimpleFileModel-4: launch;
modbat/test/SimpleFileModel.scala:45: modbat.test.SimpleFileModel-4: launch; choices
modbat.test.SimpleFileModel-4: launch; choices =
choices = (1, 0.47003296)
[WARNING] modbat/test/SimpleFileModel.scala:49: modbat.test.SimpleFileModel-2: skip
[WARNING] modbat/test/SimpleFileModel.scala:33: modbat.test.SimpleFileModel-5: skip
[WARNING] modbat/test/SimpleFileModel.scala:37: modbat.test.SimpleFileModel-5: launch
20 tests executed, 19
tests executed, 19 ok,
executed, 19 ok, 1
19 ok, 1 failed.
failed: i = 0
i = 0 at
= 0 at invariantCheck
[INFO] 284ca782182a253f  
[WARNING] modbat/test/ComplexLaunch4.scala:17: modbat.test.ComplexLaunch4-1: skip
[WARNING] modbat/test/ComplexLaunch4.scala:22: modbat.test.ComplexLaunch4-1: launch
[WARNING] modbat/test/ComplexLaunch4.scala:27: modbat.test.ComplexLaunch4-1: assert
[WARNING] modbat/test/ComplexLaunch4.scala:17: modbat.test.ComplexLaunch4-2: skip
[WARNING] modbat/test/ComplexLaunch4.scala:27: modbat.test.ComplexLaunch4-2: assert
[WARNING] modbat/test/ComplexLaunch4.scala:17: modbat.test.ComplexLaunch4-3: skip
[WARNING] modbat/test/ComplexLaunch4.scala:27: modbat.test.ComplexLaunch4-3: assert
[WARNING] modbat/test/ComplexLaunch4.scala:17: modbat.test.ComplexLaunch4-4: skip
[WARNING] modbat/test/ComplexLaunch4.scala:22: modbat.test.ComplexLaunch4-4: launch
[WARNING] modbat/test/ComplexLaunch4.scala:18: modbat.test.ComplexLaunch4-4: launch
[WARNING] modbat/test/Child4.scala:20: modbat.test.Child4-2: skip
[WARNING] modbat/test/Child4.scala:20: modbat.test.Child4-1: skip
[WARNING] modbat/test/Child4.scala:25: modbat.test.Child4-2: assert
[WARNING] modbat/test/Child4.scala:25: modbat.test.Child4-1: assert
[WARNING] modbat/test/ComplexLaunch4.scala:17: modbat.test.ComplexLaunch4-5: skip
[WARNING] modbat/test/ComplexLaunch4.scala:27: modbat.test.ComplexLaunch4-4: assert
[WARNING] modbat/test/ComplexLaunch4.scala:18: modbat.test.ComplexLaunch4-5: launch
[WARNING] modbat/test/ComplexLaunch4.scala:22: modbat.test.ComplexLaunch4-5: launch
[WARNING] modbat/test/ComplexLaunch4.scala:17: modbat.test.ComplexLaunch4-6: skip
[WARNING] modbat/test/ComplexLaunch4.scala:22: modbat.test.ComplexLaunch4-6: launch
[WARNING] modbat/test/ComplexLaunch4.scala:17: modbat.test.ComplexLaunch4-7: skip
[WARNING] modbat/test/ComplexLaunch4.scala:27: modbat.test.ComplexLaunch4-7: assert
[WARNING] modbat/test/ComplexLaunch4.scala:18: modbat.test.ComplexLaunch4-6: launch
[WARNING] modbat/test/Child4.scala:20: modbat.test.Child4-4: skip
[WARNING] modbat/test/Child4.scala:22: modbat.test.Child4-4: id
[WARNING] modbat/test/ComplexLaunch4.scala:17: modbat.test.ComplexLaunch4-10: skip
[WARNING] modbat/test/ComplexLaunch4.scala:18: modbat.test.ComplexLaunch4-10: launch
[WARNING] modbat/test/Child4.scala:20: modbat.test.Child4-3: skip
[WARNING] modbat/test/ComplexLaunch4.scala:27: modbat.test.ComplexLaunch4-6: assert
4 states covered (80
states covered (80 %
% out of 5),
[INFO] 5 transitions covered
5 transitions covered (71
transitions covered (71 %
covered (71 % out
(71 % out of
[WARNING] modbat/test/ObserverHarness2.scala:8: modbat.test.ObserverHarness2-1: launch
[WARNING] modbat/test/ObserverHarness2.scala:10: modbat.test.ObserverHarness2-1: skip
[WARNING] modbat/test/ObserverHarness2.scala:12: modbat.test.ObserverHarness2-1: i
[WARNING] modbat/test/TestObserver.scala:9: modbat.test.TestObserver-1: println
[WARNING] modbat/test/TestObserver.scala:9: modbat.test.TestObserver-2: println
[WARNING] modbat/test/TestObserver.scala:9: modbat.test.TestObserver-3: println
[WARNING] modbat/test/TestObserver.scala:9: modbat.test.TestObserver-4: println
[WARNING] modbat/test/TestObserver.scala:9: modbat.test.TestObserver-5: println
[WARNING] modbat/test/TestObserver.scala:9: modbat.test.TestObserver-6: println
[WARNING] modbat/test/TestObserver.scala:13: modbat.test.TestObserver-1: println
[WARNING] modbat/test/TestObserver.scala:18: modbat.test.TestObserver-1: assert
[WARNING] modbat/test/TestObserver.scala:13: modbat.test.TestObserver-2: println
[WARNING] modbat/test/TestObserver.scala:18: modbat.test.TestObserver-2: assert
[WARNING] modbat/test/TestObserver.scala:13: modbat.test.TestObserver-3: println
[WARNING] modbat/test/TestObserver.scala:18: modbat.test.TestObserver-3: assert
[WARNING] modbat/test/TestObserver.scala:13: modbat.test.TestObserver-4: println
[WARNING] modbat/test/TestObserver.scala:18: modbat.test.TestObserver-4: assert
[WARNING] modbat/test/TestObserver.scala:13: modbat.test.TestObserver-5: println
[WARNING] modbat/test/TestObserver.scala:18: modbat.test.TestObserver-5: assert
[WARNING] modbat/test/TestObserver.scala:13: modbat.test.TestObserver-6: println
[WARNING] modbat/test/TestObserver.scala:18: modbat.test.TestObserver-6: assert
[ERROR] Extra arguments starting
Extra arguments starting at
arguments starting at "-n=1"
starting at "-n=1" are
at "-n=1" are not
"-n=1" are not supported.
new model instance modbat.test.IllArgTest-1...
[FINE] modbat.test.IllArgTest-1: Executing transition
modbat.test.IllArgTest-1: Executing transition ok
transition ok => err...
new model instance modbat.examples.NioSocket1-1...
[FINE] modbat.examples.NioSocket1-1: Executing transition
modbat.examples.NioSocket1-1: Executing transition reset
modbat.examples.NioSocket1-1: Executing transition open
modbat.examples.NioSocket1-1: Executing transition closed
transition open => maybeconnected...
violated, backtracking to open.
transition open => err
open => err (1)...
[FINE] java.nio.channels.NoConnectionPendingException generated as
java.nio.channels.NoConnectionPendingException generated as expected.
transition open => connected...
modbat.examples.NioSocket1-1: Executing transition connected
transition connected => connected
connected => connected (1)...
transition connected => err...
[FINE] java.nio.channels.AlreadyConnectedException generated as
java.nio.channels.AlreadyConnectedException generated as expected.
transition connected => closed...
open => err (2)...
[FINE] java.nio.channels.NotYetConnectedException generated as
java.nio.channels.NotYetConnectedException generated as expected.
modbat.examples.NioSocket1-1: Executing transition maybeconnected
Executing transition maybeconnected =>
transition maybeconnected => closed...
connected => connected (2)...
transition maybeconnected => maybeconnected
maybeconnected => maybeconnected (2)...
transition maybeconnected => err
maybeconnected => err (2)...
maybeconnected => err (1)...
[FINE] java.nio.channels.ConnectionPendingException generated as
java.nio.channels.ConnectionPendingException generated as expected.
transition maybeconnected => connected...
violated, backtracking to maybeconnected.
maybeconnected => maybeconnected (1)...
[INFO] 1) java.lang.NullPointerException at
1) java.lang.NullPointerException at join
1 states covered (50
[INFO] 0 transitions covered
0 transitions covered (0
transitions covered (0 %
covered (0 % out
(0 % out of
% out of 1).
Test: (gear,3) (power,0) (power,1)
(gear,3) (power,0) (power,1) (gear,2)
(power,0) (power,1) (gear,2) (gear,3)
Test: (gear,3) (power,1) (gear,2)
(gear,3) (power,1) (gear,2) (gear,1)
(power,1) (gear,2) (gear,1) (power,0)
Test: (gear,2) (power,0) (gear,1)
(gear,2) (power,0) (gear,1) (gear,2)
(power,0) (gear,1) (gear,2) (gear,1)
Test: (gear,2) (power,1) (gear,3)
(gear,2) (power,1) (gear,3) (gear,2)
(power,1) (gear,3) (gear,2) (gear,1)
Test: (gear,4) (power,0) (gear,3)
(gear,4) (power,0) (gear,3) (gear,2)
(power,0) (gear,3) (gear,2) (gear,3)
Test: (gear,4) (power,1) (gear,3)
(gear,4) (power,1) (gear,3) (gear,4)
(power,1) (gear,3) (gear,4) (power,0)
(gear,4) (power,1) (gear,3) (gear,2)
(gear,4) (power,1) (gear,3) (power,0)
(power,1) (gear,3) (power,0) (gear,4)
Test: (gear,1) (power,1) (power,0)
(gear,1) (power,1) (power,0) (gear,2)
(power,1) (power,0) (gear,2) (power,1)
Test: (gear,2) (power,1) (gear,1)
(gear,2) (power,1) (gear,1) (gear,2)
(power,1) (gear,3) (power,0) (power,1)
Test: (gear,4) (power,0) (power,1)
(gear,4) (power,0) (power,1) (power,0)
(power,0) (power,1) (power,0) (power,1)
(gear,3) (power,0) (power,1) (power,0)
(power,0) (power,1) (power,0) (gear,4)
Test: (gear,3) (power,1) (power,0)
(gear,3) (power,1) (power,0) (gear,4)
(power,1) (power,0) (gear,4) (power,1)
(gear,4) (power,0) (power,1) (gear,3)
(power,0) (power,1) (gear,3) (gear,4)
[ERROR] at modbat.test.NextIfTest3.assert(NextIfTest3.scala) 
[ERROR] at modbat.test.NextIfTest3$$anonfun$3.apply$mcV$sp(NextIfTest3.scala) 
[ERROR] at modbat.test.NextIfTest3$$anonfun$3.apply(NextIfTest3.scala) 
new model instance modbat.test.MaybeNextIfTest-1...
[FINE] modbat.test.MaybeNextIfTest-1: Executing transition
modbat.test.MaybeNextIfTest-1: Executing transition ok
go to state err.
modbat.test.MaybeNextIfTest-1: Executing transition err
transition err => err...
[ERROR] Primary model must
Primary model must not
model must not be
must not be of
not be of type
be of type Observer.
[ERROR] at modbat.examples.SimpleModel.assert(SimpleModel.scala) 
[ERROR] at modbat.examples.SimpleModel$$anonfun$6.apply$mcV$sp(SimpleModel.scala) 
[ERROR] at modbat.examples.SimpleModel$$anonfun$6.apply(SimpleModel.scala) 
2 tests executed, 0
executed, 0 ok, 2
0 ok, 2 failed.
[INFO] 1) java.lang.IllegalArgumentException: requirement
1) java.lang.IllegalArgumentException: requirement failed
java.lang.IllegalArgumentException: requirement failed at
requirement failed at fail
[INFO] 3ba471c1785a0175 402b73cd0066eaea 
failed at transition modbat/test/SUTReq.scala:8
at transition modbat/test/SUTReq.scala:8 require
passed at transition modbat/test/SUTReq.scala:10
at transition modbat/test/SUTReq.scala:10 fail
[WARNING] NoPackage.scala:6: assert 
[INFO] 5 tests executed,
5 tests executed, 4
tests executed, 4 ok,
executed, 4 ok, 1
4 ok, 1 failed.
[INFO] 89a82931be29e65  
test would be: 27fe2d950fc74b21
10 tests executed, 1
executed, 1 ok, 9
1 ok, 9 failed.
= 0 at check
3ba471c1785a0175 402b73cd0066eaea 41530f4040856586 89a82931be29e65
402b73cd0066eaea 41530f4040856586 89a82931be29e65 49a846e52b813972
41530f4040856586 89a82931be29e65 49a846e52b813972 27fe2d950fc74b21
89a82931be29e65 49a846e52b813972 27fe2d950fc74b21 19b6aa1b14a29017
49a846e52b813972 27fe2d950fc74b21 19b6aa1b14a29017 5ff50ec9279365d2
27fe2d950fc74b21 19b6aa1b14a29017 5ff50ec9279365d2 85780661bf76533
[INFO] 6 transitions covered
6 transitions covered (85
transitions covered (85 %
covered (85 % out
(85 % out of
10 tests executed, 9
tests executed, 9 ok,
executed, 9 ok, 1
9 ok, 1 failed.
[INFO] 486e122d1bcbade7  
[INFO] 0 tests executed,
0 tests executed, 0
executed, 0 ok, 0
0 ok, 0 failed.
2 transitions covered (50
transitions covered (50 %
[INFO] modbat.test.ComplexLaunch5: 3 states
modbat.test.ComplexLaunch5: 3 states covered
[INFO] modbat.test.ComplexLaunch5: 4 transitions
modbat.test.ComplexLaunch5: 4 transitions covered
[INFO] modbat.test.Child5: 3 states
modbat.test.Child5: 3 states covered
[INFO] modbat.test.Child5: 3 transitions
modbat.test.Child5: 3 transitions covered
1   
2   
3   
[INFO] 30 tests executed,
30 tests executed, 26
tests executed, 26 ok,
executed, 26 ok, 4
26 ok, 4 failed.
[INFO] 49a846e52b813972 486e122d1bcbade7 1690fa4e0c732f7d
49a846e52b813972 486e122d1bcbade7 1690fa4e0c732f7d 636e772f0798297b
5 states covered (100
6 transitions covered (100
% out of 6).
test would be: 7073195f4478074f
845 5621447540498098  
20 tests executed, 15
tests executed, 15 ok,
executed, 15 ok, 5
15 ok, 5 failed.
[INFO] 1) Expected exception
1) Expected exception did
Expected exception did not
exception did not occur
did not occur at
not occur at invariantCheck
[INFO] 5ff50ec9279365d2 a410ce32fc39dfb 745035c2b643033
5ff50ec9279365d2 a410ce32fc39dfb 745035c2b643033 8d32a08e0d0b1183
a410ce32fc39dfb 745035c2b643033 8d32a08e0d0b1183 5a92477004cf57fb
[ERROR] at modbat.test.MaybeNextIfTest2.assert(MaybeNextIfTest2.scala) 
[ERROR] at modbat.test.MaybeNextIfTest2$$anonfun$5.apply$mcV$sp(MaybeNextIfTest2.scala) 
[ERROR] at modbat.test.MaybeNextIfTest2$$anonfun$5.apply(MaybeNextIfTest2.scala) 
i = 0 occurred,
= 0 occurred, aborting.
[WARNING] modbat/test/InvariantCheck.scala:14: reset =>
modbat/test/InvariantCheck.scala:14: reset => somestate;
reset => somestate; choices
=> somestate; choices =
somestate; choices = (0.6395907)
[WARNING] modbat/test/InvariantCheck.scala:8: invariantCheck 
1 transitions covered (50
one   
many   
1 transitions covered (100
new model instance modbat.test.TickTockTest-1...
[FINE] modbat.test.TickTockTest-1: Executing transition
modbat.test.TickTockTest-1: Executing transition reset
new model instance modbat.test.TickTockObserver-1...
[FINE] modbat.test.TickTockObserver-1: Executing transition
modbat.test.TickTockObserver-1: Executing transition tick
Executing transition tick =>
transition tick => tock...
violated, backtracking to tick.
modbat.test.TickTockTest-1: Executing transition counting
[FINE] choose(1, 5) =
choose(1, 5) = 4
modbat.test.TickTockObserver-1: Executing transition tock
Executing transition tock =>
transition tock => tick...
choose(1, 5) = 1
choose(1, 5) = 3
new model instance modbat.test.Redundancy-1...
[FINE] modbat.test.Redundancy-1: Executing transition
modbat.test.Redundancy-1: Executing transition reset
modbat.test.Redundancy-1: Executing transition counting
transition counting => counting
counting => counting (2)...
counting => counting (1)...
counting => counting (3)...
[WARNING] modbat/test/InvCheck2.scala:14: reset -->
modbat/test/InvCheck2.scala:14: reset --> state2;
reset --> state2; choices
--> state2; choices =
state2; choices = (0.6395907)
[WARNING] modbat/test/InvCheck2.scala:8: invariantCheck 
assertion failed at i
[INFO] modbat.test.ObserverHarness4: 3 states
modbat.test.ObserverHarness4: 3 states covered
[INFO] modbat.test.ObserverHarness4: 5 transitions
modbat.test.ObserverHarness4: 5 transitions covered
5 transitions covered (100
[INFO] modbat.test.TestObserver: 3 states
modbat.test.TestObserver: 3 states covered
[INFO] modbat.test.TestObserver: 3 transitions
modbat.test.TestObserver: 3 transitions covered
passed at transition modbat/test/TestObserver.scala:13:
at transition modbat/test/TestObserver.scala:13: modbat.test.TestObserver-1
transition modbat/test/TestObserver.scala:13: modbat.test.TestObserver-1 println
1000 tests executed, 972
tests executed, 972 ok,
executed, 972 ok, 28
972 ok, 28 failed.
[INFO] 402b73cd0066eaea 19b6aa1b14a29017 af39d7b440c7619
402b73cd0066eaea 19b6aa1b14a29017 af39d7b440c7619 29f82abd2be12950
19b6aa1b14a29017 af39d7b440c7619 29f82abd2be12950 2b18082b1bd0dc96
af39d7b440c7619 29f82abd2be12950 2b18082b1bd0dc96 133202bc25957d90
29f82abd2be12950 2b18082b1bd0dc96 133202bc25957d90 88af43883571af0c
2b18082b1bd0dc96 133202bc25957d90 88af43883571af0c 69bff9e70d82f564
133202bc25957d90 88af43883571af0c 69bff9e70d82f564 1e722f5a2e3246cb
88af43883571af0c 69bff9e70d82f564 1e722f5a2e3246cb 4a48affe2f9f1eec
69bff9e70d82f564 1e722f5a2e3246cb 4a48affe2f9f1eec 72d25cc409059603
1e722f5a2e3246cb 4a48affe2f9f1eec 72d25cc409059603 5e266594310b253e
4a48affe2f9f1eec 72d25cc409059603 5e266594310b253e 2856c6312e4eff2a
72d25cc409059603 5e266594310b253e 2856c6312e4eff2a 77a0fd973e5a7f16
5e266594310b253e 2856c6312e4eff2a 77a0fd973e5a7f16 202770fe19b24c8c
2856c6312e4eff2a 77a0fd973e5a7f16 202770fe19b24c8c 426981ef1f5d935d
77a0fd973e5a7f16 202770fe19b24c8c 426981ef1f5d935d 8f65c44a1e1e02d9
202770fe19b24c8c 426981ef1f5d935d 8f65c44a1e1e02d9 6444c61118268f28
426981ef1f5d935d 8f65c44a1e1e02d9 6444c61118268f28 26179a5519153bb7
8f65c44a1e1e02d9 6444c61118268f28 26179a5519153bb7 769392035d2b8fa
6444c61118268f28 26179a5519153bb7 769392035d2b8fa 75100d3b0a0e085b
26179a5519153bb7 769392035d2b8fa 75100d3b0a0e085b 7f3d11840c56e036
769392035d2b8fa 75100d3b0a0e085b 7f3d11840c56e036 24573c050945117d
75100d3b0a0e085b 7f3d11840c56e036 24573c050945117d 48e6858622f077f5
7f3d11840c56e036 24573c050945117d 48e6858622f077f5 6e1dc0fd3d52640f
24573c050945117d 48e6858622f077f5 6e1dc0fd3d52640f 88c05e902ee96a2a
48e6858622f077f5 6e1dc0fd3d52640f 88c05e902ee96a2a 6231d53e20af3a22
6e1dc0fd3d52640f 88c05e902ee96a2a 6231d53e20af3a22 1e7e66d92e12a205
[WARNING] All preconditions false
All preconditions false at
preconditions false at transition
false at transition modbat/test/SUTReq.scala:8
false at transition modbat/test/SUTReq.scala:10
[WARNING] Maybe the preconditions
Maybe the preconditions are
the preconditions are too
preconditions are too strict?
[INFO] 200 tests executed,
200 tests executed, 200
tests executed, 200 ok,
executed, 200 ok, 0
200 ok, 0 failed.
[INFO] 18 transitions covered
18 transitions covered (100
% out of 18).
test would be: 21a48b131218e9b4
20 tests executed, 2
tests executed, 2 ok,
executed, 2 ok, 18
2 ok, 18 failed.
[INFO] 402b73cd0066eaea 41530f4040856586 89a82931be29e65
402b73cd0066eaea 41530f4040856586 89a82931be29e65 27fe2d950fc74b21
41530f4040856586 89a82931be29e65 27fe2d950fc74b21 19b6aa1b14a29017
27fe2d950fc74b21 19b6aa1b14a29017 85780661bf76533 745035c2b643033
19b6aa1b14a29017 85780661bf76533 745035c2b643033 1e528010d3d2d54
745035c2b643033 1e528010d3d2d54 5a92477004cf57fb 284ca782182a253f
1e528010d3d2d54 5a92477004cf57fb 284ca782182a253f 8e80db4b43867a5a
5a92477004cf57fb 284ca782182a253f 8e80db4b43867a5a 7bb4b043219b1ba6
[INFO] 3ba471c1785a0175 49a846e52b813972 a410ce32fc39dfb
3ba471c1785a0175 49a846e52b813972 a410ce32fc39dfb 1690fa4e0c732f7d
49a846e52b813972 a410ce32fc39dfb 1690fa4e0c732f7d 8d32a08e0d0b1183
a410ce32fc39dfb 1690fa4e0c732f7d 8d32a08e0d0b1183 5e7dfc9e0a3af5da
[INFO] 4 tests executed,
4 tests executed, 3
tests executed, 3 ok,
executed, 3 ok, 1
3 ok, 1 failed.
test would be: 49a846e52b813972
[WARNING] modbat/test/LoopTest.scala:9: assert 
[WARNING] modbat/test/LoopTest.scala:11: assert 
[INFO] 49a846e52b813972  
4 states covered (66
5 transitions covered (25
[WARNING] modbat/examples/CounterModel.scala:10: new Counter
[WARNING] modbat/examples/CounterModel.scala:13: toggleSwitch 
[WARNING] modbat/examples/CounterModel.scala:16: inc 
[WARNING] modbat/examples/CounterModel.scala:19: inc 
[WARNING] modbat/examples/CounterModel.scala:25: assert 
failed at transition modbat/test/RequireMaybeTest2.scala:17
at transition modbat/test/RequireMaybeTest2.scala:17 maybeTest
new model instance modbat.test.LoopTest2-1...
[FINE] modbat.test.LoopTest2-1: Executing transition
modbat.test.LoopTest2-1: Executing transition ok
transition ok => ok2...
loop 1 (model modbat.test.LoopTest2-1,
1 (model modbat.test.LoopTest2-1, state
(model modbat.test.LoopTest2-1, state ok2),
modbat.test.LoopTest2-1, state ok2), filtering
state ok2), filtering transition
ok2), filtering transition ok2
filtering transition ok2 =>
transition ok2 => ok2.
[ERROR] java.lang.AssertionError: assertion failed:
[ERROR] at modbat.test.WeightedTestWFrac.assert(WeightedTestWFrac.scala) 
[ERROR] at modbat.test.WeightedTestWFrac$$anonfun$1.apply$mcV$sp(WeightedTestWFrac.scala) 
[ERROR] at modbat.test.WeightedTestWFrac$$anonfun$1.apply(WeightedTestWFrac.scala) 
modbat.test.LoopTest2-1: Executing transition ok2
Executing transition ok2 =>
transition ok2 => ok2...
failed at transition modbat/test/ThrowTest.scala:17
at transition modbat/test/ThrowTest.scala:17 dangerous
ok   
err2   
20 tests executed, 0
executed, 0 ok, 20
0 ok, 20 failed.
19b6aa1b14a29017 5ff50ec9279365d2 85780661bf76533 486e122d1bcbade7
5ff50ec9279365d2 85780661bf76533 486e122d1bcbade7 a410ce32fc39dfb
85780661bf76533 486e122d1bcbade7 a410ce32fc39dfb 745035c2b643033
486e122d1bcbade7 a410ce32fc39dfb 745035c2b643033 1e528010d3d2d54
a410ce32fc39dfb 745035c2b643033 1e528010d3d2d54 1690fa4e0c732f7d
745035c2b643033 1e528010d3d2d54 1690fa4e0c732f7d 8d32a08e0d0b1183
1e528010d3d2d54 1690fa4e0c732f7d 8d32a08e0d0b1183 5a92477004cf57fb
1690fa4e0c732f7d 8d32a08e0d0b1183 5a92477004cf57fb 284ca782182a253f
8d32a08e0d0b1183 5a92477004cf57fb 284ca782182a253f 5e7dfc9e0a3af5da
5a92477004cf57fb 284ca782182a253f 5e7dfc9e0a3af5da 8e80db4b43867a5a
284ca782182a253f 5e7dfc9e0a3af5da 8e80db4b43867a5a 7bb4b043219b1ba6
[INFO] modbat.test.ObserverHarness: 3 states
modbat.test.ObserverHarness: 3 states covered
[INFO] modbat.test.ObserverHarness: 3 transitions
modbat.test.ObserverHarness: 3 transitions covered
3 tests executed, 2
executed, 2 ok, 1
2 ok, 1 failed.
failed: n = 2
n = 2 at
= 2 at assert
[INFO] 41530f4040856586  
[WARNING] modbat/test/MaybeNextIfTest.scala:8: println; choices
modbat/test/MaybeNextIfTest.scala:8: println; choices =
println; choices = (0.23796444)
[WARNING] modbat/test/MaybeNextIfTest.scala:11: assert 
println; choices = (0.89374465)
println; choices = (0.42469475)
println; choices = (0.47383475)
println; choices = (0.052770555)
[ERROR] at modbat.test.InvCheck3_1.assert(InvCheck3_1.scala) 
[ERROR] at modbat.test.InvCheck3_1.check(InvCheck3_1.scala) 
[ERROR] at sun.reflect.NativeMethodAccessorImpl.invoke0(Native Method)
[ERROR] at sun.reflect.NativeMethodAccessorImpl.invoke(NativeMethodAccessorImpl.java) 
[ERROR] at sun.reflect.DelegatingMethodAccessorImpl.invoke(DelegatingMethodAccessorImpl.java) 
[ERROR] at java.lang.reflect.Method.invoke(Method.java) 
[ERROR] at sun.reflect.GeneratedMethodAccessor1.invoke(Unknown Source)
[WARNING] modbat/test/MaybeNextIfTest5.scala:8: println; choices
modbat/test/MaybeNextIfTest5.scala:8: println; choices =
[WARNING] modbat/test/MaybeNextIfTest5.scala:12: assert 
println; choices = (0.4793791)
[WARNING] modbat/test/LoopTest2.scala:9: skip 
[WARNING] modbat/test/LoopTest2.scala:10: assert 
[WARNING] modbat/test/LoopTest2.scala:12: assert 
[WARNING] modbat/test/ObserverHarness4.scala:8: modbat.test.ObserverHarness4-1: launch
[WARNING] modbat/test/ObserverHarness4.scala:10: modbat.test.ObserverHarness4-1: skip
[WARNING] modbat/test/ObserverHarness4.scala:12: modbat.test.ObserverHarness4-1: i
[WARNING] modbat/test/ObserverHarness4.scala:15: modbat.test.ObserverHarness4-1: i
[WARNING] modbat/test/ComplexLaunch2.scala:17: modbat.test.ComplexLaunch2-1: skip
[WARNING] modbat/test/ComplexLaunch2.scala:22: modbat.test.ComplexLaunch2-1: launch
[WARNING] modbat/test/ComplexLaunch2.scala:27: modbat.test.ComplexLaunch2-1: assert
[WARNING] modbat/test/ComplexLaunch2.scala:17: modbat.test.ComplexLaunch2-2: skip
[WARNING] modbat/test/ComplexLaunch2.scala:27: modbat.test.ComplexLaunch2-2: assert
[WARNING] modbat/test/ComplexLaunch2.scala:17: modbat.test.ComplexLaunch2-3: skip
[WARNING] modbat/test/ComplexLaunch2.scala:27: modbat.test.ComplexLaunch2-3: assert
[WARNING] modbat/test/ComplexLaunch2.scala:17: modbat.test.ComplexLaunch2-4: skip
[WARNING] modbat/test/ComplexLaunch2.scala:22: modbat.test.ComplexLaunch2-4: launch
[WARNING] modbat/test/ComplexLaunch2.scala:18: modbat.test.ComplexLaunch2-4: launch
[WARNING] modbat/test/Child2.scala:9: modbat.test.Child2-2: skip
[WARNING] modbat/test/Child2.scala:9: modbat.test.Child2-1: skip
[WARNING] modbat/test/Child2.scala:14: modbat.test.Child2-2: assert
[WARNING] modbat/test/Child2.scala:14: modbat.test.Child2-1: assert
[WARNING] modbat/test/ComplexLaunch2.scala:17: modbat.test.ComplexLaunch2-5: skip
[WARNING] modbat/test/ComplexLaunch2.scala:27: modbat.test.ComplexLaunch2-4: assert
[WARNING] modbat/test/ComplexLaunch2.scala:18: modbat.test.ComplexLaunch2-5: launch
[WARNING] modbat/test/ComplexLaunch2.scala:22: modbat.test.ComplexLaunch2-5: launch
[WARNING] modbat/test/ComplexLaunch2.scala:17: modbat.test.ComplexLaunch2-6: skip
[WARNING] modbat/test/ComplexLaunch2.scala:22: modbat.test.ComplexLaunch2-6: launch
[WARNING] modbat/test/ComplexLaunch2.scala:17: modbat.test.ComplexLaunch2-7: skip
[WARNING] modbat/test/ComplexLaunch2.scala:27: modbat.test.ComplexLaunch2-7: assert
[WARNING] modbat/test/ComplexLaunch2.scala:18: modbat.test.ComplexLaunch2-6: launch
[WARNING] modbat/test/Child2.scala:9: modbat.test.Child2-4: skip
[WARNING] modbat/test/Child2.scala:11: modbat.test.Child2-4: id
[WARNING] modbat/test/ComplexLaunch2.scala:17: modbat.test.ComplexLaunch2-10: skip
[WARNING] modbat/test/ComplexLaunch2.scala:18: modbat.test.ComplexLaunch2-10: launch
[WARNING] modbat/test/Child2.scala:9: modbat.test.Child2-3: skip
[WARNING] modbat/test/ComplexLaunch2.scala:27: modbat.test.ComplexLaunch2-6: assert
[INFO] modbat.test.Immediate: 1 states
modbat.test.Immediate: 1 states covered
[INFO] modbat.test.Immediate: 1 transitions
modbat.test.Immediate: 1 transitions covered
[INFO] modbat.test.Catches: 2 states
modbat.test.Catches: 2 states covered
[INFO] modbat.test.Catches: 2 transitions
modbat.test.Catches: 2 transitions covered
[WARNING] modbat/test/ExcTest6.scala:7: new Exception
[WARNING] modbat/test/ExcTest6.scala:13: assert 
arguments starting at "b"
starting at "b" are
at "b" are not
"b" are not supported.
new model instance modbat.test.LoopTestWithLaunch-1...
[FINE] modbat.test.LoopTestWithLaunch-1: Executing transition
modbat.test.LoopTestWithLaunch-1: Executing transition ok
transition ok => ok
ok => ok (2)...
new model instance modbat.test.LoopTestWithLaunch-2...
[FINE] modbat.test.LoopTestWithLaunch-2: Executing transition
modbat.test.LoopTestWithLaunch-2: Executing transition ok
new model instance modbat.test.LoopTestWithLaunch-3...
ok => ok (1)...
new model instance modbat.test.LoopTestWithLaunch-4...
loop 3 (model modbat.test.LoopTestWithLaunch-1,
3 (model modbat.test.LoopTestWithLaunch-1, state
(model modbat.test.LoopTestWithLaunch-1, state ok),
modbat.test.LoopTestWithLaunch-1, state ok), filtering
ok => ok (1).
ok => ok (2).
[FINE] modbat.test.LoopTestWithLaunch-3: Executing transition
modbat.test.LoopTestWithLaunch-3: Executing transition ok
[ERROR] at modbat.test.ExcTest3.assert(ExcTest3.scala) 
[ERROR] at modbat.test.ExcTest3$$anonfun$2.apply$mcV$sp(ExcTest3.scala) 
[ERROR] at modbat.test.ExcTest3$$anonfun$2.apply(ExcTest3.scala) 
[WARNING] modbat/test/ExcTest5.scala:8: mcZ 
[WARNING] modbat/test/ExcTest5.scala:12: assert 
[WARNING] modbat/test/ExcTestA4.scala:7: new IOException
[WARNING] modbat/test/ExcTestA4.scala:12: assert 
1 transitions covered (33
transitions covered (33 %
covered (33 % out
(33 % out of
[ERROR] at modbat.test.InvCheck4.assert(InvCheck4.scala) 
[ERROR] at modbat.test.InvCheck4.check(InvCheck4.scala) 
new model instance modbat.test.ObserverHarness7-1...
[FINE] modbat.test.ObserverHarness7-1: Executing transition
modbat.test.ObserverHarness7-1: Executing transition reset
new model instance modbat.test.ConcurrentObserver-1...
[FINE] modbat.test.ConcurrentObserver-1: Executing transition
modbat.test.ConcurrentObserver-1: Executing transition zero
modbat.test.ObserverHarness7-1: Executing transition counting
modbat.test.ConcurrentObserver-1: Executing transition one
modbat.test.ConcurrentObserver-1: Executing transition many
[DEBUG] Adding build/modbat-examples.jar to
Adding build/modbat-examples.jar to classpath.
[DEBUG] modbat.examples.JavaNioServerSocket-1: Registered state
modbat.examples.JavaNioServerSocket-1: Registered state transition
state transition from reset
transition from reset to
from reset to open
state transition from open
transition from open to
from open to open
from open to bound
state transition from bound
transition from bound to
from bound to bound
from open to err
from bound to connected
from bound to accepting
state transition from accepting
transition from accepting to
from accepting to accepting
state transition from connected
transition from connected to
from connected to connected
from connected to bound
from accepting to bound
from open to closed
from bound to closed
from accepting to closed
state transition from closed
transition from closed to
from closed to closed
from closed to err
from accepting to connected
[DEBUG] Function "accept" called
Function "accept" called inside
"accept" called inside closure
called inside closure (such
inside closure (such as
closure (such as "maybe").
[ERROR] at modbat.test.Choices.assert(Choices.scala) 
[ERROR] at modbat.test.Choices$$anonfun$1.apply$mcV$sp(Choices.scala) 
[ERROR] at modbat.test.Choices$$anonfun$1.apply(Choices.scala) 
[WARNING] modbat/test/ExcTestA5.scala:7: new Exception
[WARNING] modbat/test/ExcTestA5.scala:16: assert 
[WARNING] modbat/test/ExcTest4.scala:7: nonDetCall 
[WARNING] modbat/test/ExcTest4.scala:15: assert 
[WARNING] modbat/test/GenLabel.scala:13: dec 
[WARNING] modbat/test/GenLabel.scala:12: inc 
[INFO] modbat.test.ComplexLaunch2: 3 states
modbat.test.ComplexLaunch2: 3 states covered
[INFO] modbat.test.ComplexLaunch2: 4 transitions
modbat.test.ComplexLaunch2: 4 transitions covered
[INFO] modbat.test.Child2: 3 states
modbat.test.Child2: 3 states covered
[INFO] modbat.test.Child2: 3 transitions
modbat.test.Child2: 3 transitions covered
[WARNING] modbat/test/ExcTest2.scala:8: nonDetCall 
[WARNING] modbat/test/ExcTest2.scala:11: assert 
[ERROR] at modbat.test.InvCheck3.assert(InvCheck3.scala) 
[ERROR] at modbat.test.InvCheck3.check(InvCheck3.scala) 
false at transition modbat/test/RequireMaybeTest2.scala:17
4   
tick   
tock   
[INFO] 2e78dcb10b272e5  
2 transitions covered (40
transitions covered (40 %
covered (40 % out
(40 % out of
test would be: 4ffc5b2a1f8e9642
[WARNING] modbat/test/ExcTestA3.scala:8: nonDetCall 
[WARNING] modbat/test/ExcTestA3.scala:11: assert 
5 tests executed, 5
tests executed, 5 ok,
executed, 5 ok, 0
5 ok, 0 failed.
new model instance modbat.test.ComplexLaunch6-1...
[FINE] modbat.test.ComplexLaunch6-1: Executing transition
modbat.test.ComplexLaunch6-1: Executing transition init
modbat.test.ComplexLaunch6-1: Executing transition active
new model instance modbat.test.ComplexLaunch6-2...
new model instance modbat.test.ComplexLaunch6-3...
new model instance modbat.test.ComplexLaunch6-4...
[FINE] modbat.test.ComplexLaunch6-2: Executing transition
modbat.test.ComplexLaunch6-2: Executing transition init
modbat.test.ComplexLaunch6-2: Executing transition active
[FINE] modbat.test.ComplexLaunch6-3: Executing transition
modbat.test.ComplexLaunch6-3: Executing transition init
modbat.test.ComplexLaunch6-3: Executing transition active
[FINE] modbat.test.ComplexLaunch6-4: Executing transition
modbat.test.ComplexLaunch6-4: Executing transition init
modbat.test.ComplexLaunch6-4: Executing transition active
new model instance modbat.test.ComplexLaunch6-5...
new model instance modbat.test.Child6-1...
new model instance modbat.test.Child6-2...
[FINE] modbat.test.Child6-2: Executing transition
modbat.test.Child6-2: Executing transition init
[FINE] modbat.test.Child6-1: Executing transition
modbat.test.Child6-1: Executing transition init
modbat.test.Child6-2: Executing transition running
modbat.test.Child6-1: Executing transition running
[FINE] modbat.test.ComplexLaunch6-5: Executing transition
modbat.test.ComplexLaunch6-5: Executing transition init
modbat.test.ComplexLaunch6-5: Executing transition active
new model instance modbat.test.Child6-3...
new model instance modbat.test.ComplexLaunch6-6...
[FINE] modbat.test.ComplexLaunch6-6: Executing transition
modbat.test.ComplexLaunch6-6: Executing transition init
modbat.test.ComplexLaunch6-6: Executing transition active
new model instance modbat.test.ComplexLaunch6-7...
[FINE] modbat.test.ComplexLaunch6-7: Executing transition
modbat.test.ComplexLaunch6-7: Executing transition init
new model instance modbat.test.ComplexLaunch6-8...
modbat.test.ComplexLaunch6-7: Executing transition active
new model instance modbat.test.ComplexLaunch6-9...
new model instance modbat.test.Child6-4...
[FINE] modbat.test.Child6-4: Executing transition
modbat.test.Child6-4: Executing transition init
new model instance modbat.test.ComplexLaunch6-10...
new model instance modbat.test.ComplexLaunch6-11...
modbat.test.Child6-4: Executing transition running
[FINE] modbat.test.ComplexLaunch6-10: Executing transition
modbat.test.ComplexLaunch6-10: Executing transition init
new model instance modbat.test.Child6-5...
new model instance modbat.test.ComplexLaunch6-12...
modbat.test.ComplexLaunch6-10: Executing transition active
new model instance modbat.test.Child6-6...
[FINE] modbat.test.Child6-3: Executing transition
modbat.test.Child6-3: Executing transition init
[WARNING] java.lang.NullPointerException occurred, aborting.
[WARNING] modbat/test/JoinNull.scala:7: join 
[WARNING] modbat.dsl.JoinWithoutLaunchException occurred, aborting.
[WARNING] modbat/test/ForkJoin2.scala:7: join 
[WARNING] java.net.ConnectException: Connection refused
java.net.ConnectException: Connection refused occurred,
Connection refused occurred, aborting.
[WARNING] modbat/examples/NioSocket1.scala:84: connect 
[ERROR] at modbat.test.Redundancy.assert(Redundancy.scala) 
[ERROR] at modbat.test.Redundancy$$anonfun$5.apply$mcV$sp(Redundancy.scala) 
[ERROR] at modbat.test.Redundancy$$anonfun$5.apply(Redundancy.scala) 
50 tests executed, 43
tests executed, 43 ok,
executed, 43 ok, 7
43 ok, 7 failed.
[INFO] 5ff50ec9279365d2 1e528010d3d2d54 8d32a08e0d0b1183
5ff50ec9279365d2 1e528010d3d2d54 8d32a08e0d0b1183 8102b494089e6116
1e528010d3d2d54 8d32a08e0d0b1183 8102b494089e6116 46e3ffb302d6b70f
8d32a08e0d0b1183 8102b494089e6116 46e3ffb302d6b70f 7c984b5d1a209c21
8102b494089e6116 46e3ffb302d6b70f 7c984b5d1a209c21 2a83b5bd2ae1ea70
[INFO] modbat.test.ComplexLaunch: 3 states
modbat.test.ComplexLaunch: 3 states covered
[INFO] modbat.test.ComplexLaunch: 3 transitions
modbat.test.ComplexLaunch: 3 transitions covered
[INFO] modbat.test.Child: 3 states
modbat.test.Child: 3 states covered
[INFO] modbat.test.Child: 3 transitions
modbat.test.Child: 3 transitions covered
[ERROR] Value 0 for
Value 0 for option
0 for option s
for option s must
option s must be
s must be at
must be at least
be at least 1.
[WARNING] modbat/test/ExcTest3.scala:7: nonDetCall 
[WARNING] modbat/test/ExcTest3.scala:15: assert 
[INFO] modbat.test.ObserverHarness3: 3 states
modbat.test.ObserverHarness3: 3 states covered
[INFO] modbat.test.ObserverHarness3: 4 transitions
modbat.test.ObserverHarness3: 4 transitions covered
[INFO] modbat.test.TestObserver2: 3 states
modbat.test.TestObserver2: 3 states covered
[INFO] modbat.test.TestObserver2: 3 transitions
modbat.test.TestObserver2: 3 transitions covered
[ERROR] at modbat.test.TestObserver6.assert(TestObserver6.scala) 
[ERROR] at modbat.test.TestObserver6$$anonfun$3.apply$mcV$sp(TestObserver6.scala) 
[ERROR] at modbat.test.TestObserver6$$anonfun$3.apply(TestObserver6.scala) 
new model instance modbat.test.MaybeNextIfTest5-1...
[FINE] modbat.test.MaybeNextIfTest5-1: Executing transition
modbat.test.MaybeNextIfTest5-1: Executing transition ok
transition ok => err1...
modbat.test.MaybeNextIfTest5-1: Executing transition err1
Executing transition err1 =>
transition err1 => err1...
[ERROR] at modbat.test.MaybeNextIfTest5.assert(MaybeNextIfTest5.scala) 
[ERROR] at modbat.test.MaybeNextIfTest5$$anonfun$3.apply$mcV$sp(MaybeNextIfTest5.scala) 
[ERROR] at modbat.test.MaybeNextIfTest5$$anonfun$3.apply(MaybeNextIfTest5.scala) 
Cannot mkdir "0/1/4" at
mkdir "0/1/4" at launch
n = 10 at
= 10 at assert
50 tests executed, 48
tests executed, 48 ok,
executed, 48 ok, 2
48 ok, 2 failed.
[WARNING] modbat/test/Redundancy.scala:10: switch =
modbat/test/Redundancy.scala:10: switch = ...
[WARNING] modbat/test/Redundancy.scala:17: skip 
[WARNING] modbat/test/Redundancy.scala:24: assert 
[ERROR] scala modbat.jar vx.yz
[ERROR] Model class argument
Model class argument missing.
class argument missing. Try
argument missing. Try --help.
new model instance modbat.test.SubModel-1...
[FINE] modbat.test.SubModel-1: Executing transition
modbat.test.SubModel-1: Executing transition init
transition init => err...
[ERROR] at modbat.examples.CounterModel2.assert(CounterModel2.scala) 
[ERROR] at modbat.examples.CounterModel2$$anonfun$6.apply$mcV$sp(CounterModel2.scala) 
[ERROR] at modbat.examples.CounterModel2$$anonfun$6.apply(CounterModel2.scala) 
assertion failed at println
[INFO] 88af43883571af0c  
[INFO] 4 transitions covered
4 transitions covered (66
test would be: 2618bb7730143131
[INFO] modbat.test.TickTockTest: 3 states
modbat.test.TickTockTest: 3 states covered
[INFO] modbat.test.TickTockTest: 3 transitions
modbat.test.TickTockTest: 3 transitions covered
[INFO] modbat.test.TickTockObserver: 2 states
modbat.test.TickTockObserver: 2 states covered
[INFO] modbat.test.TickTockObserver: 2 transitions
modbat.test.TickTockObserver: 2 transitions covered
passed at transition modbat/test/TickTockObserver.scala:13:
at transition modbat/test/TickTockObserver.scala:13: modbat.test.TickTockObserver-1
transition modbat/test/TickTockObserver.scala:13: modbat.test.TickTockObserver-1 i
10 tests executed, 5
executed, 5 ok, 5
5 ok, 5 failed.
[INFO] 3ba471c1785a0175 41530f4040856586 49a846e52b813972
3ba471c1785a0175 41530f4040856586 49a846e52b813972 19b6aa1b14a29017
41530f4040856586 49a846e52b813972 19b6aa1b14a29017 85780661bf76533
[ERROR] at modbat.test.NextIfTest5.assert(NextIfTest5.scala) 
[ERROR] at modbat.test.NextIfTest5$$anonfun$4.apply$mcV$sp(NextIfTest5.scala) 
[ERROR] at modbat.test.NextIfTest5$$anonfun$4.apply(NextIfTest5.scala) 
[WARNING] modbat/test/MaybeElseTest2.scala:11: println; choices
modbat/test/MaybeElseTest2.scala:11: println; choices =
5 tests executed, 0
executed, 0 ok, 5
0 ok, 5 failed.
assertion failed at dec
[WARNING] modbat/test/ObserverHarness6.scala:8: modbat.test.ObserverHarness6-1: launch
[WARNING] modbat/test/ObserverHarness6.scala:11: modbat.test.ObserverHarness6-1: i
[WARNING] modbat/test/TestObserver6.scala:9: modbat.test.TestObserver6-1: println
[WARNING] modbat/test/TestObserver6.scala:14: modbat.test.TestObserver6-1: println
[WARNING] modbat/test/TestObserver6.scala:19: modbat.test.TestObserver6-1: assert
new model instance modbat.test.ObserverHarness4-1...
[FINE] modbat.test.ObserverHarness4-1: Executing transition
modbat.test.ObserverHarness4-1: Executing transition reset
modbat.test.ObserverHarness4-1: Executing transition counting
new model instance modbat.test.TestObserver-2...
[FINE] modbat.test.TestObserver-2: Executing transition
modbat.test.TestObserver-2: Executing transition zero
new model instance modbat.test.TestObserver-3...
[FINE] modbat.test.TestObserver-3: Executing transition
modbat.test.TestObserver-3: Executing transition zero
new model instance modbat.test.TestObserver-4...
[FINE] modbat.test.TestObserver-4: Executing transition
modbat.test.TestObserver-4: Executing transition zero
new model instance modbat.test.TestObserver-5...
[FINE] modbat.test.TestObserver-5: Executing transition
modbat.test.TestObserver-5: Executing transition zero
new model instance modbat.test.TestObserver-6...
[FINE] modbat.test.TestObserver-6: Executing transition
modbat.test.TestObserver-6: Executing transition zero
modbat.test.TestObserver-2: Executing transition one
modbat.test.TestObserver-2: Executing transition many
modbat.test.TestObserver-3: Executing transition one
modbat.test.TestObserver-3: Executing transition many
modbat.test.TestObserver-4: Executing transition one
modbat.test.TestObserver-4: Executing transition many
modbat.test.TestObserver-5: Executing transition one
modbat.test.TestObserver-5: Executing transition many
modbat.test.TestObserver-6: Executing transition one
modbat.test.TestObserver-6: Executing transition many
[WARNING] Duplicate transition label
Duplicate transition label "inc1".
[WARNING] modbat/examples/CounterModel2.scala:10: new Counter
[WARNING] modbat/examples/CounterModel2.scala:13: toggle 
[WARNING] modbat/examples/CounterModel2.scala:16: inc1 
[WARNING] modbat/examples/CounterModel2.scala:19: inc1 
[WARNING] modbat/examples/CounterModel2.scala:25: assert 
[ERROR] at modbat.test.ExcTestA5.assert(ExcTestA5.scala) 
[ERROR] at modbat.test.ExcTestA5$$anonfun$2.apply$mcV$sp(ExcTestA5.scala) 
[ERROR] at modbat.test.ExcTestA5$$anonfun$2.apply(ExcTestA5.scala) 
3 states covered (60
states covered (60 %
covered (60 % out
(60 % out of
[WARNING] modbat/test/AnyFuncTest.scala:13: setTo3; choices
modbat/test/AnyFuncTest.scala:13: setTo3; choices =
setTo3; choices = (setTo2:
choices = (setTo2: line
= (setTo2: line 15)
setTo3; choices = (setTo1:
choices = (setTo1: line
= (setTo1: line 14)
[WARNING] modbat/test/AnyFuncTest.scala:20: assert 
start   
end   
init   
before   
after   
child:before   
child:after   
shutdown   
[WARNING] Expected exception did
exception did not occur,
did not occur, aborting.
[WARNING] modbat/test/InvCheck5.scala:17: reset =>
modbat/test/InvCheck5.scala:17: reset => somestate;
somestate; choices = (0.47383475)
[WARNING] modbat/test/InvCheck5.scala:20: somestate =>
modbat/test/InvCheck5.scala:20: somestate => state2;
somestate => state2; choices
=> state2; choices =
state2; choices = (0.052770555)
[WARNING] modbat/test/InvCheck5.scala:11: invariantCheck 
somestate; choices = (0.052770555)
somestate; choices = (0.35623378)
state2; choices = (0.053496104)
somestate; choices = (0.053496104)
somestate; choices = (0.24076776)
[ERROR] at NoPackage.assert(NoPackage.scala) 
[ERROR] at NoPackage$$anonfun$1.apply$mcV$sp(NoPackage.scala) 
[ERROR] at NoPackage$$anonfun$1.apply(NoPackage.scala) 
passed at transition modbat/test/PrecondOffline.scala:8
at transition modbat/test/PrecondOffline.scala:8 require
[INFO] 15 transitions covered
15 transitions covered (88
transitions covered (88 %
covered (88 % out
(88 % out of
passed at transition modbat/examples/JavaNioServerSocket.scala:92
at transition modbat/examples/JavaNioServerSocket.scala:92 startClient
[WARNING] modbat/test/NextIfTest.scala:7: ok -->
modbat/test/NextIfTest.scala:7: ok --> err
[WARNING] modbat/test/NextIfTest.scala:9: assert 
new model instance modbat.test.GetState-1...
[FINE] modbat.test.GetState-1: Executing transition
modbat.test.GetState-1: Executing transition reset
transition reset => err...
go to state state1.
modbat.test.GetState-1: Executing transition state1
Executing transition state1 =>
transition state1 => state1...
transition state1 => state2...
modbat.test.GetState-1: Executing transition state2
Executing transition state2 =>
transition state2 => end...
transition state2 => state2...
[INFO] 8 transitions covered
8 transitions covered (44
transitions covered (44 %
covered (44 % out
(44 % out of
passed at transition modbat/examples/JavaNioServerSocket3.scala:96
at transition modbat/examples/JavaNioServerSocket3.scala:96 accept
failed at transition modbat/examples/JavaNioServerSocket3.scala:101
at transition modbat/examples/JavaNioServerSocket3.scala:101 startClient
passed at transition modbat/examples/JavaNioServerSocket3.scala:124
at transition modbat/examples/JavaNioServerSocket3.scala:124 readFrom
test would be: 5fb3e24522e71278
[ERROR] at modbat.test.Shortcut.assert(Shortcut.scala) 
[ERROR] at modbat.test.Shortcut$$anonfun$5.apply$mcV$sp(Shortcut.scala) 
[ERROR] at modbat.test.Shortcut$$anonfun$5.apply(Shortcut.scala) 
new model instance modbat.test.SUTReq-1...
[FINE] modbat.test.SUTReq-1: Executing transition
modbat.test.SUTReq-1: Executing transition ok
violated, backtracking to ok.
200 tests executed, 199
tests executed, 199 ok,
executed, 199 ok, 1
199 ok, 1 failed.
[INFO] 8a4a8b323494e5a2  
new model instance modbat.test.JoinNull-1...
[FINE] modbat.test.JoinNull-1: Executing transition
modbat.test.JoinNull-1: Executing transition init
transition init => end...
[INFO] 1) java.lang.IllegalArgumentException: not
1) java.lang.IllegalArgumentException: not from
java.lang.IllegalArgumentException: not from failed
not from failed require
from failed require at
failed require at illArg
passed at transition modbat/test/IllArgTest.scala:11
at transition modbat/test/IllArgTest.scala:11 illArg
companion-before   
companion-after   
child-companion:before   
child 1:before  
child 2:before  
child 3:before  
child 2:after  
child 3:after  
child 1:after  
child-companion:after   
[WARNING] modbat/test/MaybeNextIfTest4.scala:8: println; choices
modbat/test/MaybeNextIfTest4.scala:8: println; choices =
[WARNING] modbat/test/MaybeNextIfTest4.scala:16: assert 
[WARNING] modbat/test/MaybeNextIfTest4.scala:12: assert 
[ERROR] at modbat.test.InvariantCheck.assert(InvariantCheck.scala) 
[ERROR] at modbat.test.InvariantCheck.invariantCheck(InvariantCheck.scala) 
[WARNING] modbat/test/CrashSoon.scala:13: assert 
new model instance modbat.test.GetState2-1...
[FINE] modbat.test.GetState2-1: Executing transition
modbat.test.GetState2-1: Executing transition reset
modbat.test.GetState2-1: Executing transition state1
modbat.test.GetState2-1: Executing transition state2
new model instance modbat.test.InvCheck4-1...
[FINE] modbat.test.InvCheck4-1: Executing transition
modbat.test.InvCheck4-1: Executing transition reset
transition reset => end...
modbat.test.InvCheck4-1: Executing transition end
Executing transition end =>
transition end => end...
transition reset => somestate...
modbat.test.InvCheck4-1: Executing transition somestate
Executing transition somestate =>
transition somestate => state2...
modbat.test.InvCheck4-1: Executing transition state2
beginning of loop 2
of loop 2 (model
loop 2 (model modbat.test.InvCheck4-1,
2 (model modbat.test.InvCheck4-1, state
(model modbat.test.InvCheck4-1, state state2),
modbat.test.InvCheck4-1, state state2), filtering
state state2), filtering transition
state2), filtering transition state2
filtering transition state2 =>
transition state2 => state2.
(model modbat.test.InvCheck4-1, state end),
modbat.test.InvCheck4-1, state end), filtering
state end), filtering transition
end), filtering transition end
filtering transition end =>
transition end => end.
[ERROR] at modbat.test.GenLabel2.assert(GenLabel2.scala) 
[ERROR] at modbat.test.GenLabel2.dec(GenLabel2.scala) 
[ERROR] at modbat.test.GenLabel2$$anonfun$2.apply$mcV$sp(GenLabel2.scala) 
[ERROR] at modbat.test.GenLabel2$$anonfun$2.apply(GenLabel2.scala) 
[ERROR] Model class does
Model class does not
class does not extend
does not extend Model.
[ERROR] Check if the
Check if the right
if the right class
the right class was
right class was specified.
[WARNING] modbat/test/ChooseBool.scala:7: assert; choices
modbat/test/ChooseBool.scala:7: assert; choices =
assert; choices = (1)
failed at transition modbat/test/RequireMaybeTest.scala:7
at transition modbat/test/RequireMaybeTest.scala:7 assert
new model instance modbat.test.ComplexLaunch5-1...
[FINE] modbat.test.ComplexLaunch5-1: Executing transition
modbat.test.ComplexLaunch5-1: Executing transition init
modbat.test.ComplexLaunch5-1: Executing transition active
new model instance modbat.test.ComplexLaunch5-2...
new model instance modbat.test.ComplexLaunch5-3...
new model instance modbat.test.ComplexLaunch5-4...
[FINE] modbat.test.ComplexLaunch5-2: Executing transition
modbat.test.ComplexLaunch5-2: Executing transition init
modbat.test.ComplexLaunch5-2: Executing transition active
[FINE] modbat.test.ComplexLaunch5-3: Executing transition
modbat.test.ComplexLaunch5-3: Executing transition init
modbat.test.ComplexLaunch5-3: Executing transition active
[FINE] modbat.test.ComplexLaunch5-4: Executing transition
modbat.test.ComplexLaunch5-4: Executing transition init
modbat.test.ComplexLaunch5-4: Executing transition active
new model instance modbat.test.ComplexLaunch5-5...
new model instance modbat.test.Child5-1...
new model instance modbat.test.Child5-2...
[FINE] modbat.test.Child5-2: Executing transition
modbat.test.Child5-2: Executing transition init
[FINE] modbat.test.Child5-1: Executing transition
modbat.test.Child5-1: Executing transition init
modbat.test.Child5-2: Executing transition running
modbat.test.Child5-1: Executing transition running
[FINE] modbat.test.ComplexLaunch5-5: Executing transition
modbat.test.ComplexLaunch5-5: Executing transition init
modbat.test.ComplexLaunch5-5: Executing transition active
new model instance modbat.test.Child5-3...
new model instance modbat.test.ComplexLaunch5-6...
[FINE] modbat.test.ComplexLaunch5-6: Executing transition
modbat.test.ComplexLaunch5-6: Executing transition init
modbat.test.ComplexLaunch5-6: Executing transition active
new model instance modbat.test.ComplexLaunch5-7...
[FINE] modbat.test.ComplexLaunch5-7: Executing transition
modbat.test.ComplexLaunch5-7: Executing transition init
new model instance modbat.test.ComplexLaunch5-8...
modbat.test.ComplexLaunch5-7: Executing transition active
new model instance modbat.test.ComplexLaunch5-9...
new model instance modbat.test.Child5-4...
[FINE] modbat.test.Child5-4: Executing transition
modbat.test.Child5-4: Executing transition init
new model instance modbat.test.ComplexLaunch5-10...
new model instance modbat.test.ComplexLaunch5-11...
modbat.test.Child5-4: Executing transition running
[FINE] modbat.test.ComplexLaunch5-10: Executing transition
modbat.test.ComplexLaunch5-10: Executing transition init
new model instance modbat.test.Child5-5...
new model instance modbat.test.ComplexLaunch5-12...
modbat.test.ComplexLaunch5-10: Executing transition active
new model instance modbat.test.Child5-6...
[FINE] modbat.test.Child5-3: Executing transition
modbat.test.Child5-3: Executing transition init
new model instance modbat.examples.SimpleModel-1...
[FINE] modbat.examples.SimpleModel-1: Executing transition
modbat.examples.SimpleModel-1: Executing transition reset
transition reset => zero...
modbat.examples.SimpleModel-1: Executing transition zero
transition zero => two...
modbat.examples.SimpleModel-1: Executing transition two
Executing transition two =>
transition two => end...
modbat.examples.SimpleModel-1: Executing transition one
transition one => two...
transition zero => zero...
[ERROR] at modbat.test.PrecondOffline.assert(PrecondOffline.scala) 
[ERROR] at modbat.test.PrecondOffline$$anonfun$2.apply$mcV$sp(PrecondOffline.scala) 
[ERROR] at modbat.test.PrecondOffline$$anonfun$2.apply(PrecondOffline.scala) 
[ERROR] at modbat.test.SimpleFileModel.assert(SimpleFileModel.scala) 
[ERROR] at modbat.test.SimpleFileModel$$anonfun$6.apply(SimpleFileModel.scala) 
accept; choices = (0.4016795)
accept; choices = (0.35352132)
new model instance modbat.test.ExcTestA5-1...
[FINE] modbat.test.ExcTestA5-1: Executing transition
modbat.test.ExcTestA5-1: Executing transition ok
[FINE] java.io.IOException: Online... leads
java.io.IOException: Online... leads to
Online... leads to exception
to exception state err1.
modbat.test.ExcTestA5-1: Executing transition err1
[WARNING] modbat/test/GenLabel3.scala:10: dec 
[WARNING] modbat/test/GenLabel3.scala:12: skip 
[WARNING] modbat/test/GenLabel3.scala:8: inc 
new model instance modbat.test.MaybeNextIfTest2-1...
[FINE] modbat.test.MaybeNextIfTest2-1: Executing transition
modbat.test.MaybeNextIfTest2-1: Executing transition ok
Next state predicate #2
state predicate #2 holds,
predicate #2 holds, go
#2 holds, go to
go to state err2.
modbat.test.MaybeNextIfTest2-1: Executing transition err2
Executing transition err2 =>
transition err2 => err2...
[ERROR] at modbat.test.ComplexLaunch6.assert(ComplexLaunch6.scala) 
[ERROR] at modbat.test.ComplexLaunch6$$anonfun$2.apply$mcV$sp(ComplexLaunch6.scala) 
[ERROR] at modbat.test.ComplexLaunch6$$anonfun$2.apply(ComplexLaunch6.scala) 
[ERROR] at modbat.test.MaybeNextIfTest4.assert(MaybeNextIfTest4.scala) 
[ERROR] at modbat.test.MaybeNextIfTest4$$anonfun$4.apply$mcV$sp(MaybeNextIfTest4.scala) 
[ERROR] at modbat.test.MaybeNextIfTest4$$anonfun$4.apply(MaybeNextIfTest4.scala) 
[ERROR] at modbat.test.MaybeNextIfTest4$$anonfun$3.apply$mcV$sp(MaybeNextIfTest4.scala) 
[ERROR] at modbat.test.MaybeNextIfTest4$$anonfun$3.apply(MaybeNextIfTest4.scala) 
Hello, World!  
[ERROR] Cannot instantiate model
Cannot instantiate model class.
[ERROR] The class must
The class must not
class must not be
must not be abstract
not be abstract or
be abstract or an
abstract or an interface.
[ERROR] at modbat.test.InvCheck2.assert(InvCheck2.scala) 
[ERROR] at modbat.test.InvCheck2.invariantCheck(InvCheck2.scala) 
Hello.   
[WARNING] modbat/test/ComplexLaunch3.scala:21: modbat.test.ComplexLaunch3-1: skip
[WARNING] modbat/test/ComplexLaunch3.scala:26: modbat.test.ComplexLaunch3-1: launch
[WARNING] modbat/test/ComplexLaunch3.scala:31: modbat.test.ComplexLaunch3-1: assert
[WARNING] modbat/test/ComplexLaunch3.scala:21: modbat.test.ComplexLaunch3-2: skip
[WARNING] modbat/test/ComplexLaunch3.scala:31: modbat.test.ComplexLaunch3-2: assert
[WARNING] modbat/test/ComplexLaunch3.scala:21: modbat.test.ComplexLaunch3-3: skip
[WARNING] modbat/test/ComplexLaunch3.scala:31: modbat.test.ComplexLaunch3-3: assert
[WARNING] modbat/test/ComplexLaunch3.scala:21: modbat.test.ComplexLaunch3-4: skip
[WARNING] modbat/test/ComplexLaunch3.scala:26: modbat.test.ComplexLaunch3-4: launch
[WARNING] modbat/test/ComplexLaunch3.scala:22: modbat.test.ComplexLaunch3-4: launch
[WARNING] modbat/test/Child3.scala:23: modbat.test.Child3-2: skip
[WARNING] modbat/test/Child3.scala:23: modbat.test.Child3-1: skip
[WARNING] modbat/test/Child3.scala:28: modbat.test.Child3-2: assert
[WARNING] modbat/test/Child3.scala:28: modbat.test.Child3-1: assert
[WARNING] modbat/test/ComplexLaunch3.scala:21: modbat.test.ComplexLaunch3-5: skip
[WARNING] modbat/test/ComplexLaunch3.scala:31: modbat.test.ComplexLaunch3-4: assert
[WARNING] modbat/test/ComplexLaunch3.scala:22: modbat.test.ComplexLaunch3-5: launch
[WARNING] modbat/test/ComplexLaunch3.scala:26: modbat.test.ComplexLaunch3-5: launch
[WARNING] modbat/test/ComplexLaunch3.scala:21: modbat.test.ComplexLaunch3-6: skip
[WARNING] modbat/test/ComplexLaunch3.scala:26: modbat.test.ComplexLaunch3-6: launch
[WARNING] modbat/test/ComplexLaunch3.scala:21: modbat.test.ComplexLaunch3-7: skip
[WARNING] modbat/test/ComplexLaunch3.scala:31: modbat.test.ComplexLaunch3-7: assert
[WARNING] modbat/test/ComplexLaunch3.scala:22: modbat.test.ComplexLaunch3-6: launch
[WARNING] modbat/test/Child3.scala:23: modbat.test.Child3-4: skip
[WARNING] modbat/test/Child3.scala:25: modbat.test.Child3-4: id
[WARNING] modbat/test/ComplexLaunch3.scala:21: modbat.test.ComplexLaunch3-10: skip
[WARNING] modbat/test/ComplexLaunch3.scala:22: modbat.test.ComplexLaunch3-10: launch
[WARNING] modbat/test/Child3.scala:23: modbat.test.Child3-3: skip
[WARNING] modbat/test/ComplexLaunch3.scala:31: modbat.test.ComplexLaunch3-6: assert
[WARNING] modbat/test/PrecondOffline.scala:8: require 
[WARNING] modbat/test/PrecondOffline.scala:11: assert 
[WARNING] modbat/test/ObserverHarness5.scala:8: modbat.test.ObserverHarness5-1: launch
[WARNING] modbat/test/ObserverHarness5.scala:11: modbat.test.ObserverHarness5-1: i
[WARNING] modbat/test/TestObserver5.scala:9: modbat.test.TestObserver5-1: println
[WARNING] modbat/test/TestObserver5.scala:14: modbat.test.TestObserver5-1: println
[WARNING] modbat/test/TestObserver5.scala:19: modbat.test.TestObserver5-1: assert
[INFO] 1) modbat.dsl.JoinWithoutLaunchException at
1) modbat.dsl.JoinWithoutLaunchException at join
1 states covered (33
states covered (33 %
[ERROR] at modbat.test.LoopTest.assert(LoopTest.scala) 
[ERROR] at modbat.test.LoopTest$$anonfun$1.apply$mcV$sp(LoopTest.scala) 
[ERROR] at modbat.test.LoopTest$$anonfun$1.apply(LoopTest.scala) 
[ERROR] at modbat.test.ExcTest4.assert(ExcTest4.scala) 
[ERROR] at modbat.test.ExcTest4$$anonfun$2.apply$mcV$sp(ExcTest4.scala) 
[ERROR] at modbat.test.ExcTest4$$anonfun$2.apply(ExcTest4.scala) 
new model instance modbat.test.ObserverHarness2-1...
[FINE] modbat.test.ObserverHarness2-1: Executing transition
modbat.test.ObserverHarness2-1: Executing transition reset
modbat.test.ObserverHarness2-1: Executing transition counting
false at transition modbat/test/PrecondFalse.scala:7
at transition modbat/test/PrecondFalse.scala:7 require
6 transitions covered (30
transitions covered (30 %
covered (30 % out
(30 % out of
[INFO] 11 transitions covered
11 transitions covered (52
transitions covered (52 %
covered (52 % out
(52 % out of
passed at transition modbat/examples/JavaNioSocket3.scala:109
at transition modbat/examples/JavaNioSocket3.scala:109 connect
failed at transition modbat/examples/JavaNioSocket3.scala:113
at transition modbat/examples/JavaNioSocket3.scala:113 finishConnect
Exception in thread "Thread-X"
in thread "Thread-X" java.lang.AssertionError:
thread "Thread-X" java.lang.AssertionError: assertion
"Thread-X" java.lang.AssertionError: assertion failed
at scala.Predef$.assert(Predef.scala)  
at modbat.dsl.Model$.assert(Model.scala)  
at modbat.dsl.Model$class.assert(Model.scala)  
at modbat.test.ConcurrentObserver.assert(ConcurrentObserver.scala)  
at modbat.test.ConcurrentObserver$BGThread.run(ConcurrentObserver.scala)  
[ERROR] at modbat.test.MaybeNextIfTest3.assert(MaybeNextIfTest3.scala) 
[ERROR] at modbat.test.MaybeNextIfTest3$$anonfun$3.apply$mcV$sp(MaybeNextIfTest3.scala) 
[ERROR] at modbat.test.MaybeNextIfTest3$$anonfun$3.apply(MaybeNextIfTest3.scala) 
[ERROR] at modbat.test.MaybeNextIfTest.assert(MaybeNextIfTest.scala) 
[ERROR] at modbat.test.MaybeNextIfTest$$anonfun$3.apply$mcV$sp(MaybeNextIfTest.scala) 
[ERROR] at modbat.test.MaybeNextIfTest$$anonfun$3.apply(MaybeNextIfTest.scala) 
[INFO] modbat.test.ObserverHarness6: 3 states
modbat.test.ObserverHarness6: 3 states covered
[INFO] modbat.test.ObserverHarness6: 3 transitions
modbat.test.ObserverHarness6: 3 transitions covered
[INFO] modbat.test.TestObserver6: 3 states
modbat.test.TestObserver6: 3 states covered
[INFO] modbat.test.TestObserver6: 3 transitions
modbat.test.TestObserver6: 3 transitions covered
10 tests executed, 8
executed, 8 ok, 2
8 ok, 2 failed.
[ERROR] at modbat.test.NextIfTest.assert(NextIfTest.scala) 
[ERROR] at modbat.test.NextIfTest$$anonfun$3.apply$mcV$sp(NextIfTest.scala) 
[ERROR] at modbat.test.NextIfTest$$anonfun$3.apply(NextIfTest.scala) 
This number is odd:
number is odd: 4297685020180087157
number is odd: 619951467056504421
number is odd: 2881790929801792289
number is odd: 1852855329996574743
number is odd: 601090251321468211
number is odd: 5219129003118144999
[ERROR] at modbat.test.MaybeTest.assert(MaybeTest.scala) 
[ERROR] at modbat.test.MaybeTest$$anonfun$2$$anonfun$apply$1.apply$mcV$sp(MaybeTest.scala) 
[ERROR] at modbat.test.MaybeTest$$anonfun$2$$anonfun$apply$1.apply(MaybeTest.scala) 
new model instance modbat.test.ComplexLaunch3-1...
[FINE] modbat.test.ComplexLaunch3-1: Executing transition
modbat.test.ComplexLaunch3-1: Executing transition init
modbat.test.ComplexLaunch3-1: Executing transition active
new model instance modbat.test.ComplexLaunch3-2...
new model instance modbat.test.ComplexLaunch3-3...
new model instance modbat.test.ComplexLaunch3-4...
[FINE] modbat.test.ComplexLaunch3-2: Executing transition
modbat.test.ComplexLaunch3-2: Executing transition init
modbat.test.ComplexLaunch3-2: Executing transition active
[FINE] modbat.test.ComplexLaunch3-3: Executing transition
modbat.test.ComplexLaunch3-3: Executing transition init
modbat.test.ComplexLaunch3-3: Executing transition active
[FINE] modbat.test.ComplexLaunch3-4: Executing transition
modbat.test.ComplexLaunch3-4: Executing transition init
modbat.test.ComplexLaunch3-4: Executing transition active
new model instance modbat.test.ComplexLaunch3-5...
new model instance modbat.test.Child3-1...
new model instance modbat.test.Child3-2...
[FINE] modbat.test.Child3-2: Executing transition
modbat.test.Child3-2: Executing transition init
[FINE] modbat.test.Child3-1: Executing transition
modbat.test.Child3-1: Executing transition init
modbat.test.Child3-2: Executing transition running
modbat.test.Child3-1: Executing transition running
[FINE] modbat.test.ComplexLaunch3-5: Executing transition
modbat.test.ComplexLaunch3-5: Executing transition init
modbat.test.ComplexLaunch3-5: Executing transition active
new model instance modbat.test.Child3-3...
new model instance modbat.test.ComplexLaunch3-6...
[FINE] modbat.test.ComplexLaunch3-6: Executing transition
modbat.test.ComplexLaunch3-6: Executing transition init
modbat.test.ComplexLaunch3-6: Executing transition active
new model instance modbat.test.ComplexLaunch3-7...
[FINE] modbat.test.ComplexLaunch3-7: Executing transition
modbat.test.ComplexLaunch3-7: Executing transition init
new model instance modbat.test.ComplexLaunch3-8...
modbat.test.ComplexLaunch3-7: Executing transition active
new model instance modbat.test.ComplexLaunch3-9...
new model instance modbat.test.Child3-4...
[FINE] modbat.test.Child3-4: Executing transition
modbat.test.Child3-4: Executing transition init
new model instance modbat.test.ComplexLaunch3-10...
new model instance modbat.test.ComplexLaunch3-11...
modbat.test.Child3-4: Executing transition running
[FINE] modbat.test.ComplexLaunch3-10: Executing transition
modbat.test.ComplexLaunch3-10: Executing transition init
new model instance modbat.test.Child3-5...
new model instance modbat.test.ComplexLaunch3-12...
modbat.test.ComplexLaunch3-10: Executing transition active
new model instance modbat.test.Child3-6...
[FINE] modbat.test.Child3-3: Executing transition
modbat.test.Child3-3: Executing transition init
test would be: 69446ba814a2cb3c
Online mode: throwing exception.
[WARNING] modbat/test/MaybeNextIfTest3.scala:8: println; choices
modbat/test/MaybeNextIfTest3.scala:8: println; choices =
[WARNING] modbat/test/MaybeNextIfTest3.scala:12: assert 
[WARNING] modbat/test/InvCheck4.scala:15: skip 
[WARNING] modbat/test/InvCheck4.scala:9: check 
[WARNING] modbat/test/InvCheck4.scala:12: skip 
[WARNING] modbat/test/InvCheck4.scala:13: skip 
[WARNING] modbat/test/InvCheck4.scala:14: skip 
new model instance modbat.test.MaybeNextIfTest4-1...
[FINE] modbat.test.MaybeNextIfTest4-1: Executing transition
modbat.test.MaybeNextIfTest4-1: Executing transition ok
modbat.test.MaybeNextIfTest4-1: Executing transition err2
modbat.test.MaybeNextIfTest4-1: Executing transition err1
[ERROR] at modbat.test.LoopTest2.assert(LoopTest2.scala) 
[ERROR] at modbat.test.LoopTest2$$anonfun$2.apply$mcV$sp(LoopTest2.scala) 
[ERROR] at modbat.test.LoopTest2$$anonfun$2.apply(LoopTest2.scala) 
[ERROR] Cannot open file
Cannot open file dir_does_not_exit/modbat.examples.NioSocket1.dot:
[ERROR] dir_does_not_exit/modbat.examples.NioSocket1.dot (No such
dir_does_not_exit/modbat.examples.NioSocket1.dot (No such file
(No such file or
such file or directory)
[ERROR] Class "-n=1" not
Class "-n=1" not found.
20 tests executed, 20
tests executed, 20 ok,
executed, 20 ok, 0
20 ok, 0 failed.
[INFO] 10 transitions covered
10 transitions covered (50
500 tests executed, 486
tests executed, 486 ok,
executed, 486 ok, 14
486 ok, 14 failed.
[INFO] modbat.test.ComplexLaunch4: 3 states
modbat.test.ComplexLaunch4: 3 states covered
[INFO] modbat.test.ComplexLaunch4: 4 transitions
modbat.test.ComplexLaunch4: 4 transitions covered
[INFO] modbat.test.Child4: 3 states
modbat.test.Child4: 3 states covered
[INFO] modbat.test.Child4: 3 transitions
modbat.test.Child4: 3 transitions covered
[ERROR] at modbat.test.NextIfTest2.assert(NextIfTest2.scala) 
[ERROR] at modbat.test.NextIfTest2$$anonfun$4.apply$mcV$sp(NextIfTest2.scala) 
[ERROR] at modbat.test.NextIfTest2$$anonfun$4.apply(NextIfTest2.scala) 
[WARNING] modbat/test/RSeedTestSuccess.scala:19: assert 
100 tests executed, 97
tests executed, 97 ok,
executed, 97 ok, 3
97 ok, 3 failed.
failed in Thread Thread-1
in Thread Thread-1 at
Thread Thread-1 at (transition
Thread-1 at (transition outside
test would be: 3025fec5380340b9
new model instance modbat.test.InvalidMethod-1...
[FINE] modbat.test.InvalidMethod-1: Executing transition
modbat.test.InvalidMethod-1: Executing transition reset
modbat.test.InvalidMethod-1: Executing transition somestate
transition somestate => end...
transition somestate => somestate...
19 transitions covered (90
transitions covered (90 %
covered (90 % out
(90 % out of
[WARNING] modbat/test/ObserverHarness7.scala:8: modbat.test.ObserverHarness7-1: launch
[WARNING] modbat/test/ObserverHarness7.scala:11: modbat.test.ObserverHarness7-1: i
[WARNING] modbat/test/ConcurrentObserver.scala:15: modbat.test.ConcurrentObserver-1: println
[WARNING] modbat/test/ConcurrentObserver.scala:19: modbat.test.ConcurrentObserver-1: println
[WARNING] modbat/test/ConcurrentObserver.scala:23: modbat.test.ConcurrentObserver-1: join
[ERROR] at modbat.test.TickTockTest.assert(TickTockTest.scala) 
[ERROR] at modbat.test.TickTockTest$$anonfun$2.apply$mcV$sp(TickTockTest.scala) 
[ERROR] at modbat.test.TickTockTest$$anonfun$2.apply(TickTockTest.scala) 
new model instance modbat.test.NoSelfJoin-1...
[FINE] modbat.test.NoSelfJoin-1: Executing transition
modbat.test.NoSelfJoin-1: Executing transition stuck
Executing transition stuck =>
transition stuck => stuck...
[WARNING] modbat/test/ObserverHarness.scala:8: modbat.test.ObserverHarness-1: launch
[WARNING] modbat/test/ObserverHarness.scala:11: modbat.test.ObserverHarness-1: i
30 tests executed, 30
tests executed, 30 ok,
executed, 30 ok, 0
30 ok, 0 failed.
[INFO] modbat.test.ForkJoin: 3 states
modbat.test.ForkJoin: 3 states covered
[INFO] modbat.test.ForkJoin: 2 transitions
modbat.test.ForkJoin: 2 transitions covered
[INFO] modbat.test.Worker: 2 states
modbat.test.Worker: 2 states covered
[INFO] modbat.test.Worker: 1 transitions
modbat.test.Worker: 1 transitions covered
[WARNING] modbat/test/MaybeTest.scala:10: assert; choices
modbat/test/MaybeTest.scala:10: assert; choices =
assert; choices = (0.23796444)
assertion failed at decrement
4 transitions covered (80
[ERROR] No suitable constructor
No suitable constructor found.
[ERROR] A public nullary
A public nullary constructor
public nullary constructor is
nullary constructor is needed
constructor is needed to
is needed to instantiate
needed to instantiate the
to instantiate the primary
instantiate the primary model.
[ERROR] Consider adding a
Consider adding a constructor
adding a constructor variant:
[ERROR] def this() =
def this() = this(...)
[ERROR] at modbat.test.GenLabel.assert(GenLabel.scala) 
[ERROR] at modbat.test.GenLabel.dec(GenLabel.scala) 
[ERROR] at modbat.test.GenLabel$$anonfun$2.apply$mcV$sp(GenLabel.scala) 
[ERROR] at modbat.test.GenLabel$$anonfun$2.apply(GenLabel.scala) 
[ERROR] at modbat.examples.CounterModel.assert(CounterModel.scala) 
[ERROR] at modbat.examples.CounterModel$$anonfun$6.apply$mcV$sp(CounterModel.scala) 
[ERROR] at modbat.examples.CounterModel$$anonfun$6.apply(CounterModel.scala) 
10 tests executed, 7
tests executed, 7 ok,
executed, 7 ok, 3
7 ok, 3 failed.
845 5621447540498098, 26 tests
5621447540498098, 26 tests failed.
new model instance modbat.test.MaybeNextIfTest3-1...
[FINE] modbat.test.MaybeNextIfTest3-1: Executing transition
modbat.test.MaybeNextIfTest3-1: Executing transition ok
modbat.test.MaybeNextIfTest3-1: Executing transition err1
[ERROR] at modbat.test.ChooseBool.assert(ChooseBool.scala) 
[ERROR] at modbat.test.ChooseBool$$anonfun$1.apply$mcV$sp(ChooseBool.scala) 
[ERROR] at modbat.test.ChooseBool$$anonfun$1.apply(ChooseBool.scala) 
[INFO] modbat.test.ObserverHarness5: 3 states
modbat.test.ObserverHarness5: 3 states covered
[INFO] modbat.test.ObserverHarness5: 3 transitions
modbat.test.ObserverHarness5: 3 transitions covered
[INFO] modbat.test.TestObserver5: 3 states
modbat.test.TestObserver5: 3 states covered
[INFO] modbat.test.TestObserver5: 3 transitions
modbat.test.TestObserver5: 3 transitions covered
[INFO] Precondition 2 always
Precondition 2 always passed
2 always passed at
passed at transition modbat/test/TestObserver5.scala:9:
at transition modbat/test/TestObserver5.scala:9: modbat.test.TestObserver5-1
transition modbat/test/TestObserver5.scala:9: modbat.test.TestObserver5-1 println
at modbat.test.ConcurrentModel.assert(ConcurrentModel.scala)  
at modbat.test.ConcurrentModel$BGThread.run(ConcurrentModel.scala)  
[WARNING] modbat/test/Choices.scala:10: ok =>
modbat/test/Choices.scala:10: ok => ok;
ok => ok; choices
=> ok; choices =
ok; choices = (n
choices = (n =
= (n = ...:
(n = ...: line
= ...: line 12)
= ...: line 11)
[WARNING] modbat/test/Choices.scala:17: assert 
new model instance modbat.test.ObserverHarness6-1...
[FINE] modbat.test.ObserverHarness6-1: Executing transition
modbat.test.ObserverHarness6-1: Executing transition reset
new model instance modbat.test.TestObserver6-1...
[FINE] modbat.test.TestObserver6-1: Executing transition
modbat.test.TestObserver6-1: Executing transition zero
modbat.test.ObserverHarness6-1: Executing transition counting
modbat.test.TestObserver6-1: Executing transition one
modbat.test.TestObserver6-1: Executing transition many
n = 2 occurred,
[WARNING] modbat/test/ChooseInBefore.scala:14: assert; choices
modbat/test/ChooseInBefore.scala:14: assert; choices =
assert; choices = (2)
[INFO] modbat.test.ComplexLaunch3: 3 states
modbat.test.ComplexLaunch3: 3 states covered
[INFO] modbat.test.ComplexLaunch3: 4 transitions
modbat.test.ComplexLaunch3: 4 transitions covered
[INFO] modbat.test.Child3: 3 states
modbat.test.Child3: 3 states covered
[INFO] modbat.test.Child3: 3 transitions
modbat.test.Child3: 3 transitions covered
[INFO] 3 transitions covered
7 dirs/files created. 
Deleting "6"  
Deleting "5"  
Deleting "4"  
Deleting "3"  
Deleting "2"  
Deleting "1"  
Deleting "0"  
Deleting "0/3/6"  
Deleting "0/3/5"  
rmdir "0/3/4"  
rmdir "0/3"  
rmdir "0/2"  
rmdir "1"  
rmdir "0"  
4 dirs/files created. 
Deleting "0/3"  
Deleting "0/2"  
Deleting "0/1"  
Deleting "0/6"  
Deleting "0/5"  
Deleting "0/4"  
rmdir "4"  
rmdir "0/1"  
[ERROR] at modbat.test.ExcTest2.assert(ExcTest2.scala) 
[ERROR] at modbat.test.ExcTest2$$anonfun$2.apply$mcV$sp(ExcTest2.scala) 
[ERROR] at modbat.test.ExcTest2$$anonfun$2.apply(ExcTest2.scala) 
beginning of loop 5
of loop 5 (model
loop 5 (model modbat.test.LoopTest-1,
5 (model modbat.test.LoopTest-1, state
5 tests executed, 2
executed, 2 ok, 3
2 ok, 3 failed.
[INFO] 3ba471c1785a0175 41530f4040856586 89a82931be29e65
[WARNING] modbat/test/MaybeElseTest.scala:13: println; choices
modbat/test/MaybeElseTest.scala:13: println; choices =
[ERROR] Exception in default
Exception in default (nullary)
in default (nullary) constructor
default (nullary) constructor of
(nullary) constructor of main
constructor of main model.
[ERROR] In dot mode,
In dot mode, a
dot mode, a constructor
mode, a constructor that
a constructor that ignores
constructor that ignores any
that ignores any data
[ERROR] is sufficient to
is sufficient to visualize
sufficient to visualize the
to visualize the ESFM
visualize the ESFM graph.
[ERROR] at modbat.test.NullaryCons.<init>(NullaryCons.scala) 
[ERROR] at sun.reflect.NativeConstructorAccessorImpl.newInstance0(Native Method)
[ERROR] at sun.reflect.NativeConstructorAccessorImpl.newInstance(NativeConstructorAccessorImpl.java) 
[ERROR] at sun.reflect.DelegatingConstructorAccessorImpl.newInstance(DelegatingConstructorAccessorImpl.java) 
[ERROR] at java.lang.reflect.Constructor.newInstance(Constructor.java) 
[ERROR] at modbat.test.TestObserver2.assert(TestObserver2.scala) 
[ERROR] at modbat.test.TestObserver2$$anonfun$3.apply$mcV$sp(TestObserver2.scala) 
[ERROR] at modbat.test.TestObserver2$$anonfun$3.apply(TestObserver2.scala) 
[ERROR] Model modbat.test.EmptyModel has
Model modbat.test.EmptyModel has no
modbat.test.EmptyModel has no transitions.
[ERROR] Make sure at
Make sure at least
sure at least one
at least one transition
least one transition exists
one transition exists of
transition exists of type
[ERROR] "a" -> "b"
"a" -> "b" :=
-> "b" := {
"b" := { code
:= { code }
{ code } //
code } // or,
} // or, for
// or, for an
or, for an empty
for an empty transition:
-> "b" := skip
[ERROR] at modbat.test.CrashSoon.assert(CrashSoon.scala) 
[ERROR] at modbat.test.CrashSoon$$anonfun$1.apply$mcV$sp(CrashSoon.scala) 
[ERROR] at modbat.test.CrashSoon$$anonfun$1.apply(CrashSoon.scala) 
[ERROR] at modbat.test.TestObserver5.assert(TestObserver5.scala) 
[ERROR] at modbat.test.TestObserver5$$anonfun$3.apply$mcV$sp(TestObserver5.scala) 
[ERROR] at modbat.test.TestObserver5$$anonfun$3.apply(TestObserver5.scala) 
Online mode: not throwing
mode: not throwing exception.
[ERROR] at modbat.test.MaybeElseTest.assert(MaybeElseTest.scala) 
[ERROR] at modbat.test.MaybeElseTest$$anonfun$2$$anonfun$apply$mcV$sp$1.apply$mcV$sp(MaybeElseTest.scala) 
[ERROR] at modbat.test.MaybeElseTest$$anonfun$2$$anonfun$apply$mcV$sp$1.apply(MaybeElseTest.scala) 
[ERROR] at modbat.dsl.Action.or_else(Action.scala) 
[ERROR] at modbat.test.MaybeElseTest$$anonfun$2.apply$mcV$sp(MaybeElseTest.scala) 
[ERROR] at modbat.test.MaybeElseTest$$anonfun$2.apply(MaybeElseTest.scala) 
[ERROR] at modbat.test.ExcTestA3.assert(ExcTestA3.scala) 
[ERROR] at modbat.test.ExcTestA3$$anonfun$2.apply$mcV$sp(ExcTestA3.scala) 
[ERROR] at modbat.test.ExcTestA3$$anonfun$2.apply(ExcTestA3.scala) 
10 tests executed, 4
executed, 4 ok, 6
4 ok, 6 failed.
[INFO] 3ba471c1785a0175 89a82931be29e65 27fe2d950fc74b21
3ba471c1785a0175 89a82931be29e65 27fe2d950fc74b21 19b6aa1b14a29017
[INFO] modbat.test.ObserverHarness2: 3 states
modbat.test.ObserverHarness2: 3 states covered
[INFO] modbat.test.ObserverHarness2: 4 transitions
modbat.test.ObserverHarness2: 4 transitions covered
new model instance modbat.test.ForkJoin2-1...
[FINE] modbat.test.ForkJoin2-1: Executing transition
modbat.test.ForkJoin2-1: Executing transition init
transition init => waiting...
[ERROR] modbat.test.ForkJoin2-1 calls join
modbat.test.ForkJoin2-1 calls join on
calls join on model
join on model of
on model of type
model of type class
of type class modbat.test.ForkJoin2,
type class modbat.test.ForkJoin2, which
class modbat.test.ForkJoin2, which has
modbat.test.ForkJoin2, which has not
which has not been
has not been launched
not been launched yet.
[ERROR] modbat.dsl.JoinWithoutLaunchException  
200 tests executed, 192
tests executed, 192 ok,
executed, 192 ok, 8
192 ok, 8 failed.
[WARNING] modbat/test/ComplexLaunch.scala:8: modbat.test.ComplexLaunch-1: skip
[WARNING] modbat/test/ComplexLaunch.scala:9: modbat.test.ComplexLaunch-1: launch
[WARNING] modbat/test/Child.scala:7: modbat.test.Child-1: skip
[WARNING] modbat/test/Child.scala:12: modbat.test.Child-1: assert
[WARNING] modbat/test/Child.scala:7: modbat.test.Child-2: skip
[WARNING] modbat/test/Child.scala:12: modbat.test.Child-2: assert
[WARNING] modbat/test/Child.scala:7: modbat.test.Child-5: skip
[WARNING] modbat/test/Child.scala:7: modbat.test.Child-4: skip
[WARNING] modbat/test/Child.scala:12: modbat.test.Child-5: assert
[WARNING] modbat/test/Child.scala:9: modbat.test.Child-2: id
[WARNING] modbat/test/Child.scala:7: modbat.test.Child-3: skip
[WARNING] modbat/test/ComplexLaunch.scala:14: modbat.test.ComplexLaunch-1: assert
[WARNING] modbat/test/Child.scala:9: modbat.test.Child-1: id
[WARNING] modbat/test/Child.scala:7: modbat.test.Child-6: skip
[WARNING] modbat/test/Child.scala:9: modbat.test.Child-4: id
failed at transition modbat/test/PrecondFalse.scala:7
50 tests executed, 50
tests executed, 50 ok,
executed, 50 ok, 0
50 ok, 0 failed.
[INFO] 13 transitions covered
13 transitions covered (65
transitions covered (65 %
covered (65 % out
(65 % out of
[WARNING] modbat/test/Redundancy.scala:15: switch 
1000 tests executed, 996
tests executed, 996 ok,
executed, 996 ok, 4
996 ok, 4 failed.
8a4a8b323494e5a2 129f94f833eaa363 186622cd204ecbbb 52b3b297344848e2
[INFO] 20 transitions covered
20 transitions covered (100
new model instance modbat.test.ForkJoin-1...
[FINE] modbat.test.ForkJoin-1: Executing transition
modbat.test.ForkJoin-1: Executing transition init
new model instance modbat.test.Worker-1...
[FINE] modbat.test.Worker-1: Executing transition
modbat.test.Worker-1: Executing transition init
modbat.test.ForkJoin-1: Executing transition waiting
Executing transition waiting =>
transition waiting => done...
[WARNING] java.lang.IllegalArgumentException: not from
from failed require occurred,
failed require occurred, aborting.
[WARNING] modbat/test/IllArgTest.scala:13: illArg 
[WARNING] modbat/test/NextIfTest3.scala:7: ok =>
modbat/test/NextIfTest3.scala:7: ok => err1
[WARNING] modbat/test/NextIfTest3.scala:10: assert 
[ERROR] at modbat.test.InvCheck3_3.assert(InvCheck3_3.scala) 
[ERROR] at modbat.test.InvCheck3_3.check(InvCheck3_3.scala) 
[ERROR] at sun.reflect.GeneratedMethodAccessor3.invoke(Unknown Source)
new model instance modbat.test.Shortcut-1...
[FINE] modbat.test.Shortcut-1: Executing transition
modbat.test.Shortcut-1: Executing transition reset
modbat.test.Shortcut-1: Executing transition zero
modbat.test.Shortcut-1: Executing transition two
modbat.test.Shortcut-1: Executing transition one
[WARNING] modbat/test/NextIfTest2.scala:7: ok =>
modbat/test/NextIfTest2.scala:7: ok => ok2
[WARNING] modbat/test/NextIfTest2.scala:8: skip 
[WARNING] modbat/test/NextIfTest2.scala:10: assert 
[WARNING] Deadlock: Some models
Deadlock: Some models stuck
Some models stuck waiting
models stuck waiting for
stuck waiting for another
waiting for another model
for another model to
another model to finish.
[WARNING] modbat.test.NoSelfJoin-1: modbat/test/NoSelfJoin.scala:7: join
[WARNING] modbat/test/TickTockTest.scala:9: modbat.test.TickTockTest-1: launch
[WARNING] modbat/test/TickTockTest.scala:11: modbat.test.TickTockTest-1: i;
modbat/test/TickTockTest.scala:11: modbat.test.TickTockTest-1: i; choices
modbat.test.TickTockTest-1: i; choices =
i; choices = (4)
[WARNING] modbat/test/TickTockObserver.scala:8: modbat.test.TickTockObserver-1: i
[WARNING] modbat/test/TickTockObserver.scala:13: modbat.test.TickTockObserver-1: i
i; choices = (1)
i; choices = (3)
[WARNING] modbat/test/TickTockTest.scala:17: modbat.test.TickTockTest-1: assert
[WARNING] Observer modbat.test.TestObserver2: transition
Observer modbat.test.TestObserver2: transition many
modbat.test.TestObserver2: transition many =>
transition many => many
many => many has
=> many has non-default
many has non-default weight,
has non-default weight, which
non-default weight, which is
weight, which is ignored.
[WARNING] modbat/test/ObserverHarness3.scala:8: modbat.test.ObserverHarness3-1: launch
[WARNING] modbat/test/ObserverHarness3.scala:10: modbat.test.ObserverHarness3-1: skip
[WARNING] modbat/test/ObserverHarness3.scala:12: modbat.test.ObserverHarness3-1: i
[WARNING] modbat/test/TestObserver2.scala:7: modbat.test.TestObserver2-1: println
[WARNING] modbat/test/TestObserver2.scala:7: modbat.test.TestObserver2-2: println
[WARNING] modbat/test/TestObserver2.scala:7: modbat.test.TestObserver2-3: println
[WARNING] modbat/test/TestObserver2.scala:7: modbat.test.TestObserver2-4: println
[WARNING] modbat/test/TestObserver2.scala:7: modbat.test.TestObserver2-5: println
[WARNING] modbat/test/TestObserver2.scala:7: modbat.test.TestObserver2-6: println
[WARNING] modbat/test/TestObserver2.scala:11: modbat.test.TestObserver2-1: println
[WARNING] modbat/test/TestObserver2.scala:16: modbat.test.TestObserver2-1: assert
[WARNING] modbat/test/TestObserver2.scala:11: modbat.test.TestObserver2-2: println
[WARNING] modbat/test/TestObserver2.scala:16: modbat.test.TestObserver2-2: assert
[WARNING] modbat/test/TestObserver2.scala:11: modbat.test.TestObserver2-3: println
[WARNING] modbat/test/TestObserver2.scala:16: modbat.test.TestObserver2-3: assert
[WARNING] modbat/test/TestObserver2.scala:11: modbat.test.TestObserver2-4: println
[WARNING] modbat/test/TestObserver2.scala:16: modbat.test.TestObserver2-4: assert
[WARNING] modbat/test/TestObserver2.scala:11: modbat.test.TestObserver2-5: println
[WARNING] modbat/test/TestObserver2.scala:16: modbat.test.TestObserver2-5: assert
[WARNING] modbat/test/TestObserver2.scala:11: modbat.test.TestObserver2-6: println
[WARNING] modbat/test/TestObserver2.scala:16: modbat.test.TestObserver2-6: assert
[WARNING] modbat/test/ComplexLaunch5.scala:15: modbat.test.ComplexLaunch5-1: skip
[WARNING] modbat/test/ComplexLaunch5.scala:20: modbat.test.ComplexLaunch5-1: launch
[WARNING] modbat/test/ComplexLaunch5.scala:25: modbat.test.ComplexLaunch5-1: assert
[WARNING] modbat/test/ComplexLaunch5.scala:15: modbat.test.ComplexLaunch5-2: skip
[WARNING] modbat/test/ComplexLaunch5.scala:25: modbat.test.ComplexLaunch5-2: assert
[WARNING] modbat/test/ComplexLaunch5.scala:15: modbat.test.ComplexLaunch5-3: skip
[WARNING] modbat/test/ComplexLaunch5.scala:25: modbat.test.ComplexLaunch5-3: assert
[WARNING] modbat/test/ComplexLaunch5.scala:15: modbat.test.ComplexLaunch5-4: skip
[WARNING] modbat/test/ComplexLaunch5.scala:20: modbat.test.ComplexLaunch5-4: launch
[WARNING] modbat/test/ComplexLaunch5.scala:16: modbat.test.ComplexLaunch5-4: launch
[WARNING] modbat/test/Child5.scala:12: modbat.test.Child5-2: skip
[WARNING] modbat/test/Child5.scala:12: modbat.test.Child5-1: skip
[WARNING] modbat/test/Child5.scala:17: modbat.test.Child5-2: assert
[WARNING] modbat/test/Child5.scala:17: modbat.test.Child5-1: assert
[WARNING] modbat/test/ComplexLaunch5.scala:15: modbat.test.ComplexLaunch5-5: skip
[WARNING] modbat/test/ComplexLaunch5.scala:25: modbat.test.ComplexLaunch5-4: assert
[WARNING] modbat/test/ComplexLaunch5.scala:16: modbat.test.ComplexLaunch5-5: launch
[WARNING] modbat/test/ComplexLaunch5.scala:20: modbat.test.ComplexLaunch5-5: launch
[WARNING] modbat/test/ComplexLaunch5.scala:15: modbat.test.ComplexLaunch5-6: skip
[WARNING] modbat/test/ComplexLaunch5.scala:20: modbat.test.ComplexLaunch5-6: launch
[WARNING] modbat/test/ComplexLaunch5.scala:15: modbat.test.ComplexLaunch5-7: skip
[WARNING] modbat/test/ComplexLaunch5.scala:25: modbat.test.ComplexLaunch5-7: assert
[WARNING] modbat/test/ComplexLaunch5.scala:16: modbat.test.ComplexLaunch5-6: launch
[WARNING] modbat/test/Child5.scala:12: modbat.test.Child5-4: skip
[WARNING] modbat/test/Child5.scala:14: modbat.test.Child5-4: id
[WARNING] modbat/test/ComplexLaunch5.scala:15: modbat.test.ComplexLaunch5-10: skip
[WARNING] modbat/test/ComplexLaunch5.scala:16: modbat.test.ComplexLaunch5-10: launch
[WARNING] modbat/test/Child5.scala:12: modbat.test.Child5-3: skip
[WARNING] modbat/test/ComplexLaunch5.scala:25: modbat.test.ComplexLaunch5-6: assert
[DEBUG] modbat.test.ComplexLaunch-1: Registered state
modbat.test.ComplexLaunch-1: Registered state transition
from init to active
state transition from active
transition from active to
from active to active
from active to done
[DEBUG] modbat.test.ComplexLaunch-1: Current state:
modbat.test.ComplexLaunch-1: Current state: init
[DEBUG] modbat.test.ComplexLaunch-1: Possible successor:
modbat.test.ComplexLaunch-1: Possible successor: active
[DEBUG] State active in
State active in model
active in model modbat.test.ComplexLaunch-1
in model modbat.test.ComplexLaunch-1 was
model modbat.test.ComplexLaunch-1 was visited
modbat.test.ComplexLaunch-1 was visited 0
was visited 0 times.
modbat.test.ComplexLaunch-1: Current state: active
modbat.test.ComplexLaunch-1: Possible successor: done
modbat.test.ComplexLaunch-1 was visited 1
[DEBUG] State done in
State done in model
done in model modbat.test.ComplexLaunch-1
[DEBUG] Model modbat.test.ComplexLaunch-1 has
Model modbat.test.ComplexLaunch-1 has terminated.
modbat.test.ComplexLaunch-1: Current state: done
Identical model found: modbat.test.ComplexLaunch-1
[DEBUG] modbat.test.Child-1: Registered state
modbat.test.Child-1: Registered state transition
from init to running
state transition from running
transition from running to
from running to running
from running to done
modbat.test.ComplexLaunch-1 was visited 2
[DEBUG] modbat.test.Child-1: Current state:
modbat.test.Child-1: Current state: init
[DEBUG] modbat.test.Child-1: Possible successor:
modbat.test.Child-1: Possible successor: running
[DEBUG] State running in
State running in model
running in model modbat.test.Child-1
in model modbat.test.Child-1 was
model modbat.test.Child-1 was visited
modbat.test.Child-1 was visited 0
modbat.test.Child-1: Current state: running
modbat.test.Child-1: Possible successor: done
modbat.test.Child-1 was visited 1
done in model modbat.test.Child-1
modbat.test.Child-1 was visited 2
modbat.test.Child-1 was visited 3
[DEBUG] Model modbat.test.Child-1 has
Model modbat.test.Child-1 has terminated.
modbat.test.Child-1: Current state: done
Identical model found: modbat.test.Child-1
[DEBUG] modbat.test.Child-2: Registered state
modbat.test.Child-2: Registered state transition
modbat.test.ComplexLaunch-1 was visited 3
[DEBUG] modbat.test.Child-2: Current state:
modbat.test.Child-2: Current state: init
[DEBUG] modbat.test.Child-2: Possible successor:
modbat.test.Child-2: Possible successor: running
running in model modbat.test.Child-2
in model modbat.test.Child-2 was
model modbat.test.Child-2 was visited
modbat.test.Child-2 was visited 0
modbat.test.Child-2: Current state: running
modbat.test.Child-2: Possible successor: done
modbat.test.Child-2 was visited 1
done in model modbat.test.Child-2
modbat.test.Child-2 was visited 2
[DEBUG] Model modbat.test.Child-2 has
Model modbat.test.Child-2 has terminated.
modbat.test.Child-2: Current state: done
modbat.test.Child-1 was visited 4
false at transition modbat/test/RequireMaybeTest.scala:7
new model instance modbat.test.ObserverHarness5-1...
[FINE] modbat.test.ObserverHarness5-1: Executing transition
modbat.test.ObserverHarness5-1: Executing transition reset
new model instance modbat.test.TestObserver5-1...
[FINE] modbat.test.TestObserver5-1: Executing transition
modbat.test.TestObserver5-1: Executing transition zero
modbat.test.ObserverHarness5-1: Executing transition counting
modbat.test.TestObserver5-1: Executing transition one
modbat.test.TestObserver5-1: Executing transition many
loop 5 (model modbat.test.LoopTest2-1,
5 (model modbat.test.LoopTest2-1, state
[ERROR] Option --model-class not
Option --model-class not supported.
--model-class not supported. Try
not supported. Try scala
supported. Try scala modbat.jar
Try scala modbat.jar --help.
[ERROR] at modbat.test.NextIfTest4.assert(NextIfTest4.scala) 
[ERROR] at modbat.test.NextIfTest4$$anonfun$4.apply$mcV$sp(NextIfTest4.scala) 
[ERROR] at modbat.test.NextIfTest4$$anonfun$4.apply(NextIfTest4.scala) 
arguments starting at "y"
starting at "y" are
at "y" are not
"y" are not supported.
[WARNING] java.lang.IllegalArgumentException: requirement failed
java.lang.IllegalArgumentException: requirement failed occurred,
requirement failed occurred, aborting.
[WARNING] modbat/test/SUTReq.scala:12: fail 
[ERROR] at modbat.test.GenLabel3.assert(GenLabel3.scala) 
[ERROR] at modbat.test.GenLabel3.dec(GenLabel3.scala) 
[ERROR] at modbat.test.WeightedTest.assert(WeightedTest.scala) 
[ERROR] at modbat.test.WeightedTest$$anonfun$1.apply$mcV$sp(WeightedTest.scala) 
[ERROR] at modbat.test.WeightedTest$$anonfun$1.apply(WeightedTest.scala) 
[ERROR] java.lang.IllegalArgumentException: not from
[ERROR] at modbat.test.IllArgTest.illArg(IllArgTest.scala) 
[ERROR] at modbat.test.IllArgTest$$anonfun$1.apply$mcV$sp(IllArgTest.scala) 
[ERROR] at modbat.test.IllArgTest$$anonfun$1.apply(IllArgTest.scala) 
new model instance modbat.test.ComplexLaunch4-1...
[FINE] modbat.test.ComplexLaunch4-1: Executing transition
modbat.test.ComplexLaunch4-1: Executing transition init
modbat.test.ComplexLaunch4-1: Executing transition active
new model instance modbat.test.ComplexLaunch4-2...
new model instance modbat.test.ComplexLaunch4-3...
new model instance modbat.test.ComplexLaunch4-4...
[FINE] modbat.test.ComplexLaunch4-2: Executing transition
modbat.test.ComplexLaunch4-2: Executing transition init
modbat.test.ComplexLaunch4-2: Executing transition active
[FINE] modbat.test.ComplexLaunch4-3: Executing transition
modbat.test.ComplexLaunch4-3: Executing transition init
modbat.test.ComplexLaunch4-3: Executing transition active
[FINE] modbat.test.ComplexLaunch4-4: Executing transition
modbat.test.ComplexLaunch4-4: Executing transition init
modbat.test.ComplexLaunch4-4: Executing transition active
new model instance modbat.test.ComplexLaunch4-5...
new model instance modbat.test.Child4-1...
new model instance modbat.test.Child4-2...
[FINE] modbat.test.Child4-2: Executing transition
modbat.test.Child4-2: Executing transition init
[FINE] modbat.test.Child4-1: Executing transition
modbat.test.Child4-1: Executing transition init
modbat.test.Child4-2: Executing transition running
modbat.test.Child4-1: Executing transition running
[FINE] modbat.test.ComplexLaunch4-5: Executing transition
modbat.test.ComplexLaunch4-5: Executing transition init
modbat.test.ComplexLaunch4-5: Executing transition active
new model instance modbat.test.Child4-3...
new model instance modbat.test.ComplexLaunch4-6...
[FINE] modbat.test.ComplexLaunch4-6: Executing transition
modbat.test.ComplexLaunch4-6: Executing transition init
modbat.test.ComplexLaunch4-6: Executing transition active
new model instance modbat.test.ComplexLaunch4-7...
[FINE] modbat.test.ComplexLaunch4-7: Executing transition
modbat.test.ComplexLaunch4-7: Executing transition init
new model instance modbat.test.ComplexLaunch4-8...
modbat.test.ComplexLaunch4-7: Executing transition active
new model instance modbat.test.ComplexLaunch4-9...
new model instance modbat.test.Child4-4...
[FINE] modbat.test.Child4-4: Executing transition
modbat.test.Child4-4: Executing transition init
new model instance modbat.test.ComplexLaunch4-10...
new model instance modbat.test.ComplexLaunch4-11...
modbat.test.Child4-4: Executing transition running
[FINE] modbat.test.ComplexLaunch4-10: Executing transition
modbat.test.ComplexLaunch4-10: Executing transition init
new model instance modbat.test.Child4-5...
new model instance modbat.test.ComplexLaunch4-12...
modbat.test.ComplexLaunch4-10: Executing transition active
new model instance modbat.test.Child4-6...
[FINE] modbat.test.Child4-3: Executing transition
modbat.test.Child4-3: Executing transition init
[ERROR] at modbat.test.ChooseInBefore.assert(ChooseInBefore.scala) 
[ERROR] at modbat.test.ChooseInBefore$$anonfun$1.apply$mcV$sp(ChooseInBefore.scala) 
[ERROR] at modbat.test.ChooseInBefore$$anonfun$1.apply(ChooseInBefore.scala) 
[WARNING] modbat/test/WeightedTestWFrac.scala:8: assert 
[WARNING] modbat/test/WeightedTestWFrac.scala:10: assert 
18 transitions covered (90
3 states covered (42
states covered (42 %
covered (42 % out
(42 % out of
2 transitions covered (11
transitions covered (11 %
covered (11 % out
(11 % out of
test would be: 367f25c3e880db4
[WARNING] modbat/test/ConcurrentModel.scala:13: join 
[INFO] 102 tests executed,
102 tests executed, 101
tests executed, 101 ok,
executed, 101 ok, 1
101 ok, 1 failed.
test would be: 4e85c1cc3f124334
three   
[DEBUG] modbat.test.SubModel-1: Registered state
modbat.test.SubModel-1: Registered state transition
from init to err
[DEBUG] Before: init 
[DEBUG] modbat.test.SubModel-1: Current state:
modbat.test.SubModel-1: Current state: init
[DEBUG] modbat.test.SubModel-1: Possible successor:
modbat.test.SubModel-1: Possible successor: err
[DEBUG] State err in
State err in model
err in model modbat.test.SubModel-1
in model modbat.test.SubModel-1 was
model modbat.test.SubModel-1 was visited
modbat.test.SubModel-1 was visited 0
[DEBUG] Model modbat.test.SubModel-1 has
Model modbat.test.SubModel-1 has terminated.
modbat.test.SubModel-1: Current state: err
[WARNING] modbat/test/NextIfTest4.scala:7: ok -->
modbat/test/NextIfTest4.scala:7: ok --> err
[WARNING] modbat/test/NextIfTest4.scala:10: assert 
[INFO] 15 tests executed,
15 tests executed, 14
tests executed, 14 ok,
executed, 14 ok, 1
14 ok, 1 failed.
assertion failed at invariantCheck
[INFO] 745035c2b643033  
3 transitions covered (75
transitions covered (75 %
test would be: 5a92477004cf57fb
[WARNING] modbat/test/LoopTestWithLaunch.scala:10: modbat.test.LoopTestWithLaunch-4: assert
[WARNING] modbat/test/LoopTestWithLaunch.scala:16: modbat.test.LoopTestWithLaunch-6: launch
[WARNING] modbat/test/LoopTestWithLaunch.scala:10: modbat.test.LoopTestWithLaunch-5: assert
[WARNING] modbat/test/LoopTestWithLaunch.scala:10: modbat.test.LoopTestWithLaunch-1: assert
[WARNING] modbat/test/LoopTestWithLaunch.scala:10: modbat.test.LoopTestWithLaunch-6: assert
[WARNING] modbat/test/LoopTestWithLaunch.scala:10: modbat.test.LoopTestWithLaunch-7: assert
[WARNING] modbat/test/LoopTestWithLaunch.scala:13: modbat.test.LoopTestWithLaunch-8: assert
[WARNING] modbat/test/LoopTestWithLaunch.scala:10: assert 
[WARNING] modbat/test/LoopTestWithLaunch.scala:13: assert 
[WARNING] modbat/test/LoopTestWithLaunch.scala:13: modbat.test.LoopTestWithLaunch-2: assert
[WARNING] modbat/test/LoopTestWithLaunch.scala:16: modbat.test.LoopTestWithLaunch-3: launch
[WARNING] modbat/test/LoopTestWithLaunch.scala:13: modbat.test.LoopTestWithLaunch-4: assert
[WARNING] modbat/test/LoopTestWithLaunch.scala:16: modbat.test.LoopTestWithLaunch-4: launch
[WARNING] modbat/test/LoopTestWithLaunch.scala:16: modbat.test.LoopTestWithLaunch-5: launch
[WARNING] modbat/test/MaybeNextIfTest2.scala:8: println; choices
modbat/test/MaybeNextIfTest2.scala:8: println; choices =
println; choices = (0.23796444,
choices = (0.23796444, 0.89374465)
println; choices = (0.42469475,
choices = (0.42469475, 0.2216002)
[WARNING] modbat/test/MaybeNextIfTest2.scala:17: assert 
println; choices = (0.89374465,
choices = (0.89374465, 0.4793791)
println; choices = (0.2216002,
choices = (0.2216002, 0.3591516)
println; choices = (0.41595998,
choices = (0.41595998, 0.052770555)
println; choices = (0.4793791,
choices = (0.4793791, 0.49016)
println; choices = (0.3591516,
choices = (0.3591516, 0.47383475)
println; choices = (0.052770555,
choices = (0.052770555, 0.35623378)
println; choices = (0.053496104,
choices = (0.053496104, 0.24076776)
new model instance modbat.test.ConcurrentModel-1...
[FINE] modbat.test.ConcurrentModel-1: Executing transition
modbat.test.ConcurrentModel-1: Executing transition reset
[WARNING] modbat/test/NextIfTest5.scala:7: ok -->
modbat/test/NextIfTest5.scala:7: ok --> err1
ok --> err1 (1)
[WARNING] modbat/test/NextIfTest5.scala:11: assert 
