[INFO]
2
tests
executed,
1
ok,
failed.
One
type
of
test
failure:
1)
java.lang.AssertionError:
assertion
failed
at
assert
402b73cd0066eaea
modbat.test.ComplexLaunch6:
3
states
covered
(100
%
out
3),
4
transitions
4).
modbat.test.Child6:
3).
Random
seed
for
next
would
be:
41530f4040856586
[WARNING]
failed:
n
=
10
occurred,
aborting.
Error
found,
model
trace:
modbat/test/WeightedTest.scala:8:
modbat/test/WeightedTest.scala:10:
modbat/test/ComplexLaunch6.scala:13:
modbat.test.ComplexLaunch6-1:
skip
modbat/test/ComplexLaunch6.scala:18:
launch
modbat/test/ComplexLaunch6.scala:23:
modbat.test.ComplexLaunch6-2:
modbat.test.ComplexLaunch6-3:
modbat.test.ComplexLaunch6-4:
modbat/test/ComplexLaunch6.scala:14:
modbat/test/Child6.scala:10:
modbat.test.Child6-2:
modbat.test.Child6-1:
modbat/test/Child6.scala:15:
modbat.test.ComplexLaunch6-5:
modbat.test.ComplexLaunch6-6:
modbat.test.ComplexLaunch6-7:
modbat.test.Child6-4:
modbat/test/Child6.scala:12:
id
modbat.test.ComplexLaunch6-10:
modbat.test.Child6-3:
50
41
9
java.net.ConnectException:
Connection
refused
connect
49a846e52b813972
27fe2d950fc74b21
5ff50ec9279365d2
a410ce32fc39dfb
8d32a08e0d0b1183
8102b494089e6116
44907dab3e7f0a55
46e3ffb302d6b70f
2a83b5bd2ae1ea70
5
(83
6),
(45
20).
Precondition
always
passed
transition
modbat/examples/NioSocket1.scala:82
8b388ceb07e23410
[ERROR]
scala.Predef$.assert(Predef.scala)
modbat.dsl.Model$.assert(Model.scala)
modbat.dsl.Model$class.assert(Model.scala)
modbat.test.TestObserver.assert(TestObserver.scala)
modbat.test.TestObserver$$anonfun$3.apply$mcV$sp(TestObserver.scala)
modbat.test.TestObserver$$anonfun$3.apply(TestObserver.scala)
java.lang.IllegalArgumentException:
requirement
scala.Predef$.require(Predef.scala)
modbat.test.SUTWithFailedReq$.fail(SUTWithFailedReq.scala)
modbat.test.SUTReq$$anonfun$2.apply$mcV$sp(SUTReq.scala)
modbat.test.SUTReq$$anonfun$2.apply(SUTReq.scala)
[FINE]
Launching
new
instance
modbat.test.WeightedTest2-1...
modbat.test.WeightedTest2-1:
Executing
init
=>
(1)...
violated,
backtracking
to
init.
3ba471c1785a0175
(75
4),
(66
modbat.examples.JavaNioServerSocket.assert(JavaNioServerSocket.scala)
modbat.examples.JavaNioServerSocket.readFrom(JavaNioServerSocket.scala)
modbat.examples.JavaNioServerSocket$$anonfun$9.apply$mcV$sp(JavaNioServerSocket.scala)
modbat.examples.JavaNioServerSocket$$anonfun$9.apply(JavaNioServerSocket.scala)
modbat.test.ExcTest5.assert(ExcTest5.scala)
modbat.test.ExcTest5$$anonfun$2.apply$mcV$sp(ExcTest5.scala)
modbat.test.ExcTest5$$anonfun$2.apply(ExcTest5.scala)
modbat.test.RSeedTestSuccess.assert(RSeedTestSuccess.scala)
modbat.test.RSeedTestSuccess$$anonfun$1.apply$mcV$sp(RSeedTestSuccess.scala)
modbat.test.RSeedTestSuccess$$anonfun$1.apply(RSeedTestSuccess.scala)
modbat.test.ComplexLaunch3.assert(ComplexLaunch3.scala)
modbat.test.ComplexLaunch3$$anonfun$2.apply$mcV$sp(ComplexLaunch3.scala)
modbat.test.ComplexLaunch3$$anonfun$2.apply(ComplexLaunch3.scala)
modbat/examples/JavaNioServerSocket.scala:72:
open
modbat/examples/JavaNioServerSocket.scala:77:
getLocalPort
modbat/examples/JavaNioServerSocket.scala:87:
accept
modbat/examples/JavaNioServerSocket.scala:102:
readFrom
modbat/examples/JavaNioServerSocket.scala:82:
toggleBlocking
modbat/examples/JavaNioServerSocket.scala:92:
startClient
modbat/examples/JavaNioServerSocket.scala:108:
interrupt
modbat/examples/JavaNioServerSocket.scala:96:
accept;
choices
(0.9360237)
(0.758553)
(0.88528615)
(0.4973101)
modbat/examples/JavaNioServerSocket.scala:75:
(0.7952144)
modbat/examples/JavaNioServerSocket.scala:104:
close
modbat.test.ObserverHarness3-1...
modbat.test.ObserverHarness3-1:
reset
counting...
counting
end...
reset...
modbat.test.TestObserver2-1...
modbat.test.TestObserver2-1:
zero
one...
zero.
modbat.test.TestObserver2-2...
modbat.test.TestObserver2-2:
modbat.test.TestObserver2-3...
modbat.test.TestObserver2-3:
modbat.test.TestObserver2-4...
modbat.test.TestObserver2-4:
modbat.test.TestObserver2-5...
modbat.test.TestObserver2-5:
modbat.test.TestObserver2-6...
modbat.test.TestObserver2-6:
one
many...
one.
many
100
0
6
16
(80
modbat/examples/NioSocket1.scala:97
sleep
e33f5272c52bf71
modbat.test.ComplexLaunch-1...
modbat.test.ComplexLaunch-1:
active...
active
done...
modbat.test.Child-1...
modbat.test.Child-1:
running...
running
modbat.test.Child-2...
modbat.test.Child-2:
modbat.test.Child-3...
modbat.test.Child-4...
modbat.test.Child-5...
modbat.test.Child-5:
modbat.test.Child-4:
modbat.test.Child-3:
modbat.test.Child-6...
modbat.test.Child-6:
modbat.test.ComplexLaunch5.assert(ComplexLaunch5.scala)
modbat.test.ComplexLaunch5$$anonfun$2.apply$mcV$sp(ComplexLaunch5.scala)
modbat.test.ComplexLaunch5$$anonfun$2.apply(ComplexLaunch5.scala)
i
modbat/test/InvCheck3_3.scala:9:
inc
private
int
modbat.test.InvCheck3_3.i
modbat/test/InvCheck3_3.scala:14:
modbat/test/InvCheck3_3.scala:15:
modbat/test/InvCheck3_3.scala:11:
check
modbat/test/Shortcut.scala:12:
count
...
modbat/test/Shortcut.scala:21:
modbat/test/Shortcut.scala:24:
modbat/test/Shortcut.scala:15:
modbat/test/Shortcut.scala:18:
2),
2).
modbat/test/GenLabel2.scala:13:
decrement
modbat/test/GenLabel2.scala:12:
increment
modbat.examples.JavaNioServerSocket-1...
modbat.examples.JavaNioServerSocket-1:
open...
closed...
closed
err...
java.nio.channels.ClosedChannelException
generated
as
expected.
bound...
bound
connected...
connected
bound.
accepting...
accepting
Next
state
predicate
holds,
go
connected.
java.nio.channels.NotYetBoundException
20
8
12
types
failures:
89a82931be29e65
19b6aa1b14a29017
486e122d1bcbade7
284ca782182a253f
2)
85780661bf76533
745035c2b643033
1e528010d3d2d54
5a92477004cf57fb
7
7).
636e772f0798297b
(20
5).
(25
74
3003311528925804,
modbat.test.AnyFuncTest.assert(AnyFuncTest.scala)
modbat.test.AnyFuncTest$$anonfun$1.apply$mcV$sp(AnyFuncTest.scala)
modbat.test.AnyFuncTest$$anonfun$1.apply(AnyFuncTest.scala)
Result
call
is
true.
err1
21
21).
4557745f20abfec0
modbat.examples.NioSocket1.assert(NioSocket1.scala)
modbat.examples.NioSocket1.readFrom(NioSocket1.scala)
modbat.examples.NioSocket1$$anonfun$15.apply$mcV$sp(NioSocket1.scala)
modbat.examples.NioSocket1$$anonfun$15.apply(NioSocket1.scala)
[DEBUG]
Adding
build/modbat-test.jar
classpath.
Registered
from
---
Exploring
Current
state:
Possible
successor:
State
in
modbat.test.WeightedTest2-1
was
visited
times.
No
more
successors.
Resetting
initial
Identical
found:
500
497
8a4a8b323494e5a2
129f94f833eaa363
186622cd204ecbbb
19
(95
modbat/examples/NioSocket1.scala:93
finishConnect
232e55b4117fdaf7
modbat/examples/NioSocket1.scala:77:
modbat/examples/NioSocket1.scala:82:
modbat/examples/NioSocket1.scala:117:
modbat/examples/NioSocket1.scala:120:
modbat.test.ExcTestA4.assert(ExcTestA4.scala)
modbat.test.ExcTestA4$$anonfun$2.apply$mcV$sp(ExcTestA4.scala)
modbat.test.ExcTestA4$$anonfun$2.apply(ExcTestA4.scala)
3003311528925804
modbat/test/InvCheck3.scala:12:
modbat/test/InvCheck3.scala:13:
modbat/test/InvCheck3.scala:7:
modbat/test/InvCheck3.scala:14:
modbat/test/InvCheck3.scala:9:
modbat.test.ObserverHarness-1...
modbat.test.ObserverHarness-1:
modbat.test.TestObserver-1...
modbat.test.TestObserver-1:
modbat.test.ComplexLaunch2.assert(ComplexLaunch2.scala)
modbat.test.ComplexLaunch2$$anonfun$2.apply$mcV$sp(ComplexLaunch2.scala)
modbat.test.ComplexLaunch2$$anonfun$2.apply(ComplexLaunch2.scala)
modbat.test.Immediate-1...
modbat.test.Immediate-1:
init...
modbat.test.Catches-1...
modbat.test.Catches-1:
ok
ok...
java.lang.Exception:
Test...
leads
exception
err.
on
this
must
be
taken
immediately.
err
modbat.test.Catches-2...
Detected
beginning
loop
(model
modbat.test.Immediate-1,
init),
filtering
modbat.test.Catches-1,
ok),
ok.
modbat.test.Catches-2:
modbat.test.Catches-2,
modbat/examples/SimpleModel.scala:10:
SimpleCounter
modbat/examples/SimpleModel.scala:13:
toggleSwitch
modbat/examples/SimpleModel.scala:16:
modbat/examples/SimpleModel.scala:19:
modbat/examples/SimpleModel.scala:25:
modbat.test.MaybeElseTest2.assert(MaybeElseTest2.scala)
modbat.test.MaybeElseTest2$$anonfun$2$$anonfun$apply$mcV$sp$2$$anonfun$apply$1.apply$mcV$sp(MaybeElseTest2.scala)
modbat.test.MaybeElseTest2$$anonfun$2$$anonfun$apply$mcV$sp$2$$anonfun$apply$1.apply(MaybeElseTest2.scala)
sun.nio.ch.Net.connect0(Native
Method)
sun.nio.ch.Net.connect(Net.java)
sun.nio.ch.SocketChannelImpl.connect(SocketChannelImpl.java)
modbat.examples.NioSocket1.connect(NioSocket1.scala)
modbat.examples.NioSocket1$$anonfun$3.apply$mcV$sp(NioSocket1.scala)
modbat.examples.NioSocket1$$anonfun$3.apply(NioSocket1.scala)
845
5621447540498098,
1),
modbat.test.ComplexLaunch4.assert(ComplexLaunch4.scala)
modbat.test.ComplexLaunch4$$anonfun$2.apply$mcV$sp(ComplexLaunch4.scala)
modbat.test.ComplexLaunch4$$anonfun$2.apply(ComplexLaunch4.scala)
(50
(10
modbat/examples/NioSocket1.scala:86
25ab24d9461ee328
scala.Predef$.assert(Predef.scala:156)
modbat.dsl.Model$.assert(Model.scala:28)
modbat.dsl.Model$class.assert(Model.scala:39)
modbat.test.InvalidMethod.assert(InvalidMethod.scala:5)
modbat.test.InvalidMethod$$anonfun$invariantCheck$1.apply$mcV$sp(InvalidMethod.scala:11)
modbat.test.InvalidMethod$$anonfun$invariantCheck$1.apply(InvalidMethod.scala:11)
modbat.test.JoinNull-1
calls
join(null)
but
parameter
non-null.
java.lang.NullPointerException
modbat/test/LoopTestWithLaunch.scala:16:
modbat.test.LoopTestWithLaunch-1:
modbat.test.LoopTestWithLaunch-2:
modbat/test/LoopTestWithLaunch.scala:10:
modbat.test.LoopTestWithLaunch-3:
modbat/test/LoopTestWithLaunch.scala:13:
Assertion
Thread
Thread-3
(transition
outside
such
callback)
modbat.test.ObserverHarness7:
modbat.test.ConcurrentObserver:
Ignoring
method
public
void
modbat.test.InvalidMethod.invariantCheck(int),
which
has
@State
annotation
than
arguments.
non-existent
x
invariantCheck
modbat/test/InvalidMethod.scala:15:
modbat/test/InvalidMethod.scala:11:
invariantCheck;
(0.49744096)
modbat.test.ComplexLaunch2-1...
modbat.test.ComplexLaunch2-1:
(2)...
modbat.test.ComplexLaunch2-2...
modbat.test.ComplexLaunch2-3...
modbat.test.ComplexLaunch2-4...
modbat.test.ComplexLaunch2-2:
modbat.test.ComplexLaunch2-3:
modbat.test.ComplexLaunch2-4:
modbat.test.ComplexLaunch2-5...
modbat.test.Child2-1...
modbat.test.Child2-2...
modbat.test.Child2-2:
modbat.test.Child2-1:
modbat.test.ComplexLaunch2-5:
modbat.test.Child2-3...
modbat.test.ComplexLaunch2-6...
modbat.test.ComplexLaunch2-6:
modbat.test.ComplexLaunch2-7...
modbat.test.ComplexLaunch2-7:
modbat.test.ComplexLaunch2-8...
modbat.test.ComplexLaunch2-9...
modbat.test.Child2-4...
modbat.test.Child2-4:
modbat.test.ComplexLaunch2-10...
modbat.test.ComplexLaunch2-11...
modbat.test.ComplexLaunch2-10:
modbat.test.Child2-5...
modbat.test.ComplexLaunch2-12...
modbat.test.Child2-6...
modbat.test.Child2-3:
active.
modbat.test.LoopTestWithLaunch.assert(LoopTestWithLaunch.scala)
modbat.test.LoopTestWithLaunch$$anonfun$1.apply$mcV$sp(LoopTestWithLaunch.scala)
modbat.test.LoopTestWithLaunch$$anonfun$1.apply(LoopTestWithLaunch.scala)
modbat/test/InvCheck3_1.scala:13:
modbat/test/InvCheck3_1.scala:8:
modbat/test/InvCheck3_1.scala:14:
modbat/test/InvCheck3_1.scala:15:
modbat/test/InvCheck3_1.scala:10:
18
7),
17
17).
1000
modbat.test.LoopTest-1...
modbat.test.LoopTest-1,
modbat.test.LoopTest-1:
modbat.test.Child.assert(Child.scala)
modbat.test.Child$$anonfun$3.apply$mcV$sp(Child.scala)
modbat.test.Child$$anonfun$3.apply(Child.scala)
modbat.test.ComplexLaunch.assert(ComplexLaunch.scala)
modbat.test.ComplexLaunch$$anonfun$2.apply$mcV$sp(ComplexLaunch.scala)
modbat.test.ComplexLaunch$$anonfun$2.apply(ComplexLaunch.scala)
modbat.test.ExcTest6.assert(ExcTest6.scala)
modbat.test.ExcTest6$$anonfun$2.apply$mcV$sp(ExcTest6.scala)
modbat.test.ExcTest6$$anonfun$2.apply(ExcTest6.scala)
Cannot
mkdir
"0/1/4"
modbat/test/SimpleFileModel.scala:33:
modbat.test.SimpleFileModel-1:
modbat/test/SimpleFileModel.scala:34:
launch;
(0.42469475)
modbat/test/SimpleFileModel.scala:43:
require
modbat/test/SimpleFileModel.scala:45:
(0,
0.052770555)
modbat/test/SimpleFileModel.scala:49:
modbat/test/SimpleFileModel.scala:50:
println
modbat.test.SimpleFileModel-2:
(1,
0.116557345)
modbat.test.SimpleFileModel-4:
modbat.test.SimpleFileModel-3:
0.47003296)
modbat.test.SimpleFileModel-5:
modbat/test/SimpleFileModel.scala:37:
modbat/test/ComplexLaunch4.scala:17:
modbat.test.ComplexLaunch4-1:
modbat/test/ComplexLaunch4.scala:22:
modbat/test/ComplexLaunch4.scala:27:
modbat.test.ComplexLaunch4-2:
modbat.test.ComplexLaunch4-3:
modbat.test.ComplexLaunch4-4:
modbat/test/ComplexLaunch4.scala:18:
modbat/test/Child4.scala:20:
modbat.test.Child4-2:
modbat.test.Child4-1:
modbat/test/Child4.scala:25:
modbat.test.ComplexLaunch4-5:
modbat.test.ComplexLaunch4-6:
modbat.test.ComplexLaunch4-7:
modbat.test.Child4-4:
modbat/test/Child4.scala:22:
modbat.test.ComplexLaunch4-10:
modbat.test.Child4-3:
5),
(71
modbat/test/ObserverHarness2.scala:8:
modbat.test.ObserverHarness2-1:
modbat/test/ObserverHarness2.scala:10:
modbat/test/ObserverHarness2.scala:12:
modbat/test/TestObserver.scala:9:
modbat.test.TestObserver-2:
modbat.test.TestObserver-3:
modbat.test.TestObserver-4:
modbat.test.TestObserver-5:
modbat.test.TestObserver-6:
modbat/test/TestObserver.scala:13:
modbat/test/TestObserver.scala:18:
Extra
arguments
starting
"-n=1"
are
not
supported.
modbat.test.IllArgTest-1...
modbat.test.IllArgTest-1:
modbat.examples.NioSocket1-1...
modbat.examples.NioSocket1-1:
maybeconnected...
open.
java.nio.channels.NoConnectionPendingException
java.nio.channels.AlreadyConnectedException
java.nio.channels.NotYetConnectedException
maybeconnected
java.nio.channels.ConnectionPendingException
maybeconnected.
join
(0
1).
Test:
(gear,3)
(power,0)
(power,1)
(gear,2)
(gear,1)
(gear,4)
modbat.test.NextIfTest3.assert(NextIfTest3.scala)
modbat.test.NextIfTest3$$anonfun$3.apply$mcV$sp(NextIfTest3.scala)
modbat.test.NextIfTest3$$anonfun$3.apply(NextIfTest3.scala)
modbat.test.MaybeNextIfTest-1...
modbat.test.MaybeNextIfTest-1:
Primary
Observer.
modbat.examples.SimpleModel.assert(SimpleModel.scala)
modbat.examples.SimpleModel$$anonfun$6.apply$mcV$sp(SimpleModel.scala)
modbat.examples.SimpleModel$$anonfun$6.apply(SimpleModel.scala)
fail
modbat/test/SUTReq.scala:8
modbat/test/SUTReq.scala:10
NoPackage.scala:6:
(85
modbat.test.ComplexLaunch5:
modbat.test.Child5:
30
26
1690fa4e0c732f7d
6).
7073195f4478074f
5621447540498098
15
Expected
did
occur
modbat.test.MaybeNextIfTest2.assert(MaybeNextIfTest2.scala)
modbat.test.MaybeNextIfTest2$$anonfun$5.apply$mcV$sp(MaybeNextIfTest2.scala)
modbat.test.MaybeNextIfTest2$$anonfun$5.apply(MaybeNextIfTest2.scala)
modbat/test/InvariantCheck.scala:14:
somestate;
(0.6395907)
modbat/test/InvariantCheck.scala:8:
modbat.test.TickTockTest-1...
modbat.test.TickTockTest-1:
modbat.test.TickTockObserver-1...
modbat.test.TickTockObserver-1:
tick
tock...
tick.
choose(1,
5)
tock
tick...
modbat.test.Redundancy-1...
modbat.test.Redundancy-1:
(3)...
modbat/test/InvCheck2.scala:14:
-->
state2;
modbat/test/InvCheck2.scala:8:
modbat.test.ObserverHarness4:
modbat.test.TestObserver:
modbat.test.TestObserver-1
972
28
af39d7b440c7619
29f82abd2be12950
2b18082b1bd0dc96
133202bc25957d90
88af43883571af0c
69bff9e70d82f564
1e722f5a2e3246cb
4a48affe2f9f1eec
72d25cc409059603
5e266594310b253e
2856c6312e4eff2a
77a0fd973e5a7f16
202770fe19b24c8c
426981ef1f5d935d
8f65c44a1e1e02d9
6444c61118268f28
26179a5519153bb7
769392035d2b8fa
75100d3b0a0e085b
7f3d11840c56e036
24573c050945117d
48e6858622f077f5
6e1dc0fd3d52640f
88c05e902ee96a2a
6231d53e20af3a22
1e7e66d92e12a205
All
preconditions
false
Maybe
the
too
strict?
200
18).
21a48b131218e9b4
8e80db4b43867a5a
7bb4b043219b1ba6
5e7dfc9e0a3af5da
modbat/test/LoopTest.scala:9:
modbat/test/LoopTest.scala:11:
modbat/examples/CounterModel.scala:10:
Counter
modbat/examples/CounterModel.scala:13:
modbat/examples/CounterModel.scala:16:
modbat/examples/CounterModel.scala:19:
modbat/examples/CounterModel.scala:25:
modbat/test/RequireMaybeTest2.scala:17
maybeTest
modbat.test.LoopTest2-1...
modbat.test.LoopTest2-1:
ok2...
modbat.test.LoopTest2-1,
ok2),
ok2
ok2.
modbat.test.WeightedTestWFrac.assert(WeightedTestWFrac.scala)
modbat.test.WeightedTestWFrac$$anonfun$1.apply$mcV$sp(WeightedTestWFrac.scala)
modbat.test.WeightedTestWFrac$$anonfun$1.apply(WeightedTestWFrac.scala)
modbat/test/ThrowTest.scala:17
dangerous
err2
modbat.test.ObserverHarness:
modbat/test/MaybeNextIfTest.scala:8:
println;
(0.23796444)
modbat/test/MaybeNextIfTest.scala:11:
(0.89374465)
(0.47383475)
(0.052770555)
modbat.test.InvCheck3_1.assert(InvCheck3_1.scala)
modbat.test.InvCheck3_1.check(InvCheck3_1.scala)
sun.reflect.NativeMethodAccessorImpl.invoke0(Native
sun.reflect.NativeMethodAccessorImpl.invoke(NativeMethodAccessorImpl.java)
sun.reflect.DelegatingMethodAccessorImpl.invoke(DelegatingMethodAccessorImpl.java)
java.lang.reflect.Method.invoke(Method.java)
sun.reflect.GeneratedMethodAccessor1.invoke(Unknown
Source)
modbat/test/MaybeNextIfTest5.scala:8:
modbat/test/MaybeNextIfTest5.scala:12:
(0.4793791)
modbat/test/LoopTest2.scala:9:
modbat/test/LoopTest2.scala:10:
modbat/test/LoopTest2.scala:12:
modbat/test/ObserverHarness4.scala:8:
modbat.test.ObserverHarness4-1:
modbat/test/ObserverHarness4.scala:10:
modbat/test/ObserverHarness4.scala:12:
modbat/test/ObserverHarness4.scala:15:
modbat/test/ComplexLaunch2.scala:17:
modbat/test/ComplexLaunch2.scala:22:
modbat/test/ComplexLaunch2.scala:27:
modbat/test/ComplexLaunch2.scala:18:
modbat/test/Child2.scala:9:
modbat/test/Child2.scala:14:
modbat/test/Child2.scala:11:
modbat.test.Immediate:
modbat.test.Catches:
modbat/test/ExcTest6.scala:7:
Exception
modbat/test/ExcTest6.scala:13:
"b"
modbat.test.LoopTestWithLaunch-1...
modbat.test.LoopTestWithLaunch-2...
modbat.test.LoopTestWithLaunch-3...
modbat.test.LoopTestWithLaunch-4...
modbat.test.LoopTestWithLaunch-1,
(1).
(2).
modbat.test.ExcTest3.assert(ExcTest3.scala)
modbat.test.ExcTest3$$anonfun$2.apply$mcV$sp(ExcTest3.scala)
modbat.test.ExcTest3$$anonfun$2.apply(ExcTest3.scala)
modbat/test/ExcTest5.scala:8:
mcZ
modbat/test/ExcTest5.scala:12:
modbat/test/ExcTestA4.scala:7:
IOException
modbat/test/ExcTestA4.scala:12:
(33
modbat.test.InvCheck4.assert(InvCheck4.scala)
modbat.test.InvCheck4.check(InvCheck4.scala)
modbat.test.ObserverHarness7-1...
modbat.test.ObserverHarness7-1:
modbat.test.ConcurrentObserver-1...
modbat.test.ConcurrentObserver-1:
build/modbat-examples.jar
Function
"accept"
called
inside
closure
(such
"maybe").
modbat.test.Choices.assert(Choices.scala)
modbat.test.Choices$$anonfun$1.apply$mcV$sp(Choices.scala)
modbat.test.Choices$$anonfun$1.apply(Choices.scala)
modbat/test/ExcTestA5.scala:7:
modbat/test/ExcTestA5.scala:16:
modbat/test/ExcTest4.scala:7:
nonDetCall
modbat/test/ExcTest4.scala:15:
modbat/test/GenLabel.scala:13:
dec
modbat/test/GenLabel.scala:12:
modbat.test.ComplexLaunch2:
modbat.test.Child2:
modbat/test/ExcTest2.scala:8:
modbat/test/ExcTest2.scala:11:
modbat.test.InvCheck3.assert(InvCheck3.scala)
modbat.test.InvCheck3.check(InvCheck3.scala)
2e78dcb10b272e5
(40
4ffc5b2a1f8e9642
modbat/test/ExcTestA3.scala:8:
modbat/test/ExcTestA3.scala:11:
modbat.test.ComplexLaunch6-1...
modbat.test.ComplexLaunch6-2...
modbat.test.ComplexLaunch6-3...
modbat.test.ComplexLaunch6-4...
modbat.test.ComplexLaunch6-5...
modbat.test.Child6-1...
modbat.test.Child6-2...
modbat.test.Child6-3...
modbat.test.ComplexLaunch6-6...
modbat.test.ComplexLaunch6-7...
modbat.test.ComplexLaunch6-8...
modbat.test.ComplexLaunch6-9...
modbat.test.Child6-4...
modbat.test.ComplexLaunch6-10...
modbat.test.ComplexLaunch6-11...
modbat.test.Child6-5...
modbat.test.ComplexLaunch6-12...
modbat.test.Child6-6...
modbat/test/JoinNull.scala:7:
modbat.dsl.JoinWithoutLaunchException
modbat/test/ForkJoin2.scala:7:
modbat/examples/NioSocket1.scala:84:
modbat.test.Redundancy.assert(Redundancy.scala)
modbat.test.Redundancy$$anonfun$5.apply$mcV$sp(Redundancy.scala)
modbat.test.Redundancy$$anonfun$5.apply(Redundancy.scala)
43
7c984b5d1a209c21
modbat.test.ComplexLaunch:
modbat.test.Child:
Value
option
s
least
1.
modbat/test/ExcTest3.scala:7:
modbat/test/ExcTest3.scala:15:
modbat.test.ObserverHarness3:
modbat.test.TestObserver2:
modbat.test.TestObserver6.assert(TestObserver6.scala)
modbat.test.TestObserver6$$anonfun$3.apply$mcV$sp(TestObserver6.scala)
modbat.test.TestObserver6$$anonfun$3.apply(TestObserver6.scala)
modbat.test.MaybeNextIfTest5-1...
modbat.test.MaybeNextIfTest5-1:
err1...
modbat.test.MaybeNextIfTest5.assert(MaybeNextIfTest5.scala)
modbat.test.MaybeNextIfTest5$$anonfun$3.apply$mcV$sp(MaybeNextIfTest5.scala)
modbat.test.MaybeNextIfTest5$$anonfun$3.apply(MaybeNextIfTest5.scala)
48
modbat/test/Redundancy.scala:10:
switch
modbat/test/Redundancy.scala:17:
modbat/test/Redundancy.scala:24:
scala
modbat.jar
vx.yz
Model
class
argument
missing.
Try
--help.
modbat.test.SubModel-1...
modbat.test.SubModel-1:
modbat.examples.CounterModel2.assert(CounterModel2.scala)
modbat.examples.CounterModel2$$anonfun$6.apply$mcV$sp(CounterModel2.scala)
modbat.examples.CounterModel2$$anonfun$6.apply(CounterModel2.scala)
2618bb7730143131
modbat.test.TickTockTest:
modbat.test.TickTockObserver:
modbat/test/TickTockObserver.scala:13:
modbat.test.TickTockObserver-1
modbat.test.NextIfTest5.assert(NextIfTest5.scala)
modbat.test.NextIfTest5$$anonfun$4.apply$mcV$sp(NextIfTest5.scala)
modbat.test.NextIfTest5$$anonfun$4.apply(NextIfTest5.scala)
modbat/test/MaybeElseTest2.scala:11:
modbat/test/ObserverHarness6.scala:8:
modbat.test.ObserverHarness6-1:
modbat/test/ObserverHarness6.scala:11:
modbat/test/TestObserver6.scala:9:
modbat.test.TestObserver6-1:
modbat/test/TestObserver6.scala:14:
modbat/test/TestObserver6.scala:19:
modbat.test.ObserverHarness4-1...
modbat.test.TestObserver-2...
modbat.test.TestObserver-3...
modbat.test.TestObserver-4...
modbat.test.TestObserver-5...
modbat.test.TestObserver-6...
Duplicate
label
"inc1".
modbat/examples/CounterModel2.scala:10:
modbat/examples/CounterModel2.scala:13:
toggle
modbat/examples/CounterModel2.scala:16:
inc1
modbat/examples/CounterModel2.scala:19:
modbat/examples/CounterModel2.scala:25:
modbat.test.ExcTestA5.assert(ExcTestA5.scala)
modbat.test.ExcTestA5$$anonfun$2.apply$mcV$sp(ExcTestA5.scala)
modbat.test.ExcTestA5$$anonfun$2.apply(ExcTestA5.scala)
(60
modbat/test/AnyFuncTest.scala:13:
setTo3;
(setTo2:
line
15)
(setTo1:
14)
modbat/test/AnyFuncTest.scala:20:
start
end
before
after
child:before
child:after
shutdown
occur,
modbat/test/InvCheck5.scala:17:
modbat/test/InvCheck5.scala:20:
somestate
modbat/test/InvCheck5.scala:11:
(0.35623378)
(0.053496104)
(0.24076776)
NoPackage.assert(NoPackage.scala)
NoPackage$$anonfun$1.apply$mcV$sp(NoPackage.scala)
NoPackage$$anonfun$1.apply(NoPackage.scala)
modbat/test/PrecondOffline.scala:8
(88
modbat/examples/JavaNioServerSocket.scala:92
modbat/test/NextIfTest.scala:7:
modbat/test/NextIfTest.scala:9:
modbat.test.GetState-1...
modbat.test.GetState-1:
state1.
state1
state1...
state2...
state2
(44
modbat/examples/JavaNioServerSocket3.scala:96
modbat/examples/JavaNioServerSocket3.scala:101
modbat/examples/JavaNioServerSocket3.scala:124
5fb3e24522e71278
modbat.test.Shortcut.assert(Shortcut.scala)
modbat.test.Shortcut$$anonfun$5.apply$mcV$sp(Shortcut.scala)
modbat.test.Shortcut$$anonfun$5.apply(Shortcut.scala)
modbat.test.SUTReq-1...
modbat.test.SUTReq-1:
199
modbat.test.JoinNull-1...
modbat.test.JoinNull-1:
illArg
modbat/test/IllArgTest.scala:11
companion-before
companion-after
child-companion:before
child
1:before
2:before
3:before
2:after
3:after
1:after
child-companion:after
modbat/test/MaybeNextIfTest4.scala:8:
modbat/test/MaybeNextIfTest4.scala:16:
modbat/test/MaybeNextIfTest4.scala:12:
modbat.test.InvariantCheck.assert(InvariantCheck.scala)
modbat.test.InvariantCheck.invariantCheck(InvariantCheck.scala)
modbat/test/CrashSoon.scala:13:
modbat.test.GetState2-1...
modbat.test.GetState2-1:
modbat.test.InvCheck4-1...
modbat.test.InvCheck4-1:
somestate...
modbat.test.InvCheck4-1,
state2),
state2.
end),
end.
modbat.test.GenLabel2.assert(GenLabel2.scala)
modbat.test.GenLabel2.dec(GenLabel2.scala)
modbat.test.GenLabel2$$anonfun$2.apply$mcV$sp(GenLabel2.scala)
modbat.test.GenLabel2$$anonfun$2.apply(GenLabel2.scala)
does
extend
Model.
Check
if
right
specified.
modbat/test/ChooseBool.scala:7:
assert;
(1)
modbat/test/RequireMaybeTest.scala:7
modbat.test.ComplexLaunch5-1...
modbat.test.ComplexLaunch5-1:
modbat.test.ComplexLaunch5-2...
modbat.test.ComplexLaunch5-3...
modbat.test.ComplexLaunch5-4...
modbat.test.ComplexLaunch5-2:
modbat.test.ComplexLaunch5-3:
modbat.test.ComplexLaunch5-4:
modbat.test.ComplexLaunch5-5...
modbat.test.Child5-1...
modbat.test.Child5-2...
modbat.test.Child5-2:
modbat.test.Child5-1:
modbat.test.ComplexLaunch5-5:
modbat.test.Child5-3...
modbat.test.ComplexLaunch5-6...
modbat.test.ComplexLaunch5-6:
modbat.test.ComplexLaunch5-7...
modbat.test.ComplexLaunch5-7:
modbat.test.ComplexLaunch5-8...
modbat.test.ComplexLaunch5-9...
modbat.test.Child5-4...
modbat.test.Child5-4:
modbat.test.ComplexLaunch5-10...
modbat.test.ComplexLaunch5-11...
modbat.test.ComplexLaunch5-10:
modbat.test.Child5-5...
modbat.test.ComplexLaunch5-12...
modbat.test.Child5-6...
modbat.test.Child5-3:
modbat.examples.SimpleModel-1...
modbat.examples.SimpleModel-1:
zero...
two...
two
modbat.test.PrecondOffline.assert(PrecondOffline.scala)
modbat.test.PrecondOffline$$anonfun$2.apply$mcV$sp(PrecondOffline.scala)
modbat.test.PrecondOffline$$anonfun$2.apply(PrecondOffline.scala)
modbat.test.SimpleFileModel.assert(SimpleFileModel.scala)
modbat.test.SimpleFileModel$$anonfun$6.apply(SimpleFileModel.scala)
(0.4016795)
(0.35352132)
modbat.test.ExcTestA5-1...
modbat.test.ExcTestA5-1:
java.io.IOException:
Online...
err1.
modbat/test/GenLabel3.scala:10:
modbat/test/GenLabel3.scala:12:
modbat/test/GenLabel3.scala:8:
modbat.test.MaybeNextIfTest2-1...
modbat.test.MaybeNextIfTest2-1:
#2
err2.
err2...
modbat.test.ComplexLaunch6.assert(ComplexLaunch6.scala)
modbat.test.ComplexLaunch6$$anonfun$2.apply$mcV$sp(ComplexLaunch6.scala)
modbat.test.ComplexLaunch6$$anonfun$2.apply(ComplexLaunch6.scala)
modbat.test.MaybeNextIfTest4.assert(MaybeNextIfTest4.scala)
modbat.test.MaybeNextIfTest4$$anonfun$4.apply$mcV$sp(MaybeNextIfTest4.scala)
modbat.test.MaybeNextIfTest4$$anonfun$4.apply(MaybeNextIfTest4.scala)
modbat.test.MaybeNextIfTest4$$anonfun$3.apply$mcV$sp(MaybeNextIfTest4.scala)
modbat.test.MaybeNextIfTest4$$anonfun$3.apply(MaybeNextIfTest4.scala)
Hello,
World!
instantiate
class.
The
abstract
or
an
interface.
modbat.test.InvCheck2.assert(InvCheck2.scala)
modbat.test.InvCheck2.invariantCheck(InvCheck2.scala)
Hello.
modbat/test/ComplexLaunch3.scala:21:
modbat.test.ComplexLaunch3-1:
modbat/test/ComplexLaunch3.scala:26:
modbat/test/ComplexLaunch3.scala:31:
modbat.test.ComplexLaunch3-2:
modbat.test.ComplexLaunch3-3:
modbat.test.ComplexLaunch3-4:
modbat/test/ComplexLaunch3.scala:22:
modbat/test/Child3.scala:23:
modbat.test.Child3-2:
modbat.test.Child3-1:
modbat/test/Child3.scala:28:
modbat.test.ComplexLaunch3-5:
modbat.test.ComplexLaunch3-6:
modbat.test.ComplexLaunch3-7:
modbat.test.Child3-4:
modbat/test/Child3.scala:25:
modbat.test.ComplexLaunch3-10:
modbat.test.Child3-3:
modbat/test/PrecondOffline.scala:8:
modbat/test/PrecondOffline.scala:11:
modbat/test/ObserverHarness5.scala:8:
modbat.test.ObserverHarness5-1:
modbat/test/ObserverHarness5.scala:11:
modbat/test/TestObserver5.scala:9:
modbat.test.TestObserver5-1:
modbat/test/TestObserver5.scala:14:
modbat/test/TestObserver5.scala:19:
modbat.test.LoopTest.assert(LoopTest.scala)
modbat.test.LoopTest$$anonfun$1.apply$mcV$sp(LoopTest.scala)
modbat.test.LoopTest$$anonfun$1.apply(LoopTest.scala)
modbat.test.ExcTest4.assert(ExcTest4.scala)
modbat.test.ExcTest4$$anonfun$2.apply$mcV$sp(ExcTest4.scala)
modbat.test.ExcTest4$$anonfun$2.apply(ExcTest4.scala)
modbat.test.ObserverHarness2-1...
modbat/test/PrecondFalse.scala:7
(30
11
(52
modbat/examples/JavaNioSocket3.scala:109
modbat/examples/JavaNioSocket3.scala:113
thread
"Thread-X"
modbat.test.ConcurrentObserver.assert(ConcurrentObserver.scala)
modbat.test.ConcurrentObserver$BGThread.run(ConcurrentObserver.scala)
modbat.test.MaybeNextIfTest3.assert(MaybeNextIfTest3.scala)
modbat.test.MaybeNextIfTest3$$anonfun$3.apply$mcV$sp(MaybeNextIfTest3.scala)
modbat.test.MaybeNextIfTest3$$anonfun$3.apply(MaybeNextIfTest3.scala)
modbat.test.MaybeNextIfTest.assert(MaybeNextIfTest.scala)
modbat.test.MaybeNextIfTest$$anonfun$3.apply$mcV$sp(MaybeNextIfTest.scala)
modbat.test.MaybeNextIfTest$$anonfun$3.apply(MaybeNextIfTest.scala)
modbat.test.ObserverHarness6:
modbat.test.TestObserver6:
modbat.test.NextIfTest.assert(NextIfTest.scala)
modbat.test.NextIfTest$$anonfun$3.apply$mcV$sp(NextIfTest.scala)
modbat.test.NextIfTest$$anonfun$3.apply(NextIfTest.scala)
This
number
odd:
4297685020180087157
619951467056504421
2881790929801792289
1852855329996574743
601090251321468211
5219129003118144999
modbat.test.MaybeTest.assert(MaybeTest.scala)
modbat.test.MaybeTest$$anonfun$2$$anonfun$apply$1.apply$mcV$sp(MaybeTest.scala)
modbat.test.MaybeTest$$anonfun$2$$anonfun$apply$1.apply(MaybeTest.scala)
modbat.test.ComplexLaunch3-1...
modbat.test.ComplexLaunch3-2...
modbat.test.ComplexLaunch3-3...
modbat.test.ComplexLaunch3-4...
modbat.test.ComplexLaunch3-5...
modbat.test.Child3-1...
modbat.test.Child3-2...
modbat.test.Child3-3...
modbat.test.ComplexLaunch3-6...
modbat.test.ComplexLaunch3-7...
modbat.test.ComplexLaunch3-8...
modbat.test.ComplexLaunch3-9...
modbat.test.Child3-4...
modbat.test.ComplexLaunch3-10...
modbat.test.ComplexLaunch3-11...
modbat.test.Child3-5...
modbat.test.ComplexLaunch3-12...
modbat.test.Child3-6...
69446ba814a2cb3c
Online
mode:
throwing
exception.
modbat/test/MaybeNextIfTest3.scala:8:
modbat/test/MaybeNextIfTest3.scala:12:
modbat/test/InvCheck4.scala:15:
modbat/test/InvCheck4.scala:9:
modbat/test/InvCheck4.scala:12:
modbat/test/InvCheck4.scala:13:
modbat/test/InvCheck4.scala:14:
modbat.test.MaybeNextIfTest4-1...
modbat.test.MaybeNextIfTest4-1:
modbat.test.LoopTest2.assert(LoopTest2.scala)
modbat.test.LoopTest2$$anonfun$2.apply$mcV$sp(LoopTest2.scala)
modbat.test.LoopTest2$$anonfun$2.apply(LoopTest2.scala)
file
dir_does_not_exit/modbat.examples.NioSocket1.dot:
dir_does_not_exit/modbat.examples.NioSocket1.dot
(No
directory)
Class
found.
486
14
modbat.test.ComplexLaunch4:
modbat.test.Child4:
modbat.test.NextIfTest2.assert(NextIfTest2.scala)
modbat.test.NextIfTest2$$anonfun$4.apply$mcV$sp(NextIfTest2.scala)
modbat.test.NextIfTest2$$anonfun$4.apply(NextIfTest2.scala)
modbat/test/RSeedTestSuccess.scala:19:
97
Thread-1
3025fec5380340b9
modbat.test.InvalidMethod-1...
modbat.test.InvalidMethod-1:
(90
modbat/test/ObserverHarness7.scala:8:
modbat/test/ObserverHarness7.scala:11:
modbat/test/ConcurrentObserver.scala:15:
modbat/test/ConcurrentObserver.scala:19:
modbat/test/ConcurrentObserver.scala:23:
modbat.test.TickTockTest.assert(TickTockTest.scala)
modbat.test.TickTockTest$$anonfun$2.apply$mcV$sp(TickTockTest.scala)
modbat.test.TickTockTest$$anonfun$2.apply(TickTockTest.scala)
modbat.test.NoSelfJoin-1...
modbat.test.NoSelfJoin-1:
stuck
stuck...
modbat/test/ObserverHarness.scala:8:
modbat/test/ObserverHarness.scala:11:
modbat.test.ForkJoin:
modbat.test.Worker:
modbat/test/MaybeTest.scala:10:
suitable
constructor
A
nullary
needed
primary
model.
Consider
adding
a
variant:
def
this()
this(...)
modbat.test.GenLabel.assert(GenLabel.scala)
modbat.test.GenLabel.dec(GenLabel.scala)
modbat.test.GenLabel$$anonfun$2.apply$mcV$sp(GenLabel.scala)
modbat.test.GenLabel$$anonfun$2.apply(GenLabel.scala)
modbat.examples.CounterModel.assert(CounterModel.scala)
modbat.examples.CounterModel$$anonfun$6.apply$mcV$sp(CounterModel.scala)
modbat.examples.CounterModel$$anonfun$6.apply(CounterModel.scala)
modbat.test.MaybeNextIfTest3-1...
modbat.test.MaybeNextIfTest3-1:
modbat.test.ChooseBool.assert(ChooseBool.scala)
modbat.test.ChooseBool$$anonfun$1.apply$mcV$sp(ChooseBool.scala)
modbat.test.ChooseBool$$anonfun$1.apply(ChooseBool.scala)
modbat.test.ObserverHarness5:
modbat.test.TestObserver5:
modbat.test.TestObserver5-1
modbat.test.ConcurrentModel.assert(ConcurrentModel.scala)
modbat.test.ConcurrentModel$BGThread.run(ConcurrentModel.scala)
modbat/test/Choices.scala:10:
ok;
(n
...:
12)
11)
modbat/test/Choices.scala:17:
modbat.test.ObserverHarness6-1...
modbat.test.TestObserver6-1...
modbat/test/ChooseInBefore.scala:14:
(2)
modbat.test.ComplexLaunch3:
modbat.test.Child3:
dirs/files
created.
Deleting
"6"
"5"
"4"
"3"
"2"
"1"
"0"
"0/3/6"
"0/3/5"
rmdir
"0/3/4"
"0/3"
"0/2"
"0/1"
"0/6"
"0/5"
"0/4"
modbat.test.ExcTest2.assert(ExcTest2.scala)
modbat.test.ExcTest2$$anonfun$2.apply$mcV$sp(ExcTest2.scala)
modbat.test.ExcTest2$$anonfun$2.apply(ExcTest2.scala)
modbat/test/MaybeElseTest.scala:13:
default
(nullary)
main
In
dot
mode,
that
ignores
any
data
sufficient
visualize
ESFM
graph.
modbat.test.NullaryCons.<init>(NullaryCons.scala)
sun.reflect.NativeConstructorAccessorImpl.newInstance0(Native
sun.reflect.NativeConstructorAccessorImpl.newInstance(NativeConstructorAccessorImpl.java)
sun.reflect.DelegatingConstructorAccessorImpl.newInstance(DelegatingConstructorAccessorImpl.java)
java.lang.reflect.Constructor.newInstance(Constructor.java)
modbat.test.TestObserver2.assert(TestObserver2.scala)
modbat.test.TestObserver2$$anonfun$3.apply$mcV$sp(TestObserver2.scala)
modbat.test.TestObserver2$$anonfun$3.apply(TestObserver2.scala)
modbat.test.EmptyModel
no
transitions.
Make
sure
exists
"a"
->
:=
{
code
}
//
or,
empty
transition:
modbat.test.CrashSoon.assert(CrashSoon.scala)
modbat.test.CrashSoon$$anonfun$1.apply$mcV$sp(CrashSoon.scala)
modbat.test.CrashSoon$$anonfun$1.apply(CrashSoon.scala)
modbat.test.TestObserver5.assert(TestObserver5.scala)
modbat.test.TestObserver5$$anonfun$3.apply$mcV$sp(TestObserver5.scala)
modbat.test.TestObserver5$$anonfun$3.apply(TestObserver5.scala)
modbat.test.MaybeElseTest.assert(MaybeElseTest.scala)
modbat.test.MaybeElseTest$$anonfun$2$$anonfun$apply$mcV$sp$1.apply$mcV$sp(MaybeElseTest.scala)
modbat.test.MaybeElseTest$$anonfun$2$$anonfun$apply$mcV$sp$1.apply(MaybeElseTest.scala)
modbat.dsl.Action.or_else(Action.scala)
modbat.test.MaybeElseTest$$anonfun$2.apply$mcV$sp(MaybeElseTest.scala)
modbat.test.MaybeElseTest$$anonfun$2.apply(MaybeElseTest.scala)
modbat.test.ExcTestA3.assert(ExcTestA3.scala)
modbat.test.ExcTestA3$$anonfun$2.apply$mcV$sp(ExcTestA3.scala)
modbat.test.ExcTestA3$$anonfun$2.apply(ExcTestA3.scala)
modbat.test.ObserverHarness2:
modbat.test.ForkJoin2-1...
modbat.test.ForkJoin2-1:
waiting...
modbat.test.ForkJoin2-1
modbat.test.ForkJoin2,
been
launched
yet.
192
modbat/test/ComplexLaunch.scala:8:
modbat/test/ComplexLaunch.scala:9:
modbat/test/Child.scala:7:
modbat/test/Child.scala:12:
modbat/test/Child.scala:9:
modbat/test/ComplexLaunch.scala:14:
13
(65
modbat/test/Redundancy.scala:15:
996
52b3b297344848e2
modbat.test.ForkJoin-1...
modbat.test.ForkJoin-1:
modbat.test.Worker-1...
modbat.test.Worker-1:
waiting
modbat/test/IllArgTest.scala:13:
modbat/test/NextIfTest3.scala:7:
modbat/test/NextIfTest3.scala:10:
modbat.test.InvCheck3_3.assert(InvCheck3_3.scala)
modbat.test.InvCheck3_3.check(InvCheck3_3.scala)
sun.reflect.GeneratedMethodAccessor3.invoke(Unknown
modbat.test.Shortcut-1...
modbat.test.Shortcut-1:
modbat/test/NextIfTest2.scala:7:
modbat/test/NextIfTest2.scala:8:
modbat/test/NextIfTest2.scala:10:
Deadlock:
Some
models
another
finish.
modbat/test/NoSelfJoin.scala:7:
modbat/test/TickTockTest.scala:9:
modbat/test/TickTockTest.scala:11:
i;
(4)
modbat/test/TickTockObserver.scala:8:
(3)
modbat/test/TickTockTest.scala:17:
Observer
non-default
weight,
ignored.
modbat/test/ObserverHarness3.scala:8:
modbat/test/ObserverHarness3.scala:10:
modbat/test/ObserverHarness3.scala:12:
modbat/test/TestObserver2.scala:7:
modbat/test/TestObserver2.scala:11:
modbat/test/TestObserver2.scala:16:
modbat/test/ComplexLaunch5.scala:15:
modbat/test/ComplexLaunch5.scala:20:
modbat/test/ComplexLaunch5.scala:25:
modbat/test/ComplexLaunch5.scala:16:
modbat/test/Child5.scala:12:
modbat/test/Child5.scala:17:
modbat/test/Child5.scala:14:
done
modbat.test.ComplexLaunch-1
terminated.
modbat.test.Child-1
modbat.test.Child-2
modbat.test.ObserverHarness5-1...
modbat.test.TestObserver5-1...
Option
--model-class
modbat.test.NextIfTest4.assert(NextIfTest4.scala)
modbat.test.NextIfTest4$$anonfun$4.apply$mcV$sp(NextIfTest4.scala)
modbat.test.NextIfTest4$$anonfun$4.apply(NextIfTest4.scala)
"y"
modbat/test/SUTReq.scala:12:
modbat.test.GenLabel3.assert(GenLabel3.scala)
modbat.test.GenLabel3.dec(GenLabel3.scala)
modbat.test.WeightedTest.assert(WeightedTest.scala)
modbat.test.WeightedTest$$anonfun$1.apply$mcV$sp(WeightedTest.scala)
modbat.test.WeightedTest$$anonfun$1.apply(WeightedTest.scala)
modbat.test.IllArgTest.illArg(IllArgTest.scala)
modbat.test.IllArgTest$$anonfun$1.apply$mcV$sp(IllArgTest.scala)
modbat.test.IllArgTest$$anonfun$1.apply(IllArgTest.scala)
modbat.test.ComplexLaunch4-1...
modbat.test.ComplexLaunch4-2...
modbat.test.ComplexLaunch4-3...
modbat.test.ComplexLaunch4-4...
modbat.test.ComplexLaunch4-5...
modbat.test.Child4-1...
modbat.test.Child4-2...
modbat.test.Child4-3...
modbat.test.ComplexLaunch4-6...
modbat.test.ComplexLaunch4-7...
modbat.test.ComplexLaunch4-8...
modbat.test.ComplexLaunch4-9...
modbat.test.Child4-4...
modbat.test.ComplexLaunch4-10...
modbat.test.ComplexLaunch4-11...
modbat.test.Child4-5...
modbat.test.ComplexLaunch4-12...
modbat.test.Child4-6...
modbat.test.ChooseInBefore.assert(ChooseInBefore.scala)
modbat.test.ChooseInBefore$$anonfun$1.apply$mcV$sp(ChooseInBefore.scala)
modbat.test.ChooseInBefore$$anonfun$1.apply(ChooseInBefore.scala)
modbat/test/WeightedTestWFrac.scala:8:
modbat/test/WeightedTestWFrac.scala:10:
(42
(11
367f25c3e880db4
modbat/test/ConcurrentModel.scala:13:
102
101
4e85c1cc3f124334
three
Before:
modbat.test.SubModel-1
modbat/test/NextIfTest4.scala:7:
modbat/test/NextIfTest4.scala:10:
modbat.test.LoopTestWithLaunch-4:
modbat.test.LoopTestWithLaunch-6:
modbat.test.LoopTestWithLaunch-5:
modbat.test.LoopTestWithLaunch-7:
modbat.test.LoopTestWithLaunch-8:
modbat/test/MaybeNextIfTest2.scala:8:
(0.23796444,
0.89374465)
(0.42469475,
0.2216002)
modbat/test/MaybeNextIfTest2.scala:17:
(0.89374465,
0.4793791)
(0.2216002,
0.3591516)
(0.41595998,
(0.4793791,
0.49016)
(0.3591516,
0.47383475)
(0.052770555,
0.35623378)
(0.053496104,
0.24076776)
modbat.test.ConcurrentModel-1...
modbat.test.ConcurrentModel-1:
modbat/test/NextIfTest5.scala:7:
modbat/test/NextIfTest5.scala:11:
