[INFO] 2
2 tests
tests executed,
executed, 1
1 ok,
ok, 1
1 failed.
[INFO] One
One type
type of
of test
test failure:
[INFO] 1)
1) java.lang.AssertionError:
java.lang.AssertionError: assertion
assertion failed
failed at
at assert
[INFO] 402b73cd0066eaea
[INFO] modbat.test.ComplexLaunch6:
modbat.test.ComplexLaunch6: 3
3 states
states covered
covered (100
(100 %
% out
out of
of 3),
modbat.test.ComplexLaunch6: 4
4 transitions
transitions covered
of 4).
[INFO] modbat.test.Child6:
modbat.test.Child6: 3
3 transitions
of 3).
[INFO] Random
Random seed
seed for
for next
next test
test would
would be:
be: 41530f4040856586
[WARNING] java.lang.AssertionError:
assertion failed:
failed: n
n =
= 10
10 occurred,
occurred, aborting.
[WARNING] Error
Error found,
found, model
model trace:
[WARNING] modbat/test/WeightedTest.scala:8:
modbat/test/WeightedTest.scala:8: assert
[WARNING] modbat/test/WeightedTest.scala:10:
modbat/test/WeightedTest.scala:10: assert
failed occurred,
[WARNING] modbat/test/ComplexLaunch6.scala:13:
modbat/test/ComplexLaunch6.scala:13: modbat.test.ComplexLaunch6-1:
modbat.test.ComplexLaunch6-1: skip
[WARNING] modbat/test/ComplexLaunch6.scala:18:
modbat/test/ComplexLaunch6.scala:18: modbat.test.ComplexLaunch6-1:
modbat.test.ComplexLaunch6-1: launch
[WARNING] modbat/test/ComplexLaunch6.scala:23:
modbat/test/ComplexLaunch6.scala:23: modbat.test.ComplexLaunch6-1:
modbat.test.ComplexLaunch6-1: assert
modbat/test/ComplexLaunch6.scala:13: modbat.test.ComplexLaunch6-2:
modbat.test.ComplexLaunch6-2: skip
modbat/test/ComplexLaunch6.scala:23: modbat.test.ComplexLaunch6-2:
modbat.test.ComplexLaunch6-2: assert
modbat/test/ComplexLaunch6.scala:13: modbat.test.ComplexLaunch6-3:
modbat.test.ComplexLaunch6-3: skip
modbat/test/ComplexLaunch6.scala:23: modbat.test.ComplexLaunch6-3:
modbat.test.ComplexLaunch6-3: assert
modbat/test/ComplexLaunch6.scala:13: modbat.test.ComplexLaunch6-4:
modbat.test.ComplexLaunch6-4: skip
modbat/test/ComplexLaunch6.scala:18: modbat.test.ComplexLaunch6-4:
modbat.test.ComplexLaunch6-4: launch
[WARNING] modbat/test/ComplexLaunch6.scala:14:
modbat/test/ComplexLaunch6.scala:14: modbat.test.ComplexLaunch6-4:
[WARNING] modbat/test/Child6.scala:10:
modbat/test/Child6.scala:10: modbat.test.Child6-2:
modbat.test.Child6-2: skip
modbat/test/Child6.scala:10: modbat.test.Child6-1:
modbat.test.Child6-1: skip
[WARNING] modbat/test/Child6.scala:15:
modbat/test/Child6.scala:15: modbat.test.Child6-2:
modbat.test.Child6-2: assert
modbat/test/Child6.scala:15: modbat.test.Child6-1:
modbat.test.Child6-1: assert
modbat/test/ComplexLaunch6.scala:13: modbat.test.ComplexLaunch6-5:
modbat.test.ComplexLaunch6-5: skip
modbat/test/ComplexLaunch6.scala:23: modbat.test.ComplexLaunch6-4:
modbat.test.ComplexLaunch6-4: assert
modbat/test/ComplexLaunch6.scala:14: modbat.test.ComplexLaunch6-5:
modbat.test.ComplexLaunch6-5: launch
modbat/test/ComplexLaunch6.scala:18: modbat.test.ComplexLaunch6-5:
modbat/test/ComplexLaunch6.scala:13: modbat.test.ComplexLaunch6-6:
modbat.test.ComplexLaunch6-6: skip
modbat/test/ComplexLaunch6.scala:18: modbat.test.ComplexLaunch6-6:
modbat.test.ComplexLaunch6-6: launch
modbat/test/ComplexLaunch6.scala:13: modbat.test.ComplexLaunch6-7:
modbat.test.ComplexLaunch6-7: skip
modbat/test/ComplexLaunch6.scala:23: modbat.test.ComplexLaunch6-7:
modbat.test.ComplexLaunch6-7: assert
modbat/test/ComplexLaunch6.scala:14: modbat.test.ComplexLaunch6-6:
modbat/test/Child6.scala:10: modbat.test.Child6-4:
modbat.test.Child6-4: skip
[WARNING] modbat/test/Child6.scala:12:
modbat/test/Child6.scala:12: modbat.test.Child6-4:
modbat.test.Child6-4: id
modbat/test/ComplexLaunch6.scala:13: modbat.test.ComplexLaunch6-10:
modbat.test.ComplexLaunch6-10: skip
modbat/test/ComplexLaunch6.scala:14: modbat.test.ComplexLaunch6-10:
modbat.test.ComplexLaunch6-10: launch
modbat/test/Child6.scala:10: modbat.test.Child6-3:
modbat.test.Child6-3: skip
modbat/test/ComplexLaunch6.scala:23: modbat.test.ComplexLaunch6-6:
modbat.test.ComplexLaunch6-6: assert
[INFO] 50
50 tests
executed, 41
41 ok,
ok, 9
9 failed.
1) java.net.ConnectException:
java.net.ConnectException: Connection
Connection refused
refused at
at connect
[INFO] 49a846e52b813972
49a846e52b813972 27fe2d950fc74b21
27fe2d950fc74b21 5ff50ec9279365d2
5ff50ec9279365d2 a410ce32fc39dfb
a410ce32fc39dfb 8d32a08e0d0b1183
8d32a08e0d0b1183 8102b494089e6116
8102b494089e6116 44907dab3e7f0a55
44907dab3e7f0a55 46e3ffb302d6b70f
46e3ffb302d6b70f 2a83b5bd2ae1ea70
[INFO] 5
5 states
covered (83
(83 %
of 6),
[INFO] 9
9 transitions
covered (45
(45 %
of 20).
[INFO] Precondition
Precondition 1
1 always
always passed
passed at
at transition
transition modbat/examples/NioSocket1.scala:82
modbat/examples/NioSocket1.scala:82 connect
be: 8b388ceb07e23410
[ERROR] java.lang.AssertionError:
[ERROR] at
at scala.Predef$.assert(Predef.scala)
at modbat.dsl.Model$.assert(Model.scala)
at modbat.dsl.Model$class.assert(Model.scala)
at modbat.test.TestObserver.assert(TestObserver.scala)
at modbat.test.TestObserver$$anonfun$3.apply$mcV$sp(TestObserver.scala)
at modbat.test.TestObserver$$anonfun$3.apply(TestObserver.scala)
[ERROR] java.lang.IllegalArgumentException:
java.lang.IllegalArgumentException: requirement
requirement failed
at scala.Predef$.require(Predef.scala)
at modbat.test.SUTWithFailedReq$.fail(SUTWithFailedReq.scala)
at modbat.test.SUTReq$$anonfun$2.apply$mcV$sp(SUTReq.scala)
at modbat.test.SUTReq$$anonfun$2.apply(SUTReq.scala)
[FINE] Launching
Launching new
new model
model instance
instance modbat.test.WeightedTest2-1...
[FINE] modbat.test.WeightedTest2-1:
modbat.test.WeightedTest2-1: Executing
Executing transition
transition init
init =>
=> init
init (1)...
[FINE] Precondition
Precondition violated,
violated, backtracking
backtracking to
to init.
[INFO] 3ba471c1785a0175
[INFO] 3
covered (75
(75 %
of 4),
2 transitions
covered (66
(66 %
at modbat.examples.JavaNioServerSocket.assert(JavaNioServerSocket.scala)
at modbat.examples.JavaNioServerSocket.readFrom(JavaNioServerSocket.scala)
at modbat.examples.JavaNioServerSocket$$anonfun$9.apply$mcV$sp(JavaNioServerSocket.scala)
at modbat.examples.JavaNioServerSocket$$anonfun$9.apply(JavaNioServerSocket.scala)
at modbat.test.ExcTest5.assert(ExcTest5.scala)
at modbat.test.ExcTest5$$anonfun$2.apply$mcV$sp(ExcTest5.scala)
at modbat.test.ExcTest5$$anonfun$2.apply(ExcTest5.scala)
at modbat.test.RSeedTestSuccess.assert(RSeedTestSuccess.scala)
at modbat.test.RSeedTestSuccess$$anonfun$1.apply$mcV$sp(RSeedTestSuccess.scala)
at modbat.test.RSeedTestSuccess$$anonfun$1.apply(RSeedTestSuccess.scala)
at modbat.test.ComplexLaunch3.assert(ComplexLaunch3.scala)
at modbat.test.ComplexLaunch3$$anonfun$2.apply$mcV$sp(ComplexLaunch3.scala)
at modbat.test.ComplexLaunch3$$anonfun$2.apply(ComplexLaunch3.scala)
[WARNING] modbat/examples/JavaNioServerSocket.scala:72:
modbat/examples/JavaNioServerSocket.scala:72: open
[WARNING] modbat/examples/JavaNioServerSocket.scala:77:
modbat/examples/JavaNioServerSocket.scala:77: getLocalPort
[WARNING] modbat/examples/JavaNioServerSocket.scala:87:
modbat/examples/JavaNioServerSocket.scala:87: accept
[WARNING] modbat/examples/JavaNioServerSocket.scala:102:
modbat/examples/JavaNioServerSocket.scala:102: readFrom
[WARNING] modbat/examples/JavaNioServerSocket.scala:82:
modbat/examples/JavaNioServerSocket.scala:82: toggleBlocking
[WARNING] modbat/examples/JavaNioServerSocket.scala:92:
modbat/examples/JavaNioServerSocket.scala:92: startClient
[WARNING] modbat/examples/JavaNioServerSocket.scala:108:
modbat/examples/JavaNioServerSocket.scala:108: interrupt
[WARNING] modbat/examples/JavaNioServerSocket.scala:96:
modbat/examples/JavaNioServerSocket.scala:96: accept;
accept; choices
choices =
= (0.9360237)
= (0.758553)
= (0.88528615)
= (0.4973101)
[WARNING] modbat/examples/JavaNioServerSocket.scala:75:
modbat/examples/JavaNioServerSocket.scala:75: toggleBlocking
= (0.7952144)
[WARNING] modbat/examples/JavaNioServerSocket.scala:104:
modbat/examples/JavaNioServerSocket.scala:104: close
instance modbat.test.ObserverHarness3-1...
[FINE] modbat.test.ObserverHarness3-1:
modbat.test.ObserverHarness3-1: Executing
transition reset
reset =>
=> counting...
transition counting
counting =>
=> end...
=> reset...
instance modbat.test.TestObserver2-1...
[FINE] modbat.test.TestObserver2-1:
modbat.test.TestObserver2-1: Executing
transition zero
zero =>
=> one...
to zero.
instance modbat.test.TestObserver2-2...
[FINE] modbat.test.TestObserver2-2:
modbat.test.TestObserver2-2: Executing
instance modbat.test.TestObserver2-3...
[FINE] modbat.test.TestObserver2-3:
modbat.test.TestObserver2-3: Executing
instance modbat.test.TestObserver2-4...
[FINE] modbat.test.TestObserver2-4:
modbat.test.TestObserver2-4: Executing
instance modbat.test.TestObserver2-5...
[FINE] modbat.test.TestObserver2-5:
modbat.test.TestObserver2-5: Executing
instance modbat.test.TestObserver2-6...
[FINE] modbat.test.TestObserver2-6:
modbat.test.TestObserver2-6: Executing
transition one
one =>
=> many...
to one.
transition many
many =>
[INFO] 100
100 tests
executed, 100
100 ok,
ok, 0
0 failed.
[INFO] 6
6 states
[INFO] 16
16 transitions
covered (80
(80 %
transition modbat/examples/NioSocket1.scala:97
modbat/examples/NioSocket1.scala:97 sleep
be: e33f5272c52bf71
instance modbat.test.ComplexLaunch-1...
[FINE] modbat.test.ComplexLaunch-1:
modbat.test.ComplexLaunch-1: Executing
=> active...
transition active
active =>
=> done...
instance modbat.test.Child-1...
[FINE] modbat.test.Child-1:
modbat.test.Child-1: Executing
=> running...
transition running
running =>
instance modbat.test.Child-2...
[FINE] modbat.test.Child-2:
modbat.test.Child-2: Executing
instance modbat.test.Child-3...
instance modbat.test.Child-4...
instance modbat.test.Child-5...
[FINE] modbat.test.Child-5:
modbat.test.Child-5: Executing
[FINE] modbat.test.Child-4:
modbat.test.Child-4: Executing
[FINE] modbat.test.Child-3:
modbat.test.Child-3: Executing
instance modbat.test.Child-6...
[FINE] modbat.test.Child-6:
modbat.test.Child-6: Executing
at modbat.test.ComplexLaunch5.assert(ComplexLaunch5.scala)
at modbat.test.ComplexLaunch5$$anonfun$2.apply$mcV$sp(ComplexLaunch5.scala)
at modbat.test.ComplexLaunch5$$anonfun$2.apply(ComplexLaunch5.scala)
failed: i
i =
= 2
2 occurred,
[WARNING] modbat/test/InvCheck3_3.scala:9:
modbat/test/InvCheck3_3.scala:9: inc
[WARNING] private
private int
int modbat.test.InvCheck3_3.i
modbat.test.InvCheck3_3.i =
= 1
[WARNING] modbat/test/InvCheck3_3.scala:14:
modbat/test/InvCheck3_3.scala:14: skip
[WARNING] modbat/test/InvCheck3_3.scala:15:
modbat/test/InvCheck3_3.scala:15: skip
[WARNING] modbat/test/InvCheck3_3.scala:11:
modbat/test/InvCheck3_3.scala:11: check
1 occurred,
[WARNING] modbat/test/Shortcut.scala:12:
modbat/test/Shortcut.scala:12: count
count =
= ...
[WARNING] modbat/test/Shortcut.scala:21:
modbat/test/Shortcut.scala:21: count
[WARNING] modbat/test/Shortcut.scala:24:
modbat/test/Shortcut.scala:24: assert
[WARNING] modbat/test/Shortcut.scala:15:
modbat/test/Shortcut.scala:15: count
[WARNING] modbat/test/Shortcut.scala:18:
modbat/test/Shortcut.scala:18: count
[INFO] 10
10 tests
executed, 10
10 ok,
2 states
of 2),
of 2).
be: a410ce32fc39dfb
[WARNING] modbat/test/GenLabel2.scala:13:
modbat/test/GenLabel2.scala:13: decrement
[WARNING] modbat/test/GenLabel2.scala:12:
modbat/test/GenLabel2.scala:12: increment
instance modbat.examples.JavaNioServerSocket-1...
[FINE] modbat.examples.JavaNioServerSocket-1:
modbat.examples.JavaNioServerSocket-1: Executing
=> open...
transition open
open =>
=> closed...
transition closed
closed =>
=> err...
[FINE] java.nio.channels.ClosedChannelException
java.nio.channels.ClosedChannelException generated
generated as
as expected.
=> bound...
transition bound
bound =>
=> connected...
transition connected
connected =>
to bound.
=> accepting...
transition accepting
accepting =>
[FINE] Next
Next state
state predicate
predicate holds,
holds, go
go to
to state
state connected.
[FINE] java.nio.channels.NotYetBoundException
java.nio.channels.NotYetBoundException generated
[INFO] 20
20 tests
executed, 8
8 ok,
ok, 12
12 failed.
2 types
types of
test failures:
1 at
at check
402b73cd0066eaea 89a82931be29e65
89a82931be29e65 49a846e52b813972
49a846e52b813972 19b6aa1b14a29017
19b6aa1b14a29017 486e122d1bcbade7
486e122d1bcbade7 a410ce32fc39dfb
8d32a08e0d0b1183 284ca782182a253f
[INFO] 2)
2) java.lang.AssertionError:
2 at
[INFO] 85780661bf76533
85780661bf76533 745035c2b643033
745035c2b643033 1e528010d3d2d54
1e528010d3d2d54 5a92477004cf57fb
[INFO] 4
4 states
[INFO] 7
7 transitions
of 7).
be: 636e772f0798297b
[INFO] 1
1 tests
executed, 0
0 ok,
1 transitions
covered (20
(20 %
of 5).
be: 402b73cd0066eaea
3 tests
ok, 3
3 failed.
3ba471c1785a0175 402b73cd0066eaea
402b73cd0066eaea 41530f4040856586
covered (25
(25 %
be: 89a82931be29e65
74 3003311528925804,
3003311528925804, 2
tests failed.
at modbat.test.AnyFuncTest.assert(AnyFuncTest.scala)
at modbat.test.AnyFuncTest$$anonfun$1.apply$mcV$sp(AnyFuncTest.scala)
at modbat.test.AnyFuncTest$$anonfun$1.apply(AnyFuncTest.scala)
Result of
of call
call is
is true.
err1 
[INFO] 21
21 transitions
of 21).
be: 4557745f20abfec0
at modbat.examples.NioSocket1.assert(NioSocket1.scala)
at modbat.examples.NioSocket1.readFrom(NioSocket1.scala)
at modbat.examples.NioSocket1$$anonfun$15.apply$mcV$sp(NioSocket1.scala)
at modbat.examples.NioSocket1$$anonfun$15.apply(NioSocket1.scala)
[DEBUG] Adding
Adding build/modbat-test.jar
build/modbat-test.jar to
to classpath.
[DEBUG] modbat.test.WeightedTest2-1:
modbat.test.WeightedTest2-1: Registered
Registered state
state transition
transition from
from init
init to
to init
[DEBUG] ---
--- Exploring
Exploring model
model ---
modbat.test.WeightedTest2-1: Current
Current state:
state: init
modbat.test.WeightedTest2-1: Possible
Possible successor:
successor: init
[DEBUG] State
State init
init in
in model
model modbat.test.WeightedTest2-1
modbat.test.WeightedTest2-1 was
was visited
visited 1
1 times.
visited 2
2 times.
visited 3
3 times.
visited 4
4 times.
[DEBUG] No
No more
more successors.
--- Resetting
Resetting to
to initial
initial state
state ---
[DEBUG] Identical
Identical model
model found:
found: modbat.test.WeightedTest2-1
[INFO] 500
500 tests
executed, 497
497 ok,
at readFrom
[INFO] 8a4a8b323494e5a2
8a4a8b323494e5a2 129f94f833eaa363
129f94f833eaa363 186622cd204ecbbb
[INFO] 19
19 transitions
covered (95
(95 %
always failed
transition modbat/examples/NioSocket1.scala:93
modbat/examples/NioSocket1.scala:93 finishConnect
be: 232e55b4117fdaf7
[WARNING] modbat/examples/NioSocket1.scala:77:
modbat/examples/NioSocket1.scala:77: open
[WARNING] modbat/examples/NioSocket1.scala:82:
modbat/examples/NioSocket1.scala:82: connect
[WARNING] modbat/examples/NioSocket1.scala:117:
modbat/examples/NioSocket1.scala:117: finishConnect
[WARNING] modbat/examples/NioSocket1.scala:120:
modbat/examples/NioSocket1.scala:120: readFrom
at modbat.test.ExcTestA4.assert(ExcTestA4.scala)
at modbat.test.ExcTestA4$$anonfun$2.apply$mcV$sp(ExcTestA4.scala)
at modbat.test.ExcTestA4$$anonfun$2.apply(ExcTestA4.scala)
74 3003311528925804
[WARNING] modbat/test/InvCheck3.scala:12:
modbat/test/InvCheck3.scala:12: skip
[WARNING] modbat/test/InvCheck3.scala:13:
modbat/test/InvCheck3.scala:13: skip
[WARNING] modbat/test/InvCheck3.scala:7:
modbat/test/InvCheck3.scala:7: inc
[WARNING] modbat/test/InvCheck3.scala:14:
modbat/test/InvCheck3.scala:14: skip
[WARNING] modbat/test/InvCheck3.scala:9:
modbat/test/InvCheck3.scala:9: check
instance modbat.test.ObserverHarness-1...
[FINE] modbat.test.ObserverHarness-1:
modbat.test.ObserverHarness-1: Executing
instance modbat.test.TestObserver-1...
[FINE] modbat.test.TestObserver-1:
modbat.test.TestObserver-1: Executing
at modbat.test.ComplexLaunch2.assert(ComplexLaunch2.scala)
at modbat.test.ComplexLaunch2$$anonfun$2.apply$mcV$sp(ComplexLaunch2.scala)
at modbat.test.ComplexLaunch2$$anonfun$2.apply(ComplexLaunch2.scala)
instance modbat.test.Immediate-1...
[FINE] modbat.test.Immediate-1:
modbat.test.Immediate-1: Executing
=> init...
instance modbat.test.Catches-1...
[FINE] modbat.test.Catches-1:
modbat.test.Catches-1: Executing
transition ok
ok =>
=> ok...
[FINE] java.lang.Exception:
java.lang.Exception: Test...
Test... leads
leads to
to exception
exception state
state err.
Next transition
transition on
on this
this model
model must
must be
be taken
taken immediately.
transition err
err =>
instance modbat.test.Catches-2...
[FINE] Detected
Detected beginning
beginning of
of loop
loop 3
3 (model
(model modbat.test.Immediate-1,
modbat.test.Immediate-1, state
state init),
init), filtering
filtering transition
=> init.
(model modbat.test.Catches-1,
modbat.test.Catches-1, state
state ok),
ok), filtering
=> ok.
[FINE] modbat.test.Catches-2:
modbat.test.Catches-2: Executing
(model modbat.test.Catches-2,
modbat.test.Catches-2, state
[WARNING] modbat/examples/SimpleModel.scala:10:
modbat/examples/SimpleModel.scala:10: new
new SimpleCounter
[WARNING] modbat/examples/SimpleModel.scala:13:
modbat/examples/SimpleModel.scala:13: toggleSwitch
[WARNING] modbat/examples/SimpleModel.scala:16:
modbat/examples/SimpleModel.scala:16: inc
[WARNING] modbat/examples/SimpleModel.scala:19:
modbat/examples/SimpleModel.scala:19: inc
[WARNING] modbat/examples/SimpleModel.scala:25:
modbat/examples/SimpleModel.scala:25: assert
at modbat.test.MaybeElseTest2.assert(MaybeElseTest2.scala)
at modbat.test.MaybeElseTest2$$anonfun$2$$anonfun$apply$mcV$sp$2$$anonfun$apply$1.apply$mcV$sp(MaybeElseTest2.scala)
at modbat.test.MaybeElseTest2$$anonfun$2$$anonfun$apply$mcV$sp$2$$anonfun$apply$1.apply(MaybeElseTest2.scala)
[ERROR] java.net.ConnectException:
at sun.nio.ch.Net.connect0(Native
sun.nio.ch.Net.connect0(Native Method)
at sun.nio.ch.Net.connect(Net.java)
at sun.nio.ch.SocketChannelImpl.connect(SocketChannelImpl.java)
at modbat.examples.NioSocket1.connect(NioSocket1.scala)
at modbat.examples.NioSocket1$$anonfun$3.apply$mcV$sp(NioSocket1.scala)
at modbat.examples.NioSocket1$$anonfun$3.apply(NioSocket1.scala)
845 5621447540498098,
5621447540498098, 3
1 states
of 1),
at modbat.test.ComplexLaunch4.assert(ComplexLaunch4.scala)
at modbat.test.ComplexLaunch4$$anonfun$2.apply$mcV$sp(ComplexLaunch4.scala)
at modbat.test.ComplexLaunch4$$anonfun$2.apply(ComplexLaunch4.scala)
covered (50
(50 %
covered (10
(10 %
transition modbat/examples/NioSocket1.scala:86
modbat/examples/NioSocket1.scala:86 connect
be: 25ab24d9461ee328
at scala.Predef$.assert(Predef.scala:156)
at modbat.dsl.Model$.assert(Model.scala:28)
at modbat.dsl.Model$class.assert(Model.scala:39)
at modbat.test.InvalidMethod.assert(InvalidMethod.scala:5)
at modbat.test.InvalidMethod$$anonfun$invariantCheck$1.apply$mcV$sp(InvalidMethod.scala:11)
at modbat.test.InvalidMethod$$anonfun$invariantCheck$1.apply(InvalidMethod.scala:11)
[ERROR] modbat.test.JoinNull-1
modbat.test.JoinNull-1 calls
calls join(null)
join(null) but
but parameter
parameter must
be non-null.
[ERROR] java.lang.NullPointerException
[WARNING] modbat/test/LoopTestWithLaunch.scala:16:
modbat/test/LoopTestWithLaunch.scala:16: modbat.test.LoopTestWithLaunch-1:
modbat.test.LoopTestWithLaunch-1: launch
modbat/test/LoopTestWithLaunch.scala:16: modbat.test.LoopTestWithLaunch-2:
modbat.test.LoopTestWithLaunch-2: launch
[WARNING] modbat/test/LoopTestWithLaunch.scala:10:
modbat/test/LoopTestWithLaunch.scala:10: modbat.test.LoopTestWithLaunch-2:
modbat.test.LoopTestWithLaunch-2: assert
modbat/test/LoopTestWithLaunch.scala:10: modbat.test.LoopTestWithLaunch-3:
modbat.test.LoopTestWithLaunch-3: assert
[WARNING] modbat/test/LoopTestWithLaunch.scala:13:
modbat/test/LoopTestWithLaunch.scala:13: modbat.test.LoopTestWithLaunch-3:
java.lang.AssertionError: Assertion
Assertion failed
failed in
in Thread
Thread Thread-3
Thread-3 at
at (transition
(transition outside
outside model
model such
such as
as callback)
[INFO] modbat.test.ObserverHarness7:
modbat.test.ObserverHarness7: 3
[INFO] modbat.test.ConcurrentObserver:
modbat.test.ConcurrentObserver: 3
[WARNING] Ignoring
Ignoring method
method public
public void
void modbat.test.InvalidMethod.invariantCheck(int),
modbat.test.InvalidMethod.invariantCheck(int), which
which has
has @State
@State annotation
annotation but
but more
more than
than zero
zero arguments.
Ignoring non-existent
non-existent state
state x
x from
from @State
annotation for
for invariantCheck
[WARNING] modbat/test/InvalidMethod.scala:15:
modbat/test/InvalidMethod.scala:15: skip
[WARNING] modbat/test/InvalidMethod.scala:11:
modbat/test/InvalidMethod.scala:11: invariantCheck;
invariantCheck; choices
= (0.49744096)
instance modbat.test.ComplexLaunch2-1...
[FINE] modbat.test.ComplexLaunch2-1:
modbat.test.ComplexLaunch2-1: Executing
=> active
active (2)...
instance modbat.test.ComplexLaunch2-2...
instance modbat.test.ComplexLaunch2-3...
instance modbat.test.ComplexLaunch2-4...
[FINE] modbat.test.ComplexLaunch2-2:
modbat.test.ComplexLaunch2-2: Executing
[FINE] modbat.test.ComplexLaunch2-3:
modbat.test.ComplexLaunch2-3: Executing
[FINE] modbat.test.ComplexLaunch2-4:
modbat.test.ComplexLaunch2-4: Executing
instance modbat.test.ComplexLaunch2-5...
active (1)...
instance modbat.test.Child2-1...
instance modbat.test.Child2-2...
[FINE] modbat.test.Child2-2:
modbat.test.Child2-2: Executing
[FINE] modbat.test.Child2-1:
modbat.test.Child2-1: Executing
[FINE] modbat.test.ComplexLaunch2-5:
modbat.test.ComplexLaunch2-5: Executing
instance modbat.test.Child2-3...
instance modbat.test.ComplexLaunch2-6...
[FINE] modbat.test.ComplexLaunch2-6:
modbat.test.ComplexLaunch2-6: Executing
instance modbat.test.ComplexLaunch2-7...
[FINE] modbat.test.ComplexLaunch2-7:
modbat.test.ComplexLaunch2-7: Executing
instance modbat.test.ComplexLaunch2-8...
instance modbat.test.ComplexLaunch2-9...
instance modbat.test.Child2-4...
[FINE] modbat.test.Child2-4:
modbat.test.Child2-4: Executing
instance modbat.test.ComplexLaunch2-10...
instance modbat.test.ComplexLaunch2-11...
[FINE] modbat.test.ComplexLaunch2-10:
modbat.test.ComplexLaunch2-10: Executing
instance modbat.test.Child2-5...
instance modbat.test.ComplexLaunch2-12...
instance modbat.test.Child2-6...
[FINE] modbat.test.Child2-3:
modbat.test.Child2-3: Executing
to active.
at modbat.test.LoopTestWithLaunch.assert(LoopTestWithLaunch.scala)
at modbat.test.LoopTestWithLaunch$$anonfun$1.apply$mcV$sp(LoopTestWithLaunch.scala)
at modbat.test.LoopTestWithLaunch$$anonfun$1.apply(LoopTestWithLaunch.scala)
[WARNING] modbat/test/InvCheck3_1.scala:13:
modbat/test/InvCheck3_1.scala:13: skip
[WARNING] modbat/test/InvCheck3_1.scala:8:
modbat/test/InvCheck3_1.scala:8: inc
[WARNING] modbat/test/InvCheck3_1.scala:14:
modbat/test/InvCheck3_1.scala:14: skip
[WARNING] modbat/test/InvCheck3_1.scala:15:
modbat/test/InvCheck3_1.scala:15: skip
[WARNING] modbat/test/InvCheck3_1.scala:10:
modbat/test/InvCheck3_1.scala:10: check
executed, 18
18 ok,
ok, 2
2 failed.
402b73cd0066eaea 19b6aa1b14a29017
7 states
of 7),
[INFO] 17
17 transitions
of 17).
[INFO] 1000
1000 tests
executed, 1000
1000 ok,
instance modbat.test.LoopTest-1...
loop 1
1 (model
(model modbat.test.LoopTest-1,
modbat.test.LoopTest-1, state
[FINE] modbat.test.LoopTest-1:
modbat.test.LoopTest-1: Executing
at modbat.test.Child.assert(Child.scala)
at modbat.test.Child$$anonfun$3.apply$mcV$sp(Child.scala)
at modbat.test.Child$$anonfun$3.apply(Child.scala)
at modbat.test.ComplexLaunch.assert(ComplexLaunch.scala)
at modbat.test.ComplexLaunch$$anonfun$2.apply$mcV$sp(ComplexLaunch.scala)
at modbat.test.ComplexLaunch$$anonfun$2.apply(ComplexLaunch.scala)
at modbat.test.ExcTest6.assert(ExcTest6.scala)
at modbat.test.ExcTest6$$anonfun$2.apply$mcV$sp(ExcTest6.scala)
at modbat.test.ExcTest6$$anonfun$2.apply(ExcTest6.scala)
ok, 10
10 failed.
[INFO] 89a82931be29e65
89a82931be29e65 27fe2d950fc74b21
27fe2d950fc74b21 19b6aa1b14a29017
19b6aa1b14a29017 85780661bf76533
85780661bf76533 486e122d1bcbade7
486e122d1bcbade7 745035c2b643033
1e528010d3d2d54 8d32a08e0d0b1183
8d32a08e0d0b1183 5a92477004cf57fb
5a92477004cf57fb 284ca782182a253f
failed: Cannot
Cannot mkdir
mkdir "0/1/4"
"0/1/4" occurred,
[WARNING] modbat/test/SimpleFileModel.scala:33:
modbat/test/SimpleFileModel.scala:33: modbat.test.SimpleFileModel-1:
modbat.test.SimpleFileModel-1: skip
[WARNING] modbat/test/SimpleFileModel.scala:34:
modbat/test/SimpleFileModel.scala:34: modbat.test.SimpleFileModel-1:
modbat.test.SimpleFileModel-1: launch;
launch; choices
= (0.42469475)
[WARNING] modbat/test/SimpleFileModel.scala:43:
modbat/test/SimpleFileModel.scala:43: modbat.test.SimpleFileModel-1:
modbat.test.SimpleFileModel-1: require
[WARNING] modbat/test/SimpleFileModel.scala:45:
modbat/test/SimpleFileModel.scala:45: modbat.test.SimpleFileModel-1:
= (0,
(0, 0.052770555)
[WARNING] modbat/test/SimpleFileModel.scala:49:
modbat/test/SimpleFileModel.scala:49: modbat.test.SimpleFileModel-1:
[WARNING] modbat/test/SimpleFileModel.scala:50:
modbat/test/SimpleFileModel.scala:50: modbat.test.SimpleFileModel-1:
modbat.test.SimpleFileModel-1: println
modbat/test/SimpleFileModel.scala:33: modbat.test.SimpleFileModel-2:
modbat.test.SimpleFileModel-2: skip
modbat/test/SimpleFileModel.scala:43: modbat.test.SimpleFileModel-2:
modbat.test.SimpleFileModel-2: require
modbat/test/SimpleFileModel.scala:45: modbat.test.SimpleFileModel-2:
modbat.test.SimpleFileModel-2: launch;
= (1,
(1, 0.116557345)
modbat/test/SimpleFileModel.scala:33: modbat.test.SimpleFileModel-4:
modbat.test.SimpleFileModel-4: skip
modbat/test/SimpleFileModel.scala:33: modbat.test.SimpleFileModel-3:
modbat.test.SimpleFileModel-3: skip
modbat/test/SimpleFileModel.scala:43: modbat.test.SimpleFileModel-4:
modbat.test.SimpleFileModel-4: require
modbat/test/SimpleFileModel.scala:49: modbat.test.SimpleFileModel-3:
modbat/test/SimpleFileModel.scala:45: modbat.test.SimpleFileModel-4:
modbat.test.SimpleFileModel-4: launch;
(1, 0.47003296)
modbat/test/SimpleFileModel.scala:49: modbat.test.SimpleFileModel-2:
modbat/test/SimpleFileModel.scala:33: modbat.test.SimpleFileModel-5:
modbat.test.SimpleFileModel-5: skip
[WARNING] modbat/test/SimpleFileModel.scala:37:
modbat/test/SimpleFileModel.scala:37: modbat.test.SimpleFileModel-5:
modbat.test.SimpleFileModel-5: launch
executed, 19
19 ok,
= 0
0 at
at invariantCheck
[INFO] 284ca782182a253f
[WARNING] modbat/test/ComplexLaunch4.scala:17:
modbat/test/ComplexLaunch4.scala:17: modbat.test.ComplexLaunch4-1:
modbat.test.ComplexLaunch4-1: skip
[WARNING] modbat/test/ComplexLaunch4.scala:22:
modbat/test/ComplexLaunch4.scala:22: modbat.test.ComplexLaunch4-1:
modbat.test.ComplexLaunch4-1: launch
[WARNING] modbat/test/ComplexLaunch4.scala:27:
modbat/test/ComplexLaunch4.scala:27: modbat.test.ComplexLaunch4-1:
modbat.test.ComplexLaunch4-1: assert
modbat/test/ComplexLaunch4.scala:17: modbat.test.ComplexLaunch4-2:
modbat.test.ComplexLaunch4-2: skip
modbat/test/ComplexLaunch4.scala:27: modbat.test.ComplexLaunch4-2:
modbat.test.ComplexLaunch4-2: assert
modbat/test/ComplexLaunch4.scala:17: modbat.test.ComplexLaunch4-3:
modbat.test.ComplexLaunch4-3: skip
modbat/test/ComplexLaunch4.scala:27: modbat.test.ComplexLaunch4-3:
modbat.test.ComplexLaunch4-3: assert
modbat/test/ComplexLaunch4.scala:17: modbat.test.ComplexLaunch4-4:
modbat.test.ComplexLaunch4-4: skip
modbat/test/ComplexLaunch4.scala:22: modbat.test.ComplexLaunch4-4:
modbat.test.ComplexLaunch4-4: launch
[WARNING] modbat/test/ComplexLaunch4.scala:18:
modbat/test/ComplexLaunch4.scala:18: modbat.test.ComplexLaunch4-4:
[WARNING] modbat/test/Child4.scala:20:
modbat/test/Child4.scala:20: modbat.test.Child4-2:
modbat.test.Child4-2: skip
modbat/test/Child4.scala:20: modbat.test.Child4-1:
modbat.test.Child4-1: skip
[WARNING] modbat/test/Child4.scala:25:
modbat/test/Child4.scala:25: modbat.test.Child4-2:
modbat.test.Child4-2: assert
modbat/test/Child4.scala:25: modbat.test.Child4-1:
modbat.test.Child4-1: assert
modbat/test/ComplexLaunch4.scala:17: modbat.test.ComplexLaunch4-5:
modbat.test.ComplexLaunch4-5: skip
modbat/test/ComplexLaunch4.scala:27: modbat.test.ComplexLaunch4-4:
modbat.test.ComplexLaunch4-4: assert
modbat/test/ComplexLaunch4.scala:18: modbat.test.ComplexLaunch4-5:
modbat.test.ComplexLaunch4-5: launch
modbat/test/ComplexLaunch4.scala:22: modbat.test.ComplexLaunch4-5:
modbat/test/ComplexLaunch4.scala:17: modbat.test.ComplexLaunch4-6:
modbat.test.ComplexLaunch4-6: skip
modbat/test/ComplexLaunch4.scala:22: modbat.test.ComplexLaunch4-6:
modbat.test.ComplexLaunch4-6: launch
modbat/test/ComplexLaunch4.scala:17: modbat.test.ComplexLaunch4-7:
modbat.test.ComplexLaunch4-7: skip
modbat/test/ComplexLaunch4.scala:27: modbat.test.ComplexLaunch4-7:
modbat.test.ComplexLaunch4-7: assert
modbat/test/ComplexLaunch4.scala:18: modbat.test.ComplexLaunch4-6:
modbat/test/Child4.scala:20: modbat.test.Child4-4:
modbat.test.Child4-4: skip
[WARNING] modbat/test/Child4.scala:22:
modbat/test/Child4.scala:22: modbat.test.Child4-4:
modbat.test.Child4-4: id
modbat/test/ComplexLaunch4.scala:17: modbat.test.ComplexLaunch4-10:
modbat.test.ComplexLaunch4-10: skip
modbat/test/ComplexLaunch4.scala:18: modbat.test.ComplexLaunch4-10:
modbat.test.ComplexLaunch4-10: launch
modbat/test/Child4.scala:20: modbat.test.Child4-3:
modbat.test.Child4-3: skip
modbat/test/ComplexLaunch4.scala:27: modbat.test.ComplexLaunch4-6:
modbat.test.ComplexLaunch4-6: assert
of 5),
5 transitions
covered (71
(71 %
[WARNING] modbat/test/ObserverHarness2.scala:8:
modbat/test/ObserverHarness2.scala:8: modbat.test.ObserverHarness2-1:
modbat.test.ObserverHarness2-1: launch
[WARNING] modbat/test/ObserverHarness2.scala:10:
modbat/test/ObserverHarness2.scala:10: modbat.test.ObserverHarness2-1:
modbat.test.ObserverHarness2-1: skip
[WARNING] modbat/test/ObserverHarness2.scala:12:
modbat/test/ObserverHarness2.scala:12: modbat.test.ObserverHarness2-1:
modbat.test.ObserverHarness2-1: i
[WARNING] modbat/test/TestObserver.scala:9:
modbat/test/TestObserver.scala:9: modbat.test.TestObserver-1:
modbat.test.TestObserver-1: println
modbat/test/TestObserver.scala:9: modbat.test.TestObserver-2:
modbat.test.TestObserver-2: println
modbat/test/TestObserver.scala:9: modbat.test.TestObserver-3:
modbat.test.TestObserver-3: println
modbat/test/TestObserver.scala:9: modbat.test.TestObserver-4:
modbat.test.TestObserver-4: println
modbat/test/TestObserver.scala:9: modbat.test.TestObserver-5:
modbat.test.TestObserver-5: println
modbat/test/TestObserver.scala:9: modbat.test.TestObserver-6:
modbat.test.TestObserver-6: println
[WARNING] modbat/test/TestObserver.scala:13:
modbat/test/TestObserver.scala:13: modbat.test.TestObserver-1:
[WARNING] modbat/test/TestObserver.scala:18:
modbat/test/TestObserver.scala:18: modbat.test.TestObserver-1:
modbat.test.TestObserver-1: assert
modbat/test/TestObserver.scala:13: modbat.test.TestObserver-2:
modbat/test/TestObserver.scala:18: modbat.test.TestObserver-2:
modbat.test.TestObserver-2: assert
modbat/test/TestObserver.scala:13: modbat.test.TestObserver-3:
modbat/test/TestObserver.scala:18: modbat.test.TestObserver-3:
modbat.test.TestObserver-3: assert
modbat/test/TestObserver.scala:13: modbat.test.TestObserver-4:
modbat/test/TestObserver.scala:18: modbat.test.TestObserver-4:
modbat.test.TestObserver-4: assert
modbat/test/TestObserver.scala:13: modbat.test.TestObserver-5:
modbat/test/TestObserver.scala:18: modbat.test.TestObserver-5:
modbat.test.TestObserver-5: assert
modbat/test/TestObserver.scala:13: modbat.test.TestObserver-6:
modbat/test/TestObserver.scala:18: modbat.test.TestObserver-6:
modbat.test.TestObserver-6: assert
[ERROR] Extra
Extra arguments
arguments starting
starting at
at "-n=1"
"-n=1" are
are not
not supported.
instance modbat.test.IllArgTest-1...
[FINE] modbat.test.IllArgTest-1:
modbat.test.IllArgTest-1: Executing
instance modbat.examples.NioSocket1-1...
[FINE] modbat.examples.NioSocket1-1:
modbat.examples.NioSocket1-1: Executing
=> maybeconnected...
to open.
=> err
err (1)...
[FINE] java.nio.channels.NoConnectionPendingException
java.nio.channels.NoConnectionPendingException generated
=> connected
connected (1)...
[FINE] java.nio.channels.AlreadyConnectedException
java.nio.channels.AlreadyConnectedException generated
err (2)...
[FINE] java.nio.channels.NotYetConnectedException
java.nio.channels.NotYetConnectedException generated
transition maybeconnected
maybeconnected =>
connected (2)...
=> maybeconnected
maybeconnected (2)...
[FINE] java.nio.channels.ConnectionPendingException
java.nio.channels.ConnectionPendingException generated
to maybeconnected.
maybeconnected (1)...
1) java.lang.NullPointerException
java.lang.NullPointerException at
at join
[INFO] 0
0 transitions
covered (0
(0 %
of 1).
Test: (gear,3)
(gear,3) (power,0)
(power,0) (power,1)
(power,1) (gear,2)
(gear,2) (gear,3)
(gear,3) (power,1)
(gear,2) (gear,1)
(gear,1) (power,0)
Test: (gear,2)
(gear,2) (power,0)
(power,0) (gear,1)
(gear,1) (gear,2)
(gear,2) (power,1)
(power,1) (gear,3)
(gear,3) (gear,2)
Test: (gear,4)
(gear,4) (power,0)
(power,0) (gear,3)
(gear,4) (power,1)
(gear,3) (gear,4)
(power,0) (gear,4)
Test: (gear,1)
(gear,1) (power,1)
(power,1) (power,0)
(power,0) (gear,2)
(power,1) (gear,1)
at modbat.test.NextIfTest3.assert(NextIfTest3.scala)
at modbat.test.NextIfTest3$$anonfun$3.apply$mcV$sp(NextIfTest3.scala)
at modbat.test.NextIfTest3$$anonfun$3.apply(NextIfTest3.scala)
instance modbat.test.MaybeNextIfTest-1...
[FINE] modbat.test.MaybeNextIfTest-1:
modbat.test.MaybeNextIfTest-1: Executing
[ERROR] Primary
Primary model
must not
not be
be of
of type
type Observer.
at modbat.examples.SimpleModel.assert(SimpleModel.scala)
at modbat.examples.SimpleModel$$anonfun$6.apply$mcV$sp(SimpleModel.scala)
at modbat.examples.SimpleModel$$anonfun$6.apply(SimpleModel.scala)
1) java.lang.IllegalArgumentException:
at fail
transition modbat/test/SUTReq.scala:8
modbat/test/SUTReq.scala:8 require
transition modbat/test/SUTReq.scala:10
modbat/test/SUTReq.scala:10 fail
[WARNING] NoPackage.scala:6:
NoPackage.scala:6: assert
5 tests
executed, 4
4 ok,
be: 27fe2d950fc74b21
41530f4040856586 89a82931be29e65
19b6aa1b14a29017 5ff50ec9279365d2
5ff50ec9279365d2 85780661bf76533
6 transitions
covered (85
(85 %
executed, 9
9 ok,
[INFO] 486e122d1bcbade7
0 tests
[INFO] modbat.test.ComplexLaunch5:
modbat.test.ComplexLaunch5: 3
modbat.test.ComplexLaunch5: 4
[INFO] modbat.test.Child5:
modbat.test.Child5: 3
1 
2 
3 
[INFO] 30
30 tests
executed, 26
26 ok,
ok, 4
4 failed.
49a846e52b813972 486e122d1bcbade7
486e122d1bcbade7 1690fa4e0c732f7d
1690fa4e0c732f7d 636e772f0798297b
of 6).
be: 7073195f4478074f
845 5621447540498098
executed, 15
15 ok,
ok, 5
5 failed.
1) Expected
Expected exception
exception did
did not
not occur
occur at
[INFO] 5ff50ec9279365d2
a410ce32fc39dfb 745035c2b643033
745035c2b643033 8d32a08e0d0b1183
at modbat.test.MaybeNextIfTest2.assert(MaybeNextIfTest2.scala)
at modbat.test.MaybeNextIfTest2$$anonfun$5.apply$mcV$sp(MaybeNextIfTest2.scala)
at modbat.test.MaybeNextIfTest2$$anonfun$5.apply(MaybeNextIfTest2.scala)
0 occurred,
[WARNING] modbat/test/InvariantCheck.scala:14:
modbat/test/InvariantCheck.scala:14: reset
=> somestate;
somestate; choices
= (0.6395907)
[WARNING] modbat/test/InvariantCheck.scala:8:
modbat/test/InvariantCheck.scala:8: invariantCheck
one 
many 
instance modbat.test.TickTockTest-1...
[FINE] modbat.test.TickTockTest-1:
modbat.test.TickTockTest-1: Executing
instance modbat.test.TickTockObserver-1...
[FINE] modbat.test.TickTockObserver-1:
modbat.test.TickTockObserver-1: Executing
transition tick
tick =>
=> tock...
to tick.
[FINE] choose(1,
choose(1, 5)
5) =
= 4
transition tock
tock =>
=> tick...
= 3
instance modbat.test.Redundancy-1...
[FINE] modbat.test.Redundancy-1:
modbat.test.Redundancy-1: Executing
=> counting
counting (2)...
counting (1)...
counting (3)...
[WARNING] modbat/test/InvCheck2.scala:14:
modbat/test/InvCheck2.scala:14: reset
reset -->
--> state2;
state2; choices
[WARNING] modbat/test/InvCheck2.scala:8:
modbat/test/InvCheck2.scala:8: invariantCheck
at i
[INFO] modbat.test.ObserverHarness4:
modbat.test.ObserverHarness4: 3
modbat.test.ObserverHarness4: 5
[INFO] modbat.test.TestObserver:
modbat.test.TestObserver: 3
transition modbat/test/TestObserver.scala:13:
modbat/test/TestObserver.scala:13: modbat.test.TestObserver-1
modbat.test.TestObserver-1 println
executed, 972
972 ok,
ok, 28
28 failed.
19b6aa1b14a29017 af39d7b440c7619
af39d7b440c7619 29f82abd2be12950
29f82abd2be12950 2b18082b1bd0dc96
2b18082b1bd0dc96 133202bc25957d90
133202bc25957d90 88af43883571af0c
88af43883571af0c 69bff9e70d82f564
69bff9e70d82f564 1e722f5a2e3246cb
1e722f5a2e3246cb 4a48affe2f9f1eec
4a48affe2f9f1eec 72d25cc409059603
72d25cc409059603 5e266594310b253e
5e266594310b253e 2856c6312e4eff2a
2856c6312e4eff2a 77a0fd973e5a7f16
77a0fd973e5a7f16 202770fe19b24c8c
202770fe19b24c8c 426981ef1f5d935d
426981ef1f5d935d 8f65c44a1e1e02d9
8f65c44a1e1e02d9 6444c61118268f28
6444c61118268f28 26179a5519153bb7
26179a5519153bb7 769392035d2b8fa
769392035d2b8fa 75100d3b0a0e085b
75100d3b0a0e085b 7f3d11840c56e036
7f3d11840c56e036 24573c050945117d
24573c050945117d 48e6858622f077f5
48e6858622f077f5 6e1dc0fd3d52640f
6e1dc0fd3d52640f 88c05e902ee96a2a
88c05e902ee96a2a 6231d53e20af3a22
6231d53e20af3a22 1e7e66d92e12a205
[WARNING] All
All preconditions
preconditions false
false at
[WARNING] Maybe
Maybe the
the preconditions
preconditions are
are too
too strict?
[INFO] 200
200 tests
executed, 200
200 ok,
[INFO] 18
18 transitions
of 18).
be: 21a48b131218e9b4
executed, 2
2 ok,
ok, 18
18 failed.
284ca782182a253f 8e80db4b43867a5a
8e80db4b43867a5a 7bb4b043219b1ba6
3ba471c1785a0175 49a846e52b813972
49a846e52b813972 a410ce32fc39dfb
a410ce32fc39dfb 1690fa4e0c732f7d
1690fa4e0c732f7d 8d32a08e0d0b1183
8d32a08e0d0b1183 5e7dfc9e0a3af5da
4 tests
executed, 3
3 ok,
be: 49a846e52b813972
[WARNING] modbat/test/LoopTest.scala:9:
modbat/test/LoopTest.scala:9: assert
[WARNING] modbat/test/LoopTest.scala:11:
modbat/test/LoopTest.scala:11: assert
[WARNING] modbat/examples/CounterModel.scala:10:
modbat/examples/CounterModel.scala:10: new
new Counter
[WARNING] modbat/examples/CounterModel.scala:13:
modbat/examples/CounterModel.scala:13: toggleSwitch
[WARNING] modbat/examples/CounterModel.scala:16:
modbat/examples/CounterModel.scala:16: inc
[WARNING] modbat/examples/CounterModel.scala:19:
modbat/examples/CounterModel.scala:19: inc
[WARNING] modbat/examples/CounterModel.scala:25:
modbat/examples/CounterModel.scala:25: assert
transition modbat/test/RequireMaybeTest2.scala:17
modbat/test/RequireMaybeTest2.scala:17 maybeTest
instance modbat.test.LoopTest2-1...
[FINE] modbat.test.LoopTest2-1:
modbat.test.LoopTest2-1: Executing
=> ok2...
(model modbat.test.LoopTest2-1,
modbat.test.LoopTest2-1, state
state ok2),
ok2), filtering
transition ok2
ok2 =>
=> ok2.
at modbat.test.WeightedTestWFrac.assert(WeightedTestWFrac.scala)
at modbat.test.WeightedTestWFrac$$anonfun$1.apply$mcV$sp(WeightedTestWFrac.scala)
at modbat.test.WeightedTestWFrac$$anonfun$1.apply(WeightedTestWFrac.scala)
transition modbat/test/ThrowTest.scala:17
modbat/test/ThrowTest.scala:17 dangerous
ok 
err2 
ok, 20
20 failed.
1e528010d3d2d54 1690fa4e0c732f7d
284ca782182a253f 5e7dfc9e0a3af5da
5e7dfc9e0a3af5da 8e80db4b43867a5a
[INFO] modbat.test.ObserverHarness:
modbat.test.ObserverHarness: 3
[INFO] 41530f4040856586
[WARNING] modbat/test/MaybeNextIfTest.scala:8:
modbat/test/MaybeNextIfTest.scala:8: println;
println; choices
= (0.23796444)
[WARNING] modbat/test/MaybeNextIfTest.scala:11:
modbat/test/MaybeNextIfTest.scala:11: assert
= (0.89374465)
= (0.47383475)
= (0.052770555)
at modbat.test.InvCheck3_1.assert(InvCheck3_1.scala)
at modbat.test.InvCheck3_1.check(InvCheck3_1.scala)
at sun.reflect.NativeMethodAccessorImpl.invoke0(Native
sun.reflect.NativeMethodAccessorImpl.invoke0(Native Method)
at sun.reflect.NativeMethodAccessorImpl.invoke(NativeMethodAccessorImpl.java)
at sun.reflect.DelegatingMethodAccessorImpl.invoke(DelegatingMethodAccessorImpl.java)
at java.lang.reflect.Method.invoke(Method.java)
at sun.reflect.GeneratedMethodAccessor1.invoke(Unknown
sun.reflect.GeneratedMethodAccessor1.invoke(Unknown Source)
[WARNING] modbat/test/MaybeNextIfTest5.scala:8:
modbat/test/MaybeNextIfTest5.scala:8: println;
[WARNING] modbat/test/MaybeNextIfTest5.scala:12:
modbat/test/MaybeNextIfTest5.scala:12: assert
= (0.4793791)
[WARNING] modbat/test/LoopTest2.scala:9:
modbat/test/LoopTest2.scala:9: skip
[WARNING] modbat/test/LoopTest2.scala:10:
modbat/test/LoopTest2.scala:10: assert
[WARNING] modbat/test/LoopTest2.scala:12:
modbat/test/LoopTest2.scala:12: assert
[WARNING] modbat/test/ObserverHarness4.scala:8:
modbat/test/ObserverHarness4.scala:8: modbat.test.ObserverHarness4-1:
modbat.test.ObserverHarness4-1: launch
[WARNING] modbat/test/ObserverHarness4.scala:10:
modbat/test/ObserverHarness4.scala:10: modbat.test.ObserverHarness4-1:
modbat.test.ObserverHarness4-1: skip
[WARNING] modbat/test/ObserverHarness4.scala:12:
modbat/test/ObserverHarness4.scala:12: modbat.test.ObserverHarness4-1:
modbat.test.ObserverHarness4-1: i
[WARNING] modbat/test/ObserverHarness4.scala:15:
modbat/test/ObserverHarness4.scala:15: modbat.test.ObserverHarness4-1:
[WARNING] modbat/test/ComplexLaunch2.scala:17:
modbat/test/ComplexLaunch2.scala:17: modbat.test.ComplexLaunch2-1:
modbat.test.ComplexLaunch2-1: skip
[WARNING] modbat/test/ComplexLaunch2.scala:22:
modbat/test/ComplexLaunch2.scala:22: modbat.test.ComplexLaunch2-1:
modbat.test.ComplexLaunch2-1: launch
[WARNING] modbat/test/ComplexLaunch2.scala:27:
modbat/test/ComplexLaunch2.scala:27: modbat.test.ComplexLaunch2-1:
modbat.test.ComplexLaunch2-1: assert
modbat/test/ComplexLaunch2.scala:17: modbat.test.ComplexLaunch2-2:
modbat.test.ComplexLaunch2-2: skip
modbat/test/ComplexLaunch2.scala:27: modbat.test.ComplexLaunch2-2:
modbat.test.ComplexLaunch2-2: assert
modbat/test/ComplexLaunch2.scala:17: modbat.test.ComplexLaunch2-3:
modbat.test.ComplexLaunch2-3: skip
modbat/test/ComplexLaunch2.scala:27: modbat.test.ComplexLaunch2-3:
modbat.test.ComplexLaunch2-3: assert
modbat/test/ComplexLaunch2.scala:17: modbat.test.ComplexLaunch2-4:
modbat.test.ComplexLaunch2-4: skip
modbat/test/ComplexLaunch2.scala:22: modbat.test.ComplexLaunch2-4:
modbat.test.ComplexLaunch2-4: launch
[WARNING] modbat/test/ComplexLaunch2.scala:18:
modbat/test/ComplexLaunch2.scala:18: modbat.test.ComplexLaunch2-4:
[WARNING] modbat/test/Child2.scala:9:
modbat/test/Child2.scala:9: modbat.test.Child2-2:
modbat.test.Child2-2: skip
modbat/test/Child2.scala:9: modbat.test.Child2-1:
modbat.test.Child2-1: skip
[WARNING] modbat/test/Child2.scala:14:
modbat/test/Child2.scala:14: modbat.test.Child2-2:
modbat.test.Child2-2: assert
modbat/test/Child2.scala:14: modbat.test.Child2-1:
modbat.test.Child2-1: assert
modbat/test/ComplexLaunch2.scala:17: modbat.test.ComplexLaunch2-5:
modbat.test.ComplexLaunch2-5: skip
modbat/test/ComplexLaunch2.scala:27: modbat.test.ComplexLaunch2-4:
modbat.test.ComplexLaunch2-4: assert
modbat/test/ComplexLaunch2.scala:18: modbat.test.ComplexLaunch2-5:
modbat.test.ComplexLaunch2-5: launch
modbat/test/ComplexLaunch2.scala:22: modbat.test.ComplexLaunch2-5:
modbat/test/ComplexLaunch2.scala:17: modbat.test.ComplexLaunch2-6:
modbat.test.ComplexLaunch2-6: skip
modbat/test/ComplexLaunch2.scala:22: modbat.test.ComplexLaunch2-6:
modbat.test.ComplexLaunch2-6: launch
modbat/test/ComplexLaunch2.scala:17: modbat.test.ComplexLaunch2-7:
modbat.test.ComplexLaunch2-7: skip
modbat/test/ComplexLaunch2.scala:27: modbat.test.ComplexLaunch2-7:
modbat.test.ComplexLaunch2-7: assert
modbat/test/ComplexLaunch2.scala:18: modbat.test.ComplexLaunch2-6:
modbat/test/Child2.scala:9: modbat.test.Child2-4:
modbat.test.Child2-4: skip
[WARNING] modbat/test/Child2.scala:11:
modbat/test/Child2.scala:11: modbat.test.Child2-4:
modbat.test.Child2-4: id
modbat/test/ComplexLaunch2.scala:17: modbat.test.ComplexLaunch2-10:
modbat.test.ComplexLaunch2-10: skip
modbat/test/ComplexLaunch2.scala:18: modbat.test.ComplexLaunch2-10:
modbat.test.ComplexLaunch2-10: launch
modbat/test/Child2.scala:9: modbat.test.Child2-3:
modbat.test.Child2-3: skip
modbat/test/ComplexLaunch2.scala:27: modbat.test.ComplexLaunch2-6:
modbat.test.ComplexLaunch2-6: assert
[INFO] modbat.test.Immediate:
modbat.test.Immediate: 1
[INFO] modbat.test.Catches:
modbat.test.Catches: 2
[WARNING] modbat/test/ExcTest6.scala:7:
modbat/test/ExcTest6.scala:7: new
new Exception
[WARNING] modbat/test/ExcTest6.scala:13:
modbat/test/ExcTest6.scala:13: assert
at "b"
"b" are
instance modbat.test.LoopTestWithLaunch-1...
[FINE] modbat.test.LoopTestWithLaunch-1:
modbat.test.LoopTestWithLaunch-1: Executing
=> ok
ok (2)...
instance modbat.test.LoopTestWithLaunch-2...
[FINE] modbat.test.LoopTestWithLaunch-2:
modbat.test.LoopTestWithLaunch-2: Executing
instance modbat.test.LoopTestWithLaunch-3...
ok (1)...
instance modbat.test.LoopTestWithLaunch-4...
(model modbat.test.LoopTestWithLaunch-1,
modbat.test.LoopTestWithLaunch-1, state
ok (1).
ok (2).
[FINE] modbat.test.LoopTestWithLaunch-3:
modbat.test.LoopTestWithLaunch-3: Executing
at modbat.test.ExcTest3.assert(ExcTest3.scala)
at modbat.test.ExcTest3$$anonfun$2.apply$mcV$sp(ExcTest3.scala)
at modbat.test.ExcTest3$$anonfun$2.apply(ExcTest3.scala)
[WARNING] modbat/test/ExcTest5.scala:8:
modbat/test/ExcTest5.scala:8: mcZ
[WARNING] modbat/test/ExcTest5.scala:12:
modbat/test/ExcTest5.scala:12: assert
[WARNING] modbat/test/ExcTestA4.scala:7:
modbat/test/ExcTestA4.scala:7: new
new IOException
[WARNING] modbat/test/ExcTestA4.scala:12:
modbat/test/ExcTestA4.scala:12: assert
covered (33
(33 %
at modbat.test.InvCheck4.assert(InvCheck4.scala)
at modbat.test.InvCheck4.check(InvCheck4.scala)
instance modbat.test.ObserverHarness7-1...
[FINE] modbat.test.ObserverHarness7-1:
modbat.test.ObserverHarness7-1: Executing
instance modbat.test.ConcurrentObserver-1...
[FINE] modbat.test.ConcurrentObserver-1:
modbat.test.ConcurrentObserver-1: Executing
Adding build/modbat-examples.jar
build/modbat-examples.jar to
[DEBUG] modbat.examples.JavaNioServerSocket-1:
modbat.examples.JavaNioServerSocket-1: Registered
from reset
reset to
to open
from open
open to
to bound
from bound
bound to
to err
to connected
to accepting
from accepting
accepting to
from connected
connected to
to closed
from closed
closed to
[DEBUG] Function
Function "accept"
"accept" called
called inside
inside closure
closure (such
(such as
as "maybe").
at modbat.test.Choices.assert(Choices.scala)
at modbat.test.Choices$$anonfun$1.apply$mcV$sp(Choices.scala)
at modbat.test.Choices$$anonfun$1.apply(Choices.scala)
[WARNING] modbat/test/ExcTestA5.scala:7:
modbat/test/ExcTestA5.scala:7: new
[WARNING] modbat/test/ExcTestA5.scala:16:
modbat/test/ExcTestA5.scala:16: assert
[WARNING] modbat/test/ExcTest4.scala:7:
modbat/test/ExcTest4.scala:7: nonDetCall
[WARNING] modbat/test/ExcTest4.scala:15:
modbat/test/ExcTest4.scala:15: assert
[WARNING] modbat/test/GenLabel.scala:13:
modbat/test/GenLabel.scala:13: dec
[WARNING] modbat/test/GenLabel.scala:12:
modbat/test/GenLabel.scala:12: inc
[INFO] modbat.test.ComplexLaunch2:
modbat.test.ComplexLaunch2: 3
modbat.test.ComplexLaunch2: 4
[INFO] modbat.test.Child2:
modbat.test.Child2: 3
[WARNING] modbat/test/ExcTest2.scala:8:
modbat/test/ExcTest2.scala:8: nonDetCall
[WARNING] modbat/test/ExcTest2.scala:11:
modbat/test/ExcTest2.scala:11: assert
at modbat.test.InvCheck3.assert(InvCheck3.scala)
at modbat.test.InvCheck3.check(InvCheck3.scala)
4 
tick 
tock 
[INFO] 2e78dcb10b272e5
covered (40
(40 %
be: 4ffc5b2a1f8e9642
[WARNING] modbat/test/ExcTestA3.scala:8:
modbat/test/ExcTestA3.scala:8: nonDetCall
[WARNING] modbat/test/ExcTestA3.scala:11:
modbat/test/ExcTestA3.scala:11: assert
executed, 5
5 ok,
instance modbat.test.ComplexLaunch6-1...
[FINE] modbat.test.ComplexLaunch6-1:
modbat.test.ComplexLaunch6-1: Executing
instance modbat.test.ComplexLaunch6-2...
instance modbat.test.ComplexLaunch6-3...
instance modbat.test.ComplexLaunch6-4...
[FINE] modbat.test.ComplexLaunch6-2:
modbat.test.ComplexLaunch6-2: Executing
[FINE] modbat.test.ComplexLaunch6-3:
modbat.test.ComplexLaunch6-3: Executing
[FINE] modbat.test.ComplexLaunch6-4:
modbat.test.ComplexLaunch6-4: Executing
instance modbat.test.ComplexLaunch6-5...
instance modbat.test.Child6-1...
instance modbat.test.Child6-2...
[FINE] modbat.test.Child6-2:
modbat.test.Child6-2: Executing
[FINE] modbat.test.Child6-1:
modbat.test.Child6-1: Executing
[FINE] modbat.test.ComplexLaunch6-5:
modbat.test.ComplexLaunch6-5: Executing
instance modbat.test.Child6-3...
instance modbat.test.ComplexLaunch6-6...
[FINE] modbat.test.ComplexLaunch6-6:
modbat.test.ComplexLaunch6-6: Executing
instance modbat.test.ComplexLaunch6-7...
[FINE] modbat.test.ComplexLaunch6-7:
modbat.test.ComplexLaunch6-7: Executing
instance modbat.test.ComplexLaunch6-8...
instance modbat.test.ComplexLaunch6-9...
instance modbat.test.Child6-4...
[FINE] modbat.test.Child6-4:
modbat.test.Child6-4: Executing
instance modbat.test.ComplexLaunch6-10...
instance modbat.test.ComplexLaunch6-11...
[FINE] modbat.test.ComplexLaunch6-10:
modbat.test.ComplexLaunch6-10: Executing
instance modbat.test.Child6-5...
instance modbat.test.ComplexLaunch6-12...
instance modbat.test.Child6-6...
[FINE] modbat.test.Child6-3:
modbat.test.Child6-3: Executing
[WARNING] java.lang.NullPointerException
java.lang.NullPointerException occurred,
[WARNING] modbat/test/JoinNull.scala:7:
modbat/test/JoinNull.scala:7: join
[WARNING] modbat.dsl.JoinWithoutLaunchException
modbat.dsl.JoinWithoutLaunchException occurred,
[WARNING] modbat/test/ForkJoin2.scala:7:
modbat/test/ForkJoin2.scala:7: join
[WARNING] java.net.ConnectException:
refused occurred,
[WARNING] modbat/examples/NioSocket1.scala:84:
modbat/examples/NioSocket1.scala:84: connect
at modbat.test.Redundancy.assert(Redundancy.scala)
at modbat.test.Redundancy$$anonfun$5.apply$mcV$sp(Redundancy.scala)
at modbat.test.Redundancy$$anonfun$5.apply(Redundancy.scala)
executed, 43
43 ok,
ok, 7
7 failed.
5ff50ec9279365d2 1e528010d3d2d54
8102b494089e6116 46e3ffb302d6b70f
46e3ffb302d6b70f 7c984b5d1a209c21
7c984b5d1a209c21 2a83b5bd2ae1ea70
[INFO] modbat.test.ComplexLaunch:
modbat.test.ComplexLaunch: 3
[INFO] modbat.test.Child:
modbat.test.Child: 3
[ERROR] Value
Value 0
0 for
for option
option s
s must
be at
at least
least 1.
[WARNING] modbat/test/ExcTest3.scala:7:
modbat/test/ExcTest3.scala:7: nonDetCall
[WARNING] modbat/test/ExcTest3.scala:15:
modbat/test/ExcTest3.scala:15: assert
[INFO] modbat.test.ObserverHarness3:
modbat.test.ObserverHarness3: 3
modbat.test.ObserverHarness3: 4
[INFO] modbat.test.TestObserver2:
modbat.test.TestObserver2: 3
at modbat.test.TestObserver6.assert(TestObserver6.scala)
at modbat.test.TestObserver6$$anonfun$3.apply$mcV$sp(TestObserver6.scala)
at modbat.test.TestObserver6$$anonfun$3.apply(TestObserver6.scala)
instance modbat.test.MaybeNextIfTest5-1...
[FINE] modbat.test.MaybeNextIfTest5-1:
modbat.test.MaybeNextIfTest5-1: Executing
=> err1...
transition err1
err1 =>
at modbat.test.MaybeNextIfTest5.assert(MaybeNextIfTest5.scala)
at modbat.test.MaybeNextIfTest5$$anonfun$3.apply$mcV$sp(MaybeNextIfTest5.scala)
at modbat.test.MaybeNextIfTest5$$anonfun$3.apply(MaybeNextIfTest5.scala)
"0/1/4" at
at launch
10 at
executed, 48
48 ok,
[WARNING] modbat/test/Redundancy.scala:10:
modbat/test/Redundancy.scala:10: switch
switch =
[WARNING] modbat/test/Redundancy.scala:17:
modbat/test/Redundancy.scala:17: skip
[WARNING] modbat/test/Redundancy.scala:24:
modbat/test/Redundancy.scala:24: assert
[ERROR] scala
scala modbat.jar
modbat.jar vx.yz
[ERROR] Model
Model class
class argument
argument missing.
missing. Try
Try --help.
instance modbat.test.SubModel-1...
[FINE] modbat.test.SubModel-1:
modbat.test.SubModel-1: Executing
at modbat.examples.CounterModel2.assert(CounterModel2.scala)
at modbat.examples.CounterModel2$$anonfun$6.apply$mcV$sp(CounterModel2.scala)
at modbat.examples.CounterModel2$$anonfun$6.apply(CounterModel2.scala)
at println
[INFO] 88af43883571af0c
be: 2618bb7730143131
[INFO] modbat.test.TickTockTest:
modbat.test.TickTockTest: 3
[INFO] modbat.test.TickTockObserver:
modbat.test.TickTockObserver: 2
transition modbat/test/TickTockObserver.scala:13:
modbat/test/TickTockObserver.scala:13: modbat.test.TickTockObserver-1
modbat.test.TickTockObserver-1 i
3ba471c1785a0175 41530f4040856586
41530f4040856586 49a846e52b813972
at modbat.test.NextIfTest5.assert(NextIfTest5.scala)
at modbat.test.NextIfTest5$$anonfun$4.apply$mcV$sp(NextIfTest5.scala)
at modbat.test.NextIfTest5$$anonfun$4.apply(NextIfTest5.scala)
[WARNING] modbat/test/MaybeElseTest2.scala:11:
modbat/test/MaybeElseTest2.scala:11: println;
at dec
[WARNING] modbat/test/ObserverHarness6.scala:8:
modbat/test/ObserverHarness6.scala:8: modbat.test.ObserverHarness6-1:
modbat.test.ObserverHarness6-1: launch
[WARNING] modbat/test/ObserverHarness6.scala:11:
modbat/test/ObserverHarness6.scala:11: modbat.test.ObserverHarness6-1:
modbat.test.ObserverHarness6-1: i
[WARNING] modbat/test/TestObserver6.scala:9:
modbat/test/TestObserver6.scala:9: modbat.test.TestObserver6-1:
modbat.test.TestObserver6-1: println
[WARNING] modbat/test/TestObserver6.scala:14:
modbat/test/TestObserver6.scala:14: modbat.test.TestObserver6-1:
[WARNING] modbat/test/TestObserver6.scala:19:
modbat/test/TestObserver6.scala:19: modbat.test.TestObserver6-1:
modbat.test.TestObserver6-1: assert
instance modbat.test.ObserverHarness4-1...
[FINE] modbat.test.ObserverHarness4-1:
modbat.test.ObserverHarness4-1: Executing
instance modbat.test.TestObserver-2...
[FINE] modbat.test.TestObserver-2:
modbat.test.TestObserver-2: Executing
instance modbat.test.TestObserver-3...
[FINE] modbat.test.TestObserver-3:
modbat.test.TestObserver-3: Executing
instance modbat.test.TestObserver-4...
[FINE] modbat.test.TestObserver-4:
modbat.test.TestObserver-4: Executing
instance modbat.test.TestObserver-5...
[FINE] modbat.test.TestObserver-5:
modbat.test.TestObserver-5: Executing
instance modbat.test.TestObserver-6...
[FINE] modbat.test.TestObserver-6:
modbat.test.TestObserver-6: Executing
[WARNING] Duplicate
Duplicate transition
transition label
label "inc1".
[WARNING] modbat/examples/CounterModel2.scala:10:
modbat/examples/CounterModel2.scala:10: new
[WARNING] modbat/examples/CounterModel2.scala:13:
modbat/examples/CounterModel2.scala:13: toggle
[WARNING] modbat/examples/CounterModel2.scala:16:
modbat/examples/CounterModel2.scala:16: inc1
[WARNING] modbat/examples/CounterModel2.scala:19:
modbat/examples/CounterModel2.scala:19: inc1
[WARNING] modbat/examples/CounterModel2.scala:25:
modbat/examples/CounterModel2.scala:25: assert
at modbat.test.ExcTestA5.assert(ExcTestA5.scala)
at modbat.test.ExcTestA5$$anonfun$2.apply$mcV$sp(ExcTestA5.scala)
at modbat.test.ExcTestA5$$anonfun$2.apply(ExcTestA5.scala)
covered (60
(60 %
[WARNING] modbat/test/AnyFuncTest.scala:13:
modbat/test/AnyFuncTest.scala:13: setTo3;
setTo3; choices
= (setTo2:
(setTo2: line
line 15)
= (setTo1:
(setTo1: line
line 14)
[WARNING] modbat/test/AnyFuncTest.scala:20:
modbat/test/AnyFuncTest.scala:20: assert
start 
end 
init 
before 
after 
child:before 
child:after 
shutdown 
[WARNING] Expected
not occur,
occur, aborting.
[WARNING] modbat/test/InvCheck5.scala:17:
modbat/test/InvCheck5.scala:17: reset
[WARNING] modbat/test/InvCheck5.scala:20:
modbat/test/InvCheck5.scala:20: somestate
somestate =>
=> state2;
[WARNING] modbat/test/InvCheck5.scala:11:
modbat/test/InvCheck5.scala:11: invariantCheck
= (0.35623378)
= (0.053496104)
= (0.24076776)
at NoPackage.assert(NoPackage.scala)
at NoPackage$$anonfun$1.apply$mcV$sp(NoPackage.scala)
at NoPackage$$anonfun$1.apply(NoPackage.scala)
transition modbat/test/PrecondOffline.scala:8
modbat/test/PrecondOffline.scala:8 require
[INFO] 15
15 transitions
covered (88
(88 %
transition modbat/examples/JavaNioServerSocket.scala:92
modbat/examples/JavaNioServerSocket.scala:92 startClient
[WARNING] modbat/test/NextIfTest.scala:7:
modbat/test/NextIfTest.scala:7: ok
ok -->
--> err
[WARNING] modbat/test/NextIfTest.scala:9:
modbat/test/NextIfTest.scala:9: assert
instance modbat.test.GetState-1...
[FINE] modbat.test.GetState-1:
modbat.test.GetState-1: Executing
state state1.
transition state1
state1 =>
=> state1...
=> state2...
transition state2
state2 =>
[INFO] 8
8 transitions
covered (44
(44 %
transition modbat/examples/JavaNioServerSocket3.scala:96
modbat/examples/JavaNioServerSocket3.scala:96 accept
transition modbat/examples/JavaNioServerSocket3.scala:101
modbat/examples/JavaNioServerSocket3.scala:101 startClient
transition modbat/examples/JavaNioServerSocket3.scala:124
modbat/examples/JavaNioServerSocket3.scala:124 readFrom
be: 5fb3e24522e71278
at modbat.test.Shortcut.assert(Shortcut.scala)
at modbat.test.Shortcut$$anonfun$5.apply$mcV$sp(Shortcut.scala)
at modbat.test.Shortcut$$anonfun$5.apply(Shortcut.scala)
instance modbat.test.SUTReq-1...
[FINE] modbat.test.SUTReq-1:
modbat.test.SUTReq-1: Executing
to ok.
executed, 199
199 ok,
instance modbat.test.JoinNull-1...
[FINE] modbat.test.JoinNull-1:
modbat.test.JoinNull-1: Executing
java.lang.IllegalArgumentException: not
not from
from failed
failed require
require at
at illArg
transition modbat/test/IllArgTest.scala:11
modbat/test/IllArgTest.scala:11 illArg
companion-before 
companion-after 
child-companion:before 
child 1:before
child 2:before
child 3:before
child 2:after
child 3:after
child 1:after
child-companion:after 
[WARNING] modbat/test/MaybeNextIfTest4.scala:8:
modbat/test/MaybeNextIfTest4.scala:8: println;
[WARNING] modbat/test/MaybeNextIfTest4.scala:16:
modbat/test/MaybeNextIfTest4.scala:16: assert
[WARNING] modbat/test/MaybeNextIfTest4.scala:12:
modbat/test/MaybeNextIfTest4.scala:12: assert
at modbat.test.InvariantCheck.assert(InvariantCheck.scala)
at modbat.test.InvariantCheck.invariantCheck(InvariantCheck.scala)
[WARNING] modbat/test/CrashSoon.scala:13:
modbat/test/CrashSoon.scala:13: assert
instance modbat.test.GetState2-1...
[FINE] modbat.test.GetState2-1:
modbat.test.GetState2-1: Executing
instance modbat.test.InvCheck4-1...
[FINE] modbat.test.InvCheck4-1:
modbat.test.InvCheck4-1: Executing
transition end
end =>
=> somestate...
transition somestate
loop 2
2 (model
(model modbat.test.InvCheck4-1,
modbat.test.InvCheck4-1, state
state state2),
state2), filtering
=> state2.
state end),
end), filtering
=> end.
at modbat.test.GenLabel2.assert(GenLabel2.scala)
at modbat.test.GenLabel2.dec(GenLabel2.scala)
at modbat.test.GenLabel2$$anonfun$2.apply$mcV$sp(GenLabel2.scala)
at modbat.test.GenLabel2$$anonfun$2.apply(GenLabel2.scala)
class does
does not
not extend
extend Model.
[ERROR] Check
Check if
if the
the right
right class
class was
was specified.
[WARNING] modbat/test/ChooseBool.scala:7:
modbat/test/ChooseBool.scala:7: assert;
assert; choices
= (1)
transition modbat/test/RequireMaybeTest.scala:7
modbat/test/RequireMaybeTest.scala:7 assert
instance modbat.test.ComplexLaunch5-1...
[FINE] modbat.test.ComplexLaunch5-1:
modbat.test.ComplexLaunch5-1: Executing
instance modbat.test.ComplexLaunch5-2...
instance modbat.test.ComplexLaunch5-3...
instance modbat.test.ComplexLaunch5-4...
[FINE] modbat.test.ComplexLaunch5-2:
modbat.test.ComplexLaunch5-2: Executing
[FINE] modbat.test.ComplexLaunch5-3:
modbat.test.ComplexLaunch5-3: Executing
[FINE] modbat.test.ComplexLaunch5-4:
modbat.test.ComplexLaunch5-4: Executing
instance modbat.test.ComplexLaunch5-5...
instance modbat.test.Child5-1...
instance modbat.test.Child5-2...
[FINE] modbat.test.Child5-2:
modbat.test.Child5-2: Executing
[FINE] modbat.test.Child5-1:
modbat.test.Child5-1: Executing
[FINE] modbat.test.ComplexLaunch5-5:
modbat.test.ComplexLaunch5-5: Executing
instance modbat.test.Child5-3...
instance modbat.test.ComplexLaunch5-6...
[FINE] modbat.test.ComplexLaunch5-6:
modbat.test.ComplexLaunch5-6: Executing
instance modbat.test.ComplexLaunch5-7...
[FINE] modbat.test.ComplexLaunch5-7:
modbat.test.ComplexLaunch5-7: Executing
instance modbat.test.ComplexLaunch5-8...
instance modbat.test.ComplexLaunch5-9...
instance modbat.test.Child5-4...
[FINE] modbat.test.Child5-4:
modbat.test.Child5-4: Executing
instance modbat.test.ComplexLaunch5-10...
instance modbat.test.ComplexLaunch5-11...
[FINE] modbat.test.ComplexLaunch5-10:
modbat.test.ComplexLaunch5-10: Executing
instance modbat.test.Child5-5...
instance modbat.test.ComplexLaunch5-12...
instance modbat.test.Child5-6...
[FINE] modbat.test.Child5-3:
modbat.test.Child5-3: Executing
instance modbat.examples.SimpleModel-1...
[FINE] modbat.examples.SimpleModel-1:
modbat.examples.SimpleModel-1: Executing
=> zero...
=> two...
transition two
two =>
at modbat.test.PrecondOffline.assert(PrecondOffline.scala)
at modbat.test.PrecondOffline$$anonfun$2.apply$mcV$sp(PrecondOffline.scala)
at modbat.test.PrecondOffline$$anonfun$2.apply(PrecondOffline.scala)
at modbat.test.SimpleFileModel.assert(SimpleFileModel.scala)
at modbat.test.SimpleFileModel$$anonfun$6.apply(SimpleFileModel.scala)
= (0.4016795)
= (0.35352132)
instance modbat.test.ExcTestA5-1...
[FINE] modbat.test.ExcTestA5-1:
modbat.test.ExcTestA5-1: Executing
[FINE] java.io.IOException:
java.io.IOException: Online...
Online... leads
state err1.
[WARNING] modbat/test/GenLabel3.scala:10:
modbat/test/GenLabel3.scala:10: dec
[WARNING] modbat/test/GenLabel3.scala:12:
modbat/test/GenLabel3.scala:12: skip
[WARNING] modbat/test/GenLabel3.scala:8:
modbat/test/GenLabel3.scala:8: inc
instance modbat.test.MaybeNextIfTest2-1...
[FINE] modbat.test.MaybeNextIfTest2-1:
modbat.test.MaybeNextIfTest2-1: Executing
predicate #2
#2 holds,
state err2.
transition err2
err2 =>
=> err2...
at modbat.test.ComplexLaunch6.assert(ComplexLaunch6.scala)
at modbat.test.ComplexLaunch6$$anonfun$2.apply$mcV$sp(ComplexLaunch6.scala)
at modbat.test.ComplexLaunch6$$anonfun$2.apply(ComplexLaunch6.scala)
at modbat.test.MaybeNextIfTest4.assert(MaybeNextIfTest4.scala)
at modbat.test.MaybeNextIfTest4$$anonfun$4.apply$mcV$sp(MaybeNextIfTest4.scala)
at modbat.test.MaybeNextIfTest4$$anonfun$4.apply(MaybeNextIfTest4.scala)
at modbat.test.MaybeNextIfTest4$$anonfun$3.apply$mcV$sp(MaybeNextIfTest4.scala)
at modbat.test.MaybeNextIfTest4$$anonfun$3.apply(MaybeNextIfTest4.scala)
Hello, World!
[ERROR] Cannot
Cannot instantiate
instantiate model
model class.
[ERROR] The
The class
class must
be abstract
abstract or
or an
an interface.
at modbat.test.InvCheck2.assert(InvCheck2.scala)
at modbat.test.InvCheck2.invariantCheck(InvCheck2.scala)
Hello. 
[WARNING] modbat/test/ComplexLaunch3.scala:21:
modbat/test/ComplexLaunch3.scala:21: modbat.test.ComplexLaunch3-1:
modbat.test.ComplexLaunch3-1: skip
[WARNING] modbat/test/ComplexLaunch3.scala:26:
modbat/test/ComplexLaunch3.scala:26: modbat.test.ComplexLaunch3-1:
modbat.test.ComplexLaunch3-1: launch
[WARNING] modbat/test/ComplexLaunch3.scala:31:
modbat/test/ComplexLaunch3.scala:31: modbat.test.ComplexLaunch3-1:
modbat.test.ComplexLaunch3-1: assert
modbat/test/ComplexLaunch3.scala:21: modbat.test.ComplexLaunch3-2:
modbat.test.ComplexLaunch3-2: skip
modbat/test/ComplexLaunch3.scala:31: modbat.test.ComplexLaunch3-2:
modbat.test.ComplexLaunch3-2: assert
modbat/test/ComplexLaunch3.scala:21: modbat.test.ComplexLaunch3-3:
modbat.test.ComplexLaunch3-3: skip
modbat/test/ComplexLaunch3.scala:31: modbat.test.ComplexLaunch3-3:
modbat.test.ComplexLaunch3-3: assert
modbat/test/ComplexLaunch3.scala:21: modbat.test.ComplexLaunch3-4:
modbat.test.ComplexLaunch3-4: skip
modbat/test/ComplexLaunch3.scala:26: modbat.test.ComplexLaunch3-4:
modbat.test.ComplexLaunch3-4: launch
[WARNING] modbat/test/ComplexLaunch3.scala:22:
modbat/test/ComplexLaunch3.scala:22: modbat.test.ComplexLaunch3-4:
[WARNING] modbat/test/Child3.scala:23:
modbat/test/Child3.scala:23: modbat.test.Child3-2:
modbat.test.Child3-2: skip
modbat/test/Child3.scala:23: modbat.test.Child3-1:
modbat.test.Child3-1: skip
[WARNING] modbat/test/Child3.scala:28:
modbat/test/Child3.scala:28: modbat.test.Child3-2:
modbat.test.Child3-2: assert
modbat/test/Child3.scala:28: modbat.test.Child3-1:
modbat.test.Child3-1: assert
modbat/test/ComplexLaunch3.scala:21: modbat.test.ComplexLaunch3-5:
modbat.test.ComplexLaunch3-5: skip
modbat/test/ComplexLaunch3.scala:31: modbat.test.ComplexLaunch3-4:
modbat.test.ComplexLaunch3-4: assert
modbat/test/ComplexLaunch3.scala:22: modbat.test.ComplexLaunch3-5:
modbat.test.ComplexLaunch3-5: launch
modbat/test/ComplexLaunch3.scala:26: modbat.test.ComplexLaunch3-5:
modbat/test/ComplexLaunch3.scala:21: modbat.test.ComplexLaunch3-6:
modbat.test.ComplexLaunch3-6: skip
modbat/test/ComplexLaunch3.scala:26: modbat.test.ComplexLaunch3-6:
modbat.test.ComplexLaunch3-6: launch
modbat/test/ComplexLaunch3.scala:21: modbat.test.ComplexLaunch3-7:
modbat.test.ComplexLaunch3-7: skip
modbat/test/ComplexLaunch3.scala:31: modbat.test.ComplexLaunch3-7:
modbat.test.ComplexLaunch3-7: assert
modbat/test/ComplexLaunch3.scala:22: modbat.test.ComplexLaunch3-6:
modbat/test/Child3.scala:23: modbat.test.Child3-4:
modbat.test.Child3-4: skip
[WARNING] modbat/test/Child3.scala:25:
modbat/test/Child3.scala:25: modbat.test.Child3-4:
modbat.test.Child3-4: id
modbat/test/ComplexLaunch3.scala:21: modbat.test.ComplexLaunch3-10:
modbat.test.ComplexLaunch3-10: skip
modbat/test/ComplexLaunch3.scala:22: modbat.test.ComplexLaunch3-10:
modbat.test.ComplexLaunch3-10: launch
modbat/test/Child3.scala:23: modbat.test.Child3-3:
modbat.test.Child3-3: skip
modbat/test/ComplexLaunch3.scala:31: modbat.test.ComplexLaunch3-6:
modbat.test.ComplexLaunch3-6: assert
[WARNING] modbat/test/PrecondOffline.scala:8:
modbat/test/PrecondOffline.scala:8: require
[WARNING] modbat/test/PrecondOffline.scala:11:
modbat/test/PrecondOffline.scala:11: assert
[WARNING] modbat/test/ObserverHarness5.scala:8:
modbat/test/ObserverHarness5.scala:8: modbat.test.ObserverHarness5-1:
modbat.test.ObserverHarness5-1: launch
[WARNING] modbat/test/ObserverHarness5.scala:11:
modbat/test/ObserverHarness5.scala:11: modbat.test.ObserverHarness5-1:
modbat.test.ObserverHarness5-1: i
[WARNING] modbat/test/TestObserver5.scala:9:
modbat/test/TestObserver5.scala:9: modbat.test.TestObserver5-1:
modbat.test.TestObserver5-1: println
[WARNING] modbat/test/TestObserver5.scala:14:
modbat/test/TestObserver5.scala:14: modbat.test.TestObserver5-1:
[WARNING] modbat/test/TestObserver5.scala:19:
modbat/test/TestObserver5.scala:19: modbat.test.TestObserver5-1:
modbat.test.TestObserver5-1: assert
1) modbat.dsl.JoinWithoutLaunchException
modbat.dsl.JoinWithoutLaunchException at
at modbat.test.LoopTest.assert(LoopTest.scala)
at modbat.test.LoopTest$$anonfun$1.apply$mcV$sp(LoopTest.scala)
at modbat.test.LoopTest$$anonfun$1.apply(LoopTest.scala)
at modbat.test.ExcTest4.assert(ExcTest4.scala)
at modbat.test.ExcTest4$$anonfun$2.apply$mcV$sp(ExcTest4.scala)
at modbat.test.ExcTest4$$anonfun$2.apply(ExcTest4.scala)
instance modbat.test.ObserverHarness2-1...
[FINE] modbat.test.ObserverHarness2-1:
modbat.test.ObserverHarness2-1: Executing
transition modbat/test/PrecondFalse.scala:7
modbat/test/PrecondFalse.scala:7 require
covered (30
(30 %
[INFO] 11
11 transitions
covered (52
(52 %
transition modbat/examples/JavaNioSocket3.scala:109
modbat/examples/JavaNioSocket3.scala:109 connect
transition modbat/examples/JavaNioSocket3.scala:113
modbat/examples/JavaNioSocket3.scala:113 finishConnect
Exception in
in thread
thread "Thread-X"
"Thread-X" java.lang.AssertionError:
at modbat.test.ConcurrentObserver.assert(ConcurrentObserver.scala)
at modbat.test.ConcurrentObserver$BGThread.run(ConcurrentObserver.scala)
at modbat.test.MaybeNextIfTest3.assert(MaybeNextIfTest3.scala)
at modbat.test.MaybeNextIfTest3$$anonfun$3.apply$mcV$sp(MaybeNextIfTest3.scala)
at modbat.test.MaybeNextIfTest3$$anonfun$3.apply(MaybeNextIfTest3.scala)
at modbat.test.MaybeNextIfTest.assert(MaybeNextIfTest.scala)
at modbat.test.MaybeNextIfTest$$anonfun$3.apply$mcV$sp(MaybeNextIfTest.scala)
at modbat.test.MaybeNextIfTest$$anonfun$3.apply(MaybeNextIfTest.scala)
[INFO] modbat.test.ObserverHarness6:
modbat.test.ObserverHarness6: 3
[INFO] modbat.test.TestObserver6:
modbat.test.TestObserver6: 3
at modbat.test.NextIfTest.assert(NextIfTest.scala)
at modbat.test.NextIfTest$$anonfun$3.apply$mcV$sp(NextIfTest.scala)
at modbat.test.NextIfTest$$anonfun$3.apply(NextIfTest.scala)
This number
number is
is odd:
odd: 4297685020180087157
odd: 619951467056504421
odd: 2881790929801792289
odd: 1852855329996574743
odd: 601090251321468211
odd: 5219129003118144999
at modbat.test.MaybeTest.assert(MaybeTest.scala)
at modbat.test.MaybeTest$$anonfun$2$$anonfun$apply$1.apply$mcV$sp(MaybeTest.scala)
at modbat.test.MaybeTest$$anonfun$2$$anonfun$apply$1.apply(MaybeTest.scala)
instance modbat.test.ComplexLaunch3-1...
[FINE] modbat.test.ComplexLaunch3-1:
modbat.test.ComplexLaunch3-1: Executing
instance modbat.test.ComplexLaunch3-2...
instance modbat.test.ComplexLaunch3-3...
instance modbat.test.ComplexLaunch3-4...
[FINE] modbat.test.ComplexLaunch3-2:
modbat.test.ComplexLaunch3-2: Executing
[FINE] modbat.test.ComplexLaunch3-3:
modbat.test.ComplexLaunch3-3: Executing
[FINE] modbat.test.ComplexLaunch3-4:
modbat.test.ComplexLaunch3-4: Executing
instance modbat.test.ComplexLaunch3-5...
instance modbat.test.Child3-1...
instance modbat.test.Child3-2...
[FINE] modbat.test.Child3-2:
modbat.test.Child3-2: Executing
[FINE] modbat.test.Child3-1:
modbat.test.Child3-1: Executing
[FINE] modbat.test.ComplexLaunch3-5:
modbat.test.ComplexLaunch3-5: Executing
instance modbat.test.Child3-3...
instance modbat.test.ComplexLaunch3-6...
[FINE] modbat.test.ComplexLaunch3-6:
modbat.test.ComplexLaunch3-6: Executing
instance modbat.test.ComplexLaunch3-7...
[FINE] modbat.test.ComplexLaunch3-7:
modbat.test.ComplexLaunch3-7: Executing
instance modbat.test.ComplexLaunch3-8...
instance modbat.test.ComplexLaunch3-9...
instance modbat.test.Child3-4...
[FINE] modbat.test.Child3-4:
modbat.test.Child3-4: Executing
instance modbat.test.ComplexLaunch3-10...
instance modbat.test.ComplexLaunch3-11...
[FINE] modbat.test.ComplexLaunch3-10:
modbat.test.ComplexLaunch3-10: Executing
instance modbat.test.Child3-5...
instance modbat.test.ComplexLaunch3-12...
instance modbat.test.Child3-6...
[FINE] modbat.test.Child3-3:
modbat.test.Child3-3: Executing
be: 69446ba814a2cb3c
Online mode:
mode: throwing
throwing exception.
[WARNING] modbat/test/MaybeNextIfTest3.scala:8:
modbat/test/MaybeNextIfTest3.scala:8: println;
[WARNING] modbat/test/MaybeNextIfTest3.scala:12:
modbat/test/MaybeNextIfTest3.scala:12: assert
[WARNING] modbat/test/InvCheck4.scala:15:
modbat/test/InvCheck4.scala:15: skip
[WARNING] modbat/test/InvCheck4.scala:9:
modbat/test/InvCheck4.scala:9: check
[WARNING] modbat/test/InvCheck4.scala:12:
modbat/test/InvCheck4.scala:12: skip
[WARNING] modbat/test/InvCheck4.scala:13:
modbat/test/InvCheck4.scala:13: skip
[WARNING] modbat/test/InvCheck4.scala:14:
modbat/test/InvCheck4.scala:14: skip
instance modbat.test.MaybeNextIfTest4-1...
[FINE] modbat.test.MaybeNextIfTest4-1:
modbat.test.MaybeNextIfTest4-1: Executing
at modbat.test.LoopTest2.assert(LoopTest2.scala)
at modbat.test.LoopTest2$$anonfun$2.apply$mcV$sp(LoopTest2.scala)
at modbat.test.LoopTest2$$anonfun$2.apply(LoopTest2.scala)
Cannot open
open file
file dir_does_not_exit/modbat.examples.NioSocket1.dot:
[ERROR] dir_does_not_exit/modbat.examples.NioSocket1.dot
dir_does_not_exit/modbat.examples.NioSocket1.dot (No
(No such
such file
file or
or directory)
[ERROR] Class
Class "-n=1"
"-n=1" not
not found.
executed, 20
20 ok,
10 transitions
executed, 486
486 ok,
ok, 14
14 failed.
[INFO] modbat.test.ComplexLaunch4:
modbat.test.ComplexLaunch4: 3
modbat.test.ComplexLaunch4: 4
[INFO] modbat.test.Child4:
modbat.test.Child4: 3
at modbat.test.NextIfTest2.assert(NextIfTest2.scala)
at modbat.test.NextIfTest2$$anonfun$4.apply$mcV$sp(NextIfTest2.scala)
at modbat.test.NextIfTest2$$anonfun$4.apply(NextIfTest2.scala)
[WARNING] modbat/test/RSeedTestSuccess.scala:19:
modbat/test/RSeedTestSuccess.scala:19: assert
executed, 97
97 ok,
Thread Thread-1
Thread-1 at
be: 3025fec5380340b9
instance modbat.test.InvalidMethod-1...
[FINE] modbat.test.InvalidMethod-1:
modbat.test.InvalidMethod-1: Executing
covered (90
(90 %
[WARNING] modbat/test/ObserverHarness7.scala:8:
modbat/test/ObserverHarness7.scala:8: modbat.test.ObserverHarness7-1:
modbat.test.ObserverHarness7-1: launch
[WARNING] modbat/test/ObserverHarness7.scala:11:
modbat/test/ObserverHarness7.scala:11: modbat.test.ObserverHarness7-1:
modbat.test.ObserverHarness7-1: i
[WARNING] modbat/test/ConcurrentObserver.scala:15:
modbat/test/ConcurrentObserver.scala:15: modbat.test.ConcurrentObserver-1:
modbat.test.ConcurrentObserver-1: println
[WARNING] modbat/test/ConcurrentObserver.scala:19:
modbat/test/ConcurrentObserver.scala:19: modbat.test.ConcurrentObserver-1:
[WARNING] modbat/test/ConcurrentObserver.scala:23:
modbat/test/ConcurrentObserver.scala:23: modbat.test.ConcurrentObserver-1:
modbat.test.ConcurrentObserver-1: join
at modbat.test.TickTockTest.assert(TickTockTest.scala)
at modbat.test.TickTockTest$$anonfun$2.apply$mcV$sp(TickTockTest.scala)
at modbat.test.TickTockTest$$anonfun$2.apply(TickTockTest.scala)
instance modbat.test.NoSelfJoin-1...
[FINE] modbat.test.NoSelfJoin-1:
modbat.test.NoSelfJoin-1: Executing
transition stuck
stuck =>
=> stuck...
[WARNING] modbat/test/ObserverHarness.scala:8:
modbat/test/ObserverHarness.scala:8: modbat.test.ObserverHarness-1:
modbat.test.ObserverHarness-1: launch
[WARNING] modbat/test/ObserverHarness.scala:11:
modbat/test/ObserverHarness.scala:11: modbat.test.ObserverHarness-1:
modbat.test.ObserverHarness-1: i
executed, 30
30 ok,
[INFO] modbat.test.ForkJoin:
modbat.test.ForkJoin: 3
modbat.test.ForkJoin: 2
[INFO] modbat.test.Worker:
modbat.test.Worker: 2
modbat.test.Worker: 1
[WARNING] modbat/test/MaybeTest.scala:10:
modbat/test/MaybeTest.scala:10: assert;
at decrement
[ERROR] No
No suitable
suitable constructor
constructor found.
[ERROR] A
A public
public nullary
nullary constructor
constructor is
is needed
needed to
to instantiate
instantiate the
the primary
primary model.
[ERROR] Consider
Consider adding
adding a
a constructor
constructor variant:
[ERROR] def
def this()
this() =
= this(...)
at modbat.test.GenLabel.assert(GenLabel.scala)
at modbat.test.GenLabel.dec(GenLabel.scala)
at modbat.test.GenLabel$$anonfun$2.apply$mcV$sp(GenLabel.scala)
at modbat.test.GenLabel$$anonfun$2.apply(GenLabel.scala)
at modbat.examples.CounterModel.assert(CounterModel.scala)
at modbat.examples.CounterModel$$anonfun$6.apply$mcV$sp(CounterModel.scala)
at modbat.examples.CounterModel$$anonfun$6.apply(CounterModel.scala)
executed, 7
7 ok,
5621447540498098, 26
26 tests
instance modbat.test.MaybeNextIfTest3-1...
[FINE] modbat.test.MaybeNextIfTest3-1:
modbat.test.MaybeNextIfTest3-1: Executing
at modbat.test.ChooseBool.assert(ChooseBool.scala)
at modbat.test.ChooseBool$$anonfun$1.apply$mcV$sp(ChooseBool.scala)
at modbat.test.ChooseBool$$anonfun$1.apply(ChooseBool.scala)
[INFO] modbat.test.ObserverHarness5:
modbat.test.ObserverHarness5: 3
[INFO] modbat.test.TestObserver5:
modbat.test.TestObserver5: 3
Precondition 2
2 always
transition modbat/test/TestObserver5.scala:9:
modbat/test/TestObserver5.scala:9: modbat.test.TestObserver5-1
modbat.test.TestObserver5-1 println
at modbat.test.ConcurrentModel.assert(ConcurrentModel.scala)
at modbat.test.ConcurrentModel$BGThread.run(ConcurrentModel.scala)
[WARNING] modbat/test/Choices.scala:10:
modbat/test/Choices.scala:10: ok
=> ok;
ok; choices
= (n
(n =
= ...:
...: line
line 12)
line 11)
[WARNING] modbat/test/Choices.scala:17:
modbat/test/Choices.scala:17: assert
instance modbat.test.ObserverHarness6-1...
[FINE] modbat.test.ObserverHarness6-1:
modbat.test.ObserverHarness6-1: Executing
instance modbat.test.TestObserver6-1...
[FINE] modbat.test.TestObserver6-1:
modbat.test.TestObserver6-1: Executing
[WARNING] modbat/test/ChooseInBefore.scala:14:
modbat/test/ChooseInBefore.scala:14: assert;
= (2)
[INFO] modbat.test.ComplexLaunch3:
modbat.test.ComplexLaunch3: 3
modbat.test.ComplexLaunch3: 4
[INFO] modbat.test.Child3:
modbat.test.Child3: 3
7 dirs/files
dirs/files created.
Deleting "6"
Deleting "5"
Deleting "4"
Deleting "3"
Deleting "2"
Deleting "1"
Deleting "0"
Deleting "0/3/6"
Deleting "0/3/5"
rmdir "0/3/4"
rmdir "0/3"
rmdir "0/2"
rmdir "1"
rmdir "0"
4 dirs/files
Deleting "0/3"
Deleting "0/2"
Deleting "0/1"
Deleting "0/6"
Deleting "0/5"
Deleting "0/4"
rmdir "4"
rmdir "0/1"
at modbat.test.ExcTest2.assert(ExcTest2.scala)
at modbat.test.ExcTest2$$anonfun$2.apply$mcV$sp(ExcTest2.scala)
at modbat.test.ExcTest2$$anonfun$2.apply(ExcTest2.scala)
loop 5
5 (model
[WARNING] modbat/test/MaybeElseTest.scala:13:
modbat/test/MaybeElseTest.scala:13: println;
[ERROR] Exception
in default
default (nullary)
(nullary) constructor
constructor of
of main
main model.
[ERROR] In
In dot
dot mode,
mode, a
constructor that
that ignores
ignores any
any data
[ERROR] is
is sufficient
sufficient to
to visualize
visualize the
the ESFM
ESFM graph.
at modbat.test.NullaryCons.<init>(NullaryCons.scala)
at sun.reflect.NativeConstructorAccessorImpl.newInstance0(Native
sun.reflect.NativeConstructorAccessorImpl.newInstance0(Native Method)
at sun.reflect.NativeConstructorAccessorImpl.newInstance(NativeConstructorAccessorImpl.java)
at sun.reflect.DelegatingConstructorAccessorImpl.newInstance(DelegatingConstructorAccessorImpl.java)
at java.lang.reflect.Constructor.newInstance(Constructor.java)
at modbat.test.TestObserver2.assert(TestObserver2.scala)
at modbat.test.TestObserver2$$anonfun$3.apply$mcV$sp(TestObserver2.scala)
at modbat.test.TestObserver2$$anonfun$3.apply(TestObserver2.scala)
Model modbat.test.EmptyModel
modbat.test.EmptyModel has
has no
no transitions.
[ERROR] Make
Make sure
sure at
least one
one transition
transition exists
exists of
[ERROR] "a"
"a" ->
-> "b"
"b" :=
:= {
{ code
code }
} //
// or,
or, for
for an
an empty
empty transition:
:= skip
at modbat.test.CrashSoon.assert(CrashSoon.scala)
at modbat.test.CrashSoon$$anonfun$1.apply$mcV$sp(CrashSoon.scala)
at modbat.test.CrashSoon$$anonfun$1.apply(CrashSoon.scala)
at modbat.test.TestObserver5.assert(TestObserver5.scala)
at modbat.test.TestObserver5$$anonfun$3.apply$mcV$sp(TestObserver5.scala)
at modbat.test.TestObserver5$$anonfun$3.apply(TestObserver5.scala)
mode: not
not throwing
at modbat.test.MaybeElseTest.assert(MaybeElseTest.scala)
at modbat.test.MaybeElseTest$$anonfun$2$$anonfun$apply$mcV$sp$1.apply$mcV$sp(MaybeElseTest.scala)
at modbat.test.MaybeElseTest$$anonfun$2$$anonfun$apply$mcV$sp$1.apply(MaybeElseTest.scala)
at modbat.dsl.Action.or_else(Action.scala)
at modbat.test.MaybeElseTest$$anonfun$2.apply$mcV$sp(MaybeElseTest.scala)
at modbat.test.MaybeElseTest$$anonfun$2.apply(MaybeElseTest.scala)
at modbat.test.ExcTestA3.assert(ExcTestA3.scala)
at modbat.test.ExcTestA3$$anonfun$2.apply$mcV$sp(ExcTestA3.scala)
at modbat.test.ExcTestA3$$anonfun$2.apply(ExcTestA3.scala)
ok, 6
6 failed.
3ba471c1785a0175 89a82931be29e65
[INFO] modbat.test.ObserverHarness2:
modbat.test.ObserverHarness2: 3
modbat.test.ObserverHarness2: 4
instance modbat.test.ForkJoin2-1...
[FINE] modbat.test.ForkJoin2-1:
modbat.test.ForkJoin2-1: Executing
=> waiting...
[ERROR] modbat.test.ForkJoin2-1
modbat.test.ForkJoin2-1 calls
calls join
join on
on model
model of
type class
class modbat.test.ForkJoin2,
modbat.test.ForkJoin2, which
has not
not been
been launched
launched yet.
[ERROR] modbat.dsl.JoinWithoutLaunchException
executed, 192
192 ok,
ok, 8
8 failed.
[WARNING] modbat/test/ComplexLaunch.scala:8:
modbat/test/ComplexLaunch.scala:8: modbat.test.ComplexLaunch-1:
modbat.test.ComplexLaunch-1: skip
[WARNING] modbat/test/ComplexLaunch.scala:9:
modbat/test/ComplexLaunch.scala:9: modbat.test.ComplexLaunch-1:
modbat.test.ComplexLaunch-1: launch
[WARNING] modbat/test/Child.scala:7:
modbat/test/Child.scala:7: modbat.test.Child-1:
modbat.test.Child-1: skip
[WARNING] modbat/test/Child.scala:12:
modbat/test/Child.scala:12: modbat.test.Child-1:
modbat.test.Child-1: assert
modbat/test/Child.scala:7: modbat.test.Child-2:
modbat.test.Child-2: skip
modbat/test/Child.scala:12: modbat.test.Child-2:
modbat.test.Child-2: assert
modbat/test/Child.scala:7: modbat.test.Child-5:
modbat.test.Child-5: skip
modbat/test/Child.scala:7: modbat.test.Child-4:
modbat.test.Child-4: skip
modbat/test/Child.scala:12: modbat.test.Child-5:
modbat.test.Child-5: assert
[WARNING] modbat/test/Child.scala:9:
modbat/test/Child.scala:9: modbat.test.Child-2:
modbat.test.Child-2: id
modbat/test/Child.scala:7: modbat.test.Child-3:
modbat.test.Child-3: skip
[WARNING] modbat/test/ComplexLaunch.scala:14:
modbat/test/ComplexLaunch.scala:14: modbat.test.ComplexLaunch-1:
modbat.test.ComplexLaunch-1: assert
modbat/test/Child.scala:9: modbat.test.Child-1:
modbat.test.Child-1: id
modbat/test/Child.scala:7: modbat.test.Child-6:
modbat.test.Child-6: skip
modbat/test/Child.scala:9: modbat.test.Child-4:
modbat.test.Child-4: id
executed, 50
50 ok,
[INFO] 13
13 transitions
covered (65
(65 %
[WARNING] modbat/test/Redundancy.scala:15:
modbat/test/Redundancy.scala:15: switch
executed, 996
996 ok,
186622cd204ecbbb 52b3b297344848e2
20 transitions
instance modbat.test.ForkJoin-1...
[FINE] modbat.test.ForkJoin-1:
modbat.test.ForkJoin-1: Executing
instance modbat.test.Worker-1...
[FINE] modbat.test.Worker-1:
modbat.test.Worker-1: Executing
transition waiting
waiting =>
[WARNING] java.lang.IllegalArgumentException:
require occurred,
[WARNING] modbat/test/IllArgTest.scala:13:
modbat/test/IllArgTest.scala:13: illArg
[WARNING] modbat/test/NextIfTest3.scala:7:
modbat/test/NextIfTest3.scala:7: ok
=> err1
[WARNING] modbat/test/NextIfTest3.scala:10:
modbat/test/NextIfTest3.scala:10: assert
at modbat.test.InvCheck3_3.assert(InvCheck3_3.scala)
at modbat.test.InvCheck3_3.check(InvCheck3_3.scala)
at sun.reflect.GeneratedMethodAccessor3.invoke(Unknown
sun.reflect.GeneratedMethodAccessor3.invoke(Unknown Source)
instance modbat.test.Shortcut-1...
[FINE] modbat.test.Shortcut-1:
modbat.test.Shortcut-1: Executing
[WARNING] modbat/test/NextIfTest2.scala:7:
modbat/test/NextIfTest2.scala:7: ok
=> ok2
[WARNING] modbat/test/NextIfTest2.scala:8:
modbat/test/NextIfTest2.scala:8: skip
[WARNING] modbat/test/NextIfTest2.scala:10:
modbat/test/NextIfTest2.scala:10: assert
[WARNING] Deadlock:
Deadlock: Some
Some models
models stuck
stuck waiting
waiting for
for another
another model
model to
to finish.
[WARNING] modbat.test.NoSelfJoin-1:
modbat.test.NoSelfJoin-1: modbat/test/NoSelfJoin.scala:7:
modbat/test/NoSelfJoin.scala:7: join
[WARNING] modbat/test/TickTockTest.scala:9:
modbat/test/TickTockTest.scala:9: modbat.test.TickTockTest-1:
modbat.test.TickTockTest-1: launch
[WARNING] modbat/test/TickTockTest.scala:11:
modbat/test/TickTockTest.scala:11: modbat.test.TickTockTest-1:
modbat.test.TickTockTest-1: i;
i; choices
= (4)
[WARNING] modbat/test/TickTockObserver.scala:8:
modbat/test/TickTockObserver.scala:8: modbat.test.TickTockObserver-1:
modbat.test.TickTockObserver-1: i
[WARNING] modbat/test/TickTockObserver.scala:13:
modbat/test/TickTockObserver.scala:13: modbat.test.TickTockObserver-1:
= (3)
[WARNING] modbat/test/TickTockTest.scala:17:
modbat/test/TickTockTest.scala:17: modbat.test.TickTockTest-1:
modbat.test.TickTockTest-1: assert
[WARNING] Observer
Observer modbat.test.TestObserver2:
modbat.test.TestObserver2: transition
=> many
many has
has non-default
non-default weight,
weight, which
which is
is ignored.
[WARNING] modbat/test/ObserverHarness3.scala:8:
modbat/test/ObserverHarness3.scala:8: modbat.test.ObserverHarness3-1:
modbat.test.ObserverHarness3-1: launch
[WARNING] modbat/test/ObserverHarness3.scala:10:
modbat/test/ObserverHarness3.scala:10: modbat.test.ObserverHarness3-1:
modbat.test.ObserverHarness3-1: skip
[WARNING] modbat/test/ObserverHarness3.scala:12:
modbat/test/ObserverHarness3.scala:12: modbat.test.ObserverHarness3-1:
modbat.test.ObserverHarness3-1: i
[WARNING] modbat/test/TestObserver2.scala:7:
modbat/test/TestObserver2.scala:7: modbat.test.TestObserver2-1:
modbat.test.TestObserver2-1: println
modbat/test/TestObserver2.scala:7: modbat.test.TestObserver2-2:
modbat.test.TestObserver2-2: println
modbat/test/TestObserver2.scala:7: modbat.test.TestObserver2-3:
modbat.test.TestObserver2-3: println
modbat/test/TestObserver2.scala:7: modbat.test.TestObserver2-4:
modbat.test.TestObserver2-4: println
modbat/test/TestObserver2.scala:7: modbat.test.TestObserver2-5:
modbat.test.TestObserver2-5: println
modbat/test/TestObserver2.scala:7: modbat.test.TestObserver2-6:
modbat.test.TestObserver2-6: println
[WARNING] modbat/test/TestObserver2.scala:11:
modbat/test/TestObserver2.scala:11: modbat.test.TestObserver2-1:
[WARNING] modbat/test/TestObserver2.scala:16:
modbat/test/TestObserver2.scala:16: modbat.test.TestObserver2-1:
modbat.test.TestObserver2-1: assert
modbat/test/TestObserver2.scala:11: modbat.test.TestObserver2-2:
modbat/test/TestObserver2.scala:16: modbat.test.TestObserver2-2:
modbat.test.TestObserver2-2: assert
modbat/test/TestObserver2.scala:11: modbat.test.TestObserver2-3:
modbat/test/TestObserver2.scala:16: modbat.test.TestObserver2-3:
modbat.test.TestObserver2-3: assert
modbat/test/TestObserver2.scala:11: modbat.test.TestObserver2-4:
modbat/test/TestObserver2.scala:16: modbat.test.TestObserver2-4:
modbat.test.TestObserver2-4: assert
modbat/test/TestObserver2.scala:11: modbat.test.TestObserver2-5:
modbat/test/TestObserver2.scala:16: modbat.test.TestObserver2-5:
modbat.test.TestObserver2-5: assert
modbat/test/TestObserver2.scala:11: modbat.test.TestObserver2-6:
modbat/test/TestObserver2.scala:16: modbat.test.TestObserver2-6:
modbat.test.TestObserver2-6: assert
[WARNING] modbat/test/ComplexLaunch5.scala:15:
modbat/test/ComplexLaunch5.scala:15: modbat.test.ComplexLaunch5-1:
modbat.test.ComplexLaunch5-1: skip
[WARNING] modbat/test/ComplexLaunch5.scala:20:
modbat/test/ComplexLaunch5.scala:20: modbat.test.ComplexLaunch5-1:
modbat.test.ComplexLaunch5-1: launch
[WARNING] modbat/test/ComplexLaunch5.scala:25:
modbat/test/ComplexLaunch5.scala:25: modbat.test.ComplexLaunch5-1:
modbat.test.ComplexLaunch5-1: assert
modbat/test/ComplexLaunch5.scala:15: modbat.test.ComplexLaunch5-2:
modbat.test.ComplexLaunch5-2: skip
modbat/test/ComplexLaunch5.scala:25: modbat.test.ComplexLaunch5-2:
modbat.test.ComplexLaunch5-2: assert
modbat/test/ComplexLaunch5.scala:15: modbat.test.ComplexLaunch5-3:
modbat.test.ComplexLaunch5-3: skip
modbat/test/ComplexLaunch5.scala:25: modbat.test.ComplexLaunch5-3:
modbat.test.ComplexLaunch5-3: assert
modbat/test/ComplexLaunch5.scala:15: modbat.test.ComplexLaunch5-4:
modbat.test.ComplexLaunch5-4: skip
modbat/test/ComplexLaunch5.scala:20: modbat.test.ComplexLaunch5-4:
modbat.test.ComplexLaunch5-4: launch
[WARNING] modbat/test/ComplexLaunch5.scala:16:
modbat/test/ComplexLaunch5.scala:16: modbat.test.ComplexLaunch5-4:
[WARNING] modbat/test/Child5.scala:12:
modbat/test/Child5.scala:12: modbat.test.Child5-2:
modbat.test.Child5-2: skip
modbat/test/Child5.scala:12: modbat.test.Child5-1:
modbat.test.Child5-1: skip
[WARNING] modbat/test/Child5.scala:17:
modbat/test/Child5.scala:17: modbat.test.Child5-2:
modbat.test.Child5-2: assert
modbat/test/Child5.scala:17: modbat.test.Child5-1:
modbat.test.Child5-1: assert
modbat/test/ComplexLaunch5.scala:15: modbat.test.ComplexLaunch5-5:
modbat.test.ComplexLaunch5-5: skip
modbat/test/ComplexLaunch5.scala:25: modbat.test.ComplexLaunch5-4:
modbat.test.ComplexLaunch5-4: assert
modbat/test/ComplexLaunch5.scala:16: modbat.test.ComplexLaunch5-5:
modbat.test.ComplexLaunch5-5: launch
modbat/test/ComplexLaunch5.scala:20: modbat.test.ComplexLaunch5-5:
modbat/test/ComplexLaunch5.scala:15: modbat.test.ComplexLaunch5-6:
modbat.test.ComplexLaunch5-6: skip
modbat/test/ComplexLaunch5.scala:20: modbat.test.ComplexLaunch5-6:
modbat.test.ComplexLaunch5-6: launch
modbat/test/ComplexLaunch5.scala:15: modbat.test.ComplexLaunch5-7:
modbat.test.ComplexLaunch5-7: skip
modbat/test/ComplexLaunch5.scala:25: modbat.test.ComplexLaunch5-7:
modbat.test.ComplexLaunch5-7: assert
modbat/test/ComplexLaunch5.scala:16: modbat.test.ComplexLaunch5-6:
modbat/test/Child5.scala:12: modbat.test.Child5-4:
modbat.test.Child5-4: skip
[WARNING] modbat/test/Child5.scala:14:
modbat/test/Child5.scala:14: modbat.test.Child5-4:
modbat.test.Child5-4: id
modbat/test/ComplexLaunch5.scala:15: modbat.test.ComplexLaunch5-10:
modbat.test.ComplexLaunch5-10: skip
modbat/test/ComplexLaunch5.scala:16: modbat.test.ComplexLaunch5-10:
modbat.test.ComplexLaunch5-10: launch
modbat/test/Child5.scala:12: modbat.test.Child5-3:
modbat.test.Child5-3: skip
modbat/test/ComplexLaunch5.scala:25: modbat.test.ComplexLaunch5-6:
modbat.test.ComplexLaunch5-6: assert
[DEBUG] modbat.test.ComplexLaunch-1:
modbat.test.ComplexLaunch-1: Registered
to active
from active
active to
to done
modbat.test.ComplexLaunch-1: Current
modbat.test.ComplexLaunch-1: Possible
successor: active
State active
active in
model modbat.test.ComplexLaunch-1
modbat.test.ComplexLaunch-1 was
visited 0
0 times.
state: active
successor: done
State done
done in
[DEBUG] Model
Model modbat.test.ComplexLaunch-1
modbat.test.ComplexLaunch-1 has
has terminated.
state: done
found: modbat.test.ComplexLaunch-1
[DEBUG] modbat.test.Child-1:
modbat.test.Child-1: Registered
to running
from running
running to
modbat.test.Child-1: Current
modbat.test.Child-1: Possible
successor: running
State running
running in
model modbat.test.Child-1
modbat.test.Child-1 was
state: running
Model modbat.test.Child-1
modbat.test.Child-1 has
found: modbat.test.Child-1
[DEBUG] modbat.test.Child-2:
modbat.test.Child-2: Registered
modbat.test.Child-2: Current
modbat.test.Child-2: Possible
model modbat.test.Child-2
modbat.test.Child-2 was
Model modbat.test.Child-2
modbat.test.Child-2 has
instance modbat.test.ObserverHarness5-1...
[FINE] modbat.test.ObserverHarness5-1:
modbat.test.ObserverHarness5-1: Executing
instance modbat.test.TestObserver5-1...
[FINE] modbat.test.TestObserver5-1:
modbat.test.TestObserver5-1: Executing
[ERROR] Option
Option --model-class
--model-class not
supported. Try
Try scala
modbat.jar --help.
at modbat.test.NextIfTest4.assert(NextIfTest4.scala)
at modbat.test.NextIfTest4$$anonfun$4.apply$mcV$sp(NextIfTest4.scala)
at modbat.test.NextIfTest4$$anonfun$4.apply(NextIfTest4.scala)
at "y"
"y" are
[WARNING] modbat/test/SUTReq.scala:12:
modbat/test/SUTReq.scala:12: fail
at modbat.test.GenLabel3.assert(GenLabel3.scala)
at modbat.test.GenLabel3.dec(GenLabel3.scala)
at modbat.test.WeightedTest.assert(WeightedTest.scala)
at modbat.test.WeightedTest$$anonfun$1.apply$mcV$sp(WeightedTest.scala)
at modbat.test.WeightedTest$$anonfun$1.apply(WeightedTest.scala)
at modbat.test.IllArgTest.illArg(IllArgTest.scala)
at modbat.test.IllArgTest$$anonfun$1.apply$mcV$sp(IllArgTest.scala)
at modbat.test.IllArgTest$$anonfun$1.apply(IllArgTest.scala)
instance modbat.test.ComplexLaunch4-1...
[FINE] modbat.test.ComplexLaunch4-1:
modbat.test.ComplexLaunch4-1: Executing
instance modbat.test.ComplexLaunch4-2...
instance modbat.test.ComplexLaunch4-3...
instance modbat.test.ComplexLaunch4-4...
[FINE] modbat.test.ComplexLaunch4-2:
modbat.test.ComplexLaunch4-2: Executing
[FINE] modbat.test.ComplexLaunch4-3:
modbat.test.ComplexLaunch4-3: Executing
[FINE] modbat.test.ComplexLaunch4-4:
modbat.test.ComplexLaunch4-4: Executing
instance modbat.test.ComplexLaunch4-5...
instance modbat.test.Child4-1...
instance modbat.test.Child4-2...
[FINE] modbat.test.Child4-2:
modbat.test.Child4-2: Executing
[FINE] modbat.test.Child4-1:
modbat.test.Child4-1: Executing
[FINE] modbat.test.ComplexLaunch4-5:
modbat.test.ComplexLaunch4-5: Executing
instance modbat.test.Child4-3...
instance modbat.test.ComplexLaunch4-6...
[FINE] modbat.test.ComplexLaunch4-6:
modbat.test.ComplexLaunch4-6: Executing
instance modbat.test.ComplexLaunch4-7...
[FINE] modbat.test.ComplexLaunch4-7:
modbat.test.ComplexLaunch4-7: Executing
instance modbat.test.ComplexLaunch4-8...
instance modbat.test.ComplexLaunch4-9...
instance modbat.test.Child4-4...
[FINE] modbat.test.Child4-4:
modbat.test.Child4-4: Executing
instance modbat.test.ComplexLaunch4-10...
instance modbat.test.ComplexLaunch4-11...
[FINE] modbat.test.ComplexLaunch4-10:
modbat.test.ComplexLaunch4-10: Executing
instance modbat.test.Child4-5...
instance modbat.test.ComplexLaunch4-12...
instance modbat.test.Child4-6...
[FINE] modbat.test.Child4-3:
modbat.test.Child4-3: Executing
at modbat.test.ChooseInBefore.assert(ChooseInBefore.scala)
at modbat.test.ChooseInBefore$$anonfun$1.apply$mcV$sp(ChooseInBefore.scala)
at modbat.test.ChooseInBefore$$anonfun$1.apply(ChooseInBefore.scala)
[WARNING] modbat/test/WeightedTestWFrac.scala:8:
modbat/test/WeightedTestWFrac.scala:8: assert
[WARNING] modbat/test/WeightedTestWFrac.scala:10:
modbat/test/WeightedTestWFrac.scala:10: assert
covered (42
(42 %
covered (11
(11 %
be: 367f25c3e880db4
[WARNING] modbat/test/ConcurrentModel.scala:13:
modbat/test/ConcurrentModel.scala:13: join
[INFO] 102
102 tests
executed, 101
101 ok,
be: 4e85c1cc3f124334
three 
[DEBUG] modbat.test.SubModel-1:
modbat.test.SubModel-1: Registered
[DEBUG] Before:
Before: init
modbat.test.SubModel-1: Current
modbat.test.SubModel-1: Possible
successor: err
State err
err in
model modbat.test.SubModel-1
modbat.test.SubModel-1 was
Model modbat.test.SubModel-1
modbat.test.SubModel-1 has
state: err
[WARNING] modbat/test/NextIfTest4.scala:7:
modbat/test/NextIfTest4.scala:7: ok
[WARNING] modbat/test/NextIfTest4.scala:10:
modbat/test/NextIfTest4.scala:10: assert
15 tests
executed, 14
14 ok,
[INFO] 745035c2b643033
be: 5a92477004cf57fb
modbat/test/LoopTestWithLaunch.scala:10: modbat.test.LoopTestWithLaunch-4:
modbat.test.LoopTestWithLaunch-4: assert
modbat/test/LoopTestWithLaunch.scala:16: modbat.test.LoopTestWithLaunch-6:
modbat.test.LoopTestWithLaunch-6: launch
modbat/test/LoopTestWithLaunch.scala:10: modbat.test.LoopTestWithLaunch-5:
modbat.test.LoopTestWithLaunch-5: assert
modbat/test/LoopTestWithLaunch.scala:10: modbat.test.LoopTestWithLaunch-1:
modbat.test.LoopTestWithLaunch-1: assert
modbat/test/LoopTestWithLaunch.scala:10: modbat.test.LoopTestWithLaunch-6:
modbat.test.LoopTestWithLaunch-6: assert
modbat/test/LoopTestWithLaunch.scala:10: modbat.test.LoopTestWithLaunch-7:
modbat.test.LoopTestWithLaunch-7: assert
modbat/test/LoopTestWithLaunch.scala:13: modbat.test.LoopTestWithLaunch-8:
modbat.test.LoopTestWithLaunch-8: assert
modbat/test/LoopTestWithLaunch.scala:10: assert
modbat/test/LoopTestWithLaunch.scala:13: assert
modbat/test/LoopTestWithLaunch.scala:13: modbat.test.LoopTestWithLaunch-2:
modbat/test/LoopTestWithLaunch.scala:16: modbat.test.LoopTestWithLaunch-3:
modbat.test.LoopTestWithLaunch-3: launch
modbat/test/LoopTestWithLaunch.scala:13: modbat.test.LoopTestWithLaunch-4:
modbat/test/LoopTestWithLaunch.scala:16: modbat.test.LoopTestWithLaunch-4:
modbat.test.LoopTestWithLaunch-4: launch
modbat/test/LoopTestWithLaunch.scala:16: modbat.test.LoopTestWithLaunch-5:
modbat.test.LoopTestWithLaunch-5: launch
[WARNING] modbat/test/MaybeNextIfTest2.scala:8:
modbat/test/MaybeNextIfTest2.scala:8: println;
= (0.23796444,
(0.23796444, 0.89374465)
= (0.42469475,
(0.42469475, 0.2216002)
[WARNING] modbat/test/MaybeNextIfTest2.scala:17:
modbat/test/MaybeNextIfTest2.scala:17: assert
= (0.89374465,
(0.89374465, 0.4793791)
= (0.2216002,
(0.2216002, 0.3591516)
= (0.41595998,
(0.41595998, 0.052770555)
= (0.4793791,
(0.4793791, 0.49016)
= (0.3591516,
(0.3591516, 0.47383475)
= (0.052770555,
(0.052770555, 0.35623378)
= (0.053496104,
(0.053496104, 0.24076776)
instance modbat.test.ConcurrentModel-1...
[FINE] modbat.test.ConcurrentModel-1:
modbat.test.ConcurrentModel-1: Executing
[WARNING] modbat/test/NextIfTest5.scala:7:
modbat/test/NextIfTest5.scala:7: ok
--> err1
err1 (1)
[WARNING] modbat/test/NextIfTest5.scala:11:
modbat/test/NextIfTest5.scala:11: assert
